/home/cec20/Yangjiaxin/my-carla-ros-bridge/install/my_bridge/lib/python3.8/site-packages/my_bridge/bridge_wayserver_adjacent_thread.py
/home/cec20/Yangjiaxin/my-carla-ros-bridge/install/my_bridge/lib/python3.8/site-packages/my_bridge/bridge_wayserver.py
/home/cec20/Yangjiaxin/my-carla-ros-bridge/install/my_bridge/lib/python3.8/site-packages/my_bridge/bridge_no_wayserver.py
/home/cec20/Yangjiaxin/my-carla-ros-bridge/install/my_bridge/lib/python3.8/site-packages/my_bridge/bridge_waypublisher.py
/home/cec20/Yangjiaxin/my-carla-ros-bridge/install/my_bridge/lib/python3.8/site-packages/my_bridge/bridge_wayserver_adjacent.py
/home/cec20/Yangjiaxin/my-carla-ros-bridge/install/my_bridge/lib/python3.8/site-packages/my_bridge/bridge_wayserver_threecamera.py
/home/cec20/Yangjiaxin/my-carla-ros-bridge/install/my_bridge/lib/python3.8/site-packages/my_bridge/__init__.py
/home/cec20/Yangjiaxin/my-carla-ros-bridge/install/my_bridge/lib/python3.8/site-packages/my_bridge/__pycache__/bridge_wayserver_adjacent_thread.cpython-38.pyc
/home/cec20/Yangjiaxin/my-carla-ros-bridge/install/my_bridge/lib/python3.8/site-packages/my_bridge/__pycache__/bridge_wayserver.cpython-38.pyc
/home/cec20/Yangjiaxin/my-carla-ros-bridge/install/my_bridge/lib/python3.8/site-packages/my_bridge/__pycache__/bridge_no_wayserver.cpython-38.pyc
/home/cec20/Yangjiaxin/my-carla-ros-bridge/install/my_bridge/lib/python3.8/site-packages/my_bridge/__pycache__/bridge_waypublisher.cpython-38.pyc
/home/cec20/Yangjiaxin/my-carla-ros-bridge/install/my_bridge/lib/python3.8/site-packages/my_bridge/__pycache__/bridge_wayserver_adjacent.cpython-38.pyc
/home/cec20/Yangjiaxin/my-carla-ros-bridge/install/my_bridge/lib/python3.8/site-packages/my_bridge/__pycache__/bridge_wayserver_threecamera.cpython-38.pyc
/home/cec20/Yangjiaxin/my-carla-ros-bridge/install/my_bridge/lib/python3.8/site-packages/my_bridge/__pycache__/__init__.cpython-38.pyc
/home/cec20/Yangjiaxin/my-carla-ros-bridge/install/my_bridge/share/ament_index/resource_index/packages/my_bridge
/home/cec20/Yangjiaxin/my-carla-ros-bridge/install/my_bridge/share/my_bridge/package.xml
/home/cec20/Yangjiaxin/my-carla-ros-bridge/install/my_bridge/share/my_bridge/my_bridge.launch.py
/home/cec20/Yangjiaxin/my-carla-ros-bridge/install/my_bridge/lib/python3.8/site-packages/my_bridge-0.0.0-py3.8.egg-info/SOURCES.txt
/home/cec20/Yangjiaxin/my-carla-ros-bridge/install/my_bridge/lib/python3.8/site-packages/my_bridge-0.0.0-py3.8.egg-info/zip-safe
/home/cec20/Yangjiaxin/my-carla-ros-bridge/install/my_bridge/lib/python3.8/site-packages/my_bridge-0.0.0-py3.8.egg-info/top_level.txt
/home/cec20/Yangjiaxin/my-carla-ros-bridge/install/my_bridge/lib/python3.8/site-packages/my_bridge-0.0.0-py3.8.egg-info/requires.txt
/home/cec20/Yangjiaxin/my-carla-ros-bridge/install/my_bridge/lib/python3.8/site-packages/my_bridge-0.0.0-py3.8.egg-info/dependency_links.txt
/home/cec20/Yangjiaxin/my-carla-ros-bridge/install/my_bridge/lib/python3.8/site-packages/my_bridge-0.0.0-py3.8.egg-info/entry_points.txt
/home/cec20/Yangjiaxin/my-carla-ros-bridge/install/my_bridge/lib/python3.8/site-packages/my_bridge-0.0.0-py3.8.egg-info/PKG-INFO
/home/cec20/Yangjiaxin/my-carla-ros-bridge/install/my_bridge/lib/my_bridge/bridge_waypublisher
/home/cec20/Yangjiaxin/my-carla-ros-bridge/install/my_bridge/lib/my_bridge/bridge_wayserver
/home/cec20/Yangjiaxin/my-carla-ros-bridge/install/my_bridge/lib/my_bridge/bridge_wayserver_adjacent
