[1.419s] Invoking command in '/home/cec20/Yangjiaxin/my-carla-ros-bridge/src/Natural_road_set_transform': PYTHONPATH=/home/cec20/Yangjiaxin/my-carla-ros-bridge/build/set_transform/prefix_override:/home/cec20/Yangjiaxin/my-carla-ros-bridge/install/set_transform/lib/python3.8/site-packages:${PYTHONPATH} /usr/bin/python3 setup.py egg_info --egg-base ../../build/set_transform build --build-base /home/cec20/Yangjiaxin/my-carla-ros-bridge/build/set_transform/build install --record /home/cec20/Yangjiaxin/my-carla-ros-bridge/build/set_transform/install.log --install-scripts $base/lib/set_transform --single-version-externally-managed
[1.600s] running egg_info
[1.601s] writing ../../build/set_transform/set_transform.egg-info/PKG-INFO
[1.601s] writing dependency_links to ../../build/set_transform/set_transform.egg-info/dependency_links.txt
[1.601s] writing entry points to ../../build/set_transform/set_transform.egg-info/entry_points.txt
[1.601s] writing requirements to ../../build/set_transform/set_transform.egg-info/requires.txt
[1.601s] writing top-level names to ../../build/set_transform/set_transform.egg-info/top_level.txt
[1.625s] reading manifest file '../../build/set_transform/set_transform.egg-info/SOURCES.txt'
[1.626s] writing manifest file '../../build/set_transform/set_transform.egg-info/SOURCES.txt'
[1.626s] running build
[1.626s] running build_py
[1.626s] running install
[1.627s] running install_lib
[1.628s] running install_data
[1.628s] running install_egg_info
[1.630s] removing '/home/cec20/Yangjiaxin/my-carla-ros-bridge/install/set_transform/lib/python3.8/site-packages/set_transform-0.0.0-py3.8.egg-info' (and everything under it)
[1.630s] Copying ../../build/set_transform/set_transform.egg-info to /home/cec20/Yangjiaxin/my-carla-ros-bridge/install/set_transform/lib/python3.8/site-packages/set_transform-0.0.0-py3.8.egg-info
[1.630s] running install_scripts
[1.643s] Installing test1 script to /home/cec20/Yangjiaxin/my-carla-ros-bridge/install/set_transform/lib/set_transform
[1.643s] Installing test2 script to /home/cec20/Yangjiaxin/my-carla-ros-bridge/install/set_transform/lib/set_transform
[1.643s] Installing transform_autoset script to /home/cec20/Yangjiaxin/my-carla-ros-bridge/install/set_transform/lib/set_transform
[1.644s] Installing transform_manualset script to /home/cec20/Yangjiaxin/my-carla-ros-bridge/install/set_transform/lib/set_transform
[1.644s] writing list of installed files to '/home/cec20/Yangjiaxin/my-carla-ros-bridge/build/set_transform/install.log'
[1.706s] Invoked command in '/home/cec20/Yangjiaxin/my-carla-ros-bridge/src/Natural_road_set_transform' returned '0': PYTHONPATH=/home/cec20/Yangjiaxin/my-carla-ros-bridge/build/set_transform/prefix_override:/home/cec20/Yangjiaxin/my-carla-ros-bridge/install/set_transform/lib/python3.8/site-packages:${PYTHONPATH} /usr/bin/python3 setup.py egg_info --egg-base ../../build/set_transform build --build-base /home/cec20/Yangjiaxin/my-carla-ros-bridge/build/set_transform/build install --record /home/cec20/Yangjiaxin/my-carla-ros-bridge/build/set_transform/install.log --install-scripts $base/lib/set_transform --single-version-externally-managed
