[1.482s] Invoking command in '/home/cec20/Yangjiaxin/my-carla-ros-bridge/src/Natural_road_set_transform': PYTHONPATH=/home/cec20/Yangjiaxin/my-carla-ros-bridge/build/set_transform/prefix_override:/home/cec20/Yangjiaxin/my-carla-ros-bridge/install/set_transform/lib/python3.8/site-packages:${PYTHONPATH} /usr/bin/python3 setup.py egg_info --egg-base ../../build/set_transform build --build-base /home/cec20/Yangjiaxin/my-carla-ros-bridge/build/set_transform/build install --record /home/cec20/Yangjiaxin/my-carla-ros-bridge/build/set_transform/install.log --install-scripts $base/lib/set_transform --single-version-externally-managed
[1.671s] running egg_info
[1.671s] writing ../../build/set_transform/set_transform.egg-info/PKG-INFO
[1.671s] writing dependency_links to ../../build/set_transform/set_transform.egg-info/dependency_links.txt
[1.672s] writing entry points to ../../build/set_transform/set_transform.egg-info/entry_points.txt
[1.672s] writing requirements to ../../build/set_transform/set_transform.egg-info/requires.txt
[1.672s] writing top-level names to ../../build/set_transform/set_transform.egg-info/top_level.txt
[1.699s] reading manifest file '../../build/set_transform/set_transform.egg-info/SOURCES.txt'
[1.702s] writing manifest file '../../build/set_transform/set_transform.egg-info/SOURCES.txt'
[1.702s] running build
[1.702s] running build_py
[1.703s] copying set_transform/auto_set.py -> /home/cec20/Yangjiaxin/my-carla-ros-bridge/build/set_transform/build/lib/set_transform
[1.703s] running install
[1.703s] running install_lib
[1.704s] copying /home/cec20/Yangjiaxin/my-carla-ros-bridge/build/set_transform/build/lib/set_transform/auto_set.py -> /home/cec20/Yangjiaxin/my-carla-ros-bridge/install/set_transform/lib/python3.8/site-packages/set_transform
[1.704s] byte-compiling /home/cec20/Yangjiaxin/my-carla-ros-bridge/install/set_transform/lib/python3.8/site-packages/set_transform/auto_set.py to auto_set.cpython-38.pyc
[1.706s] running install_data
[1.706s] running install_egg_info
[1.708s] removing '/home/cec20/Yangjiaxin/my-carla-ros-bridge/install/set_transform/lib/python3.8/site-packages/set_transform-0.0.0-py3.8.egg-info' (and everything under it)
[1.708s] Copying ../../build/set_transform/set_transform.egg-info to /home/cec20/Yangjiaxin/my-carla-ros-bridge/install/set_transform/lib/python3.8/site-packages/set_transform-0.0.0-py3.8.egg-info
[1.709s] running install_scripts
[1.723s] Installing test1 script to /home/cec20/Yangjiaxin/my-carla-ros-bridge/install/set_transform/lib/set_transform
[1.723s] Installing test2 script to /home/cec20/Yangjiaxin/my-carla-ros-bridge/install/set_transform/lib/set_transform
[1.723s] Installing transform_autoset script to /home/cec20/Yangjiaxin/my-carla-ros-bridge/install/set_transform/lib/set_transform
[1.723s] Installing transform_manualset script to /home/cec20/Yangjiaxin/my-carla-ros-bridge/install/set_transform/lib/set_transform
[1.723s] writing list of installed files to '/home/cec20/Yangjiaxin/my-carla-ros-bridge/build/set_transform/install.log'
[1.793s] Invoked command in '/home/cec20/Yangjiaxin/my-carla-ros-bridge/src/Natural_road_set_transform' returned '0': PYTHONPATH=/home/cec20/Yangjiaxin/my-carla-ros-bridge/build/set_transform/prefix_override:/home/cec20/Yangjiaxin/my-carla-ros-bridge/install/set_transform/lib/python3.8/site-packages:${PYTHONPATH} /usr/bin/python3 setup.py egg_info --egg-base ../../build/set_transform build --build-base /home/cec20/Yangjiaxin/my-carla-ros-bridge/build/set_transform/build install --record /home/cec20/Yangjiaxin/my-carla-ros-bridge/build/set_transform/install.log --install-scripts $base/lib/set_transform --single-version-externally-managed
