[0.346s] DEBUG:colcon:Command line arguments: ['/usr/bin/colcon', 'list', '-p', '--base-paths', '/home/cec20/Yangjiaxin/my-carla-ros-bridge']
[0.346s] DEBUG:colcon:Parsed command line arguments: Namespace(allow_overriding=[], base_paths=['/home/cec20/Yangjiaxin/my-carla-ros-bridge'], build_base='build', ignore_user_meta=False, log_base=None, log_level=None, main=<bound method ListVerb.main of <colcon_package_information.verb.list.ListVerb object at 0x7f7a1de47220>>, metas=['./colcon.meta'], names_only=False, packages_above=None, packages_above_and_dependencies=None, packages_above_depth=None, packages_end=None, packages_ignore=None, packages_ignore_regex=None, packages_select=None, packages_select_build_failed=False, packages_select_by_dep=None, packages_select_regex=None, packages_select_test_failures=False, packages_skip=None, packages_skip_build_finished=False, packages_skip_by_dep=None, packages_skip_regex=None, packages_skip_test_passed=False, packages_skip_up_to=None, packages_start=None, packages_up_to=None, packages_up_to_regex=None, paths=None, paths_only=True, topological_graph=False, topological_graph_density=False, topological_graph_dot=False, topological_graph_dot_cluster=False, topological_graph_dot_include_skipped=False, topological_graph_legend=False, topological_order=False, verb_extension=<colcon_package_information.verb.list.ListVerb object at 0x7f7a1de47220>, verb_name='list', verb_parser=<colcon_defaults.argument_parser.defaults.DefaultArgumentsDecorator object at 0x7f7a1ddcf1f0>)
[0.372s] Level 1:colcon.colcon_core.package_discovery:discover_packages(colcon_meta) check parameters
[0.373s] Level 1:colcon.colcon_core.package_discovery:discover_packages(recursive) check parameters
[0.373s] Level 1:colcon.colcon_core.package_discovery:discover_packages(ignore) check parameters
[0.373s] Level 1:colcon.colcon_core.package_discovery:discover_packages(path) check parameters
[0.373s] Level 1:colcon.colcon_core.package_discovery:discover_packages(recursive) discover
[0.373s] INFO:colcon.colcon_core.package_discovery:Crawling recursively for packages in '/home/cec20/Yangjiaxin/my-carla-ros-bridge'
[0.373s] Level 1:colcon.colcon_core.package_identification:_identify(/home/cec20/Yangjiaxin/my-carla-ros-bridge) by extensions ['ignore', 'ignore_ament_install']
[0.373s] Level 1:colcon.colcon_core.package_identification:_identify(/home/cec20/Yangjiaxin/my-carla-ros-bridge) by extension 'ignore'
[0.373s] Level 1:colcon.colcon_core.package_identification:_identify(/home/cec20/Yangjiaxin/my-carla-ros-bridge) by extension 'ignore_ament_install'
[0.373s] Level 1:colcon.colcon_core.package_identification:_identify(/home/cec20/Yangjiaxin/my-carla-ros-bridge) by extensions ['colcon_pkg']
[0.373s] Level 1:colcon.colcon_core.package_identification:_identify(/home/cec20/Yangjiaxin/my-carla-ros-bridge) by extension 'colcon_pkg'
[0.373s] Level 1:colcon.colcon_core.package_identification:_identify(/home/cec20/Yangjiaxin/my-carla-ros-bridge) by extensions ['colcon_meta']
[0.373s] Level 1:colcon.colcon_core.package_identification:_identify(/home/cec20/Yangjiaxin/my-carla-ros-bridge) by extension 'colcon_meta'
[0.373s] Level 1:colcon.colcon_core.package_identification:_identify(/home/cec20/Yangjiaxin/my-carla-ros-bridge) by extensions ['ros']
[0.373s] Level 1:colcon.colcon_core.package_identification:_identify(/home/cec20/Yangjiaxin/my-carla-ros-bridge) by extension 'ros'
[0.385s] Level 1:colcon.colcon_core.package_identification:_identify(/home/cec20/Yangjiaxin/my-carla-ros-bridge) by extensions ['cmake', 'python']
[0.385s] Level 1:colcon.colcon_core.package_identification:_identify(/home/cec20/Yangjiaxin/my-carla-ros-bridge) by extension 'cmake'
[0.386s] Level 1:colcon.colcon_core.package_identification:_identify(/home/cec20/Yangjiaxin/my-carla-ros-bridge) by extension 'python'
[0.386s] Level 1:colcon.colcon_core.package_identification:_identify(/home/cec20/Yangjiaxin/my-carla-ros-bridge) by extensions ['python_setup_py']
[0.386s] Level 1:colcon.colcon_core.package_identification:_identify(/home/cec20/Yangjiaxin/my-carla-ros-bridge) by extension 'python_setup_py'
[0.386s] Level 1:colcon.colcon_core.package_identification:_identify(/home/cec20/Yangjiaxin/my-carla-ros-bridge/build) by extensions ['ignore', 'ignore_ament_install']
[0.386s] Level 1:colcon.colcon_core.package_identification:_identify(/home/cec20/Yangjiaxin/my-carla-ros-bridge/build) by extension 'ignore'
[0.386s] Level 1:colcon.colcon_core.package_identification:_identify(/home/cec20/Yangjiaxin/my-carla-ros-bridge/build) ignored
[0.386s] Level 1:colcon.colcon_core.package_identification:_identify(/home/cec20/Yangjiaxin/my-carla-ros-bridge/install) by extensions ['ignore', 'ignore_ament_install']
[0.386s] Level 1:colcon.colcon_core.package_identification:_identify(/home/cec20/Yangjiaxin/my-carla-ros-bridge/install) by extension 'ignore'
[0.386s] Level 1:colcon.colcon_core.package_identification:_identify(/home/cec20/Yangjiaxin/my-carla-ros-bridge/install) ignored
[0.387s] Level 1:colcon.colcon_core.package_identification:_identify(/home/cec20/Yangjiaxin/my-carla-ros-bridge/log) by extensions ['ignore', 'ignore_ament_install']
[0.387s] Level 1:colcon.colcon_core.package_identification:_identify(/home/cec20/Yangjiaxin/my-carla-ros-bridge/log) by extension 'ignore'
[0.387s] Level 1:colcon.colcon_core.package_identification:_identify(/home/cec20/Yangjiaxin/my-carla-ros-bridge/log) ignored
[0.387s] Level 1:colcon.colcon_core.package_identification:_identify(/home/cec20/Yangjiaxin/my-carla-ros-bridge/src) by extensions ['ignore', 'ignore_ament_install']
[0.387s] Level 1:colcon.colcon_core.package_identification:_identify(/home/cec20/Yangjiaxin/my-carla-ros-bridge/src) by extension 'ignore'
[0.387s] Level 1:colcon.colcon_core.package_identification:_identify(/home/cec20/Yangjiaxin/my-carla-ros-bridge/src) by extension 'ignore_ament_install'
[0.387s] Level 1:colcon.colcon_core.package_identification:_identify(/home/cec20/Yangjiaxin/my-carla-ros-bridge/src) by extensions ['colcon_pkg']
[0.387s] Level 1:colcon.colcon_core.package_identification:_identify(/home/cec20/Yangjiaxin/my-carla-ros-bridge/src) by extension 'colcon_pkg'
[0.387s] Level 1:colcon.colcon_core.package_identification:_identify(/home/cec20/Yangjiaxin/my-carla-ros-bridge/src) by extensions ['colcon_meta']
[0.387s] Level 1:colcon.colcon_core.package_identification:_identify(/home/cec20/Yangjiaxin/my-carla-ros-bridge/src) by extension 'colcon_meta'
[0.387s] Level 1:colcon.colcon_core.package_identification:_identify(/home/cec20/Yangjiaxin/my-carla-ros-bridge/src) by extensions ['ros']
[0.387s] Level 1:colcon.colcon_core.package_identification:_identify(/home/cec20/Yangjiaxin/my-carla-ros-bridge/src) by extension 'ros'
[0.387s] Level 1:colcon.colcon_core.package_identification:_identify(/home/cec20/Yangjiaxin/my-carla-ros-bridge/src) by extensions ['cmake', 'python']
[0.387s] Level 1:colcon.colcon_core.package_identification:_identify(/home/cec20/Yangjiaxin/my-carla-ros-bridge/src) by extension 'cmake'
[0.387s] Level 1:colcon.colcon_core.package_identification:_identify(/home/cec20/Yangjiaxin/my-carla-ros-bridge/src) by extension 'python'
[0.387s] Level 1:colcon.colcon_core.package_identification:_identify(/home/cec20/Yangjiaxin/my-carla-ros-bridge/src) by extensions ['python_setup_py']
[0.388s] Level 1:colcon.colcon_core.package_identification:_identify(/home/cec20/Yangjiaxin/my-carla-ros-bridge/src) by extension 'python_setup_py'
[0.388s] Level 1:colcon.colcon_core.package_identification:_identify(/home/cec20/Yangjiaxin/my-carla-ros-bridge/src/Natural_road_set_transform) by extensions ['ignore', 'ignore_ament_install']
[0.388s] Level 1:colcon.colcon_core.package_identification:_identify(/home/cec20/Yangjiaxin/my-carla-ros-bridge/src/Natural_road_set_transform) by extension 'ignore'
[0.388s] Level 1:colcon.colcon_core.package_identification:_identify(/home/cec20/Yangjiaxin/my-carla-ros-bridge/src/Natural_road_set_transform) by extension 'ignore_ament_install'
[0.388s] Level 1:colcon.colcon_core.package_identification:_identify(/home/cec20/Yangjiaxin/my-carla-ros-bridge/src/Natural_road_set_transform) by extensions ['colcon_pkg']
[0.388s] Level 1:colcon.colcon_core.package_identification:_identify(/home/cec20/Yangjiaxin/my-carla-ros-bridge/src/Natural_road_set_transform) by extension 'colcon_pkg'
[0.388s] Level 1:colcon.colcon_core.package_identification:_identify(/home/cec20/Yangjiaxin/my-carla-ros-bridge/src/Natural_road_set_transform) by extensions ['colcon_meta']
[0.388s] Level 1:colcon.colcon_core.package_identification:_identify(/home/cec20/Yangjiaxin/my-carla-ros-bridge/src/Natural_road_set_transform) by extension 'colcon_meta'
[0.388s] Level 1:colcon.colcon_core.package_identification:_identify(/home/cec20/Yangjiaxin/my-carla-ros-bridge/src/Natural_road_set_transform) by extensions ['ros']
[0.388s] Level 1:colcon.colcon_core.package_identification:_identify(/home/cec20/Yangjiaxin/my-carla-ros-bridge/src/Natural_road_set_transform) by extension 'ros'
[0.391s] DEBUG:colcon.colcon_core.package_identification:Package '/home/cec20/Yangjiaxin/my-carla-ros-bridge/src/Natural_road_set_transform' with type 'ros.ament_python' and name 'set_transform'
[0.391s] Level 1:colcon.colcon_core.package_identification:_identify(/home/cec20/Yangjiaxin/my-carla-ros-bridge/src/imagenode) by extensions ['ignore', 'ignore_ament_install']
[0.391s] Level 1:colcon.colcon_core.package_identification:_identify(/home/cec20/Yangjiaxin/my-carla-ros-bridge/src/imagenode) by extension 'ignore'
[0.391s] Level 1:colcon.colcon_core.package_identification:_identify(/home/cec20/Yangjiaxin/my-carla-ros-bridge/src/imagenode) by extension 'ignore_ament_install'
[0.391s] Level 1:colcon.colcon_core.package_identification:_identify(/home/cec20/Yangjiaxin/my-carla-ros-bridge/src/imagenode) by extensions ['colcon_pkg']
[0.391s] Level 1:colcon.colcon_core.package_identification:_identify(/home/cec20/Yangjiaxin/my-carla-ros-bridge/src/imagenode) by extension 'colcon_pkg'
[0.391s] Level 1:colcon.colcon_core.package_identification:_identify(/home/cec20/Yangjiaxin/my-carla-ros-bridge/src/imagenode) by extensions ['colcon_meta']
[0.391s] Level 1:colcon.colcon_core.package_identification:_identify(/home/cec20/Yangjiaxin/my-carla-ros-bridge/src/imagenode) by extension 'colcon_meta'
[0.391s] Level 1:colcon.colcon_core.package_identification:_identify(/home/cec20/Yangjiaxin/my-carla-ros-bridge/src/imagenode) by extensions ['ros']
[0.391s] Level 1:colcon.colcon_core.package_identification:_identify(/home/cec20/Yangjiaxin/my-carla-ros-bridge/src/imagenode) by extension 'ros'
[0.408s] DEBUG:colcon.colcon_core.package_identification:Package '/home/cec20/Yangjiaxin/my-carla-ros-bridge/src/imagenode' with type 'ros.ament_python' and name 'imagenode'
[0.408s] Level 1:colcon.colcon_core.package_identification:_identify(/home/cec20/Yangjiaxin/my-carla-ros-bridge/src/kvaser_msg_interfaces) by extensions ['ignore', 'ignore_ament_install']
[0.408s] Level 1:colcon.colcon_core.package_identification:_identify(/home/cec20/Yangjiaxin/my-carla-ros-bridge/src/kvaser_msg_interfaces) by extension 'ignore'
[0.409s] Level 1:colcon.colcon_core.package_identification:_identify(/home/cec20/Yangjiaxin/my-carla-ros-bridge/src/kvaser_msg_interfaces) by extension 'ignore_ament_install'
[0.409s] Level 1:colcon.colcon_core.package_identification:_identify(/home/cec20/Yangjiaxin/my-carla-ros-bridge/src/kvaser_msg_interfaces) by extensions ['colcon_pkg']
[0.409s] Level 1:colcon.colcon_core.package_identification:_identify(/home/cec20/Yangjiaxin/my-carla-ros-bridge/src/kvaser_msg_interfaces) by extension 'colcon_pkg'
[0.409s] Level 1:colcon.colcon_core.package_identification:_identify(/home/cec20/Yangjiaxin/my-carla-ros-bridge/src/kvaser_msg_interfaces) by extensions ['colcon_meta']
[0.409s] Level 1:colcon.colcon_core.package_identification:_identify(/home/cec20/Yangjiaxin/my-carla-ros-bridge/src/kvaser_msg_interfaces) by extension 'colcon_meta'
[0.409s] Level 1:colcon.colcon_core.package_identification:_identify(/home/cec20/Yangjiaxin/my-carla-ros-bridge/src/kvaser_msg_interfaces) by extensions ['ros']
[0.409s] Level 1:colcon.colcon_core.package_identification:_identify(/home/cec20/Yangjiaxin/my-carla-ros-bridge/src/kvaser_msg_interfaces) by extension 'ros'
[0.410s] DEBUG:colcon.colcon_core.package_identification:Package '/home/cec20/Yangjiaxin/my-carla-ros-bridge/src/kvaser_msg_interfaces' with type 'ros.ament_cmake' and name 'kvaser_msg_interfaces'
[0.410s] Level 1:colcon.colcon_core.package_identification:_identify(/home/cec20/Yangjiaxin/my-carla-ros-bridge/src/kvaser_parser_ros) by extensions ['ignore', 'ignore_ament_install']
[0.410s] Level 1:colcon.colcon_core.package_identification:_identify(/home/cec20/Yangjiaxin/my-carla-ros-bridge/src/kvaser_parser_ros) by extension 'ignore'
[0.410s] Level 1:colcon.colcon_core.package_identification:_identify(/home/cec20/Yangjiaxin/my-carla-ros-bridge/src/kvaser_parser_ros) by extension 'ignore_ament_install'
[0.410s] Level 1:colcon.colcon_core.package_identification:_identify(/home/cec20/Yangjiaxin/my-carla-ros-bridge/src/kvaser_parser_ros) by extensions ['colcon_pkg']
[0.410s] Level 1:colcon.colcon_core.package_identification:_identify(/home/cec20/Yangjiaxin/my-carla-ros-bridge/src/kvaser_parser_ros) by extension 'colcon_pkg'
[0.410s] Level 1:colcon.colcon_core.package_identification:_identify(/home/cec20/Yangjiaxin/my-carla-ros-bridge/src/kvaser_parser_ros) by extensions ['colcon_meta']
[0.410s] Level 1:colcon.colcon_core.package_identification:_identify(/home/cec20/Yangjiaxin/my-carla-ros-bridge/src/kvaser_parser_ros) by extension 'colcon_meta'
[0.410s] Level 1:colcon.colcon_core.package_identification:_identify(/home/cec20/Yangjiaxin/my-carla-ros-bridge/src/kvaser_parser_ros) by extensions ['ros']
[0.410s] Level 1:colcon.colcon_core.package_identification:_identify(/home/cec20/Yangjiaxin/my-carla-ros-bridge/src/kvaser_parser_ros) by extension 'ros'
[0.411s] DEBUG:colcon.colcon_core.package_identification:Package '/home/cec20/Yangjiaxin/my-carla-ros-bridge/src/kvaser_parser_ros' with type 'ros.ament_python' and name 'kvaser_parser_ros'
[0.411s] Level 1:colcon.colcon_core.package_identification:_identify(/home/cec20/Yangjiaxin/my-carla-ros-bridge/src/my_bridge) by extensions ['ignore', 'ignore_ament_install']
[0.411s] Level 1:colcon.colcon_core.package_identification:_identify(/home/cec20/Yangjiaxin/my-carla-ros-bridge/src/my_bridge) by extension 'ignore'
[0.411s] Level 1:colcon.colcon_core.package_identification:_identify(/home/cec20/Yangjiaxin/my-carla-ros-bridge/src/my_bridge) by extension 'ignore_ament_install'
[0.411s] Level 1:colcon.colcon_core.package_identification:_identify(/home/cec20/Yangjiaxin/my-carla-ros-bridge/src/my_bridge) by extensions ['colcon_pkg']
[0.411s] Level 1:colcon.colcon_core.package_identification:_identify(/home/cec20/Yangjiaxin/my-carla-ros-bridge/src/my_bridge) by extension 'colcon_pkg'
[0.411s] Level 1:colcon.colcon_core.package_identification:_identify(/home/cec20/Yangjiaxin/my-carla-ros-bridge/src/my_bridge) by extensions ['colcon_meta']
[0.411s] Level 1:colcon.colcon_core.package_identification:_identify(/home/cec20/Yangjiaxin/my-carla-ros-bridge/src/my_bridge) by extension 'colcon_meta'
[0.412s] Level 1:colcon.colcon_core.package_identification:_identify(/home/cec20/Yangjiaxin/my-carla-ros-bridge/src/my_bridge) by extensions ['ros']
[0.412s] Level 1:colcon.colcon_core.package_identification:_identify(/home/cec20/Yangjiaxin/my-carla-ros-bridge/src/my_bridge) by extension 'ros'
[0.412s] DEBUG:colcon.colcon_core.package_identification:Package '/home/cec20/Yangjiaxin/my-carla-ros-bridge/src/my_bridge' with type 'ros.ament_python' and name 'my_bridge'
[0.412s] Level 1:colcon.colcon_core.package_identification:_identify(/home/cec20/Yangjiaxin/my-carla-ros-bridge/src/test_set_transform_bend) by extensions ['ignore', 'ignore_ament_install']
[0.412s] Level 1:colcon.colcon_core.package_identification:_identify(/home/cec20/Yangjiaxin/my-carla-ros-bridge/src/test_set_transform_bend) by extension 'ignore'
[0.412s] Level 1:colcon.colcon_core.package_identification:_identify(/home/cec20/Yangjiaxin/my-carla-ros-bridge/src/test_set_transform_bend) by extension 'ignore_ament_install'
[0.412s] Level 1:colcon.colcon_core.package_identification:_identify(/home/cec20/Yangjiaxin/my-carla-ros-bridge/src/test_set_transform_bend) by extensions ['colcon_pkg']
[0.413s] Level 1:colcon.colcon_core.package_identification:_identify(/home/cec20/Yangjiaxin/my-carla-ros-bridge/src/test_set_transform_bend) by extension 'colcon_pkg'
[0.413s] Level 1:colcon.colcon_core.package_identification:_identify(/home/cec20/Yangjiaxin/my-carla-ros-bridge/src/test_set_transform_bend) by extensions ['colcon_meta']
[0.413s] Level 1:colcon.colcon_core.package_identification:_identify(/home/cec20/Yangjiaxin/my-carla-ros-bridge/src/test_set_transform_bend) by extension 'colcon_meta'
[0.413s] Level 1:colcon.colcon_core.package_identification:_identify(/home/cec20/Yangjiaxin/my-carla-ros-bridge/src/test_set_transform_bend) by extensions ['ros']
[0.413s] Level 1:colcon.colcon_core.package_identification:_identify(/home/cec20/Yangjiaxin/my-carla-ros-bridge/src/test_set_transform_bend) by extension 'ros'
[0.413s] DEBUG:colcon.colcon_core.package_identification:Package '/home/cec20/Yangjiaxin/my-carla-ros-bridge/src/test_set_transform_bend' with type 'ros.ament_python' and name 'test_set_transform_bend'
[0.413s] Level 1:colcon.colcon_core.package_identification:_identify(/home/cec20/Yangjiaxin/my-carla-ros-bridge/src/traject_plan_control) by extensions ['ignore', 'ignore_ament_install']
[0.414s] Level 1:colcon.colcon_core.package_identification:_identify(/home/cec20/Yangjiaxin/my-carla-ros-bridge/src/traject_plan_control) by extension 'ignore'
[0.414s] Level 1:colcon.colcon_core.package_identification:_identify(/home/cec20/Yangjiaxin/my-carla-ros-bridge/src/traject_plan_control) by extension 'ignore_ament_install'
[0.414s] Level 1:colcon.colcon_core.package_identification:_identify(/home/cec20/Yangjiaxin/my-carla-ros-bridge/src/traject_plan_control) by extensions ['colcon_pkg']
[0.414s] Level 1:colcon.colcon_core.package_identification:_identify(/home/cec20/Yangjiaxin/my-carla-ros-bridge/src/traject_plan_control) by extension 'colcon_pkg'
[0.414s] Level 1:colcon.colcon_core.package_identification:_identify(/home/cec20/Yangjiaxin/my-carla-ros-bridge/src/traject_plan_control) by extensions ['colcon_meta']
[0.414s] Level 1:colcon.colcon_core.package_identification:_identify(/home/cec20/Yangjiaxin/my-carla-ros-bridge/src/traject_plan_control) by extension 'colcon_meta'
[0.414s] Level 1:colcon.colcon_core.package_identification:_identify(/home/cec20/Yangjiaxin/my-carla-ros-bridge/src/traject_plan_control) by extensions ['ros']
[0.414s] Level 1:colcon.colcon_core.package_identification:_identify(/home/cec20/Yangjiaxin/my-carla-ros-bridge/src/traject_plan_control) by extension 'ros'
[0.415s] DEBUG:colcon.colcon_core.package_identification:Package '/home/cec20/Yangjiaxin/my-carla-ros-bridge/src/traject_plan_control' with type 'ros.ament_python' and name 'traject_plan_control'
[0.415s] Level 1:colcon.colcon_core.package_identification:_identify(/home/cec20/Yangjiaxin/my-carla-ros-bridge/src/waypoints_types) by extensions ['ignore', 'ignore_ament_install']
[0.415s] Level 1:colcon.colcon_core.package_identification:_identify(/home/cec20/Yangjiaxin/my-carla-ros-bridge/src/waypoints_types) by extension 'ignore'
[0.415s] Level 1:colcon.colcon_core.package_identification:_identify(/home/cec20/Yangjiaxin/my-carla-ros-bridge/src/waypoints_types) by extension 'ignore_ament_install'
[0.415s] Level 1:colcon.colcon_core.package_identification:_identify(/home/cec20/Yangjiaxin/my-carla-ros-bridge/src/waypoints_types) by extensions ['colcon_pkg']
[0.415s] Level 1:colcon.colcon_core.package_identification:_identify(/home/cec20/Yangjiaxin/my-carla-ros-bridge/src/waypoints_types) by extension 'colcon_pkg'
[0.415s] Level 1:colcon.colcon_core.package_identification:_identify(/home/cec20/Yangjiaxin/my-carla-ros-bridge/src/waypoints_types) by extensions ['colcon_meta']
[0.415s] Level 1:colcon.colcon_core.package_identification:_identify(/home/cec20/Yangjiaxin/my-carla-ros-bridge/src/waypoints_types) by extension 'colcon_meta'
[0.415s] Level 1:colcon.colcon_core.package_identification:_identify(/home/cec20/Yangjiaxin/my-carla-ros-bridge/src/waypoints_types) by extensions ['ros']
[0.415s] Level 1:colcon.colcon_core.package_identification:_identify(/home/cec20/Yangjiaxin/my-carla-ros-bridge/src/waypoints_types) by extension 'ros'
[0.416s] DEBUG:colcon.colcon_core.package_identification:Package '/home/cec20/Yangjiaxin/my-carla-ros-bridge/src/waypoints_types' with type 'ros.ament_cmake' and name 'waypoints_types'
[0.416s] Level 1:colcon.colcon_core.package_discovery:discover_packages(recursive) using defaults
