[1.437s] Invoking command in '/home/cec20/Yangjiaxin/my-carla-ros-bridge/src/imagenode': PYTHONPATH=/home/cec20/Yangjiaxin/my-carla-ros-bridge/build/imagenode/prefix_override:/home/cec20/Yangjiaxin/my-carla-ros-bridge/install/imagenode/lib/python3.8/site-packages:${PYTHONPATH} /usr/bin/python3 setup.py egg_info --egg-base ../../build/imagenode build --build-base /home/cec20/Yangjiaxin/my-carla-ros-bridge/build/imagenode/build install --record /home/cec20/Yangjiaxin/my-carla-ros-bridge/build/imagenode/install.log --install-scripts $base/lib/imagenode --single-version-externally-managed
[1.622s] running egg_info
[1.622s] writing ../../build/imagenode/imagenode.egg-info/PKG-INFO
[1.622s] writing dependency_links to ../../build/imagenode/imagenode.egg-info/dependency_links.txt
[1.622s] writing entry points to ../../build/imagenode/imagenode.egg-info/entry_points.txt
[1.623s] writing requirements to ../../build/imagenode/imagenode.egg-info/requires.txt
[1.623s] writing top-level names to ../../build/imagenode/imagenode.egg-info/top_level.txt
[1.647s] reading manifest file '../../build/imagenode/imagenode.egg-info/SOURCES.txt'
[1.647s] writing manifest file '../../build/imagenode/imagenode.egg-info/SOURCES.txt'
[1.648s] running build
[1.648s] running build_py
[1.648s] running install
[1.648s] running install_lib
[1.649s] running install_data
[1.650s] running install_egg_info
[1.651s] removing '/home/cec20/Yangjiaxin/my-carla-ros-bridge/install/imagenode/lib/python3.8/site-packages/imagenode-0.0.0-py3.8.egg-info' (and everything under it)
[1.651s] Copying ../../build/imagenode/imagenode.egg-info to /home/cec20/Yangjiaxin/my-carla-ros-bridge/install/imagenode/lib/python3.8/site-packages/imagenode-0.0.0-py3.8.egg-info
[1.651s] running install_scripts
[1.664s] Installing cameranode1 script to /home/cec20/Yangjiaxin/my-carla-ros-bridge/install/imagenode/lib/imagenode
[1.664s] writing list of installed files to '/home/cec20/Yangjiaxin/my-carla-ros-bridge/build/imagenode/install.log'
[1.688s] Invoked command in '/home/cec20/Yangjiaxin/my-carla-ros-bridge/src/imagenode' returned '0': PYTHONPATH=/home/cec20/Yangjiaxin/my-carla-ros-bridge/build/imagenode/prefix_override:/home/cec20/Yangjiaxin/my-carla-ros-bridge/install/imagenode/lib/python3.8/site-packages:${PYTHONPATH} /usr/bin/python3 setup.py egg_info --egg-base ../../build/imagenode build --build-base /home/cec20/Yangjiaxin/my-carla-ros-bridge/build/imagenode/build install --record /home/cec20/Yangjiaxin/my-carla-ros-bridge/build/imagenode/install.log --install-scripts $base/lib/imagenode --single-version-externally-managed
