[  3%] Built target waypoints_types__cpp
[ 12%] Built target waypoints_types__rosidl_generator_c
[ 32%] Built target waypoints_types__rosidl_typesupport_introspection_cpp
[ 32%] Built target waypoints_types__rosidl_typesupport_c
[ 41%] Built target waypoints_types__rosidl_typesupport_fastrtps_cpp
[ 51%] Built target waypoints_types__rosidl_typesupport_cpp
[ 61%] Built target waypoints_types__rosidl_typesupport_introspection_c
[ 70%] Built target waypoints_types__rosidl_typesupport_fastrtps_c
[ 70%] Built target waypoints_types
[ 74%] Built target waypoints_types__py
[ 80%] Built target waypoints_types__python
[ 93%] Built target waypoints_types__rosidl_typesupport_fastrtps_c__pyext
[ 93%] Built target waypoints_types__rosidl_typesupport_introspection_c__pyext
[100%] Built target waypoints_types__rosidl_typesupport_c__pyext
-- Install configuration: ""
-- Up-to-date: /home/cec20/Yangjiaxin/my-carla-ros-bridge/install/waypoints_types/share/ament_index/resource_index/rosidl_interfaces/waypoints_types
-- Up-to-date: /home/cec20/Yangjiaxin/my-carla-ros-bridge/install/waypoints_types/include/waypoints_types
-- Up-to-date: /home/cec20/Yangjiaxin/my-carla-ros-bridge/install/waypoints_types/include/waypoints_types/msg
-- Up-to-date: /home/cec20/Yangjiaxin/my-carla-ros-bridge/install/waypoints_types/include/waypoints_types/msg/rosidl_generator_c__visibility_control.h
-- Up-to-date: /home/cec20/Yangjiaxin/my-carla-ros-bridge/install/waypoints_types/include/waypoints_types/srv
-- Up-to-date: /home/cec20/Yangjiaxin/my-carla-ros-bridge/install/waypoints_types/include/waypoints_types/srv/detail
-- Up-to-date: /home/cec20/Yangjiaxin/my-carla-ros-bridge/install/waypoints_types/include/waypoints_types/srv/detail/get_waypoints_list__type_support.h
-- Up-to-date: /home/cec20/Yangjiaxin/my-carla-ros-bridge/install/waypoints_types/include/waypoints_types/srv/detail/get_waypoints_list__functions.c
-- Up-to-date: /home/cec20/Yangjiaxin/my-carla-ros-bridge/install/waypoints_types/include/waypoints_types/srv/detail/get_waypoints_list__struct.h
-- Up-to-date: /home/cec20/Yangjiaxin/my-carla-ros-bridge/install/waypoints_types/include/waypoints_types/srv/detail/get_waypoints_list__functions.h
-- Up-to-date: /home/cec20/Yangjiaxin/my-carla-ros-bridge/install/waypoints_types/include/waypoints_types/srv/get_waypoints_list.h
-- Up-to-date: /home/cec20/Yangjiaxin/my-carla-ros-bridge/install/waypoints_types/share/waypoints_types/environment/library_path.sh
-- Up-to-date: /home/cec20/Yangjiaxin/my-carla-ros-bridge/install/waypoints_types/share/waypoints_types/environment/library_path.dsv
-- Up-to-date: /home/cec20/Yangjiaxin/my-carla-ros-bridge/install/waypoints_types/lib/libwaypoints_types__rosidl_generator_c.so
-- Up-to-date: /home/cec20/Yangjiaxin/my-carla-ros-bridge/install/waypoints_types/include/waypoints_types
-- Up-to-date: /home/cec20/Yangjiaxin/my-carla-ros-bridge/install/waypoints_types/include/waypoints_types/msg
-- Up-to-date: /home/cec20/Yangjiaxin/my-carla-ros-bridge/install/waypoints_types/include/waypoints_types/msg/rosidl_typesupport_fastrtps_c__visibility_control.h
-- Up-to-date: /home/cec20/Yangjiaxin/my-carla-ros-bridge/install/waypoints_types/include/waypoints_types/srv
-- Up-to-date: /home/cec20/Yangjiaxin/my-carla-ros-bridge/install/waypoints_types/include/waypoints_types/srv/detail
-- Up-to-date: /home/cec20/Yangjiaxin/my-carla-ros-bridge/install/waypoints_types/include/waypoints_types/srv/detail/get_waypoints_list__rosidl_typesupport_fastrtps_c.h
-- Up-to-date: /home/cec20/Yangjiaxin/my-carla-ros-bridge/install/waypoints_types/lib/libwaypoints_types__rosidl_typesupport_fastrtps_c.so
-- Up-to-date: /home/cec20/Yangjiaxin/my-carla-ros-bridge/install/waypoints_types/include/waypoints_types
-- Up-to-date: /home/cec20/Yangjiaxin/my-carla-ros-bridge/install/waypoints_types/include/waypoints_types/msg
-- Up-to-date: /home/cec20/Yangjiaxin/my-carla-ros-bridge/install/waypoints_types/include/waypoints_types/msg/rosidl_typesupport_fastrtps_cpp__visibility_control.h
-- Up-to-date: /home/cec20/Yangjiaxin/my-carla-ros-bridge/install/waypoints_types/include/waypoints_types/srv
-- Up-to-date: /home/cec20/Yangjiaxin/my-carla-ros-bridge/install/waypoints_types/include/waypoints_types/srv/detail
-- Up-to-date: /home/cec20/Yangjiaxin/my-carla-ros-bridge/install/waypoints_types/include/waypoints_types/srv/detail/get_waypoints_list__rosidl_typesupport_fastrtps_cpp.hpp
-- Up-to-date: /home/cec20/Yangjiaxin/my-carla-ros-bridge/install/waypoints_types/include/waypoints_types/srv/detail/dds_fastrtps
-- Up-to-date: /home/cec20/Yangjiaxin/my-carla-ros-bridge/install/waypoints_types/lib/libwaypoints_types__rosidl_typesupport_fastrtps_cpp.so
-- Up-to-date: /home/cec20/Yangjiaxin/my-carla-ros-bridge/install/waypoints_types/include/waypoints_types
-- Up-to-date: /home/cec20/Yangjiaxin/my-carla-ros-bridge/install/waypoints_types/include/waypoints_types/msg
-- Up-to-date: /home/cec20/Yangjiaxin/my-carla-ros-bridge/install/waypoints_types/include/waypoints_types/msg/rosidl_typesupport_introspection_c__visibility_control.h
-- Up-to-date: /home/cec20/Yangjiaxin/my-carla-ros-bridge/install/waypoints_types/include/waypoints_types/srv
-- Up-to-date: /home/cec20/Yangjiaxin/my-carla-ros-bridge/install/waypoints_types/include/waypoints_types/srv/detail
-- Up-to-date: /home/cec20/Yangjiaxin/my-carla-ros-bridge/install/waypoints_types/include/waypoints_types/srv/detail/get_waypoints_list__type_support.c
-- Up-to-date: /home/cec20/Yangjiaxin/my-carla-ros-bridge/install/waypoints_types/include/waypoints_types/srv/detail/get_waypoints_list__rosidl_typesupport_introspection_c.h
-- Up-to-date: /home/cec20/Yangjiaxin/my-carla-ros-bridge/install/waypoints_types/lib/libwaypoints_types__rosidl_typesupport_introspection_c.so
-- Up-to-date: /home/cec20/Yangjiaxin/my-carla-ros-bridge/install/waypoints_types/lib/libwaypoints_types__rosidl_typesupport_c.so
-- Up-to-date: /home/cec20/Yangjiaxin/my-carla-ros-bridge/install/waypoints_types/include/waypoints_types
-- Up-to-date: /home/cec20/Yangjiaxin/my-carla-ros-bridge/install/waypoints_types/include/waypoints_types/srv
-- Up-to-date: /home/cec20/Yangjiaxin/my-carla-ros-bridge/install/waypoints_types/include/waypoints_types/srv/detail
-- Up-to-date: /home/cec20/Yangjiaxin/my-carla-ros-bridge/install/waypoints_types/include/waypoints_types/srv/detail/get_waypoints_list__struct.hpp
-- Up-to-date: /home/cec20/Yangjiaxin/my-carla-ros-bridge/install/waypoints_types/include/waypoints_types/srv/detail/get_waypoints_list__traits.hpp
-- Up-to-date: /home/cec20/Yangjiaxin/my-carla-ros-bridge/install/waypoints_types/include/waypoints_types/srv/detail/get_waypoints_list__builder.hpp
-- Up-to-date: /home/cec20/Yangjiaxin/my-carla-ros-bridge/install/waypoints_types/include/waypoints_types/srv/get_waypoints_list.hpp
-- Up-to-date: /home/cec20/Yangjiaxin/my-carla-ros-bridge/install/waypoints_types/include/waypoints_types
-- Up-to-date: /home/cec20/Yangjiaxin/my-carla-ros-bridge/install/waypoints_types/include/waypoints_types/srv
-- Up-to-date: /home/cec20/Yangjiaxin/my-carla-ros-bridge/install/waypoints_types/include/waypoints_types/srv/detail
-- Up-to-date: /home/cec20/Yangjiaxin/my-carla-ros-bridge/install/waypoints_types/include/waypoints_types/srv/detail/get_waypoints_list__rosidl_typesupport_introspection_cpp.hpp
-- Up-to-date: /home/cec20/Yangjiaxin/my-carla-ros-bridge/install/waypoints_types/include/waypoints_types/srv/detail/get_waypoints_list__type_support.cpp
-- Up-to-date: /home/cec20/Yangjiaxin/my-carla-ros-bridge/install/waypoints_types/lib/libwaypoints_types__rosidl_typesupport_introspection_cpp.so
-- Up-to-date: /home/cec20/Yangjiaxin/my-carla-ros-bridge/install/waypoints_types/lib/libwaypoints_types__rosidl_typesupport_cpp.so
-- Up-to-date: /home/cec20/Yangjiaxin/my-carla-ros-bridge/install/waypoints_types/share/waypoints_types/environment/pythonpath.sh
-- Up-to-date: /home/cec20/Yangjiaxin/my-carla-ros-bridge/install/waypoints_types/share/waypoints_types/environment/pythonpath.dsv
-- Up-to-date: /home/cec20/Yangjiaxin/my-carla-ros-bridge/install/waypoints_types/lib/python3.8/site-packages/waypoints_types/__init__.py
-- Up-to-date: /home/cec20/Yangjiaxin/my-carla-ros-bridge/install/waypoints_types/lib/python3.8/site-packages/waypoints_types/srv
-- Up-to-date: /home/cec20/Yangjiaxin/my-carla-ros-bridge/install/waypoints_types/lib/python3.8/site-packages/waypoints_types/srv/_get_waypoints_list.py
-- Up-to-date: /home/cec20/Yangjiaxin/my-carla-ros-bridge/install/waypoints_types/lib/python3.8/site-packages/waypoints_types/srv/_get_waypoints_list_s.c
-- Up-to-date: /home/cec20/Yangjiaxin/my-carla-ros-bridge/install/waypoints_types/lib/python3.8/site-packages/waypoints_types/srv/__init__.py
-- Up-to-date: /home/cec20/Yangjiaxin/my-carla-ros-bridge/install/waypoints_types/lib/python3.8/site-packages/waypoints_types/waypoints_types_s__rosidl_typesupport_fastrtps_c.cpython-38-x86_64-linux-gnu.so
-- Up-to-date: /home/cec20/Yangjiaxin/my-carla-ros-bridge/install/waypoints_types/lib/python3.8/site-packages/waypoints_types/waypoints_types_s__rosidl_typesupport_introspection_c.cpython-38-x86_64-linux-gnu.so
-- Up-to-date: /home/cec20/Yangjiaxin/my-carla-ros-bridge/install/waypoints_types/lib/python3.8/site-packages/waypoints_types/waypoints_types_s__rosidl_typesupport_c.cpython-38-x86_64-linux-gnu.so
-- Up-to-date: /home/cec20/Yangjiaxin/my-carla-ros-bridge/install/waypoints_types/lib/libwaypoints_types__python.so
-- Up-to-date: /home/cec20/Yangjiaxin/my-carla-ros-bridge/install/waypoints_types/share/waypoints_types/srv/GetWaypointsList.idl
-- Up-to-date: /home/cec20/Yangjiaxin/my-carla-ros-bridge/install/waypoints_types/share/waypoints_types/srv/GetWaypointsList.srv
-- Up-to-date: /home/cec20/Yangjiaxin/my-carla-ros-bridge/install/waypoints_types/share/waypoints_types/srv/GetWaypointsList_Request.msg
-- Up-to-date: /home/cec20/Yangjiaxin/my-carla-ros-bridge/install/waypoints_types/share/waypoints_types/srv/GetWaypointsList_Response.msg
-- Up-to-date: /home/cec20/Yangjiaxin/my-carla-ros-bridge/install/waypoints_types/share/ament_index/resource_index/package_run_dependencies/waypoints_types
-- Up-to-date: /home/cec20/Yangjiaxin/my-carla-ros-bridge/install/waypoints_types/share/ament_index/resource_index/parent_prefix_path/waypoints_types
-- Up-to-date: /home/cec20/Yangjiaxin/my-carla-ros-bridge/install/waypoints_types/share/waypoints_types/environment/ament_prefix_path.sh
-- Up-to-date: /home/cec20/Yangjiaxin/my-carla-ros-bridge/install/waypoints_types/share/waypoints_types/environment/ament_prefix_path.dsv
-- Up-to-date: /home/cec20/Yangjiaxin/my-carla-ros-bridge/install/waypoints_types/share/waypoints_types/environment/path.sh
-- Up-to-date: /home/cec20/Yangjiaxin/my-carla-ros-bridge/install/waypoints_types/share/waypoints_types/environment/path.dsv
-- Up-to-date: /home/cec20/Yangjiaxin/my-carla-ros-bridge/install/waypoints_types/share/waypoints_types/local_setup.bash
-- Up-to-date: /home/cec20/Yangjiaxin/my-carla-ros-bridge/install/waypoints_types/share/waypoints_types/local_setup.sh
-- Up-to-date: /home/cec20/Yangjiaxin/my-carla-ros-bridge/install/waypoints_types/share/waypoints_types/local_setup.zsh
-- Up-to-date: /home/cec20/Yangjiaxin/my-carla-ros-bridge/install/waypoints_types/share/waypoints_types/local_setup.dsv
-- Installing: /home/cec20/Yangjiaxin/my-carla-ros-bridge/install/waypoints_types/share/waypoints_types/package.dsv
-- Up-to-date: /home/cec20/Yangjiaxin/my-carla-ros-bridge/install/waypoints_types/share/ament_index/resource_index/packages/waypoints_types
-- Up-to-date: /home/cec20/Yangjiaxin/my-carla-ros-bridge/install/waypoints_types/share/waypoints_types/cmake/waypoints_types__rosidl_generator_cExport.cmake
-- Up-to-date: /home/cec20/Yangjiaxin/my-carla-ros-bridge/install/waypoints_types/share/waypoints_types/cmake/waypoints_types__rosidl_generator_cExport-noconfig.cmake
-- Up-to-date: /home/cec20/Yangjiaxin/my-carla-ros-bridge/install/waypoints_types/share/waypoints_types/cmake/waypoints_types__rosidl_typesupport_introspection_cExport.cmake
-- Up-to-date: /home/cec20/Yangjiaxin/my-carla-ros-bridge/install/waypoints_types/share/waypoints_types/cmake/waypoints_types__rosidl_typesupport_introspection_cExport-noconfig.cmake
-- Up-to-date: /home/cec20/Yangjiaxin/my-carla-ros-bridge/install/waypoints_types/share/waypoints_types/cmake/waypoints_types__rosidl_typesupport_cExport.cmake
-- Up-to-date: /home/cec20/Yangjiaxin/my-carla-ros-bridge/install/waypoints_types/share/waypoints_types/cmake/waypoints_types__rosidl_typesupport_cExport-noconfig.cmake
-- Up-to-date: /home/cec20/Yangjiaxin/my-carla-ros-bridge/install/waypoints_types/share/waypoints_types/cmake/waypoints_types__rosidl_generator_cppExport.cmake
-- Up-to-date: /home/cec20/Yangjiaxin/my-carla-ros-bridge/install/waypoints_types/share/waypoints_types/cmake/waypoints_types__rosidl_typesupport_introspection_cppExport.cmake
-- Up-to-date: /home/cec20/Yangjiaxin/my-carla-ros-bridge/install/waypoints_types/share/waypoints_types/cmake/waypoints_types__rosidl_typesupport_introspection_cppExport-noconfig.cmake
-- Up-to-date: /home/cec20/Yangjiaxin/my-carla-ros-bridge/install/waypoints_types/share/waypoints_types/cmake/waypoints_types__rosidl_typesupport_cppExport.cmake
-- Up-to-date: /home/cec20/Yangjiaxin/my-carla-ros-bridge/install/waypoints_types/share/waypoints_types/cmake/waypoints_types__rosidl_typesupport_cppExport-noconfig.cmake
-- Up-to-date: /home/cec20/Yangjiaxin/my-carla-ros-bridge/install/waypoints_types/share/waypoints_types/cmake/rosidl_cmake-extras.cmake
-- Up-to-date: /home/cec20/Yangjiaxin/my-carla-ros-bridge/install/waypoints_types/share/waypoints_types/cmake/ament_cmake_export_dependencies-extras.cmake
-- Up-to-date: /home/cec20/Yangjiaxin/my-carla-ros-bridge/install/waypoints_types/share/waypoints_types/cmake/ament_cmake_export_libraries-extras.cmake
-- Up-to-date: /home/cec20/Yangjiaxin/my-carla-ros-bridge/install/waypoints_types/share/waypoints_types/cmake/ament_cmake_export_targets-extras.cmake
-- Up-to-date: /home/cec20/Yangjiaxin/my-carla-ros-bridge/install/waypoints_types/share/waypoints_types/cmake/ament_cmake_export_include_directories-extras.cmake
-- Up-to-date: /home/cec20/Yangjiaxin/my-carla-ros-bridge/install/waypoints_types/share/waypoints_types/cmake/rosidl_cmake_export_typesupport_libraries-extras.cmake
-- Up-to-date: /home/cec20/Yangjiaxin/my-carla-ros-bridge/install/waypoints_types/share/waypoints_types/cmake/rosidl_cmake_export_typesupport_targets-extras.cmake
-- Up-to-date: /home/cec20/Yangjiaxin/my-carla-ros-bridge/install/waypoints_types/share/waypoints_types/cmake/waypoints_typesConfig.cmake
-- Up-to-date: /home/cec20/Yangjiaxin/my-carla-ros-bridge/install/waypoints_types/share/waypoints_types/cmake/waypoints_typesConfig-version.cmake
-- Up-to-date: /home/cec20/Yangjiaxin/my-carla-ros-bridge/install/waypoints_types/share/waypoints_types/package.xml
