running egg_info
creating ../../build/imagenode/imagenode.egg-info
writing ../../build/imagenode/imagenode.egg-info/PKG-INFO
writing dependency_links to ../../build/imagenode/imagenode.egg-info/dependency_links.txt
writing entry points to ../../build/imagenode/imagenode.egg-info/entry_points.txt
writing requirements to ../../build/imagenode/imagenode.egg-info/requires.txt
writing top-level names to ../../build/imagenode/imagenode.egg-info/top_level.txt
writing manifest file '../../build/imagenode/imagenode.egg-info/SOURCES.txt'
reading manifest file '../../build/imagenode/imagenode.egg-info/SOURCES.txt'
writing manifest file '../../build/imagenode/imagenode.egg-info/SOURCES.txt'
running build
running build_py
creating /home/cec20/Yangjiaxin/my-carla-ros-bridge/build/imagenode/build
creating /home/cec20/Yangjiaxin/my-carla-ros-bridge/build/imagenode/build/lib
creating /home/cec20/Yangjiaxin/my-carla-ros-bridge/build/imagenode/build/lib/imagenode
copying imagenode/rearview.py -> /home/cec20/Yangjiaxin/my-carla-ros-bridge/build/imagenode/build/lib/imagenode
copying imagenode/__init__.py -> /home/cec20/Yangjiaxin/my-carla-ros-bridge/build/imagenode/build/lib/imagenode
running install
running install_lib
creating /home/cec20/Yangjiaxin/my-carla-ros-bridge/install/imagenode/lib/python3.8/site-packages/imagenode
copying /home/cec20/Yangjiaxin/my-carla-ros-bridge/build/imagenode/build/lib/imagenode/rearview.py -> /home/cec20/Yangjiaxin/my-carla-ros-bridge/install/imagenode/lib/python3.8/site-packages/imagenode
copying /home/cec20/Yangjiaxin/my-carla-ros-bridge/build/imagenode/build/lib/imagenode/__init__.py -> /home/cec20/Yangjiaxin/my-carla-ros-bridge/install/imagenode/lib/python3.8/site-packages/imagenode
byte-compiling /home/cec20/Yangjiaxin/my-carla-ros-bridge/install/imagenode/lib/python3.8/site-packages/imagenode/rearview.py to rearview.cpython-38.pyc
byte-compiling /home/cec20/Yangjiaxin/my-carla-ros-bridge/install/imagenode/lib/python3.8/site-packages/imagenode/__init__.py to __init__.cpython-38.pyc
running install_data
creating /home/cec20/Yangjiaxin/my-carla-ros-bridge/install/imagenode/share/ament_index
creating /home/cec20/Yangjiaxin/my-carla-ros-bridge/install/imagenode/share/ament_index/resource_index
creating /home/cec20/Yangjiaxin/my-carla-ros-bridge/install/imagenode/share/ament_index/resource_index/packages
copying resource/imagenode -> /home/cec20/Yangjiaxin/my-carla-ros-bridge/install/imagenode/share/ament_index/resource_index/packages
copying package.xml -> /home/cec20/Yangjiaxin/my-carla-ros-bridge/install/imagenode/share/imagenode
copying launch/imagenode.launch.py -> /home/cec20/Yangjiaxin/my-carla-ros-bridge/install/imagenode/share/imagenode
running install_egg_info
Copying ../../build/imagenode/imagenode.egg-info to /home/cec20/Yangjiaxin/my-carla-ros-bridge/install/imagenode/lib/python3.8/site-packages/imagenode-0.0.0-py3.8.egg-info
running install_scripts
Installing cameranode1 script to /home/cec20/Yangjiaxin/my-carla-ros-bridge/install/imagenode/lib/imagenode
writing list of installed files to '/home/cec20/Yangjiaxin/my-carla-ros-bridge/build/imagenode/install.log'
