running egg_info
creating ../../build/traject_plan_control/traject_plan_control.egg-info
writing ../../build/traject_plan_control/traject_plan_control.egg-info/PKG-INFO
writing dependency_links to ../../build/traject_plan_control/traject_plan_control.egg-info/dependency_links.txt
writing entry points to ../../build/traject_plan_control/traject_plan_control.egg-info/entry_points.txt
writing requirements to ../../build/traject_plan_control/traject_plan_control.egg-info/requires.txt
writing top-level names to ../../build/traject_plan_control/traject_plan_control.egg-info/top_level.txt
writing manifest file '../../build/traject_plan_control/traject_plan_control.egg-info/SOURCES.txt'
reading manifest file '../../build/traject_plan_control/traject_plan_control.egg-info/SOURCES.txt'
writing manifest file '../../build/traject_plan_control/traject_plan_control.egg-info/SOURCES.txt'
running build
running build_py
creating /home/cec20/Yangjiaxin/my-carla-ros-bridge/build/traject_plan_control/build
creating /home/cec20/Yangjiaxin/my-carla-ros-bridge/build/traject_plan_control/build/lib
creating /home/cec20/Yangjiaxin/my-carla-ros-bridge/build/traject_plan_control/build/lib/traject_plan_control
copying traject_plan_control/__init__.py -> /home/cec20/Yangjiaxin/my-carla-ros-bridge/build/traject_plan_control/build/lib/traject_plan_control
copying traject_plan_control/waypoints_client.py -> /home/cec20/Yangjiaxin/my-carla-ros-bridge/build/traject_plan_control/build/lib/traject_plan_control
running install
running install_lib
creating /home/cec20/Yangjiaxin/my-carla-ros-bridge/install/traject_plan_control/lib/python3.8/site-packages/traject_plan_control
copying /home/cec20/Yangjiaxin/my-carla-ros-bridge/build/traject_plan_control/build/lib/traject_plan_control/__init__.py -> /home/cec20/Yangjiaxin/my-carla-ros-bridge/install/traject_plan_control/lib/python3.8/site-packages/traject_plan_control
copying /home/cec20/Yangjiaxin/my-carla-ros-bridge/build/traject_plan_control/build/lib/traject_plan_control/waypoints_client.py -> /home/cec20/Yangjiaxin/my-carla-ros-bridge/install/traject_plan_control/lib/python3.8/site-packages/traject_plan_control
byte-compiling /home/cec20/Yangjiaxin/my-carla-ros-bridge/install/traject_plan_control/lib/python3.8/site-packages/traject_plan_control/__init__.py to __init__.cpython-38.pyc
byte-compiling /home/cec20/Yangjiaxin/my-carla-ros-bridge/install/traject_plan_control/lib/python3.8/site-packages/traject_plan_control/waypoints_client.py to waypoints_client.cpython-38.pyc
running install_data
creating /home/cec20/Yangjiaxin/my-carla-ros-bridge/install/traject_plan_control/share/ament_index
creating /home/cec20/Yangjiaxin/my-carla-ros-bridge/install/traject_plan_control/share/ament_index/resource_index
creating /home/cec20/Yangjiaxin/my-carla-ros-bridge/install/traject_plan_control/share/ament_index/resource_index/packages
copying resource/traject_plan_control -> /home/cec20/Yangjiaxin/my-carla-ros-bridge/install/traject_plan_control/share/ament_index/resource_index/packages
copying package.xml -> /home/cec20/Yangjiaxin/my-carla-ros-bridge/install/traject_plan_control/share/traject_plan_control
running install_egg_info
Copying ../../build/traject_plan_control/traject_plan_control.egg-info to /home/cec20/Yangjiaxin/my-carla-ros-bridge/install/traject_plan_control/lib/python3.8/site-packages/traject_plan_control-0.0.0-py3.8.egg-info
running install_scripts
Installing traject_plan_control script to /home/cec20/Yangjiaxin/my-carla-ros-bridge/install/traject_plan_control/lib/traject_plan_control
writing list of installed files to '/home/cec20/Yangjiaxin/my-carla-ros-bridge/build/traject_plan_control/install.log'
