/home/zhang/carla-ros-bridge/src/ros-bridge/set_transform/install/set_transform/lib/python3.8/site-packages/set_transform/test1.py
/home/zhang/carla-ros-bridge/src/ros-bridge/set_transform/install/set_transform/lib/python3.8/site-packages/set_transform/auto_set.py
/home/zhang/carla-ros-bridge/src/ros-bridge/set_transform/install/set_transform/lib/python3.8/site-packages/set_transform/manual_set.py
/home/zhang/carla-ros-bridge/src/ros-bridge/set_transform/install/set_transform/lib/python3.8/site-packages/set_transform/__init__.py
/home/zhang/carla-ros-bridge/src/ros-bridge/set_transform/install/set_transform/lib/python3.8/site-packages/set_transform/__pycache__/test1.cpython-38.pyc
/home/zhang/carla-ros-bridge/src/ros-bridge/set_transform/install/set_transform/lib/python3.8/site-packages/set_transform/__pycache__/auto_set.cpython-38.pyc
/home/zhang/carla-ros-bridge/src/ros-bridge/set_transform/install/set_transform/lib/python3.8/site-packages/set_transform/__pycache__/manual_set.cpython-38.pyc
/home/zhang/carla-ros-bridge/src/ros-bridge/set_transform/install/set_transform/lib/python3.8/site-packages/set_transform/__pycache__/__init__.cpython-38.pyc
/home/zhang/carla-ros-bridge/src/ros-bridge/set_transform/install/set_transform/share/ament_index/resource_index/packages/set_transform
/home/zhang/carla-ros-bridge/src/ros-bridge/set_transform/install/set_transform/share/set_transform/package.xml
/home/zhang/carla-ros-bridge/src/ros-bridge/set_transform/install/set_transform/lib/python3.8/site-packages/set_transform-0.0.0-py3.8.egg-info/zip-safe
/home/zhang/carla-ros-bridge/src/ros-bridge/set_transform/install/set_transform/lib/python3.8/site-packages/set_transform-0.0.0-py3.8.egg-info/entry_points.txt
/home/zhang/carla-ros-bridge/src/ros-bridge/set_transform/install/set_transform/lib/python3.8/site-packages/set_transform-0.0.0-py3.8.egg-info/top_level.txt
/home/zhang/carla-ros-bridge/src/ros-bridge/set_transform/install/set_transform/lib/python3.8/site-packages/set_transform-0.0.0-py3.8.egg-info/dependency_links.txt
/home/zhang/carla-ros-bridge/src/ros-bridge/set_transform/install/set_transform/lib/python3.8/site-packages/set_transform-0.0.0-py3.8.egg-info/requires.txt
/home/zhang/carla-ros-bridge/src/ros-bridge/set_transform/install/set_transform/lib/python3.8/site-packages/set_transform-0.0.0-py3.8.egg-info/SOURCES.txt
/home/zhang/carla-ros-bridge/src/ros-bridge/set_transform/install/set_transform/lib/python3.8/site-packages/set_transform-0.0.0-py3.8.egg-info/PKG-INFO
/home/zhang/carla-ros-bridge/src/ros-bridge/set_transform/install/set_transform/lib/set_transform/test
/home/zhang/carla-ros-bridge/src/ros-bridge/set_transform/install/set_transform/lib/set_transform/transform_autoset
/home/zhang/carla-ros-bridge/src/ros-bridge/set_transform/install/set_transform/lib/set_transform/transform_manualset
