[0.249s] DEBUG:colcon:Command line arguments: ['/usr/bin/colcon', 'list', '-p', '--base-paths', '/home/cec20/Yangjiaxin/my-carla-ros-bridge']
[0.249s] DEBUG:colcon:Parsed command line arguments: Namespace(allow_overriding=[], base_paths=['/home/cec20/Yangjiaxin/my-carla-ros-bridge'], build_base='build', ignore_user_meta=False, log_base=None, log_level=None, main=<bound method ListVerb.main of <colcon_package_information.verb.list.ListVerb object at 0x7fefa6dbe3d0>>, metas=['./colcon.meta'], names_only=False, packages_above=None, packages_above_and_dependencies=None, packages_above_depth=None, packages_end=None, packages_ignore=None, packages_ignore_regex=None, packages_select=None, packages_select_build_failed=False, packages_select_by_dep=None, packages_select_regex=None, packages_select_test_failures=False, packages_skip=None, packages_skip_build_finished=False, packages_skip_by_dep=None, packages_skip_regex=None, packages_skip_test_passed=False, packages_skip_up_to=None, packages_start=None, packages_up_to=None, packages_up_to_regex=None, paths=None, paths_only=True, topological_graph=False, topological_graph_density=False, topological_graph_dot=False, topological_graph_dot_cluster=False, topological_graph_dot_include_skipped=False, topological_graph_legend=False, topological_order=False, verb_extension=<colcon_package_information.verb.list.ListVerb object at 0x7fefa6dbe3d0>, verb_name='list', verb_parser=<colcon_defaults.argument_parser.defaults.DefaultArgumentsDecorator object at 0x7fefa6cc6d30>)
[0.272s] Level 1:colcon.colcon_core.package_discovery:discover_packages(colcon_meta) check parameters
[0.272s] Level 1:colcon.colcon_core.package_discovery:discover_packages(recursive) check parameters
[0.272s] Level 1:colcon.colcon_core.package_discovery:discover_packages(ignore) check parameters
[0.272s] Level 1:colcon.colcon_core.package_discovery:discover_packages(path) check parameters
[0.272s] Level 1:colcon.colcon_core.package_discovery:discover_packages(recursive) discover
[0.272s] INFO:colcon.colcon_core.package_discovery:Crawling recursively for packages in '/home/cec20/Yangjiaxin/my-carla-ros-bridge'
[0.272s] Level 1:colcon.colcon_core.package_identification:_identify(/home/cec20/Yangjiaxin/my-carla-ros-bridge) by extensions ['ignore', 'ignore_ament_install']
[0.272s] Level 1:colcon.colcon_core.package_identification:_identify(/home/cec20/Yangjiaxin/my-carla-ros-bridge) by extension 'ignore'
[0.272s] Level 1:colcon.colcon_core.package_identification:_identify(/home/cec20/Yangjiaxin/my-carla-ros-bridge) by extension 'ignore_ament_install'
[0.272s] Level 1:colcon.colcon_core.package_identification:_identify(/home/cec20/Yangjiaxin/my-carla-ros-bridge) by extensions ['colcon_pkg']
[0.272s] Level 1:colcon.colcon_core.package_identification:_identify(/home/cec20/Yangjiaxin/my-carla-ros-bridge) by extension 'colcon_pkg'
[0.272s] Level 1:colcon.colcon_core.package_identification:_identify(/home/cec20/Yangjiaxin/my-carla-ros-bridge) by extensions ['colcon_meta']
[0.272s] Level 1:colcon.colcon_core.package_identification:_identify(/home/cec20/Yangjiaxin/my-carla-ros-bridge) by extension 'colcon_meta'
[0.272s] Level 1:colcon.colcon_core.package_identification:_identify(/home/cec20/Yangjiaxin/my-carla-ros-bridge) by extensions ['ros']
[0.272s] Level 1:colcon.colcon_core.package_identification:_identify(/home/cec20/Yangjiaxin/my-carla-ros-bridge) by extension 'ros'
[0.281s] Level 1:colcon.colcon_core.package_identification:_identify(/home/cec20/Yangjiaxin/my-carla-ros-bridge) by extensions ['cmake', 'python']
[0.281s] Level 1:colcon.colcon_core.package_identification:_identify(/home/cec20/Yangjiaxin/my-carla-ros-bridge) by extension 'cmake'
[0.281s] Level 1:colcon.colcon_core.package_identification:_identify(/home/cec20/Yangjiaxin/my-carla-ros-bridge) by extension 'python'
[0.281s] Level 1:colcon.colcon_core.package_identification:_identify(/home/cec20/Yangjiaxin/my-carla-ros-bridge) by extensions ['python_setup_py']
[0.281s] Level 1:colcon.colcon_core.package_identification:_identify(/home/cec20/Yangjiaxin/my-carla-ros-bridge) by extension 'python_setup_py'
[0.281s] Level 1:colcon.colcon_core.package_identification:_identify(/home/cec20/Yangjiaxin/my-carla-ros-bridge/build) by extensions ['ignore', 'ignore_ament_install']
[0.281s] Level 1:colcon.colcon_core.package_identification:_identify(/home/cec20/Yangjiaxin/my-carla-ros-bridge/build) by extension 'ignore'
[0.281s] Level 1:colcon.colcon_core.package_identification:_identify(/home/cec20/Yangjiaxin/my-carla-ros-bridge/build) ignored
[0.281s] Level 1:colcon.colcon_core.package_identification:_identify(/home/cec20/Yangjiaxin/my-carla-ros-bridge/install) by extensions ['ignore', 'ignore_ament_install']
[0.282s] Level 1:colcon.colcon_core.package_identification:_identify(/home/cec20/Yangjiaxin/my-carla-ros-bridge/install) by extension 'ignore'
[0.282s] Level 1:colcon.colcon_core.package_identification:_identify(/home/cec20/Yangjiaxin/my-carla-ros-bridge/install) ignored
[0.282s] Level 1:colcon.colcon_core.package_identification:_identify(/home/cec20/Yangjiaxin/my-carla-ros-bridge/log) by extensions ['ignore', 'ignore_ament_install']
[0.282s] Level 1:colcon.colcon_core.package_identification:_identify(/home/cec20/Yangjiaxin/my-carla-ros-bridge/log) by extension 'ignore'
[0.282s] Level 1:colcon.colcon_core.package_identification:_identify(/home/cec20/Yangjiaxin/my-carla-ros-bridge/log) ignored
[0.282s] Level 1:colcon.colcon_core.package_identification:_identify(/home/cec20/Yangjiaxin/my-carla-ros-bridge/src) by extensions ['ignore', 'ignore_ament_install']
[0.282s] Level 1:colcon.colcon_core.package_identification:_identify(/home/cec20/Yangjiaxin/my-carla-ros-bridge/src) by extension 'ignore'
[0.282s] Level 1:colcon.colcon_core.package_identification:_identify(/home/cec20/Yangjiaxin/my-carla-ros-bridge/src) by extension 'ignore_ament_install'
[0.282s] Level 1:colcon.colcon_core.package_identification:_identify(/home/cec20/Yangjiaxin/my-carla-ros-bridge/src) by extensions ['colcon_pkg']
[0.282s] Level 1:colcon.colcon_core.package_identification:_identify(/home/cec20/Yangjiaxin/my-carla-ros-bridge/src) by extension 'colcon_pkg'
[0.282s] Level 1:colcon.colcon_core.package_identification:_identify(/home/cec20/Yangjiaxin/my-carla-ros-bridge/src) by extensions ['colcon_meta']
[0.282s] Level 1:colcon.colcon_core.package_identification:_identify(/home/cec20/Yangjiaxin/my-carla-ros-bridge/src) by extension 'colcon_meta'
[0.282s] Level 1:colcon.colcon_core.package_identification:_identify(/home/cec20/Yangjiaxin/my-carla-ros-bridge/src) by extensions ['ros']
[0.282s] Level 1:colcon.colcon_core.package_identification:_identify(/home/cec20/Yangjiaxin/my-carla-ros-bridge/src) by extension 'ros'
[0.282s] Level 1:colcon.colcon_core.package_identification:_identify(/home/cec20/Yangjiaxin/my-carla-ros-bridge/src) by extensions ['cmake', 'python']
[0.282s] Level 1:colcon.colcon_core.package_identification:_identify(/home/cec20/Yangjiaxin/my-carla-ros-bridge/src) by extension 'cmake'
[0.282s] Level 1:colcon.colcon_core.package_identification:_identify(/home/cec20/Yangjiaxin/my-carla-ros-bridge/src) by extension 'python'
[0.282s] Level 1:colcon.colcon_core.package_identification:_identify(/home/cec20/Yangjiaxin/my-carla-ros-bridge/src) by extensions ['python_setup_py']
[0.282s] Level 1:colcon.colcon_core.package_identification:_identify(/home/cec20/Yangjiaxin/my-carla-ros-bridge/src) by extension 'python_setup_py'
[0.282s] Level 1:colcon.colcon_core.package_identification:_identify(/home/cec20/Yangjiaxin/my-carla-ros-bridge/src/imagenode) by extensions ['ignore', 'ignore_ament_install']
[0.283s] Level 1:colcon.colcon_core.package_identification:_identify(/home/cec20/Yangjiaxin/my-carla-ros-bridge/src/imagenode) by extension 'ignore'
[0.283s] Level 1:colcon.colcon_core.package_identification:_identify(/home/cec20/Yangjiaxin/my-carla-ros-bridge/src/imagenode) by extension 'ignore_ament_install'
[0.283s] Level 1:colcon.colcon_core.package_identification:_identify(/home/cec20/Yangjiaxin/my-carla-ros-bridge/src/imagenode) by extensions ['colcon_pkg']
[0.283s] Level 1:colcon.colcon_core.package_identification:_identify(/home/cec20/Yangjiaxin/my-carla-ros-bridge/src/imagenode) by extension 'colcon_pkg'
[0.283s] Level 1:colcon.colcon_core.package_identification:_identify(/home/cec20/Yangjiaxin/my-carla-ros-bridge/src/imagenode) by extensions ['colcon_meta']
[0.283s] Level 1:colcon.colcon_core.package_identification:_identify(/home/cec20/Yangjiaxin/my-carla-ros-bridge/src/imagenode) by extension 'colcon_meta'
[0.283s] Level 1:colcon.colcon_core.package_identification:_identify(/home/cec20/Yangjiaxin/my-carla-ros-bridge/src/imagenode) by extensions ['ros']
[0.283s] Level 1:colcon.colcon_core.package_identification:_identify(/home/cec20/Yangjiaxin/my-carla-ros-bridge/src/imagenode) by extension 'ros'
[0.284s] DEBUG:colcon.colcon_core.package_identification:Package '/home/cec20/Yangjiaxin/my-carla-ros-bridge/src/imagenode' with type 'ros.ament_python' and name 'imagenode'
[0.284s] Level 1:colcon.colcon_core.package_identification:_identify(/home/cec20/Yangjiaxin/my-carla-ros-bridge/src/kvaser_msg_interfaces) by extensions ['ignore', 'ignore_ament_install']
[0.285s] Level 1:colcon.colcon_core.package_identification:_identify(/home/cec20/Yangjiaxin/my-carla-ros-bridge/src/kvaser_msg_interfaces) by extension 'ignore'
[0.285s] Level 1:colcon.colcon_core.package_identification:_identify(/home/cec20/Yangjiaxin/my-carla-ros-bridge/src/kvaser_msg_interfaces) by extension 'ignore_ament_install'
[0.285s] Level 1:colcon.colcon_core.package_identification:_identify(/home/cec20/Yangjiaxin/my-carla-ros-bridge/src/kvaser_msg_interfaces) by extensions ['colcon_pkg']
[0.285s] Level 1:colcon.colcon_core.package_identification:_identify(/home/cec20/Yangjiaxin/my-carla-ros-bridge/src/kvaser_msg_interfaces) by extension 'colcon_pkg'
[0.285s] Level 1:colcon.colcon_core.package_identification:_identify(/home/cec20/Yangjiaxin/my-carla-ros-bridge/src/kvaser_msg_interfaces) by extensions ['colcon_meta']
[0.285s] Level 1:colcon.colcon_core.package_identification:_identify(/home/cec20/Yangjiaxin/my-carla-ros-bridge/src/kvaser_msg_interfaces) by extension 'colcon_meta'
[0.285s] Level 1:colcon.colcon_core.package_identification:_identify(/home/cec20/Yangjiaxin/my-carla-ros-bridge/src/kvaser_msg_interfaces) by extensions ['ros']
[0.285s] Level 1:colcon.colcon_core.package_identification:_identify(/home/cec20/Yangjiaxin/my-carla-ros-bridge/src/kvaser_msg_interfaces) by extension 'ros'
[0.292s] DEBUG:colcon.colcon_core.package_identification:Package '/home/cec20/Yangjiaxin/my-carla-ros-bridge/src/kvaser_msg_interfaces' with type 'ros.ament_cmake' and name 'kvaser_msg_interfaces'
[0.292s] Level 1:colcon.colcon_core.package_identification:_identify(/home/cec20/Yangjiaxin/my-carla-ros-bridge/src/kvaser_parser_ros) by extensions ['ignore', 'ignore_ament_install']
[0.292s] Level 1:colcon.colcon_core.package_identification:_identify(/home/cec20/Yangjiaxin/my-carla-ros-bridge/src/kvaser_parser_ros) by extension 'ignore'
[0.292s] Level 1:colcon.colcon_core.package_identification:_identify(/home/cec20/Yangjiaxin/my-carla-ros-bridge/src/kvaser_parser_ros) by extension 'ignore_ament_install'
[0.292s] Level 1:colcon.colcon_core.package_identification:_identify(/home/cec20/Yangjiaxin/my-carla-ros-bridge/src/kvaser_parser_ros) by extensions ['colcon_pkg']
[0.292s] Level 1:colcon.colcon_core.package_identification:_identify(/home/cec20/Yangjiaxin/my-carla-ros-bridge/src/kvaser_parser_ros) by extension 'colcon_pkg'
[0.292s] Level 1:colcon.colcon_core.package_identification:_identify(/home/cec20/Yangjiaxin/my-carla-ros-bridge/src/kvaser_parser_ros) by extensions ['colcon_meta']
[0.292s] Level 1:colcon.colcon_core.package_identification:_identify(/home/cec20/Yangjiaxin/my-carla-ros-bridge/src/kvaser_parser_ros) by extension 'colcon_meta'
[0.292s] Level 1:colcon.colcon_core.package_identification:_identify(/home/cec20/Yangjiaxin/my-carla-ros-bridge/src/kvaser_parser_ros) by extensions ['ros']
[0.292s] Level 1:colcon.colcon_core.package_identification:_identify(/home/cec20/Yangjiaxin/my-carla-ros-bridge/src/kvaser_parser_ros) by extension 'ros'
[0.293s] DEBUG:colcon.colcon_core.package_identification:Package '/home/cec20/Yangjiaxin/my-carla-ros-bridge/src/kvaser_parser_ros' with type 'ros.ament_python' and name 'kvaser_parser_ros'
[0.293s] Level 1:colcon.colcon_core.package_identification:_identify(/home/cec20/Yangjiaxin/my-carla-ros-bridge/src/my_bridge) by extensions ['ignore', 'ignore_ament_install']
[0.293s] Level 1:colcon.colcon_core.package_identification:_identify(/home/cec20/Yangjiaxin/my-carla-ros-bridge/src/my_bridge) by extension 'ignore'
[0.293s] Level 1:colcon.colcon_core.package_identification:_identify(/home/cec20/Yangjiaxin/my-carla-ros-bridge/src/my_bridge) by extension 'ignore_ament_install'
[0.293s] Level 1:colcon.colcon_core.package_identification:_identify(/home/cec20/Yangjiaxin/my-carla-ros-bridge/src/my_bridge) by extensions ['colcon_pkg']
[0.293s] Level 1:colcon.colcon_core.package_identification:_identify(/home/cec20/Yangjiaxin/my-carla-ros-bridge/src/my_bridge) by extension 'colcon_pkg'
[0.293s] Level 1:colcon.colcon_core.package_identification:_identify(/home/cec20/Yangjiaxin/my-carla-ros-bridge/src/my_bridge) by extensions ['colcon_meta']
[0.293s] Level 1:colcon.colcon_core.package_identification:_identify(/home/cec20/Yangjiaxin/my-carla-ros-bridge/src/my_bridge) by extension 'colcon_meta'
[0.293s] Level 1:colcon.colcon_core.package_identification:_identify(/home/cec20/Yangjiaxin/my-carla-ros-bridge/src/my_bridge) by extensions ['ros']
[0.293s] Level 1:colcon.colcon_core.package_identification:_identify(/home/cec20/Yangjiaxin/my-carla-ros-bridge/src/my_bridge) by extension 'ros'
[0.293s] DEBUG:colcon.colcon_core.package_identification:Package '/home/cec20/Yangjiaxin/my-carla-ros-bridge/src/my_bridge' with type 'ros.ament_python' and name 'my_bridge'
[0.294s] Level 1:colcon.colcon_core.package_identification:_identify(/home/cec20/Yangjiaxin/my-carla-ros-bridge/src/test_set_transform_bend) by extensions ['ignore', 'ignore_ament_install']
[0.294s] Level 1:colcon.colcon_core.package_identification:_identify(/home/cec20/Yangjiaxin/my-carla-ros-bridge/src/test_set_transform_bend) by extension 'ignore'
[0.294s] Level 1:colcon.colcon_core.package_identification:_identify(/home/cec20/Yangjiaxin/my-carla-ros-bridge/src/test_set_transform_bend) by extension 'ignore_ament_install'
[0.294s] Level 1:colcon.colcon_core.package_identification:_identify(/home/cec20/Yangjiaxin/my-carla-ros-bridge/src/test_set_transform_bend) by extensions ['colcon_pkg']
[0.294s] Level 1:colcon.colcon_core.package_identification:_identify(/home/cec20/Yangjiaxin/my-carla-ros-bridge/src/test_set_transform_bend) by extension 'colcon_pkg'
[0.294s] Level 1:colcon.colcon_core.package_identification:_identify(/home/cec20/Yangjiaxin/my-carla-ros-bridge/src/test_set_transform_bend) by extensions ['colcon_meta']
[0.294s] Level 1:colcon.colcon_core.package_identification:_identify(/home/cec20/Yangjiaxin/my-carla-ros-bridge/src/test_set_transform_bend) by extension 'colcon_meta'
[0.294s] Level 1:colcon.colcon_core.package_identification:_identify(/home/cec20/Yangjiaxin/my-carla-ros-bridge/src/test_set_transform_bend) by extensions ['ros']
[0.294s] Level 1:colcon.colcon_core.package_identification:_identify(/home/cec20/Yangjiaxin/my-carla-ros-bridge/src/test_set_transform_bend) by extension 'ros'
[0.294s] DEBUG:colcon.colcon_core.package_identification:Package '/home/cec20/Yangjiaxin/my-carla-ros-bridge/src/test_set_transform_bend' with type 'ros.ament_python' and name 'test_set_transform_bend'
[0.294s] Level 1:colcon.colcon_core.package_identification:_identify(/home/cec20/Yangjiaxin/my-carla-ros-bridge/src/traject_plan_control) by extensions ['ignore', 'ignore_ament_install']
[0.294s] Level 1:colcon.colcon_core.package_identification:_identify(/home/cec20/Yangjiaxin/my-carla-ros-bridge/src/traject_plan_control) by extension 'ignore'
[0.294s] Level 1:colcon.colcon_core.package_identification:_identify(/home/cec20/Yangjiaxin/my-carla-ros-bridge/src/traject_plan_control) by extension 'ignore_ament_install'
[0.294s] Level 1:colcon.colcon_core.package_identification:_identify(/home/cec20/Yangjiaxin/my-carla-ros-bridge/src/traject_plan_control) by extensions ['colcon_pkg']
[0.294s] Level 1:colcon.colcon_core.package_identification:_identify(/home/cec20/Yangjiaxin/my-carla-ros-bridge/src/traject_plan_control) by extension 'colcon_pkg'
[0.294s] Level 1:colcon.colcon_core.package_identification:_identify(/home/cec20/Yangjiaxin/my-carla-ros-bridge/src/traject_plan_control) by extensions ['colcon_meta']
[0.294s] Level 1:colcon.colcon_core.package_identification:_identify(/home/cec20/Yangjiaxin/my-carla-ros-bridge/src/traject_plan_control) by extension 'colcon_meta'
[0.295s] Level 1:colcon.colcon_core.package_identification:_identify(/home/cec20/Yangjiaxin/my-carla-ros-bridge/src/traject_plan_control) by extensions ['ros']
[0.295s] Level 1:colcon.colcon_core.package_identification:_identify(/home/cec20/Yangjiaxin/my-carla-ros-bridge/src/traject_plan_control) by extension 'ros'
[0.295s] DEBUG:colcon.colcon_core.package_identification:Package '/home/cec20/Yangjiaxin/my-carla-ros-bridge/src/traject_plan_control' with type 'ros.ament_python' and name 'traject_plan_control'
[0.295s] Level 1:colcon.colcon_core.package_identification:_identify(/home/cec20/Yangjiaxin/my-carla-ros-bridge/src/waypoints_types) by extensions ['ignore', 'ignore_ament_install']
[0.295s] Level 1:colcon.colcon_core.package_identification:_identify(/home/cec20/Yangjiaxin/my-carla-ros-bridge/src/waypoints_types) by extension 'ignore'
[0.295s] Level 1:colcon.colcon_core.package_identification:_identify(/home/cec20/Yangjiaxin/my-carla-ros-bridge/src/waypoints_types) by extension 'ignore_ament_install'
[0.295s] Level 1:colcon.colcon_core.package_identification:_identify(/home/cec20/Yangjiaxin/my-carla-ros-bridge/src/waypoints_types) by extensions ['colcon_pkg']
[0.295s] Level 1:colcon.colcon_core.package_identification:_identify(/home/cec20/Yangjiaxin/my-carla-ros-bridge/src/waypoints_types) by extension 'colcon_pkg'
[0.295s] Level 1:colcon.colcon_core.package_identification:_identify(/home/cec20/Yangjiaxin/my-carla-ros-bridge/src/waypoints_types) by extensions ['colcon_meta']
[0.295s] Level 1:colcon.colcon_core.package_identification:_identify(/home/cec20/Yangjiaxin/my-carla-ros-bridge/src/waypoints_types) by extension 'colcon_meta'
[0.295s] Level 1:colcon.colcon_core.package_identification:_identify(/home/cec20/Yangjiaxin/my-carla-ros-bridge/src/waypoints_types) by extensions ['ros']
[0.295s] Level 1:colcon.colcon_core.package_identification:_identify(/home/cec20/Yangjiaxin/my-carla-ros-bridge/src/waypoints_types) by extension 'ros'
[0.296s] DEBUG:colcon.colcon_core.package_identification:Package '/home/cec20/Yangjiaxin/my-carla-ros-bridge/src/waypoints_types' with type 'ros.ament_cmake' and name 'waypoints_types'
[0.296s] Level 1:colcon.colcon_core.package_discovery:discover_packages(recursive) using defaults
