[0.268s] DEBUG:colcon:Command line arguments: ['/usr/bin/colcon', 'build']
[0.268s] DEBUG:colcon:Parsed command line arguments: Namespace(allow_overriding=[], ament_cmake_args=None, base_paths=['.'], build_base='build', catkin_cmake_args=None, catkin_skip_building_tests=False, cmake_args=None, cmake_clean_cache=False, cmake_clean_first=False, cmake_force_configure=False, cmake_target=None, cmake_target_skip_unavailable=False, continue_on_error=False, event_handlers=None, executor='parallel', ignore_user_meta=False, install_base='install', log_base=None, log_level=None, main=<bound method BuildVerb.main of <colcon_core.verb.build.BuildVerb object at 0x7fc6d5839eb0>>, merge_install=False, metas=['./colcon.meta'], packages_above=None, packages_above_and_dependencies=None, packages_above_depth=None, packages_end=None, packages_ignore=None, packages_ignore_regex=None, packages_select=None, packages_select_build_failed=False, packages_select_by_dep=None, packages_select_regex=None, packages_select_test_failures=False, packages_skip=None, packages_skip_build_finished=False, packages_skip_by_dep=None, packages_skip_regex=None, packages_skip_test_passed=False, packages_skip_up_to=None, packages_start=None, packages_up_to=None, packages_up_to_regex=None, parallel_workers=20, paths=None, symlink_install=False, test_result_base=None, verb_extension=<colcon_core.verb.build.BuildVerb object at 0x7fc6d5839eb0>, verb_name='build', verb_parser=<colcon_defaults.argument_parser.defaults.DefaultArgumentsDecorator object at 0x7fc6d57b9460>)
[0.290s] Level 1:colcon.colcon_core.package_discovery:discover_packages(colcon_meta) check parameters
[0.290s] Level 1:colcon.colcon_core.package_discovery:discover_packages(recursive) check parameters
[0.290s] Level 1:colcon.colcon_core.package_discovery:discover_packages(ignore) check parameters
[0.290s] Level 1:colcon.colcon_core.package_discovery:discover_packages(path) check parameters
[0.290s] Level 1:colcon.colcon_core.package_discovery:discover_packages(colcon_meta) discover
[0.290s] Level 1:colcon.colcon_core.package_discovery:discover_packages(recursive) discover
[0.290s] INFO:colcon.colcon_core.package_discovery:Crawling recursively for packages in '/home/cec20/Yangjiaxin/my-carla-ros-bridge'
[0.290s] Level 1:colcon.colcon_core.package_identification:_identify(.) by extensions ['ignore', 'ignore_ament_install']
[0.291s] Level 1:colcon.colcon_core.package_identification:_identify(.) by extension 'ignore'
[0.291s] Level 1:colcon.colcon_core.package_identification:_identify(.) by extension 'ignore_ament_install'
[0.291s] Level 1:colcon.colcon_core.package_identification:_identify(.) by extensions ['colcon_pkg']
[0.291s] Level 1:colcon.colcon_core.package_identification:_identify(.) by extension 'colcon_pkg'
[0.291s] Level 1:colcon.colcon_core.package_identification:_identify(.) by extensions ['colcon_meta']
[0.291s] Level 1:colcon.colcon_core.package_identification:_identify(.) by extension 'colcon_meta'
[0.291s] Level 1:colcon.colcon_core.package_identification:_identify(.) by extensions ['ros']
[0.291s] Level 1:colcon.colcon_core.package_identification:_identify(.) by extension 'ros'
[0.306s] Level 1:colcon.colcon_core.package_identification:_identify(.) by extensions ['cmake', 'python']
[0.306s] Level 1:colcon.colcon_core.package_identification:_identify(.) by extension 'cmake'
[0.306s] Level 1:colcon.colcon_core.package_identification:_identify(.) by extension 'python'
[0.306s] Level 1:colcon.colcon_core.package_identification:_identify(.) by extensions ['python_setup_py']
[0.306s] Level 1:colcon.colcon_core.package_identification:_identify(.) by extension 'python_setup_py'
[0.306s] Level 1:colcon.colcon_core.package_identification:_identify(build) by extensions ['ignore', 'ignore_ament_install']
[0.306s] Level 1:colcon.colcon_core.package_identification:_identify(build) by extension 'ignore'
[0.306s] Level 1:colcon.colcon_core.package_identification:_identify(build) ignored
[0.307s] Level 1:colcon.colcon_core.package_identification:_identify(install) by extensions ['ignore', 'ignore_ament_install']
[0.307s] Level 1:colcon.colcon_core.package_identification:_identify(install) by extension 'ignore'
[0.307s] Level 1:colcon.colcon_core.package_identification:_identify(install) ignored
[0.307s] Level 1:colcon.colcon_core.package_identification:_identify(log) by extensions ['ignore', 'ignore_ament_install']
[0.307s] Level 1:colcon.colcon_core.package_identification:_identify(log) by extension 'ignore'
[0.307s] Level 1:colcon.colcon_core.package_identification:_identify(log) ignored
[0.307s] Level 1:colcon.colcon_core.package_identification:_identify(src) by extensions ['ignore', 'ignore_ament_install']
[0.307s] Level 1:colcon.colcon_core.package_identification:_identify(src) by extension 'ignore'
[0.307s] Level 1:colcon.colcon_core.package_identification:_identify(src) by extension 'ignore_ament_install'
[0.307s] Level 1:colcon.colcon_core.package_identification:_identify(src) by extensions ['colcon_pkg']
[0.307s] Level 1:colcon.colcon_core.package_identification:_identify(src) by extension 'colcon_pkg'
[0.307s] Level 1:colcon.colcon_core.package_identification:_identify(src) by extensions ['colcon_meta']
[0.307s] Level 1:colcon.colcon_core.package_identification:_identify(src) by extension 'colcon_meta'
[0.307s] Level 1:colcon.colcon_core.package_identification:_identify(src) by extensions ['ros']
[0.307s] Level 1:colcon.colcon_core.package_identification:_identify(src) by extension 'ros'
[0.307s] Level 1:colcon.colcon_core.package_identification:_identify(src) by extensions ['cmake', 'python']
[0.307s] Level 1:colcon.colcon_core.package_identification:_identify(src) by extension 'cmake'
[0.307s] Level 1:colcon.colcon_core.package_identification:_identify(src) by extension 'python'
[0.307s] Level 1:colcon.colcon_core.package_identification:_identify(src) by extensions ['python_setup_py']
[0.307s] Level 1:colcon.colcon_core.package_identification:_identify(src) by extension 'python_setup_py'
[0.307s] Level 1:colcon.colcon_core.package_identification:_identify(src/my_bridge) by extensions ['ignore', 'ignore_ament_install']
[0.307s] Level 1:colcon.colcon_core.package_identification:_identify(src/my_bridge) by extension 'ignore'
[0.308s] Level 1:colcon.colcon_core.package_identification:_identify(src/my_bridge) by extension 'ignore_ament_install'
[0.308s] Level 1:colcon.colcon_core.package_identification:_identify(src/my_bridge) by extensions ['colcon_pkg']
[0.308s] Level 1:colcon.colcon_core.package_identification:_identify(src/my_bridge) by extension 'colcon_pkg'
[0.308s] Level 1:colcon.colcon_core.package_identification:_identify(src/my_bridge) by extensions ['colcon_meta']
[0.308s] Level 1:colcon.colcon_core.package_identification:_identify(src/my_bridge) by extension 'colcon_meta'
[0.308s] Level 1:colcon.colcon_core.package_identification:_identify(src/my_bridge) by extensions ['ros']
[0.308s] Level 1:colcon.colcon_core.package_identification:_identify(src/my_bridge) by extension 'ros'
[0.310s] DEBUG:colcon.colcon_core.package_identification:Package 'src/my_bridge' with type 'ros.ament_python' and name 'my_bridge'
[0.310s] Level 1:colcon.colcon_core.package_discovery:discover_packages(recursive) using defaults
[0.310s] Level 1:colcon.colcon_core.package_discovery:discover_packages(ignore) discover
[0.310s] Level 1:colcon.colcon_core.package_discovery:discover_packages(ignore) using defaults
[0.310s] Level 1:colcon.colcon_core.package_discovery:discover_packages(path) discover
[0.310s] Level 1:colcon.colcon_core.package_discovery:discover_packages(path) using defaults
[0.327s] Level 1:colcon.colcon_core.package_discovery:discover_packages(prefix_path) check parameters
[0.327s] Level 1:colcon.colcon_core.package_discovery:discover_packages(prefix_path) discover
[0.329s] DEBUG:colcon.colcon_installed_package_information.package_discovery:Found 1 installed packages in /home/cec20/Yangjiaxin/my-carla-ros-bridge/install
[0.330s] DEBUG:colcon.colcon_installed_package_information.package_discovery:Found 1 installed packages in /home/cec20/ros2-force-feedback/install
[0.331s] DEBUG:colcon.colcon_installed_package_information.package_discovery:Found 21 installed packages in /home/cec20/carla-ros-bridge/install
[0.333s] DEBUG:colcon.colcon_installed_package_information.package_discovery:Found 297 installed packages in /opt/ros/foxy
[0.334s] Level 1:colcon.colcon_core.package_discovery:discover_packages(prefix_path) using defaults
[0.391s] Level 5:colcon.colcon_core.verb:set package 'my_bridge' build argument 'cmake_args' from command line to 'None'
[0.391s] Level 5:colcon.colcon_core.verb:set package 'my_bridge' build argument 'cmake_target' from command line to 'None'
[0.391s] Level 5:colcon.colcon_core.verb:set package 'my_bridge' build argument 'cmake_target_skip_unavailable' from command line to 'False'
[0.391s] Level 5:colcon.colcon_core.verb:set package 'my_bridge' build argument 'cmake_clean_cache' from command line to 'False'
[0.391s] Level 5:colcon.colcon_core.verb:set package 'my_bridge' build argument 'cmake_clean_first' from command line to 'False'
[0.391s] Level 5:colcon.colcon_core.verb:set package 'my_bridge' build argument 'cmake_force_configure' from command line to 'False'
[0.391s] Level 5:colcon.colcon_core.verb:set package 'my_bridge' build argument 'ament_cmake_args' from command line to 'None'
[0.391s] Level 5:colcon.colcon_core.verb:set package 'my_bridge' build argument 'catkin_cmake_args' from command line to 'None'
[0.391s] Level 5:colcon.colcon_core.verb:set package 'my_bridge' build argument 'catkin_skip_building_tests' from command line to 'False'
[0.391s] DEBUG:colcon.colcon_core.verb:Building package 'my_bridge' with the following arguments: {'ament_cmake_args': None, 'build_base': '/home/cec20/Yangjiaxin/my-carla-ros-bridge/build/my_bridge', 'catkin_cmake_args': None, 'catkin_skip_building_tests': False, 'cmake_args': None, 'cmake_clean_cache': False, 'cmake_clean_first': False, 'cmake_force_configure': False, 'cmake_target': None, 'cmake_target_skip_unavailable': False, 'install_base': '/home/cec20/Yangjiaxin/my-carla-ros-bridge/install/my_bridge', 'merge_install': False, 'path': '/home/cec20/Yangjiaxin/my-carla-ros-bridge/src/my_bridge', 'symlink_install': False, 'test_result_base': None}
[0.392s] INFO:colcon.colcon_core.executor:Executing jobs using 'parallel' executor
[0.394s] DEBUG:colcon.colcon_parallel_executor.executor.parallel:run_until_complete
[0.395s] INFO:colcon.colcon_ros.task.ament_python.build:Building ROS package in '/home/cec20/Yangjiaxin/my-carla-ros-bridge/src/my_bridge' with build type 'ament_python'
[0.395s] Level 1:colcon.colcon_core.shell:create_environment_hook('my_bridge', 'ament_prefix_path')
[0.398s] INFO:colcon.colcon_core.plugin_system:Skipping extension 'colcon_core.shell.bat': Not used on non-Windows systems
[0.399s] INFO:colcon.colcon_core.shell:Creating environment hook '/home/cec20/Yangjiaxin/my-carla-ros-bridge/install/my_bridge/share/my_bridge/hook/ament_prefix_path.ps1'
[0.399s] INFO:colcon.colcon_core.shell:Creating environment descriptor '/home/cec20/Yangjiaxin/my-carla-ros-bridge/install/my_bridge/share/my_bridge/hook/ament_prefix_path.dsv'
[0.399s] INFO:colcon.colcon_core.shell:Creating environment hook '/home/cec20/Yangjiaxin/my-carla-ros-bridge/install/my_bridge/share/my_bridge/hook/ament_prefix_path.sh'
[0.401s] INFO:colcon.colcon_core.shell:Skip shell extension 'powershell' for command environment: Not usable outside of PowerShell
[0.401s] DEBUG:colcon.colcon_core.shell:Skip shell extension 'dsv' for command environment
[0.612s] INFO:colcon.colcon_core.task.python.build:Building Python package in '/home/cec20/Yangjiaxin/my-carla-ros-bridge/src/my_bridge'
[0.614s] INFO:colcon.colcon_core.shell:Skip shell extension 'powershell' for command environment: Not usable outside of PowerShell
[0.614s] DEBUG:colcon.colcon_core.shell:Skip shell extension 'dsv' for command environment
[0.943s] DEBUG:colcon.colcon_core.event_handler.log_command:Invoking command in '/home/cec20/Yangjiaxin/my-carla-ros-bridge/src/my_bridge': PYTHONPATH=/home/cec20/Yangjiaxin/my-carla-ros-bridge/build/my_bridge/prefix_override:/home/cec20/Yangjiaxin/my-carla-ros-bridge/install/my_bridge/lib/python3.8/site-packages:${PYTHONPATH} /usr/bin/python3 setup.py egg_info --egg-base ../../build/my_bridge build --build-base /home/cec20/Yangjiaxin/my-carla-ros-bridge/build/my_bridge/build install --record /home/cec20/Yangjiaxin/my-carla-ros-bridge/build/my_bridge/install.log --install-scripts $base/lib/my_bridge --single-version-externally-managed
[1.199s] DEBUG:colcon.colcon_core.event_handler.log_command:Invoked command in '/home/cec20/Yangjiaxin/my-carla-ros-bridge/src/my_bridge' returned '0': PYTHONPATH=/home/cec20/Yangjiaxin/my-carla-ros-bridge/build/my_bridge/prefix_override:/home/cec20/Yangjiaxin/my-carla-ros-bridge/install/my_bridge/lib/python3.8/site-packages:${PYTHONPATH} /usr/bin/python3 setup.py egg_info --egg-base ../../build/my_bridge build --build-base /home/cec20/Yangjiaxin/my-carla-ros-bridge/build/my_bridge/build install --record /home/cec20/Yangjiaxin/my-carla-ros-bridge/build/my_bridge/install.log --install-scripts $base/lib/my_bridge --single-version-externally-managed
[1.202s] Level 1:colcon.colcon_core.environment:checking '/home/cec20/Yangjiaxin/my-carla-ros-bridge/install/my_bridge' for CMake module files
[1.202s] Level 1:colcon.colcon_core.environment:checking '/home/cec20/Yangjiaxin/my-carla-ros-bridge/install/my_bridge' for CMake config files
[1.203s] Level 1:colcon.colcon_core.environment:checking '/home/cec20/Yangjiaxin/my-carla-ros-bridge/install/my_bridge/lib'
[1.203s] Level 1:colcon.colcon_core.environment:checking '/home/cec20/Yangjiaxin/my-carla-ros-bridge/install/my_bridge/bin'
[1.203s] Level 1:colcon.colcon_core.environment:checking '/home/cec20/Yangjiaxin/my-carla-ros-bridge/install/my_bridge/lib/pkgconfig/my_bridge.pc'
[1.203s] Level 1:colcon.colcon_core.environment:checking '/home/cec20/Yangjiaxin/my-carla-ros-bridge/install/my_bridge/lib/python3.8/site-packages'
[1.203s] Level 1:colcon.colcon_core.shell:create_environment_hook('my_bridge', 'pythonpath')
[1.205s] INFO:colcon.colcon_core.shell:Creating environment hook '/home/cec20/Yangjiaxin/my-carla-ros-bridge/install/my_bridge/share/my_bridge/hook/pythonpath.ps1'
[1.206s] INFO:colcon.colcon_core.shell:Creating environment descriptor '/home/cec20/Yangjiaxin/my-carla-ros-bridge/install/my_bridge/share/my_bridge/hook/pythonpath.dsv'
[1.206s] INFO:colcon.colcon_core.shell:Creating environment hook '/home/cec20/Yangjiaxin/my-carla-ros-bridge/install/my_bridge/share/my_bridge/hook/pythonpath.sh'
[1.206s] Level 1:colcon.colcon_core.environment:checking '/home/cec20/Yangjiaxin/my-carla-ros-bridge/install/my_bridge/bin'
[1.206s] Level 1:colcon.colcon_core.environment:create_environment_scripts_only(my_bridge)
[1.208s] INFO:colcon.colcon_core.shell:Creating package script '/home/cec20/Yangjiaxin/my-carla-ros-bridge/install/my_bridge/share/my_bridge/package.ps1'
[1.209s] INFO:colcon.colcon_core.shell:Creating package descriptor '/home/cec20/Yangjiaxin/my-carla-ros-bridge/install/my_bridge/share/my_bridge/package.dsv'
[1.209s] INFO:colcon.colcon_core.shell:Creating package script '/home/cec20/Yangjiaxin/my-carla-ros-bridge/install/my_bridge/share/my_bridge/package.sh'
[1.210s] INFO:colcon.colcon_core.shell:Creating package script '/home/cec20/Yangjiaxin/my-carla-ros-bridge/install/my_bridge/share/my_bridge/package.bash'
[1.210s] INFO:colcon.colcon_core.shell:Creating package script '/home/cec20/Yangjiaxin/my-carla-ros-bridge/install/my_bridge/share/my_bridge/package.zsh'
[1.211s] Level 1:colcon.colcon_core.environment:create_file_with_runtime_dependencies(/home/cec20/Yangjiaxin/my-carla-ros-bridge/install/my_bridge/share/colcon-core/packages/my_bridge)
[1.211s] DEBUG:colcon.colcon_parallel_executor.executor.parallel:closing loop
[1.211s] DEBUG:colcon.colcon_parallel_executor.executor.parallel:loop closed
[1.211s] DEBUG:colcon.colcon_parallel_executor.executor.parallel:run_until_complete finished with '0'
[1.211s] DEBUG:colcon.colcon_core.event_reactor:joining thread
[1.216s] INFO:colcon.colcon_core.plugin_system:Skipping extension 'colcon_notification.desktop_notification.terminal_notifier': Not used on non-Darwin systems
[1.216s] INFO:colcon.colcon_core.plugin_system:Skipping extension 'colcon_notification.desktop_notification.win32': Not used on non-Windows systems
[1.217s] INFO:colcon.colcon_notification.desktop_notification:Sending desktop notification using 'notify2'
[1.229s] DEBUG:colcon.colcon_core.event_reactor:joined thread
[1.231s] INFO:colcon.colcon_core.shell:Creating prefix script '/home/cec20/Yangjiaxin/my-carla-ros-bridge/install/local_setup.ps1'
[1.234s] INFO:colcon.colcon_core.shell:Creating prefix util module '/home/cec20/Yangjiaxin/my-carla-ros-bridge/install/_local_setup_util_ps1.py'
[1.235s] INFO:colcon.colcon_core.shell:Creating prefix chain script '/home/cec20/Yangjiaxin/my-carla-ros-bridge/install/setup.ps1'
[1.238s] INFO:colcon.colcon_core.shell:Creating prefix script '/home/cec20/Yangjiaxin/my-carla-ros-bridge/install/local_setup.sh'
[1.238s] INFO:colcon.colcon_core.shell:Creating prefix util module '/home/cec20/Yangjiaxin/my-carla-ros-bridge/install/_local_setup_util_sh.py'
[1.239s] INFO:colcon.colcon_core.shell:Creating prefix chain script '/home/cec20/Yangjiaxin/my-carla-ros-bridge/install/setup.sh'
[1.241s] INFO:colcon.colcon_core.shell:Creating prefix script '/home/cec20/Yangjiaxin/my-carla-ros-bridge/install/local_setup.bash'
[1.242s] INFO:colcon.colcon_core.shell:Creating prefix chain script '/home/cec20/Yangjiaxin/my-carla-ros-bridge/install/setup.bash'
[1.244s] INFO:colcon.colcon_core.shell:Creating prefix script '/home/cec20/Yangjiaxin/my-carla-ros-bridge/install/local_setup.zsh'
[1.244s] INFO:colcon.colcon_core.shell:Creating prefix chain script '/home/cec20/Yangjiaxin/my-carla-ros-bridge/install/setup.zsh'
