[0.455s] Invoking command in '/home/cec20/Yangjiaxin/my-carla-ros-bridge/build/waypoints_types': CMAKE_PREFIX_PATH=${CMAKE_PREFIX_PATH}:/home/cec20/carla-ros-bridge/install/set_transform:/home/cec20/carla-ros-bridge/install/rqt_carla_control:/home/cec20/carla-ros-bridge/install/carla_waypoint_publisher:/home/cec20/carla-ros-bridge/install/carla_ackermann_control:/home/cec20/carla-ros-bridge/install/carla_ros_bridge:/home/cec20/carla-ros-bridge/install/carla_spawn_objects:/home/cec20/carla-ros-bridge/install/carla_manual_control:/home/cec20/carla-ros-bridge/install/carla_ad_agent:/home/cec20/carla-ros-bridge/install/ros_compatibility:/home/cec20/carla-ros-bridge/install/imagenode:/home/cec20/carla-ros-bridge/install/carla_walker_agent:/home/cec20/carla-ros-bridge/install/carla_twist_to_control:/home/cec20/carla-ros-bridge/install/carla_ros_scenario_runner:/home/cec20/carla-ros-bridge/install/carla_common:/opt/ros/foxy /usr/bin/cmake --build /home/cec20/Yangjiaxin/my-carla-ros-bridge/build/waypoints_types -- -j20 -l20
[0.496s] [  9%] Built target waypoints_types__cpp
[0.496s] [ 12%] Built target waypoints_types__rosidl_generator_c
[0.515s] [ 32%] Built target waypoints_types__rosidl_typesupport_introspection_c
[0.515s] [ 32%] Built target waypoints_types__rosidl_typesupport_introspection_cpp
[0.516s] [ 41%] Built target waypoints_types__rosidl_typesupport_cpp
[0.517s] [ 51%] Built target waypoints_types__rosidl_typesupport_fastrtps_cpp
[0.534s] [ 61%] Built target waypoints_types__rosidl_typesupport_c
[0.538s] [ 70%] Built target waypoints_types__rosidl_typesupport_fastrtps_c
[0.558s] [ 70%] Built target waypoints_types
[0.574s] [ 74%] Built target waypoints_types__py
[0.596s] [ 80%] Built target waypoints_types__python
[0.616s] [100%] Built target waypoints_types__rosidl_typesupport_c__pyext
[0.616s] [100%] Built target waypoints_types__rosidl_typesupport_introspection_c__pyext
[0.616s] [100%] Built target waypoints_types__rosidl_typesupport_fastrtps_c__pyext
[0.946s] Invoked command in '/home/cec20/Yangjiaxin/my-carla-ros-bridge/build/waypoints_types' returned '0': CMAKE_PREFIX_PATH=${CMAKE_PREFIX_PATH}:/home/cec20/carla-ros-bridge/install/set_transform:/home/cec20/carla-ros-bridge/install/rqt_carla_control:/home/cec20/carla-ros-bridge/install/carla_waypoint_publisher:/home/cec20/carla-ros-bridge/install/carla_ackermann_control:/home/cec20/carla-ros-bridge/install/carla_ros_bridge:/home/cec20/carla-ros-bridge/install/carla_spawn_objects:/home/cec20/carla-ros-bridge/install/carla_manual_control:/home/cec20/carla-ros-bridge/install/carla_ad_agent:/home/cec20/carla-ros-bridge/install/ros_compatibility:/home/cec20/carla-ros-bridge/install/imagenode:/home/cec20/carla-ros-bridge/install/carla_walker_agent:/home/cec20/carla-ros-bridge/install/carla_twist_to_control:/home/cec20/carla-ros-bridge/install/carla_ros_scenario_runner:/home/cec20/carla-ros-bridge/install/carla_common:/opt/ros/foxy /usr/bin/cmake --build /home/cec20/Yangjiaxin/my-carla-ros-bridge/build/waypoints_types -- -j20 -l20
[1.188s] Invoking command in '/home/cec20/Yangjiaxin/my-carla-ros-bridge/build/waypoints_types': CMAKE_PREFIX_PATH=${CMAKE_PREFIX_PATH}:/home/cec20/carla-ros-bridge/install/set_transform:/home/cec20/carla-ros-bridge/install/rqt_carla_control:/home/cec20/carla-ros-bridge/install/carla_waypoint_publisher:/home/cec20/carla-ros-bridge/install/carla_ackermann_control:/home/cec20/carla-ros-bridge/install/carla_ros_bridge:/home/cec20/carla-ros-bridge/install/carla_spawn_objects:/home/cec20/carla-ros-bridge/install/carla_manual_control:/home/cec20/carla-ros-bridge/install/carla_ad_agent:/home/cec20/carla-ros-bridge/install/ros_compatibility:/home/cec20/carla-ros-bridge/install/imagenode:/home/cec20/carla-ros-bridge/install/carla_walker_agent:/home/cec20/carla-ros-bridge/install/carla_twist_to_control:/home/cec20/carla-ros-bridge/install/carla_ros_scenario_runner:/home/cec20/carla-ros-bridge/install/carla_common:/opt/ros/foxy /usr/bin/cmake --install /home/cec20/Yangjiaxin/my-carla-ros-bridge/build/waypoints_types
[1.196s] -- Install configuration: ""
[1.197s] -- Up-to-date: /home/cec20/Yangjiaxin/my-carla-ros-bridge/install/waypoints_types/share/ament_index/resource_index/rosidl_interfaces/waypoints_types
[1.197s] -- Up-to-date: /home/cec20/Yangjiaxin/my-carla-ros-bridge/install/waypoints_types/include/waypoints_types
[1.197s] -- Up-to-date: /home/cec20/Yangjiaxin/my-carla-ros-bridge/install/waypoints_types/include/waypoints_types/msg
[1.197s] -- Up-to-date: /home/cec20/Yangjiaxin/my-carla-ros-bridge/install/waypoints_types/include/waypoints_types/msg/rosidl_generator_c__visibility_control.h
[1.197s] -- Up-to-date: /home/cec20/Yangjiaxin/my-carla-ros-bridge/install/waypoints_types/include/waypoints_types/srv
[1.197s] -- Up-to-date: /home/cec20/Yangjiaxin/my-carla-ros-bridge/install/waypoints_types/include/waypoints_types/srv/detail
[1.197s] -- Up-to-date: /home/cec20/Yangjiaxin/my-carla-ros-bridge/install/waypoints_types/include/waypoints_types/srv/detail/get_waypoints_list__type_support.h
[1.197s] -- Up-to-date: /home/cec20/Yangjiaxin/my-carla-ros-bridge/install/waypoints_types/include/waypoints_types/srv/detail/get_waypoints_list__functions.c
[1.197s] -- Up-to-date: /home/cec20/Yangjiaxin/my-carla-ros-bridge/install/waypoints_types/include/waypoints_types/srv/detail/get_waypoints_list__struct.h
[1.197s] -- Up-to-date: /home/cec20/Yangjiaxin/my-carla-ros-bridge/install/waypoints_types/include/waypoints_types/srv/detail/get_waypoints_list__functions.h
[1.197s] -- Up-to-date: /home/cec20/Yangjiaxin/my-carla-ros-bridge/install/waypoints_types/include/waypoints_types/srv/get_waypoints_list.h
[1.197s] -- Up-to-date: /home/cec20/Yangjiaxin/my-carla-ros-bridge/install/waypoints_types/share/waypoints_types/environment/library_path.sh
[1.197s] -- Up-to-date: /home/cec20/Yangjiaxin/my-carla-ros-bridge/install/waypoints_types/share/waypoints_types/environment/library_path.dsv
[1.198s] -- Up-to-date: /home/cec20/Yangjiaxin/my-carla-ros-bridge/install/waypoints_types/lib/libwaypoints_types__rosidl_generator_c.so
[1.198s] -- Up-to-date: /home/cec20/Yangjiaxin/my-carla-ros-bridge/install/waypoints_types/include/waypoints_types
[1.198s] -- Up-to-date: /home/cec20/Yangjiaxin/my-carla-ros-bridge/install/waypoints_types/include/waypoints_types/msg
[1.198s] -- Up-to-date: /home/cec20/Yangjiaxin/my-carla-ros-bridge/install/waypoints_types/include/waypoints_types/msg/rosidl_typesupport_fastrtps_c__visibility_control.h
[1.198s] -- Up-to-date: /home/cec20/Yangjiaxin/my-carla-ros-bridge/install/waypoints_types/include/waypoints_types/srv
[1.198s] -- Up-to-date: /home/cec20/Yangjiaxin/my-carla-ros-bridge/install/waypoints_types/include/waypoints_types/srv/detail
[1.198s] -- Up-to-date: /home/cec20/Yangjiaxin/my-carla-ros-bridge/install/waypoints_types/include/waypoints_types/srv/detail/get_waypoints_list__rosidl_typesupport_fastrtps_c.h
[1.198s] -- Up-to-date: /home/cec20/Yangjiaxin/my-carla-ros-bridge/install/waypoints_types/lib/libwaypoints_types__rosidl_typesupport_fastrtps_c.so
[1.198s] -- Up-to-date: /home/cec20/Yangjiaxin/my-carla-ros-bridge/install/waypoints_types/include/waypoints_types
[1.198s] -- Up-to-date: /home/cec20/Yangjiaxin/my-carla-ros-bridge/install/waypoints_types/include/waypoints_types/msg
[1.198s] -- Up-to-date: /home/cec20/Yangjiaxin/my-carla-ros-bridge/install/waypoints_types/include/waypoints_types/msg/rosidl_typesupport_fastrtps_cpp__visibility_control.h
[1.198s] -- Up-to-date: /home/cec20/Yangjiaxin/my-carla-ros-bridge/install/waypoints_types/include/waypoints_types/srv
[1.198s] -- Up-to-date: /home/cec20/Yangjiaxin/my-carla-ros-bridge/install/waypoints_types/include/waypoints_types/srv/detail
[1.198s] -- Up-to-date: /home/cec20/Yangjiaxin/my-carla-ros-bridge/install/waypoints_types/include/waypoints_types/srv/detail/get_waypoints_list__rosidl_typesupport_fastrtps_cpp.hpp
[1.199s] -- Up-to-date: /home/cec20/Yangjiaxin/my-carla-ros-bridge/install/waypoints_types/include/waypoints_types/srv/detail/dds_fastrtps
[1.199s] -- Up-to-date: /home/cec20/Yangjiaxin/my-carla-ros-bridge/install/waypoints_types/lib/libwaypoints_types__rosidl_typesupport_fastrtps_cpp.so
[1.199s] -- Up-to-date: /home/cec20/Yangjiaxin/my-carla-ros-bridge/install/waypoints_types/include/waypoints_types
[1.199s] -- Up-to-date: /home/cec20/Yangjiaxin/my-carla-ros-bridge/install/waypoints_types/include/waypoints_types/msg
[1.199s] -- Up-to-date: /home/cec20/Yangjiaxin/my-carla-ros-bridge/install/waypoints_types/include/waypoints_types/msg/rosidl_typesupport_introspection_c__visibility_control.h
[1.199s] -- Up-to-date: /home/cec20/Yangjiaxin/my-carla-ros-bridge/install/waypoints_types/include/waypoints_types/srv
[1.199s] -- Up-to-date: /home/cec20/Yangjiaxin/my-carla-ros-bridge/install/waypoints_types/include/waypoints_types/srv/detail
[1.199s] -- Up-to-date: /home/cec20/Yangjiaxin/my-carla-ros-bridge/install/waypoints_types/include/waypoints_types/srv/detail/get_waypoints_list__type_support.c
[1.199s] -- Up-to-date: /home/cec20/Yangjiaxin/my-carla-ros-bridge/install/waypoints_types/include/waypoints_types/srv/detail/get_waypoints_list__rosidl_typesupport_introspection_c.h
[1.199s] -- Up-to-date: /home/cec20/Yangjiaxin/my-carla-ros-bridge/install/waypoints_types/lib/libwaypoints_types__rosidl_typesupport_introspection_c.so
[1.199s] -- Up-to-date: /home/cec20/Yangjiaxin/my-carla-ros-bridge/install/waypoints_types/lib/libwaypoints_types__rosidl_typesupport_c.so
[1.199s] -- Up-to-date: /home/cec20/Yangjiaxin/my-carla-ros-bridge/install/waypoints_types/include/waypoints_types
[1.199s] -- Up-to-date: /home/cec20/Yangjiaxin/my-carla-ros-bridge/install/waypoints_types/include/waypoints_types/srv
[1.199s] -- Up-to-date: /home/cec20/Yangjiaxin/my-carla-ros-bridge/install/waypoints_types/include/waypoints_types/srv/detail
[1.200s] -- Up-to-date: /home/cec20/Yangjiaxin/my-carla-ros-bridge/install/waypoints_types/include/waypoints_types/srv/detail/get_waypoints_list__struct.hpp
[1.200s] -- Up-to-date: /home/cec20/Yangjiaxin/my-carla-ros-bridge/install/waypoints_types/include/waypoints_types/srv/detail/get_waypoints_list__traits.hpp
[1.200s] -- Up-to-date: /home/cec20/Yangjiaxin/my-carla-ros-bridge/install/waypoints_types/include/waypoints_types/srv/detail/get_waypoints_list__builder.hpp
[1.200s] -- Up-to-date: /home/cec20/Yangjiaxin/my-carla-ros-bridge/install/waypoints_types/include/waypoints_types/srv/get_waypoints_list.hpp
[1.200s] -- Up-to-date: /home/cec20/Yangjiaxin/my-carla-ros-bridge/install/waypoints_types/include/waypoints_types
[1.200s] -- Up-to-date: /home/cec20/Yangjiaxin/my-carla-ros-bridge/install/waypoints_types/include/waypoints_types/srv
[1.200s] -- Up-to-date: /home/cec20/Yangjiaxin/my-carla-ros-bridge/install/waypoints_types/include/waypoints_types/srv/detail
[1.200s] -- Up-to-date: /home/cec20/Yangjiaxin/my-carla-ros-bridge/install/waypoints_types/include/waypoints_types/srv/detail/get_waypoints_list__rosidl_typesupport_introspection_cpp.hpp
[1.200s] -- Up-to-date: /home/cec20/Yangjiaxin/my-carla-ros-bridge/install/waypoints_types/include/waypoints_types/srv/detail/get_waypoints_list__type_support.cpp
[1.200s] -- Up-to-date: /home/cec20/Yangjiaxin/my-carla-ros-bridge/install/waypoints_types/lib/libwaypoints_types__rosidl_typesupport_introspection_cpp.so
[1.200s] -- Up-to-date: /home/cec20/Yangjiaxin/my-carla-ros-bridge/install/waypoints_types/lib/libwaypoints_types__rosidl_typesupport_cpp.so
[1.200s] -- Up-to-date: /home/cec20/Yangjiaxin/my-carla-ros-bridge/install/waypoints_types/share/waypoints_types/environment/pythonpath.sh
[1.200s] -- Up-to-date: /home/cec20/Yangjiaxin/my-carla-ros-bridge/install/waypoints_types/share/waypoints_types/environment/pythonpath.dsv
[1.200s] -- Up-to-date: /home/cec20/Yangjiaxin/my-carla-ros-bridge/install/waypoints_types/lib/python3.8/site-packages/waypoints_types/__init__.py
[1.235s] -- Up-to-date: /home/cec20/Yangjiaxin/my-carla-ros-bridge/install/waypoints_types/lib/python3.8/site-packages/waypoints_types/srv
[1.235s] -- Up-to-date: /home/cec20/Yangjiaxin/my-carla-ros-bridge/install/waypoints_types/lib/python3.8/site-packages/waypoints_types/srv/_get_waypoints_list.py
[1.237s] -- Up-to-date: /home/cec20/Yangjiaxin/my-carla-ros-bridge/install/waypoints_types/lib/python3.8/site-packages/waypoints_types/srv/_get_waypoints_list_s.c
[1.237s] -- Up-to-date: /home/cec20/Yangjiaxin/my-carla-ros-bridge/install/waypoints_types/lib/python3.8/site-packages/waypoints_types/srv/__init__.py
[1.237s] -- Up-to-date: /home/cec20/Yangjiaxin/my-carla-ros-bridge/install/waypoints_types/lib/python3.8/site-packages/waypoints_types/waypoints_types_s__rosidl_typesupport_fastrtps_c.cpython-38-x86_64-linux-gnu.so
[1.238s] -- Up-to-date: /home/cec20/Yangjiaxin/my-carla-ros-bridge/install/waypoints_types/lib/python3.8/site-packages/waypoints_types/waypoints_types_s__rosidl_typesupport_introspection_c.cpython-38-x86_64-linux-gnu.so
[1.238s] -- Up-to-date: /home/cec20/Yangjiaxin/my-carla-ros-bridge/install/waypoints_types/lib/python3.8/site-packages/waypoints_types/waypoints_types_s__rosidl_typesupport_c.cpython-38-x86_64-linux-gnu.so
[1.238s] -- Up-to-date: /home/cec20/Yangjiaxin/my-carla-ros-bridge/install/waypoints_types/lib/libwaypoints_types__python.so
[1.238s] -- Up-to-date: /home/cec20/Yangjiaxin/my-carla-ros-bridge/install/waypoints_types/share/waypoints_types/srv/GetWaypointsList.idl
[1.238s] -- Up-to-date: /home/cec20/Yangjiaxin/my-carla-ros-bridge/install/waypoints_types/share/waypoints_types/srv/GetWaypointsList.srv
[1.238s] -- Up-to-date: /home/cec20/Yangjiaxin/my-carla-ros-bridge/install/waypoints_types/share/waypoints_types/srv/GetWaypointsList_Request.msg
[1.239s] -- Up-to-date: /home/cec20/Yangjiaxin/my-carla-ros-bridge/install/waypoints_types/share/waypoints_types/srv/GetWaypointsList_Response.msg
[1.239s] -- Up-to-date: /home/cec20/Yangjiaxin/my-carla-ros-bridge/install/waypoints_types/share/ament_index/resource_index/package_run_dependencies/waypoints_types
[1.239s] -- Up-to-date: /home/cec20/Yangjiaxin/my-carla-ros-bridge/install/waypoints_types/share/ament_index/resource_index/parent_prefix_path/waypoints_types
[1.239s] -- Up-to-date: /home/cec20/Yangjiaxin/my-carla-ros-bridge/install/waypoints_types/share/waypoints_types/environment/ament_prefix_path.sh
[1.239s] -- Up-to-date: /home/cec20/Yangjiaxin/my-carla-ros-bridge/install/waypoints_types/share/waypoints_types/environment/ament_prefix_path.dsv
[1.239s] -- Up-to-date: /home/cec20/Yangjiaxin/my-carla-ros-bridge/install/waypoints_types/share/waypoints_types/environment/path.sh
[1.239s] -- Up-to-date: /home/cec20/Yangjiaxin/my-carla-ros-bridge/install/waypoints_types/share/waypoints_types/environment/path.dsv
[1.239s] -- Up-to-date: /home/cec20/Yangjiaxin/my-carla-ros-bridge/install/waypoints_types/share/waypoints_types/local_setup.bash
[1.239s] -- Up-to-date: /home/cec20/Yangjiaxin/my-carla-ros-bridge/install/waypoints_types/share/waypoints_types/local_setup.sh
[1.239s] -- Up-to-date: /home/cec20/Yangjiaxin/my-carla-ros-bridge/install/waypoints_types/share/waypoints_types/local_setup.zsh
[1.239s] -- Up-to-date: /home/cec20/Yangjiaxin/my-carla-ros-bridge/install/waypoints_types/share/waypoints_types/local_setup.dsv
[1.240s] -- Installing: /home/cec20/Yangjiaxin/my-carla-ros-bridge/install/waypoints_types/share/waypoints_types/package.dsv
[1.241s] -- Up-to-date: /home/cec20/Yangjiaxin/my-carla-ros-bridge/install/waypoints_types/share/ament_index/resource_index/packages/waypoints_types
[1.242s] -- Up-to-date: /home/cec20/Yangjiaxin/my-carla-ros-bridge/install/waypoints_types/share/waypoints_types/cmake/waypoints_types__rosidl_generator_cExport.cmake
[1.242s] -- Up-to-date: /home/cec20/Yangjiaxin/my-carla-ros-bridge/install/waypoints_types/share/waypoints_types/cmake/waypoints_types__rosidl_generator_cExport-noconfig.cmake
[1.242s] -- Up-to-date: /home/cec20/Yangjiaxin/my-carla-ros-bridge/install/waypoints_types/share/waypoints_types/cmake/waypoints_types__rosidl_typesupport_introspection_cExport.cmake
[1.242s] -- Up-to-date: /home/cec20/Yangjiaxin/my-carla-ros-bridge/install/waypoints_types/share/waypoints_types/cmake/waypoints_types__rosidl_typesupport_introspection_cExport-noconfig.cmake
[1.242s] -- Up-to-date: /home/cec20/Yangjiaxin/my-carla-ros-bridge/install/waypoints_types/share/waypoints_types/cmake/waypoints_types__rosidl_typesupport_cExport.cmake
[1.242s] -- Up-to-date: /home/cec20/Yangjiaxin/my-carla-ros-bridge/install/waypoints_types/share/waypoints_types/cmake/waypoints_types__rosidl_typesupport_cExport-noconfig.cmake
[1.243s] -- Up-to-date: /home/cec20/Yangjiaxin/my-carla-ros-bridge/install/waypoints_types/share/waypoints_types/cmake/waypoints_types__rosidl_generator_cppExport.cmake
[1.244s] -- Up-to-date: /home/cec20/Yangjiaxin/my-carla-ros-bridge/install/waypoints_types/share/waypoints_types/cmake/waypoints_types__rosidl_typesupport_introspection_cppExport.cmake
[1.244s] -- Up-to-date: /home/cec20/Yangjiaxin/my-carla-ros-bridge/install/waypoints_types/share/waypoints_types/cmake/waypoints_types__rosidl_typesupport_introspection_cppExport-noconfig.cmake
[1.244s] -- Up-to-date: /home/cec20/Yangjiaxin/my-carla-ros-bridge/install/waypoints_types/share/waypoints_types/cmake/waypoints_types__rosidl_typesupport_cppExport.cmake
[1.245s] -- Up-to-date: /home/cec20/Yangjiaxin/my-carla-ros-bridge/install/waypoints_types/share/waypoints_types/cmake/waypoints_types__rosidl_typesupport_cppExport-noconfig.cmake
[1.245s] -- Up-to-date: /home/cec20/Yangjiaxin/my-carla-ros-bridge/install/waypoints_types/share/waypoints_types/cmake/rosidl_cmake-extras.cmake
[1.245s] -- Up-to-date: /home/cec20/Yangjiaxin/my-carla-ros-bridge/install/waypoints_types/share/waypoints_types/cmake/ament_cmake_export_dependencies-extras.cmake
[1.245s] -- Up-to-date: /home/cec20/Yangjiaxin/my-carla-ros-bridge/install/waypoints_types/share/waypoints_types/cmake/ament_cmake_export_libraries-extras.cmake
[1.246s] -- Up-to-date: /home/cec20/Yangjiaxin/my-carla-ros-bridge/install/waypoints_types/share/waypoints_types/cmake/ament_cmake_export_targets-extras.cmake
[1.246s] -- Up-to-date: /home/cec20/Yangjiaxin/my-carla-ros-bridge/install/waypoints_types/share/waypoints_types/cmake/ament_cmake_export_include_directories-extras.cmake
[1.246s] -- Up-to-date: /home/cec20/Yangjiaxin/my-carla-ros-bridge/install/waypoints_types/share/waypoints_types/cmake/rosidl_cmake_export_typesupport_libraries-extras.cmake
[1.246s] -- Up-to-date: /home/cec20/Yangjiaxin/my-carla-ros-bridge/install/waypoints_types/share/waypoints_types/cmake/rosidl_cmake_export_typesupport_targets-extras.cmake
[1.246s] -- Up-to-date: /home/cec20/Yangjiaxin/my-carla-ros-bridge/install/waypoints_types/share/waypoints_types/cmake/waypoints_typesConfig.cmake
[1.247s] -- Up-to-date: /home/cec20/Yangjiaxin/my-carla-ros-bridge/install/waypoints_types/share/waypoints_types/cmake/waypoints_typesConfig-version.cmake
[1.249s] -- Up-to-date: /home/cec20/Yangjiaxin/my-carla-ros-bridge/install/waypoints_types/share/waypoints_types/package.xml
[1.250s] Invoked command in '/home/cec20/Yangjiaxin/my-carla-ros-bridge/build/waypoints_types' returned '0': CMAKE_PREFIX_PATH=${CMAKE_PREFIX_PATH}:/home/cec20/carla-ros-bridge/install/set_transform:/home/cec20/carla-ros-bridge/install/rqt_carla_control:/home/cec20/carla-ros-bridge/install/carla_waypoint_publisher:/home/cec20/carla-ros-bridge/install/carla_ackermann_control:/home/cec20/carla-ros-bridge/install/carla_ros_bridge:/home/cec20/carla-ros-bridge/install/carla_spawn_objects:/home/cec20/carla-ros-bridge/install/carla_manual_control:/home/cec20/carla-ros-bridge/install/carla_ad_agent:/home/cec20/carla-ros-bridge/install/ros_compatibility:/home/cec20/carla-ros-bridge/install/imagenode:/home/cec20/carla-ros-bridge/install/carla_walker_agent:/home/cec20/carla-ros-bridge/install/carla_twist_to_control:/home/cec20/carla-ros-bridge/install/carla_ros_scenario_runner:/home/cec20/carla-ros-bridge/install/carla_common:/opt/ros/foxy /usr/bin/cmake --install /home/cec20/Yangjiaxin/my-carla-ros-bridge/build/waypoints_types
