[0.274s] DEBUG:colcon:Command line arguments: ['/usr/bin/colcon', 'build']
[0.274s] DEBUG:colcon:Parsed command line arguments: Namespace(allow_overriding=[], ament_cmake_args=None, base_paths=['.'], build_base='build', catkin_cmake_args=None, catkin_skip_building_tests=False, cmake_args=None, cmake_clean_cache=False, cmake_clean_first=False, cmake_force_configure=False, cmake_target=None, cmake_target_skip_unavailable=False, continue_on_error=False, event_handlers=None, executor='parallel', ignore_user_meta=False, install_base='install', log_base=None, log_level=None, main=<bound method BuildVerb.main of <colcon_core.verb.build.BuildVerb object at 0x7f90f1797790>>, merge_install=False, metas=['./colcon.meta'], packages_above=None, packages_above_and_dependencies=None, packages_above_depth=None, packages_end=None, packages_ignore=None, packages_ignore_regex=None, packages_select=None, packages_select_build_failed=False, packages_select_by_dep=None, packages_select_regex=None, packages_select_test_failures=False, packages_skip=None, packages_skip_build_finished=False, packages_skip_by_dep=None, packages_skip_regex=None, packages_skip_test_passed=False, packages_skip_up_to=None, packages_start=None, packages_up_to=None, packages_up_to_regex=None, parallel_workers=20, paths=None, symlink_install=False, test_result_base=None, verb_extension=<colcon_core.verb.build.BuildVerb object at 0x7f90f1797790>, verb_name='build', verb_parser=<colcon_defaults.argument_parser.defaults.DefaultArgumentsDecorator object at 0x7f90f1797d00>)
[0.295s] Level 1:colcon.colcon_core.package_discovery:discover_packages(colcon_meta) check parameters
[0.295s] Level 1:colcon.colcon_core.package_discovery:discover_packages(recursive) check parameters
[0.295s] Level 1:colcon.colcon_core.package_discovery:discover_packages(ignore) check parameters
[0.295s] Level 1:colcon.colcon_core.package_discovery:discover_packages(path) check parameters
[0.295s] Level 1:colcon.colcon_core.package_discovery:discover_packages(colcon_meta) discover
[0.296s] Level 1:colcon.colcon_core.package_discovery:discover_packages(recursive) discover
[0.296s] INFO:colcon.colcon_core.package_discovery:Crawling recursively for packages in '/home/cec20/Yangjiaxin/my-carla-ros-bridge'
[0.296s] Level 1:colcon.colcon_core.package_identification:_identify(.) by extensions ['ignore', 'ignore_ament_install']
[0.296s] Level 1:colcon.colcon_core.package_identification:_identify(.) by extension 'ignore'
[0.296s] Level 1:colcon.colcon_core.package_identification:_identify(.) by extension 'ignore_ament_install'
[0.296s] Level 1:colcon.colcon_core.package_identification:_identify(.) by extensions ['colcon_pkg']
[0.296s] Level 1:colcon.colcon_core.package_identification:_identify(.) by extension 'colcon_pkg'
[0.296s] Level 1:colcon.colcon_core.package_identification:_identify(.) by extensions ['colcon_meta']
[0.296s] Level 1:colcon.colcon_core.package_identification:_identify(.) by extension 'colcon_meta'
[0.296s] Level 1:colcon.colcon_core.package_identification:_identify(.) by extensions ['ros']
[0.296s] Level 1:colcon.colcon_core.package_identification:_identify(.) by extension 'ros'
[0.316s] Level 1:colcon.colcon_core.package_identification:_identify(.) by extensions ['cmake', 'python']
[0.316s] Level 1:colcon.colcon_core.package_identification:_identify(.) by extension 'cmake'
[0.316s] Level 1:colcon.colcon_core.package_identification:_identify(.) by extension 'python'
[0.316s] Level 1:colcon.colcon_core.package_identification:_identify(.) by extensions ['python_setup_py']
[0.316s] Level 1:colcon.colcon_core.package_identification:_identify(.) by extension 'python_setup_py'
[0.316s] Level 1:colcon.colcon_core.package_identification:_identify(build) by extensions ['ignore', 'ignore_ament_install']
[0.316s] Level 1:colcon.colcon_core.package_identification:_identify(build) by extension 'ignore'
[0.316s] Level 1:colcon.colcon_core.package_identification:_identify(build) ignored
[0.316s] Level 1:colcon.colcon_core.package_identification:_identify(install) by extensions ['ignore', 'ignore_ament_install']
[0.316s] Level 1:colcon.colcon_core.package_identification:_identify(install) by extension 'ignore'
[0.316s] Level 1:colcon.colcon_core.package_identification:_identify(install) ignored
[0.317s] Level 1:colcon.colcon_core.package_identification:_identify(log) by extensions ['ignore', 'ignore_ament_install']
[0.317s] Level 1:colcon.colcon_core.package_identification:_identify(log) by extension 'ignore'
[0.317s] Level 1:colcon.colcon_core.package_identification:_identify(log) ignored
[0.317s] Level 1:colcon.colcon_core.package_identification:_identify(src) by extensions ['ignore', 'ignore_ament_install']
[0.317s] Level 1:colcon.colcon_core.package_identification:_identify(src) by extension 'ignore'
[0.317s] Level 1:colcon.colcon_core.package_identification:_identify(src) by extension 'ignore_ament_install'
[0.317s] Level 1:colcon.colcon_core.package_identification:_identify(src) by extensions ['colcon_pkg']
[0.317s] Level 1:colcon.colcon_core.package_identification:_identify(src) by extension 'colcon_pkg'
[0.317s] Level 1:colcon.colcon_core.package_identification:_identify(src) by extensions ['colcon_meta']
[0.317s] Level 1:colcon.colcon_core.package_identification:_identify(src) by extension 'colcon_meta'
[0.317s] Level 1:colcon.colcon_core.package_identification:_identify(src) by extensions ['ros']
[0.317s] Level 1:colcon.colcon_core.package_identification:_identify(src) by extension 'ros'
[0.317s] Level 1:colcon.colcon_core.package_identification:_identify(src) by extensions ['cmake', 'python']
[0.317s] Level 1:colcon.colcon_core.package_identification:_identify(src) by extension 'cmake'
[0.317s] Level 1:colcon.colcon_core.package_identification:_identify(src) by extension 'python'
[0.317s] Level 1:colcon.colcon_core.package_identification:_identify(src) by extensions ['python_setup_py']
[0.317s] Level 1:colcon.colcon_core.package_identification:_identify(src) by extension 'python_setup_py'
[0.317s] Level 1:colcon.colcon_core.package_identification:_identify(src/imagenode) by extensions ['ignore', 'ignore_ament_install']
[0.317s] Level 1:colcon.colcon_core.package_identification:_identify(src/imagenode) by extension 'ignore'
[0.317s] Level 1:colcon.colcon_core.package_identification:_identify(src/imagenode) by extension 'ignore_ament_install'
[0.317s] Level 1:colcon.colcon_core.package_identification:_identify(src/imagenode) by extensions ['colcon_pkg']
[0.317s] Level 1:colcon.colcon_core.package_identification:_identify(src/imagenode) by extension 'colcon_pkg'
[0.318s] Level 1:colcon.colcon_core.package_identification:_identify(src/imagenode) by extensions ['colcon_meta']
[0.318s] Level 1:colcon.colcon_core.package_identification:_identify(src/imagenode) by extension 'colcon_meta'
[0.318s] Level 1:colcon.colcon_core.package_identification:_identify(src/imagenode) by extensions ['ros']
[0.318s] Level 1:colcon.colcon_core.package_identification:_identify(src/imagenode) by extension 'ros'
[0.319s] DEBUG:colcon.colcon_core.package_identification:Package 'src/imagenode' with type 'ros.ament_python' and name 'imagenode'
[0.319s] Level 1:colcon.colcon_core.package_identification:_identify(src/kvaser_msg_interfaces) by extensions ['ignore', 'ignore_ament_install']
[0.320s] Level 1:colcon.colcon_core.package_identification:_identify(src/kvaser_msg_interfaces) by extension 'ignore'
[0.320s] Level 1:colcon.colcon_core.package_identification:_identify(src/kvaser_msg_interfaces) by extension 'ignore_ament_install'
[0.320s] Level 1:colcon.colcon_core.package_identification:_identify(src/kvaser_msg_interfaces) by extensions ['colcon_pkg']
[0.320s] Level 1:colcon.colcon_core.package_identification:_identify(src/kvaser_msg_interfaces) by extension 'colcon_pkg'
[0.320s] Level 1:colcon.colcon_core.package_identification:_identify(src/kvaser_msg_interfaces) by extensions ['colcon_meta']
[0.320s] Level 1:colcon.colcon_core.package_identification:_identify(src/kvaser_msg_interfaces) by extension 'colcon_meta'
[0.320s] Level 1:colcon.colcon_core.package_identification:_identify(src/kvaser_msg_interfaces) by extensions ['ros']
[0.320s] Level 1:colcon.colcon_core.package_identification:_identify(src/kvaser_msg_interfaces) by extension 'ros'
[0.320s] DEBUG:colcon.colcon_core.package_identification:Package 'src/kvaser_msg_interfaces' with type 'ros.ament_cmake' and name 'kvaser_msg_interfaces'
[0.320s] Level 1:colcon.colcon_core.package_identification:_identify(src/kvaser_parser_ros) by extensions ['ignore', 'ignore_ament_install']
[0.320s] Level 1:colcon.colcon_core.package_identification:_identify(src/kvaser_parser_ros) by extension 'ignore'
[0.320s] Level 1:colcon.colcon_core.package_identification:_identify(src/kvaser_parser_ros) by extension 'ignore_ament_install'
[0.320s] Level 1:colcon.colcon_core.package_identification:_identify(src/kvaser_parser_ros) by extensions ['colcon_pkg']
[0.320s] Level 1:colcon.colcon_core.package_identification:_identify(src/kvaser_parser_ros) by extension 'colcon_pkg'
[0.320s] Level 1:colcon.colcon_core.package_identification:_identify(src/kvaser_parser_ros) by extensions ['colcon_meta']
[0.321s] Level 1:colcon.colcon_core.package_identification:_identify(src/kvaser_parser_ros) by extension 'colcon_meta'
[0.321s] Level 1:colcon.colcon_core.package_identification:_identify(src/kvaser_parser_ros) by extensions ['ros']
[0.321s] Level 1:colcon.colcon_core.package_identification:_identify(src/kvaser_parser_ros) by extension 'ros'
[0.321s] DEBUG:colcon.colcon_core.package_identification:Package 'src/kvaser_parser_ros' with type 'ros.ament_python' and name 'kvaser_parser_ros'
[0.321s] Level 1:colcon.colcon_core.package_identification:_identify(src/my_bridge) by extensions ['ignore', 'ignore_ament_install']
[0.321s] Level 1:colcon.colcon_core.package_identification:_identify(src/my_bridge) by extension 'ignore'
[0.321s] Level 1:colcon.colcon_core.package_identification:_identify(src/my_bridge) by extension 'ignore_ament_install'
[0.321s] Level 1:colcon.colcon_core.package_identification:_identify(src/my_bridge) by extensions ['colcon_pkg']
[0.321s] Level 1:colcon.colcon_core.package_identification:_identify(src/my_bridge) by extension 'colcon_pkg'
[0.321s] Level 1:colcon.colcon_core.package_identification:_identify(src/my_bridge) by extensions ['colcon_meta']
[0.321s] Level 1:colcon.colcon_core.package_identification:_identify(src/my_bridge) by extension 'colcon_meta'
[0.321s] Level 1:colcon.colcon_core.package_identification:_identify(src/my_bridge) by extensions ['ros']
[0.321s] Level 1:colcon.colcon_core.package_identification:_identify(src/my_bridge) by extension 'ros'
[0.322s] DEBUG:colcon.colcon_core.package_identification:Package 'src/my_bridge' with type 'ros.ament_python' and name 'my_bridge'
[0.322s] Level 1:colcon.colcon_core.package_identification:_identify(src/test_set_transform_bend) by extensions ['ignore', 'ignore_ament_install']
[0.322s] Level 1:colcon.colcon_core.package_identification:_identify(src/test_set_transform_bend) by extension 'ignore'
[0.322s] Level 1:colcon.colcon_core.package_identification:_identify(src/test_set_transform_bend) by extension 'ignore_ament_install'
[0.322s] Level 1:colcon.colcon_core.package_identification:_identify(src/test_set_transform_bend) by extensions ['colcon_pkg']
[0.322s] Level 1:colcon.colcon_core.package_identification:_identify(src/test_set_transform_bend) by extension 'colcon_pkg'
[0.322s] Level 1:colcon.colcon_core.package_identification:_identify(src/test_set_transform_bend) by extensions ['colcon_meta']
[0.322s] Level 1:colcon.colcon_core.package_identification:_identify(src/test_set_transform_bend) by extension 'colcon_meta'
[0.322s] Level 1:colcon.colcon_core.package_identification:_identify(src/test_set_transform_bend) by extensions ['ros']
[0.322s] Level 1:colcon.colcon_core.package_identification:_identify(src/test_set_transform_bend) by extension 'ros'
[0.322s] DEBUG:colcon.colcon_core.package_identification:Package 'src/test_set_transform_bend' with type 'ros.ament_python' and name 'test_set_transform_bend'
[0.322s] Level 1:colcon.colcon_core.package_identification:_identify(src/traject_plan_control) by extensions ['ignore', 'ignore_ament_install']
[0.322s] Level 1:colcon.colcon_core.package_identification:_identify(src/traject_plan_control) by extension 'ignore'
[0.323s] Level 1:colcon.colcon_core.package_identification:_identify(src/traject_plan_control) by extension 'ignore_ament_install'
[0.323s] Level 1:colcon.colcon_core.package_identification:_identify(src/traject_plan_control) by extensions ['colcon_pkg']
[0.323s] Level 1:colcon.colcon_core.package_identification:_identify(src/traject_plan_control) by extension 'colcon_pkg'
[0.323s] Level 1:colcon.colcon_core.package_identification:_identify(src/traject_plan_control) by extensions ['colcon_meta']
[0.323s] Level 1:colcon.colcon_core.package_identification:_identify(src/traject_plan_control) by extension 'colcon_meta'
[0.323s] Level 1:colcon.colcon_core.package_identification:_identify(src/traject_plan_control) by extensions ['ros']
[0.323s] Level 1:colcon.colcon_core.package_identification:_identify(src/traject_plan_control) by extension 'ros'
[0.323s] DEBUG:colcon.colcon_core.package_identification:Package 'src/traject_plan_control' with type 'ros.ament_python' and name 'traject_plan_control'
[0.323s] Level 1:colcon.colcon_core.package_identification:_identify(src/waypoints_types) by extensions ['ignore', 'ignore_ament_install']
[0.323s] Level 1:colcon.colcon_core.package_identification:_identify(src/waypoints_types) by extension 'ignore'
[0.323s] Level 1:colcon.colcon_core.package_identification:_identify(src/waypoints_types) by extension 'ignore_ament_install'
[0.323s] Level 1:colcon.colcon_core.package_identification:_identify(src/waypoints_types) by extensions ['colcon_pkg']
[0.323s] Level 1:colcon.colcon_core.package_identification:_identify(src/waypoints_types) by extension 'colcon_pkg'
[0.323s] Level 1:colcon.colcon_core.package_identification:_identify(src/waypoints_types) by extensions ['colcon_meta']
[0.323s] Level 1:colcon.colcon_core.package_identification:_identify(src/waypoints_types) by extension 'colcon_meta'
[0.323s] Level 1:colcon.colcon_core.package_identification:_identify(src/waypoints_types) by extensions ['ros']
[0.323s] Level 1:colcon.colcon_core.package_identification:_identify(src/waypoints_types) by extension 'ros'
[0.324s] DEBUG:colcon.colcon_core.package_identification:Package 'src/waypoints_types' with type 'ros.ament_cmake' and name 'waypoints_types'
[0.324s] Level 1:colcon.colcon_core.package_discovery:discover_packages(recursive) using defaults
[0.324s] Level 1:colcon.colcon_core.package_discovery:discover_packages(ignore) discover
[0.324s] Level 1:colcon.colcon_core.package_discovery:discover_packages(ignore) using defaults
[0.324s] Level 1:colcon.colcon_core.package_discovery:discover_packages(path) discover
[0.324s] Level 1:colcon.colcon_core.package_discovery:discover_packages(path) using defaults
[0.342s] Level 1:colcon.colcon_core.package_discovery:discover_packages(prefix_path) check parameters
[0.342s] Level 1:colcon.colcon_core.package_discovery:discover_packages(prefix_path) discover
[0.345s] DEBUG:colcon.colcon_installed_package_information.package_discovery:Found 1 installed packages in /home/cec20/ros2-force-feedback/install
[0.346s] DEBUG:colcon.colcon_installed_package_information.package_discovery:Found 21 installed packages in /home/cec20/carla-ros-bridge/install
[0.348s] DEBUG:colcon.colcon_installed_package_information.package_discovery:Found 297 installed packages in /opt/ros/foxy
[0.349s] Level 1:colcon.colcon_core.package_discovery:discover_packages(prefix_path) using defaults
[0.407s] Level 5:colcon.colcon_core.verb:set package 'imagenode' build argument 'cmake_args' from command line to 'None'
[0.407s] Level 5:colcon.colcon_core.verb:set package 'imagenode' build argument 'cmake_target' from command line to 'None'
[0.407s] Level 5:colcon.colcon_core.verb:set package 'imagenode' build argument 'cmake_target_skip_unavailable' from command line to 'False'
[0.407s] Level 5:colcon.colcon_core.verb:set package 'imagenode' build argument 'cmake_clean_cache' from command line to 'False'
[0.407s] Level 5:colcon.colcon_core.verb:set package 'imagenode' build argument 'cmake_clean_first' from command line to 'False'
[0.407s] Level 5:colcon.colcon_core.verb:set package 'imagenode' build argument 'cmake_force_configure' from command line to 'False'
[0.407s] Level 5:colcon.colcon_core.verb:set package 'imagenode' build argument 'ament_cmake_args' from command line to 'None'
[0.407s] Level 5:colcon.colcon_core.verb:set package 'imagenode' build argument 'catkin_cmake_args' from command line to 'None'
[0.407s] Level 5:colcon.colcon_core.verb:set package 'imagenode' build argument 'catkin_skip_building_tests' from command line to 'False'
[0.407s] DEBUG:colcon.colcon_core.verb:Building package 'imagenode' with the following arguments: {'ament_cmake_args': None, 'build_base': '/home/cec20/Yangjiaxin/my-carla-ros-bridge/build/imagenode', 'catkin_cmake_args': None, 'catkin_skip_building_tests': False, 'cmake_args': None, 'cmake_clean_cache': False, 'cmake_clean_first': False, 'cmake_force_configure': False, 'cmake_target': None, 'cmake_target_skip_unavailable': False, 'install_base': '/home/cec20/Yangjiaxin/my-carla-ros-bridge/install/imagenode', 'merge_install': False, 'path': '/home/cec20/Yangjiaxin/my-carla-ros-bridge/src/imagenode', 'symlink_install': False, 'test_result_base': None}
[0.408s] Level 5:colcon.colcon_core.verb:set package 'kvaser_msg_interfaces' build argument 'cmake_args' from command line to 'None'
[0.408s] Level 5:colcon.colcon_core.verb:set package 'kvaser_msg_interfaces' build argument 'cmake_target' from command line to 'None'
[0.408s] Level 5:colcon.colcon_core.verb:set package 'kvaser_msg_interfaces' build argument 'cmake_target_skip_unavailable' from command line to 'False'
[0.408s] Level 5:colcon.colcon_core.verb:set package 'kvaser_msg_interfaces' build argument 'cmake_clean_cache' from command line to 'False'
[0.408s] Level 5:colcon.colcon_core.verb:set package 'kvaser_msg_interfaces' build argument 'cmake_clean_first' from command line to 'False'
[0.408s] Level 5:colcon.colcon_core.verb:set package 'kvaser_msg_interfaces' build argument 'cmake_force_configure' from command line to 'False'
[0.408s] Level 5:colcon.colcon_core.verb:set package 'kvaser_msg_interfaces' build argument 'ament_cmake_args' from command line to 'None'
[0.409s] Level 5:colcon.colcon_core.verb:set package 'kvaser_msg_interfaces' build argument 'catkin_cmake_args' from command line to 'None'
[0.409s] Level 5:colcon.colcon_core.verb:set package 'kvaser_msg_interfaces' build argument 'catkin_skip_building_tests' from command line to 'False'
[0.409s] DEBUG:colcon.colcon_core.verb:Building package 'kvaser_msg_interfaces' with the following arguments: {'ament_cmake_args': None, 'build_base': '/home/cec20/Yangjiaxin/my-carla-ros-bridge/build/kvaser_msg_interfaces', 'catkin_cmake_args': None, 'catkin_skip_building_tests': False, 'cmake_args': None, 'cmake_clean_cache': False, 'cmake_clean_first': False, 'cmake_force_configure': False, 'cmake_target': None, 'cmake_target_skip_unavailable': False, 'install_base': '/home/cec20/Yangjiaxin/my-carla-ros-bridge/install/kvaser_msg_interfaces', 'merge_install': False, 'path': '/home/cec20/Yangjiaxin/my-carla-ros-bridge/src/kvaser_msg_interfaces', 'symlink_install': False, 'test_result_base': None}
[0.410s] Level 5:colcon.colcon_core.verb:set package 'my_bridge' build argument 'cmake_args' from command line to 'None'
[0.410s] Level 5:colcon.colcon_core.verb:set package 'my_bridge' build argument 'cmake_target' from command line to 'None'
[0.410s] Level 5:colcon.colcon_core.verb:set package 'my_bridge' build argument 'cmake_target_skip_unavailable' from command line to 'False'
[0.410s] Level 5:colcon.colcon_core.verb:set package 'my_bridge' build argument 'cmake_clean_cache' from command line to 'False'
[0.410s] Level 5:colcon.colcon_core.verb:set package 'my_bridge' build argument 'cmake_clean_first' from command line to 'False'
[0.410s] Level 5:colcon.colcon_core.verb:set package 'my_bridge' build argument 'cmake_force_configure' from command line to 'False'
[0.410s] Level 5:colcon.colcon_core.verb:set package 'my_bridge' build argument 'ament_cmake_args' from command line to 'None'
[0.410s] Level 5:colcon.colcon_core.verb:set package 'my_bridge' build argument 'catkin_cmake_args' from command line to 'None'
[0.410s] Level 5:colcon.colcon_core.verb:set package 'my_bridge' build argument 'catkin_skip_building_tests' from command line to 'False'
[0.410s] DEBUG:colcon.colcon_core.verb:Building package 'my_bridge' with the following arguments: {'ament_cmake_args': None, 'build_base': '/home/cec20/Yangjiaxin/my-carla-ros-bridge/build/my_bridge', 'catkin_cmake_args': None, 'catkin_skip_building_tests': False, 'cmake_args': None, 'cmake_clean_cache': False, 'cmake_clean_first': False, 'cmake_force_configure': False, 'cmake_target': None, 'cmake_target_skip_unavailable': False, 'install_base': '/home/cec20/Yangjiaxin/my-carla-ros-bridge/install/my_bridge', 'merge_install': False, 'path': '/home/cec20/Yangjiaxin/my-carla-ros-bridge/src/my_bridge', 'symlink_install': False, 'test_result_base': None}
[0.411s] Level 5:colcon.colcon_core.verb:set package 'test_set_transform_bend' build argument 'cmake_args' from command line to 'None'
[0.411s] Level 5:colcon.colcon_core.verb:set package 'test_set_transform_bend' build argument 'cmake_target' from command line to 'None'
[0.411s] Level 5:colcon.colcon_core.verb:set package 'test_set_transform_bend' build argument 'cmake_target_skip_unavailable' from command line to 'False'
[0.411s] Level 5:colcon.colcon_core.verb:set package 'test_set_transform_bend' build argument 'cmake_clean_cache' from command line to 'False'
[0.411s] Level 5:colcon.colcon_core.verb:set package 'test_set_transform_bend' build argument 'cmake_clean_first' from command line to 'False'
[0.411s] Level 5:colcon.colcon_core.verb:set package 'test_set_transform_bend' build argument 'cmake_force_configure' from command line to 'False'
[0.411s] Level 5:colcon.colcon_core.verb:set package 'test_set_transform_bend' build argument 'ament_cmake_args' from command line to 'None'
[0.411s] Level 5:colcon.colcon_core.verb:set package 'test_set_transform_bend' build argument 'catkin_cmake_args' from command line to 'None'
[0.411s] Level 5:colcon.colcon_core.verb:set package 'test_set_transform_bend' build argument 'catkin_skip_building_tests' from command line to 'False'
[0.411s] DEBUG:colcon.colcon_core.verb:Building package 'test_set_transform_bend' with the following arguments: {'ament_cmake_args': None, 'build_base': '/home/cec20/Yangjiaxin/my-carla-ros-bridge/build/test_set_transform_bend', 'catkin_cmake_args': None, 'catkin_skip_building_tests': False, 'cmake_args': None, 'cmake_clean_cache': False, 'cmake_clean_first': False, 'cmake_force_configure': False, 'cmake_target': None, 'cmake_target_skip_unavailable': False, 'install_base': '/home/cec20/Yangjiaxin/my-carla-ros-bridge/install/test_set_transform_bend', 'merge_install': False, 'path': '/home/cec20/Yangjiaxin/my-carla-ros-bridge/src/test_set_transform_bend', 'symlink_install': False, 'test_result_base': None}
[0.412s] Level 5:colcon.colcon_core.verb:set package 'traject_plan_control' build argument 'cmake_args' from command line to 'None'
[0.412s] Level 5:colcon.colcon_core.verb:set package 'traject_plan_control' build argument 'cmake_target' from command line to 'None'
[0.412s] Level 5:colcon.colcon_core.verb:set package 'traject_plan_control' build argument 'cmake_target_skip_unavailable' from command line to 'False'
[0.412s] Level 5:colcon.colcon_core.verb:set package 'traject_plan_control' build argument 'cmake_clean_cache' from command line to 'False'
[0.412s] Level 5:colcon.colcon_core.verb:set package 'traject_plan_control' build argument 'cmake_clean_first' from command line to 'False'
[0.412s] Level 5:colcon.colcon_core.verb:set package 'traject_plan_control' build argument 'cmake_force_configure' from command line to 'False'
[0.412s] Level 5:colcon.colcon_core.verb:set package 'traject_plan_control' build argument 'ament_cmake_args' from command line to 'None'
[0.412s] Level 5:colcon.colcon_core.verb:set package 'traject_plan_control' build argument 'catkin_cmake_args' from command line to 'None'
[0.412s] Level 5:colcon.colcon_core.verb:set package 'traject_plan_control' build argument 'catkin_skip_building_tests' from command line to 'False'
[0.412s] DEBUG:colcon.colcon_core.verb:Building package 'traject_plan_control' with the following arguments: {'ament_cmake_args': None, 'build_base': '/home/cec20/Yangjiaxin/my-carla-ros-bridge/build/traject_plan_control', 'catkin_cmake_args': None, 'catkin_skip_building_tests': False, 'cmake_args': None, 'cmake_clean_cache': False, 'cmake_clean_first': False, 'cmake_force_configure': False, 'cmake_target': None, 'cmake_target_skip_unavailable': False, 'install_base': '/home/cec20/Yangjiaxin/my-carla-ros-bridge/install/traject_plan_control', 'merge_install': False, 'path': '/home/cec20/Yangjiaxin/my-carla-ros-bridge/src/traject_plan_control', 'symlink_install': False, 'test_result_base': None}
[0.413s] Level 5:colcon.colcon_core.verb:set package 'waypoints_types' build argument 'cmake_args' from command line to 'None'
[0.413s] Level 5:colcon.colcon_core.verb:set package 'waypoints_types' build argument 'cmake_target' from command line to 'None'
[0.413s] Level 5:colcon.colcon_core.verb:set package 'waypoints_types' build argument 'cmake_target_skip_unavailable' from command line to 'False'
[0.413s] Level 5:colcon.colcon_core.verb:set package 'waypoints_types' build argument 'cmake_clean_cache' from command line to 'False'
[0.413s] Level 5:colcon.colcon_core.verb:set package 'waypoints_types' build argument 'cmake_clean_first' from command line to 'False'
[0.413s] Level 5:colcon.colcon_core.verb:set package 'waypoints_types' build argument 'cmake_force_configure' from command line to 'False'
[0.413s] Level 5:colcon.colcon_core.verb:set package 'waypoints_types' build argument 'ament_cmake_args' from command line to 'None'
[0.413s] Level 5:colcon.colcon_core.verb:set package 'waypoints_types' build argument 'catkin_cmake_args' from command line to 'None'
[0.413s] Level 5:colcon.colcon_core.verb:set package 'waypoints_types' build argument 'catkin_skip_building_tests' from command line to 'False'
[0.413s] DEBUG:colcon.colcon_core.verb:Building package 'waypoints_types' with the following arguments: {'ament_cmake_args': None, 'build_base': '/home/cec20/Yangjiaxin/my-carla-ros-bridge/build/waypoints_types', 'catkin_cmake_args': None, 'catkin_skip_building_tests': False, 'cmake_args': None, 'cmake_clean_cache': False, 'cmake_clean_first': False, 'cmake_force_configure': False, 'cmake_target': None, 'cmake_target_skip_unavailable': False, 'install_base': '/home/cec20/Yangjiaxin/my-carla-ros-bridge/install/waypoints_types', 'merge_install': False, 'path': '/home/cec20/Yangjiaxin/my-carla-ros-bridge/src/waypoints_types', 'symlink_install': False, 'test_result_base': None}
[0.414s] Level 5:colcon.colcon_core.verb:set package 'kvaser_parser_ros' build argument 'cmake_args' from command line to 'None'
[0.414s] Level 5:colcon.colcon_core.verb:set package 'kvaser_parser_ros' build argument 'cmake_target' from command line to 'None'
[0.414s] Level 5:colcon.colcon_core.verb:set package 'kvaser_parser_ros' build argument 'cmake_target_skip_unavailable' from command line to 'False'
[0.414s] Level 5:colcon.colcon_core.verb:set package 'kvaser_parser_ros' build argument 'cmake_clean_cache' from command line to 'False'
[0.414s] Level 5:colcon.colcon_core.verb:set package 'kvaser_parser_ros' build argument 'cmake_clean_first' from command line to 'False'
[0.414s] Level 5:colcon.colcon_core.verb:set package 'kvaser_parser_ros' build argument 'cmake_force_configure' from command line to 'False'
[0.414s] Level 5:colcon.colcon_core.verb:set package 'kvaser_parser_ros' build argument 'ament_cmake_args' from command line to 'None'
[0.414s] Level 5:colcon.colcon_core.verb:set package 'kvaser_parser_ros' build argument 'catkin_cmake_args' from command line to 'None'
[0.414s] Level 5:colcon.colcon_core.verb:set package 'kvaser_parser_ros' build argument 'catkin_skip_building_tests' from command line to 'False'
[0.414s] DEBUG:colcon.colcon_core.verb:Building package 'kvaser_parser_ros' with the following arguments: {'ament_cmake_args': None, 'build_base': '/home/cec20/Yangjiaxin/my-carla-ros-bridge/build/kvaser_parser_ros', 'catkin_cmake_args': None, 'catkin_skip_building_tests': False, 'cmake_args': None, 'cmake_clean_cache': False, 'cmake_clean_first': False, 'cmake_force_configure': False, 'cmake_target': None, 'cmake_target_skip_unavailable': False, 'install_base': '/home/cec20/Yangjiaxin/my-carla-ros-bridge/install/kvaser_parser_ros', 'merge_install': False, 'path': '/home/cec20/Yangjiaxin/my-carla-ros-bridge/src/kvaser_parser_ros', 'symlink_install': False, 'test_result_base': None}
[0.414s] INFO:colcon.colcon_core.executor:Executing jobs using 'parallel' executor
[0.417s] DEBUG:colcon.colcon_parallel_executor.executor.parallel:run_until_complete
[0.418s] INFO:colcon.colcon_ros.task.ament_cmake.build:Building ROS package in '/home/cec20/Yangjiaxin/my-carla-ros-bridge/src/kvaser_msg_interfaces' with build type 'ament_cmake'
[0.418s] INFO:colcon.colcon_cmake.task.cmake.build:Building CMake package in '/home/cec20/Yangjiaxin/my-carla-ros-bridge/src/kvaser_msg_interfaces'
[0.421s] INFO:colcon.colcon_core.plugin_system:Skipping extension 'colcon_core.shell.bat': Not used on non-Windows systems
[0.421s] INFO:colcon.colcon_core.shell:Skip shell extension 'powershell' for command environment: Not usable outside of PowerShell
[0.422s] DEBUG:colcon.colcon_core.shell:Skip shell extension 'dsv' for command environment
[0.430s] INFO:colcon.colcon_ros.task.ament_python.build:Building ROS package in '/home/cec20/Yangjiaxin/my-carla-ros-bridge/src/imagenode' with build type 'ament_python'
[0.430s] Level 1:colcon.colcon_core.shell:create_environment_hook('imagenode', 'ament_prefix_path')
[0.431s] INFO:colcon.colcon_core.shell:Creating environment hook '/home/cec20/Yangjiaxin/my-carla-ros-bridge/install/imagenode/share/imagenode/hook/ament_prefix_path.ps1'
[0.432s] INFO:colcon.colcon_core.shell:Creating environment descriptor '/home/cec20/Yangjiaxin/my-carla-ros-bridge/install/imagenode/share/imagenode/hook/ament_prefix_path.dsv'
[0.432s] INFO:colcon.colcon_core.shell:Creating environment hook '/home/cec20/Yangjiaxin/my-carla-ros-bridge/install/imagenode/share/imagenode/hook/ament_prefix_path.sh'
[0.434s] INFO:colcon.colcon_core.shell:Skip shell extension 'powershell' for command environment: Not usable outside of PowerShell
[0.434s] DEBUG:colcon.colcon_core.shell:Skip shell extension 'dsv' for command environment
[0.440s] INFO:colcon.colcon_ros.task.ament_python.build:Building ROS package in '/home/cec20/Yangjiaxin/my-carla-ros-bridge/src/my_bridge' with build type 'ament_python'
[0.440s] Level 1:colcon.colcon_core.shell:create_environment_hook('my_bridge', 'ament_prefix_path')
[0.441s] INFO:colcon.colcon_core.shell:Creating environment hook '/home/cec20/Yangjiaxin/my-carla-ros-bridge/install/my_bridge/share/my_bridge/hook/ament_prefix_path.ps1'
[0.442s] INFO:colcon.colcon_core.shell:Creating environment descriptor '/home/cec20/Yangjiaxin/my-carla-ros-bridge/install/my_bridge/share/my_bridge/hook/ament_prefix_path.dsv'
[0.442s] INFO:colcon.colcon_core.shell:Creating environment hook '/home/cec20/Yangjiaxin/my-carla-ros-bridge/install/my_bridge/share/my_bridge/hook/ament_prefix_path.sh'
[0.444s] INFO:colcon.colcon_core.shell:Skip shell extension 'powershell' for command environment: Not usable outside of PowerShell
[0.444s] DEBUG:colcon.colcon_core.shell:Skip shell extension 'dsv' for command environment
[0.449s] INFO:colcon.colcon_ros.task.ament_python.build:Building ROS package in '/home/cec20/Yangjiaxin/my-carla-ros-bridge/src/test_set_transform_bend' with build type 'ament_python'
[0.450s] Level 1:colcon.colcon_core.shell:create_environment_hook('test_set_transform_bend', 'ament_prefix_path')
[0.451s] INFO:colcon.colcon_core.shell:Creating environment hook '/home/cec20/Yangjiaxin/my-carla-ros-bridge/install/test_set_transform_bend/share/test_set_transform_bend/hook/ament_prefix_path.ps1'
[0.452s] INFO:colcon.colcon_core.shell:Creating environment descriptor '/home/cec20/Yangjiaxin/my-carla-ros-bridge/install/test_set_transform_bend/share/test_set_transform_bend/hook/ament_prefix_path.dsv'
[0.452s] INFO:colcon.colcon_core.shell:Creating environment hook '/home/cec20/Yangjiaxin/my-carla-ros-bridge/install/test_set_transform_bend/share/test_set_transform_bend/hook/ament_prefix_path.sh'
[0.453s] INFO:colcon.colcon_core.shell:Skip shell extension 'powershell' for command environment: Not usable outside of PowerShell
[0.453s] DEBUG:colcon.colcon_core.shell:Skip shell extension 'dsv' for command environment
[0.459s] INFO:colcon.colcon_ros.task.ament_python.build:Building ROS package in '/home/cec20/Yangjiaxin/my-carla-ros-bridge/src/traject_plan_control' with build type 'ament_python'
[0.460s] Level 1:colcon.colcon_core.shell:create_environment_hook('traject_plan_control', 'ament_prefix_path')
[0.461s] INFO:colcon.colcon_core.shell:Creating environment hook '/home/cec20/Yangjiaxin/my-carla-ros-bridge/install/traject_plan_control/share/traject_plan_control/hook/ament_prefix_path.ps1'
[0.461s] INFO:colcon.colcon_core.shell:Creating environment descriptor '/home/cec20/Yangjiaxin/my-carla-ros-bridge/install/traject_plan_control/share/traject_plan_control/hook/ament_prefix_path.dsv'
[0.462s] INFO:colcon.colcon_core.shell:Creating environment hook '/home/cec20/Yangjiaxin/my-carla-ros-bridge/install/traject_plan_control/share/traject_plan_control/hook/ament_prefix_path.sh'
[0.463s] INFO:colcon.colcon_core.shell:Skip shell extension 'powershell' for command environment: Not usable outside of PowerShell
[0.464s] DEBUG:colcon.colcon_core.shell:Skip shell extension 'dsv' for command environment
[0.471s] INFO:colcon.colcon_ros.task.ament_cmake.build:Building ROS package in '/home/cec20/Yangjiaxin/my-carla-ros-bridge/src/waypoints_types' with build type 'ament_cmake'
[0.471s] INFO:colcon.colcon_cmake.task.cmake.build:Building CMake package in '/home/cec20/Yangjiaxin/my-carla-ros-bridge/src/waypoints_types'
[0.473s] INFO:colcon.colcon_core.shell:Skip shell extension 'powershell' for command environment: Not usable outside of PowerShell
[0.473s] DEBUG:colcon.colcon_core.shell:Skip shell extension 'dsv' for command environment
[0.486s] DEBUG:colcon.colcon_core.event_handler.log_command:Invoking command in '/home/cec20/Yangjiaxin/my-carla-ros-bridge/build/kvaser_msg_interfaces': CMAKE_PREFIX_PATH=${CMAKE_PREFIX_PATH}:/home/cec20/carla-ros-bridge/install/set_transform:/home/cec20/carla-ros-bridge/install/rqt_carla_control:/home/cec20/carla-ros-bridge/install/carla_waypoint_publisher:/home/cec20/carla-ros-bridge/install/carla_ackermann_control:/home/cec20/carla-ros-bridge/install/carla_ros_bridge:/home/cec20/carla-ros-bridge/install/carla_spawn_objects:/home/cec20/carla-ros-bridge/install/carla_manual_control:/home/cec20/carla-ros-bridge/install/carla_ad_agent:/home/cec20/carla-ros-bridge/install/ros_compatibility:/home/cec20/carla-ros-bridge/install/imagenode:/home/cec20/carla-ros-bridge/install/carla_walker_agent:/home/cec20/carla-ros-bridge/install/carla_twist_to_control:/home/cec20/carla-ros-bridge/install/carla_ros_scenario_runner:/home/cec20/carla-ros-bridge/install/carla_common:/opt/ros/foxy /usr/bin/cmake --build /home/cec20/Yangjiaxin/my-carla-ros-bridge/build/kvaser_msg_interfaces -- -j20 -l20
[0.696s] INFO:colcon.colcon_core.task.python.build:Building Python package in '/home/cec20/Yangjiaxin/my-carla-ros-bridge/src/imagenode'
[0.698s] INFO:colcon.colcon_core.shell:Skip shell extension 'powershell' for command environment: Not usable outside of PowerShell
[0.698s] DEBUG:colcon.colcon_core.shell:Skip shell extension 'dsv' for command environment
[0.907s] INFO:colcon.colcon_core.task.python.build:Building Python package in '/home/cec20/Yangjiaxin/my-carla-ros-bridge/src/my_bridge'
[0.909s] INFO:colcon.colcon_core.shell:Skip shell extension 'powershell' for command environment: Not usable outside of PowerShell
[0.909s] DEBUG:colcon.colcon_core.shell:Skip shell extension 'dsv' for command environment
[1.110s] INFO:colcon.colcon_core.task.python.build:Building Python package in '/home/cec20/Yangjiaxin/my-carla-ros-bridge/src/test_set_transform_bend'
[1.112s] INFO:colcon.colcon_core.shell:Skip shell extension 'powershell' for command environment: Not usable outside of PowerShell
[1.112s] DEBUG:colcon.colcon_core.shell:Skip shell extension 'dsv' for command environment
[1.316s] INFO:colcon.colcon_core.task.python.build:Building Python package in '/home/cec20/Yangjiaxin/my-carla-ros-bridge/src/traject_plan_control'
[1.317s] INFO:colcon.colcon_core.shell:Skip shell extension 'powershell' for command environment: Not usable outside of PowerShell
[1.318s] DEBUG:colcon.colcon_core.shell:Skip shell extension 'dsv' for command environment
[1.328s] DEBUG:colcon.colcon_core.event_handler.log_command:Invoking command in '/home/cec20/Yangjiaxin/my-carla-ros-bridge/build/waypoints_types': CMAKE_PREFIX_PATH=${CMAKE_PREFIX_PATH}:/home/cec20/carla-ros-bridge/install/set_transform:/home/cec20/carla-ros-bridge/install/rqt_carla_control:/home/cec20/carla-ros-bridge/install/carla_waypoint_publisher:/home/cec20/carla-ros-bridge/install/carla_ackermann_control:/home/cec20/carla-ros-bridge/install/carla_ros_bridge:/home/cec20/carla-ros-bridge/install/carla_spawn_objects:/home/cec20/carla-ros-bridge/install/carla_manual_control:/home/cec20/carla-ros-bridge/install/carla_ad_agent:/home/cec20/carla-ros-bridge/install/ros_compatibility:/home/cec20/carla-ros-bridge/install/imagenode:/home/cec20/carla-ros-bridge/install/carla_walker_agent:/home/cec20/carla-ros-bridge/install/carla_twist_to_control:/home/cec20/carla-ros-bridge/install/carla_ros_scenario_runner:/home/cec20/carla-ros-bridge/install/carla_common:/opt/ros/foxy /usr/bin/cmake --build /home/cec20/Yangjiaxin/my-carla-ros-bridge/build/waypoints_types -- -j20 -l20
[1.335s] DEBUG:colcon.colcon_core.event_handler.log_command:Invoked command in '/home/cec20/Yangjiaxin/my-carla-ros-bridge/build/kvaser_msg_interfaces' returned '0': CMAKE_PREFIX_PATH=${CMAKE_PREFIX_PATH}:/home/cec20/carla-ros-bridge/install/set_transform:/home/cec20/carla-ros-bridge/install/rqt_carla_control:/home/cec20/carla-ros-bridge/install/carla_waypoint_publisher:/home/cec20/carla-ros-bridge/install/carla_ackermann_control:/home/cec20/carla-ros-bridge/install/carla_ros_bridge:/home/cec20/carla-ros-bridge/install/carla_spawn_objects:/home/cec20/carla-ros-bridge/install/carla_manual_control:/home/cec20/carla-ros-bridge/install/carla_ad_agent:/home/cec20/carla-ros-bridge/install/ros_compatibility:/home/cec20/carla-ros-bridge/install/imagenode:/home/cec20/carla-ros-bridge/install/carla_walker_agent:/home/cec20/carla-ros-bridge/install/carla_twist_to_control:/home/cec20/carla-ros-bridge/install/carla_ros_scenario_runner:/home/cec20/carla-ros-bridge/install/carla_common:/opt/ros/foxy /usr/bin/cmake --build /home/cec20/Yangjiaxin/my-carla-ros-bridge/build/kvaser_msg_interfaces -- -j20 -l20
[1.379s] DEBUG:colcon.colcon_core.event_handler.log_command:Invoking command in '/home/cec20/Yangjiaxin/my-carla-ros-bridge/build/kvaser_msg_interfaces': CMAKE_PREFIX_PATH=${CMAKE_PREFIX_PATH}:/home/cec20/carla-ros-bridge/install/set_transform:/home/cec20/carla-ros-bridge/install/rqt_carla_control:/home/cec20/carla-ros-bridge/install/carla_waypoint_publisher:/home/cec20/carla-ros-bridge/install/carla_ackermann_control:/home/cec20/carla-ros-bridge/install/carla_ros_bridge:/home/cec20/carla-ros-bridge/install/carla_spawn_objects:/home/cec20/carla-ros-bridge/install/carla_manual_control:/home/cec20/carla-ros-bridge/install/carla_ad_agent:/home/cec20/carla-ros-bridge/install/ros_compatibility:/home/cec20/carla-ros-bridge/install/imagenode:/home/cec20/carla-ros-bridge/install/carla_walker_agent:/home/cec20/carla-ros-bridge/install/carla_twist_to_control:/home/cec20/carla-ros-bridge/install/carla_ros_scenario_runner:/home/cec20/carla-ros-bridge/install/carla_common:/opt/ros/foxy /usr/bin/cmake --install /home/cec20/Yangjiaxin/my-carla-ros-bridge/build/kvaser_msg_interfaces
[1.432s] Level 1:colcon.colcon_core.environment:create_environment_scripts_only(kvaser_msg_interfaces)
[1.434s] DEBUG:colcon.colcon_core.event_handler.log_command:Invoked command in '/home/cec20/Yangjiaxin/my-carla-ros-bridge/build/kvaser_msg_interfaces' returned '0': CMAKE_PREFIX_PATH=${CMAKE_PREFIX_PATH}:/home/cec20/carla-ros-bridge/install/set_transform:/home/cec20/carla-ros-bridge/install/rqt_carla_control:/home/cec20/carla-ros-bridge/install/carla_waypoint_publisher:/home/cec20/carla-ros-bridge/install/carla_ackermann_control:/home/cec20/carla-ros-bridge/install/carla_ros_bridge:/home/cec20/carla-ros-bridge/install/carla_spawn_objects:/home/cec20/carla-ros-bridge/install/carla_manual_control:/home/cec20/carla-ros-bridge/install/carla_ad_agent:/home/cec20/carla-ros-bridge/install/ros_compatibility:/home/cec20/carla-ros-bridge/install/imagenode:/home/cec20/carla-ros-bridge/install/carla_walker_agent:/home/cec20/carla-ros-bridge/install/carla_twist_to_control:/home/cec20/carla-ros-bridge/install/carla_ros_scenario_runner:/home/cec20/carla-ros-bridge/install/carla_common:/opt/ros/foxy /usr/bin/cmake --install /home/cec20/Yangjiaxin/my-carla-ros-bridge/build/kvaser_msg_interfaces
[1.440s] Level 1:colcon.colcon_core.environment:checking '/home/cec20/Yangjiaxin/my-carla-ros-bridge/install/kvaser_msg_interfaces' for CMake module files
[1.441s] Level 1:colcon.colcon_core.environment:checking '/home/cec20/Yangjiaxin/my-carla-ros-bridge/install/kvaser_msg_interfaces' for CMake config files
[1.442s] Level 1:colcon.colcon_core.shell:create_environment_hook('kvaser_msg_interfaces', 'cmake_prefix_path')
[1.444s] INFO:colcon.colcon_core.shell:Creating environment hook '/home/cec20/Yangjiaxin/my-carla-ros-bridge/install/kvaser_msg_interfaces/share/kvaser_msg_interfaces/hook/cmake_prefix_path.ps1'
[1.445s] INFO:colcon.colcon_core.shell:Creating environment descriptor '/home/cec20/Yangjiaxin/my-carla-ros-bridge/install/kvaser_msg_interfaces/share/kvaser_msg_interfaces/hook/cmake_prefix_path.dsv'
[1.445s] INFO:colcon.colcon_core.shell:Creating environment hook '/home/cec20/Yangjiaxin/my-carla-ros-bridge/install/kvaser_msg_interfaces/share/kvaser_msg_interfaces/hook/cmake_prefix_path.sh'
[1.446s] Level 1:colcon.colcon_core.environment:checking '/home/cec20/Yangjiaxin/my-carla-ros-bridge/install/kvaser_msg_interfaces/lib'
[1.446s] Level 1:colcon.colcon_core.shell:create_environment_hook('kvaser_msg_interfaces', 'ld_library_path_lib')
[1.448s] INFO:colcon.colcon_core.shell:Creating environment hook '/home/cec20/Yangjiaxin/my-carla-ros-bridge/install/kvaser_msg_interfaces/share/kvaser_msg_interfaces/hook/ld_library_path_lib.ps1'
[1.449s] INFO:colcon.colcon_core.shell:Creating environment descriptor '/home/cec20/Yangjiaxin/my-carla-ros-bridge/install/kvaser_msg_interfaces/share/kvaser_msg_interfaces/hook/ld_library_path_lib.dsv'
[1.449s] INFO:colcon.colcon_core.shell:Creating environment hook '/home/cec20/Yangjiaxin/my-carla-ros-bridge/install/kvaser_msg_interfaces/share/kvaser_msg_interfaces/hook/ld_library_path_lib.sh'
[1.449s] Level 1:colcon.colcon_core.environment:checking '/home/cec20/Yangjiaxin/my-carla-ros-bridge/install/kvaser_msg_interfaces/bin'
[1.449s] Level 1:colcon.colcon_core.environment:checking '/home/cec20/Yangjiaxin/my-carla-ros-bridge/install/kvaser_msg_interfaces/lib/pkgconfig/kvaser_msg_interfaces.pc'
[1.450s] Level 1:colcon.colcon_core.environment:checking '/home/cec20/Yangjiaxin/my-carla-ros-bridge/install/kvaser_msg_interfaces/lib/python3.8/site-packages'
[1.450s] Level 1:colcon.colcon_core.shell:create_environment_hook('kvaser_msg_interfaces', 'pythonpath')
[1.452s] INFO:colcon.colcon_core.shell:Creating environment hook '/home/cec20/Yangjiaxin/my-carla-ros-bridge/install/kvaser_msg_interfaces/share/kvaser_msg_interfaces/hook/pythonpath.ps1'
[1.452s] INFO:colcon.colcon_core.shell:Creating environment descriptor '/home/cec20/Yangjiaxin/my-carla-ros-bridge/install/kvaser_msg_interfaces/share/kvaser_msg_interfaces/hook/pythonpath.dsv'
[1.453s] INFO:colcon.colcon_core.shell:Creating environment hook '/home/cec20/Yangjiaxin/my-carla-ros-bridge/install/kvaser_msg_interfaces/share/kvaser_msg_interfaces/hook/pythonpath.sh'
[1.453s] Level 1:colcon.colcon_core.environment:checking '/home/cec20/Yangjiaxin/my-carla-ros-bridge/install/kvaser_msg_interfaces/bin'
[1.456s] INFO:colcon.colcon_core.shell:Creating package script '/home/cec20/Yangjiaxin/my-carla-ros-bridge/install/kvaser_msg_interfaces/share/kvaser_msg_interfaces/package.ps1'
[1.457s] INFO:colcon.colcon_core.shell:Creating package descriptor '/home/cec20/Yangjiaxin/my-carla-ros-bridge/install/kvaser_msg_interfaces/share/kvaser_msg_interfaces/package.dsv'
[1.457s] INFO:colcon.colcon_core.shell:Creating package script '/home/cec20/Yangjiaxin/my-carla-ros-bridge/install/kvaser_msg_interfaces/share/kvaser_msg_interfaces/package.sh'
[1.459s] INFO:colcon.colcon_core.shell:Creating package script '/home/cec20/Yangjiaxin/my-carla-ros-bridge/install/kvaser_msg_interfaces/share/kvaser_msg_interfaces/package.bash'
[1.459s] INFO:colcon.colcon_core.shell:Creating package script '/home/cec20/Yangjiaxin/my-carla-ros-bridge/install/kvaser_msg_interfaces/share/kvaser_msg_interfaces/package.zsh'
[1.460s] Level 1:colcon.colcon_core.environment:create_file_with_runtime_dependencies(/home/cec20/Yangjiaxin/my-carla-ros-bridge/install/kvaser_msg_interfaces/share/colcon-core/packages/kvaser_msg_interfaces)
[1.497s] Level 1:colcon.colcon_core.environment:create_environment_scripts_only(kvaser_msg_interfaces)
[1.499s] Level 1:colcon.colcon_core.environment:checking '/home/cec20/Yangjiaxin/my-carla-ros-bridge/install/kvaser_msg_interfaces' for CMake module files
[1.500s] Level 1:colcon.colcon_core.environment:checking '/home/cec20/Yangjiaxin/my-carla-ros-bridge/install/kvaser_msg_interfaces' for CMake config files
[1.500s] Level 1:colcon.colcon_core.shell:create_environment_hook('kvaser_msg_interfaces', 'cmake_prefix_path')
[1.501s] INFO:colcon.colcon_core.shell:Creating environment hook '/home/cec20/Yangjiaxin/my-carla-ros-bridge/install/kvaser_msg_interfaces/share/kvaser_msg_interfaces/hook/cmake_prefix_path.ps1'
[1.501s] INFO:colcon.colcon_core.shell:Creating environment descriptor '/home/cec20/Yangjiaxin/my-carla-ros-bridge/install/kvaser_msg_interfaces/share/kvaser_msg_interfaces/hook/cmake_prefix_path.dsv'
[1.502s] INFO:colcon.colcon_core.shell:Creating environment hook '/home/cec20/Yangjiaxin/my-carla-ros-bridge/install/kvaser_msg_interfaces/share/kvaser_msg_interfaces/hook/cmake_prefix_path.sh'
[1.502s] Level 1:colcon.colcon_core.environment:checking '/home/cec20/Yangjiaxin/my-carla-ros-bridge/install/kvaser_msg_interfaces/lib'
[1.502s] Level 1:colcon.colcon_core.shell:create_environment_hook('kvaser_msg_interfaces', 'ld_library_path_lib')
[1.503s] INFO:colcon.colcon_core.shell:Creating environment hook '/home/cec20/Yangjiaxin/my-carla-ros-bridge/install/kvaser_msg_interfaces/share/kvaser_msg_interfaces/hook/ld_library_path_lib.ps1'
[1.504s] INFO:colcon.colcon_core.shell:Creating environment descriptor '/home/cec20/Yangjiaxin/my-carla-ros-bridge/install/kvaser_msg_interfaces/share/kvaser_msg_interfaces/hook/ld_library_path_lib.dsv'
[1.504s] INFO:colcon.colcon_core.shell:Creating environment hook '/home/cec20/Yangjiaxin/my-carla-ros-bridge/install/kvaser_msg_interfaces/share/kvaser_msg_interfaces/hook/ld_library_path_lib.sh'
[1.505s] Level 1:colcon.colcon_core.environment:checking '/home/cec20/Yangjiaxin/my-carla-ros-bridge/install/kvaser_msg_interfaces/bin'
[1.505s] Level 1:colcon.colcon_core.environment:checking '/home/cec20/Yangjiaxin/my-carla-ros-bridge/install/kvaser_msg_interfaces/lib/pkgconfig/kvaser_msg_interfaces.pc'
[1.505s] Level 1:colcon.colcon_core.environment:checking '/home/cec20/Yangjiaxin/my-carla-ros-bridge/install/kvaser_msg_interfaces/lib/python3.8/site-packages'
[1.505s] Level 1:colcon.colcon_core.shell:create_environment_hook('kvaser_msg_interfaces', 'pythonpath')
[1.506s] INFO:colcon.colcon_core.shell:Creating environment hook '/home/cec20/Yangjiaxin/my-carla-ros-bridge/install/kvaser_msg_interfaces/share/kvaser_msg_interfaces/hook/pythonpath.ps1'
[1.507s] INFO:colcon.colcon_core.shell:Creating environment descriptor '/home/cec20/Yangjiaxin/my-carla-ros-bridge/install/kvaser_msg_interfaces/share/kvaser_msg_interfaces/hook/pythonpath.dsv'
[1.507s] INFO:colcon.colcon_core.shell:Creating environment hook '/home/cec20/Yangjiaxin/my-carla-ros-bridge/install/kvaser_msg_interfaces/share/kvaser_msg_interfaces/hook/pythonpath.sh'
[1.507s] Level 1:colcon.colcon_core.environment:checking '/home/cec20/Yangjiaxin/my-carla-ros-bridge/install/kvaser_msg_interfaces/bin'
[1.508s] INFO:colcon.colcon_core.shell:Creating package script '/home/cec20/Yangjiaxin/my-carla-ros-bridge/install/kvaser_msg_interfaces/share/kvaser_msg_interfaces/package.ps1'
[1.509s] INFO:colcon.colcon_core.shell:Creating package descriptor '/home/cec20/Yangjiaxin/my-carla-ros-bridge/install/kvaser_msg_interfaces/share/kvaser_msg_interfaces/package.dsv'
[1.509s] INFO:colcon.colcon_core.shell:Creating package script '/home/cec20/Yangjiaxin/my-carla-ros-bridge/install/kvaser_msg_interfaces/share/kvaser_msg_interfaces/package.sh'
[1.509s] INFO:colcon.colcon_core.shell:Creating package script '/home/cec20/Yangjiaxin/my-carla-ros-bridge/install/kvaser_msg_interfaces/share/kvaser_msg_interfaces/package.bash'
[1.510s] INFO:colcon.colcon_core.shell:Creating package script '/home/cec20/Yangjiaxin/my-carla-ros-bridge/install/kvaser_msg_interfaces/share/kvaser_msg_interfaces/package.zsh'
[1.510s] Level 1:colcon.colcon_core.environment:create_file_with_runtime_dependencies(/home/cec20/Yangjiaxin/my-carla-ros-bridge/install/kvaser_msg_interfaces/share/colcon-core/packages/kvaser_msg_interfaces)
[1.510s] INFO:colcon.colcon_ros.task.ament_python.build:Building ROS package in '/home/cec20/Yangjiaxin/my-carla-ros-bridge/src/kvaser_parser_ros' with build type 'ament_python'
[1.511s] Level 1:colcon.colcon_core.shell:create_environment_hook('kvaser_parser_ros', 'ament_prefix_path')
[1.512s] INFO:colcon.colcon_core.shell:Creating environment hook '/home/cec20/Yangjiaxin/my-carla-ros-bridge/install/kvaser_parser_ros/share/kvaser_parser_ros/hook/ament_prefix_path.ps1'
[1.512s] INFO:colcon.colcon_core.shell:Creating environment descriptor '/home/cec20/Yangjiaxin/my-carla-ros-bridge/install/kvaser_parser_ros/share/kvaser_parser_ros/hook/ament_prefix_path.dsv'
[1.513s] INFO:colcon.colcon_core.shell:Creating environment hook '/home/cec20/Yangjiaxin/my-carla-ros-bridge/install/kvaser_parser_ros/share/kvaser_parser_ros/hook/ament_prefix_path.sh'
[1.514s] INFO:colcon.colcon_core.shell:Skip shell extension 'powershell' for command environment: Not usable outside of PowerShell
[1.514s] DEBUG:colcon.colcon_core.shell:Skip shell extension 'dsv' for command environment
[1.522s] DEBUG:colcon.colcon_core.event_handler.log_command:Invoked command in '/home/cec20/Yangjiaxin/my-carla-ros-bridge/build/waypoints_types' returned '0': CMAKE_PREFIX_PATH=${CMAKE_PREFIX_PATH}:/home/cec20/carla-ros-bridge/install/set_transform:/home/cec20/carla-ros-bridge/install/rqt_carla_control:/home/cec20/carla-ros-bridge/install/carla_waypoint_publisher:/home/cec20/carla-ros-bridge/install/carla_ackermann_control:/home/cec20/carla-ros-bridge/install/carla_ros_bridge:/home/cec20/carla-ros-bridge/install/carla_spawn_objects:/home/cec20/carla-ros-bridge/install/carla_manual_control:/home/cec20/carla-ros-bridge/install/carla_ad_agent:/home/cec20/carla-ros-bridge/install/ros_compatibility:/home/cec20/carla-ros-bridge/install/imagenode:/home/cec20/carla-ros-bridge/install/carla_walker_agent:/home/cec20/carla-ros-bridge/install/carla_twist_to_control:/home/cec20/carla-ros-bridge/install/carla_ros_scenario_runner:/home/cec20/carla-ros-bridge/install/carla_common:/opt/ros/foxy /usr/bin/cmake --build /home/cec20/Yangjiaxin/my-carla-ros-bridge/build/waypoints_types -- -j20 -l20
[1.747s] INFO:colcon.colcon_core.task.python.build:Building Python package in '/home/cec20/Yangjiaxin/my-carla-ros-bridge/src/kvaser_parser_ros'
[1.748s] INFO:colcon.colcon_core.shell:Skip shell extension 'powershell' for command environment: Not usable outside of PowerShell
[1.748s] DEBUG:colcon.colcon_core.shell:Skip shell extension 'dsv' for command environment
[1.758s] DEBUG:colcon.colcon_core.event_handler.log_command:Invoking command in '/home/cec20/Yangjiaxin/my-carla-ros-bridge/build/waypoints_types': CMAKE_PREFIX_PATH=${CMAKE_PREFIX_PATH}:/home/cec20/carla-ros-bridge/install/set_transform:/home/cec20/carla-ros-bridge/install/rqt_carla_control:/home/cec20/carla-ros-bridge/install/carla_waypoint_publisher:/home/cec20/carla-ros-bridge/install/carla_ackermann_control:/home/cec20/carla-ros-bridge/install/carla_ros_bridge:/home/cec20/carla-ros-bridge/install/carla_spawn_objects:/home/cec20/carla-ros-bridge/install/carla_manual_control:/home/cec20/carla-ros-bridge/install/carla_ad_agent:/home/cec20/carla-ros-bridge/install/ros_compatibility:/home/cec20/carla-ros-bridge/install/imagenode:/home/cec20/carla-ros-bridge/install/carla_walker_agent:/home/cec20/carla-ros-bridge/install/carla_twist_to_control:/home/cec20/carla-ros-bridge/install/carla_ros_scenario_runner:/home/cec20/carla-ros-bridge/install/carla_common:/opt/ros/foxy /usr/bin/cmake --install /home/cec20/Yangjiaxin/my-carla-ros-bridge/build/waypoints_types
[1.762s] DEBUG:colcon.colcon_core.event_handler.log_command:Invoking command in '/home/cec20/Yangjiaxin/my-carla-ros-bridge/src/my_bridge': PYTHONPATH=/home/cec20/Yangjiaxin/my-carla-ros-bridge/build/my_bridge/prefix_override:/home/cec20/Yangjiaxin/my-carla-ros-bridge/install/my_bridge/lib/python3.8/site-packages:${PYTHONPATH} /usr/bin/python3 setup.py egg_info --egg-base ../../build/my_bridge build --build-base /home/cec20/Yangjiaxin/my-carla-ros-bridge/build/my_bridge/build install --record /home/cec20/Yangjiaxin/my-carla-ros-bridge/build/my_bridge/install.log --install-scripts $base/lib/my_bridge --single-version-externally-managed
[1.766s] DEBUG:colcon.colcon_core.event_handler.log_command:Invoking command in '/home/cec20/Yangjiaxin/my-carla-ros-bridge/src/test_set_transform_bend': PYTHONPATH=/home/cec20/Yangjiaxin/my-carla-ros-bridge/build/test_set_transform_bend/prefix_override:/home/cec20/Yangjiaxin/my-carla-ros-bridge/install/test_set_transform_bend/lib/python3.8/site-packages:${PYTHONPATH} /usr/bin/python3 setup.py egg_info --egg-base ../../build/test_set_transform_bend build --build-base /home/cec20/Yangjiaxin/my-carla-ros-bridge/build/test_set_transform_bend/build install --record /home/cec20/Yangjiaxin/my-carla-ros-bridge/build/test_set_transform_bend/install.log --install-scripts $base/lib/test_set_transform_bend --single-version-externally-managed
[1.769s] DEBUG:colcon.colcon_core.event_handler.log_command:Invoking command in '/home/cec20/Yangjiaxin/my-carla-ros-bridge/src/traject_plan_control': PYTHONPATH=/home/cec20/Yangjiaxin/my-carla-ros-bridge/build/traject_plan_control/prefix_override:/home/cec20/Yangjiaxin/my-carla-ros-bridge/install/traject_plan_control/lib/python3.8/site-packages:${PYTHONPATH} /usr/bin/python3 setup.py egg_info --egg-base ../../build/traject_plan_control build --build-base /home/cec20/Yangjiaxin/my-carla-ros-bridge/build/traject_plan_control/build install --record /home/cec20/Yangjiaxin/my-carla-ros-bridge/build/traject_plan_control/install.log --install-scripts $base/lib/traject_plan_control --single-version-externally-managed
[1.772s] DEBUG:colcon.colcon_core.event_handler.log_command:Invoking command in '/home/cec20/Yangjiaxin/my-carla-ros-bridge/src/imagenode': PYTHONPATH=/home/cec20/Yangjiaxin/my-carla-ros-bridge/build/imagenode/prefix_override:/home/cec20/Yangjiaxin/my-carla-ros-bridge/install/imagenode/lib/python3.8/site-packages:${PYTHONPATH} /usr/bin/python3 setup.py egg_info --egg-base ../../build/imagenode build --build-base /home/cec20/Yangjiaxin/my-carla-ros-bridge/build/imagenode/build install --record /home/cec20/Yangjiaxin/my-carla-ros-bridge/build/imagenode/install.log --install-scripts $base/lib/imagenode --single-version-externally-managed
[1.809s] Level 1:colcon.colcon_core.environment:create_environment_scripts_only(waypoints_types)
[1.813s] Level 1:colcon.colcon_core.environment:checking '/home/cec20/Yangjiaxin/my-carla-ros-bridge/install/waypoints_types' for CMake module files
[1.814s] DEBUG:colcon.colcon_core.event_handler.log_command:Invoked command in '/home/cec20/Yangjiaxin/my-carla-ros-bridge/build/waypoints_types' returned '0': CMAKE_PREFIX_PATH=${CMAKE_PREFIX_PATH}:/home/cec20/carla-ros-bridge/install/set_transform:/home/cec20/carla-ros-bridge/install/rqt_carla_control:/home/cec20/carla-ros-bridge/install/carla_waypoint_publisher:/home/cec20/carla-ros-bridge/install/carla_ackermann_control:/home/cec20/carla-ros-bridge/install/carla_ros_bridge:/home/cec20/carla-ros-bridge/install/carla_spawn_objects:/home/cec20/carla-ros-bridge/install/carla_manual_control:/home/cec20/carla-ros-bridge/install/carla_ad_agent:/home/cec20/carla-ros-bridge/install/ros_compatibility:/home/cec20/carla-ros-bridge/install/imagenode:/home/cec20/carla-ros-bridge/install/carla_walker_agent:/home/cec20/carla-ros-bridge/install/carla_twist_to_control:/home/cec20/carla-ros-bridge/install/carla_ros_scenario_runner:/home/cec20/carla-ros-bridge/install/carla_common:/opt/ros/foxy /usr/bin/cmake --install /home/cec20/Yangjiaxin/my-carla-ros-bridge/build/waypoints_types
[1.814s] Level 1:colcon.colcon_core.environment:checking '/home/cec20/Yangjiaxin/my-carla-ros-bridge/install/waypoints_types' for CMake config files
[1.814s] Level 1:colcon.colcon_core.shell:create_environment_hook('waypoints_types', 'cmake_prefix_path')
[1.816s] INFO:colcon.colcon_core.shell:Creating environment hook '/home/cec20/Yangjiaxin/my-carla-ros-bridge/install/waypoints_types/share/waypoints_types/hook/cmake_prefix_path.ps1'
[1.817s] INFO:colcon.colcon_core.shell:Creating environment descriptor '/home/cec20/Yangjiaxin/my-carla-ros-bridge/install/waypoints_types/share/waypoints_types/hook/cmake_prefix_path.dsv'
[1.817s] INFO:colcon.colcon_core.shell:Creating environment hook '/home/cec20/Yangjiaxin/my-carla-ros-bridge/install/waypoints_types/share/waypoints_types/hook/cmake_prefix_path.sh'
[1.818s] Level 1:colcon.colcon_core.environment:checking '/home/cec20/Yangjiaxin/my-carla-ros-bridge/install/waypoints_types/lib'
[1.818s] Level 1:colcon.colcon_core.shell:create_environment_hook('waypoints_types', 'ld_library_path_lib')
[1.820s] INFO:colcon.colcon_core.shell:Creating environment hook '/home/cec20/Yangjiaxin/my-carla-ros-bridge/install/waypoints_types/share/waypoints_types/hook/ld_library_path_lib.ps1'
[1.821s] INFO:colcon.colcon_core.shell:Creating environment descriptor '/home/cec20/Yangjiaxin/my-carla-ros-bridge/install/waypoints_types/share/waypoints_types/hook/ld_library_path_lib.dsv'
[1.821s] INFO:colcon.colcon_core.shell:Creating environment hook '/home/cec20/Yangjiaxin/my-carla-ros-bridge/install/waypoints_types/share/waypoints_types/hook/ld_library_path_lib.sh'
[1.821s] Level 1:colcon.colcon_core.environment:checking '/home/cec20/Yangjiaxin/my-carla-ros-bridge/install/waypoints_types/bin'
[1.821s] Level 1:colcon.colcon_core.environment:checking '/home/cec20/Yangjiaxin/my-carla-ros-bridge/install/waypoints_types/lib/pkgconfig/waypoints_types.pc'
[1.822s] Level 1:colcon.colcon_core.environment:checking '/home/cec20/Yangjiaxin/my-carla-ros-bridge/install/waypoints_types/lib/python3.8/site-packages'
[1.822s] Level 1:colcon.colcon_core.shell:create_environment_hook('waypoints_types', 'pythonpath')
[1.824s] INFO:colcon.colcon_core.shell:Creating environment hook '/home/cec20/Yangjiaxin/my-carla-ros-bridge/install/waypoints_types/share/waypoints_types/hook/pythonpath.ps1'
[1.825s] INFO:colcon.colcon_core.shell:Creating environment descriptor '/home/cec20/Yangjiaxin/my-carla-ros-bridge/install/waypoints_types/share/waypoints_types/hook/pythonpath.dsv'
[1.825s] INFO:colcon.colcon_core.shell:Creating environment hook '/home/cec20/Yangjiaxin/my-carla-ros-bridge/install/waypoints_types/share/waypoints_types/hook/pythonpath.sh'
[1.826s] Level 1:colcon.colcon_core.environment:checking '/home/cec20/Yangjiaxin/my-carla-ros-bridge/install/waypoints_types/bin'
[1.828s] INFO:colcon.colcon_core.shell:Creating package script '/home/cec20/Yangjiaxin/my-carla-ros-bridge/install/waypoints_types/share/waypoints_types/package.ps1'
[1.829s] INFO:colcon.colcon_core.shell:Creating package descriptor '/home/cec20/Yangjiaxin/my-carla-ros-bridge/install/waypoints_types/share/waypoints_types/package.dsv'
[1.830s] INFO:colcon.colcon_core.shell:Creating package script '/home/cec20/Yangjiaxin/my-carla-ros-bridge/install/waypoints_types/share/waypoints_types/package.sh'
[1.830s] INFO:colcon.colcon_core.shell:Creating package script '/home/cec20/Yangjiaxin/my-carla-ros-bridge/install/waypoints_types/share/waypoints_types/package.bash'
[1.830s] INFO:colcon.colcon_core.shell:Creating package script '/home/cec20/Yangjiaxin/my-carla-ros-bridge/install/waypoints_types/share/waypoints_types/package.zsh'
[1.831s] Level 1:colcon.colcon_core.environment:create_file_with_runtime_dependencies(/home/cec20/Yangjiaxin/my-carla-ros-bridge/install/waypoints_types/share/colcon-core/packages/waypoints_types)
[1.870s] Level 1:colcon.colcon_core.environment:create_environment_scripts_only(waypoints_types)
[1.873s] Level 1:colcon.colcon_core.environment:checking '/home/cec20/Yangjiaxin/my-carla-ros-bridge/install/waypoints_types' for CMake module files
[1.874s] Level 1:colcon.colcon_core.environment:checking '/home/cec20/Yangjiaxin/my-carla-ros-bridge/install/waypoints_types' for CMake config files
[1.874s] Level 1:colcon.colcon_core.shell:create_environment_hook('waypoints_types', 'cmake_prefix_path')
[1.876s] INFO:colcon.colcon_core.shell:Creating environment hook '/home/cec20/Yangjiaxin/my-carla-ros-bridge/install/waypoints_types/share/waypoints_types/hook/cmake_prefix_path.ps1'
[1.877s] INFO:colcon.colcon_core.shell:Creating environment descriptor '/home/cec20/Yangjiaxin/my-carla-ros-bridge/install/waypoints_types/share/waypoints_types/hook/cmake_prefix_path.dsv'
[1.877s] INFO:colcon.colcon_core.shell:Creating environment hook '/home/cec20/Yangjiaxin/my-carla-ros-bridge/install/waypoints_types/share/waypoints_types/hook/cmake_prefix_path.sh'
[1.878s] Level 1:colcon.colcon_core.environment:checking '/home/cec20/Yangjiaxin/my-carla-ros-bridge/install/waypoints_types/lib'
[1.878s] Level 1:colcon.colcon_core.shell:create_environment_hook('waypoints_types', 'ld_library_path_lib')
[1.880s] INFO:colcon.colcon_core.shell:Creating environment hook '/home/cec20/Yangjiaxin/my-carla-ros-bridge/install/waypoints_types/share/waypoints_types/hook/ld_library_path_lib.ps1'
[1.880s] INFO:colcon.colcon_core.shell:Creating environment descriptor '/home/cec20/Yangjiaxin/my-carla-ros-bridge/install/waypoints_types/share/waypoints_types/hook/ld_library_path_lib.dsv'
[1.881s] INFO:colcon.colcon_core.shell:Creating environment hook '/home/cec20/Yangjiaxin/my-carla-ros-bridge/install/waypoints_types/share/waypoints_types/hook/ld_library_path_lib.sh'
[1.881s] Level 1:colcon.colcon_core.environment:checking '/home/cec20/Yangjiaxin/my-carla-ros-bridge/install/waypoints_types/bin'
[1.881s] Level 1:colcon.colcon_core.environment:checking '/home/cec20/Yangjiaxin/my-carla-ros-bridge/install/waypoints_types/lib/pkgconfig/waypoints_types.pc'
[1.881s] Level 1:colcon.colcon_core.environment:checking '/home/cec20/Yangjiaxin/my-carla-ros-bridge/install/waypoints_types/lib/python3.8/site-packages'
[1.881s] Level 1:colcon.colcon_core.shell:create_environment_hook('waypoints_types', 'pythonpath')
[1.883s] INFO:colcon.colcon_core.shell:Creating environment hook '/home/cec20/Yangjiaxin/my-carla-ros-bridge/install/waypoints_types/share/waypoints_types/hook/pythonpath.ps1'
[1.884s] INFO:colcon.colcon_core.shell:Creating environment descriptor '/home/cec20/Yangjiaxin/my-carla-ros-bridge/install/waypoints_types/share/waypoints_types/hook/pythonpath.dsv'
[1.884s] INFO:colcon.colcon_core.shell:Creating environment hook '/home/cec20/Yangjiaxin/my-carla-ros-bridge/install/waypoints_types/share/waypoints_types/hook/pythonpath.sh'
[1.885s] Level 1:colcon.colcon_core.environment:checking '/home/cec20/Yangjiaxin/my-carla-ros-bridge/install/waypoints_types/bin'
[1.887s] INFO:colcon.colcon_core.shell:Creating package script '/home/cec20/Yangjiaxin/my-carla-ros-bridge/install/waypoints_types/share/waypoints_types/package.ps1'
[1.888s] INFO:colcon.colcon_core.shell:Creating package descriptor '/home/cec20/Yangjiaxin/my-carla-ros-bridge/install/waypoints_types/share/waypoints_types/package.dsv'
[1.888s] INFO:colcon.colcon_core.shell:Creating package script '/home/cec20/Yangjiaxin/my-carla-ros-bridge/install/waypoints_types/share/waypoints_types/package.sh'
[1.889s] INFO:colcon.colcon_core.shell:Creating package script '/home/cec20/Yangjiaxin/my-carla-ros-bridge/install/waypoints_types/share/waypoints_types/package.bash'
[1.889s] INFO:colcon.colcon_core.shell:Creating package script '/home/cec20/Yangjiaxin/my-carla-ros-bridge/install/waypoints_types/share/waypoints_types/package.zsh'
[1.889s] Level 1:colcon.colcon_core.environment:create_file_with_runtime_dependencies(/home/cec20/Yangjiaxin/my-carla-ros-bridge/install/waypoints_types/share/colcon-core/packages/waypoints_types)
[2.047s] Level 1:colcon.colcon_core.environment:checking '/home/cec20/Yangjiaxin/my-carla-ros-bridge/install/test_set_transform_bend' for CMake module files
[2.048s] DEBUG:colcon.colcon_core.event_handler.log_command:Invoked command in '/home/cec20/Yangjiaxin/my-carla-ros-bridge/src/test_set_transform_bend' returned '0': PYTHONPATH=/home/cec20/Yangjiaxin/my-carla-ros-bridge/build/test_set_transform_bend/prefix_override:/home/cec20/Yangjiaxin/my-carla-ros-bridge/install/test_set_transform_bend/lib/python3.8/site-packages:${PYTHONPATH} /usr/bin/python3 setup.py egg_info --egg-base ../../build/test_set_transform_bend build --build-base /home/cec20/Yangjiaxin/my-carla-ros-bridge/build/test_set_transform_bend/build install --record /home/cec20/Yangjiaxin/my-carla-ros-bridge/build/test_set_transform_bend/install.log --install-scripts $base/lib/test_set_transform_bend --single-version-externally-managed
[2.048s] Level 1:colcon.colcon_core.environment:checking '/home/cec20/Yangjiaxin/my-carla-ros-bridge/install/test_set_transform_bend' for CMake config files
[2.049s] Level 1:colcon.colcon_core.environment:checking '/home/cec20/Yangjiaxin/my-carla-ros-bridge/install/test_set_transform_bend/lib'
[2.049s] Level 1:colcon.colcon_core.environment:checking '/home/cec20/Yangjiaxin/my-carla-ros-bridge/install/test_set_transform_bend/bin'
[2.049s] Level 1:colcon.colcon_core.environment:checking '/home/cec20/Yangjiaxin/my-carla-ros-bridge/install/test_set_transform_bend/lib/pkgconfig/test_set_transform_bend.pc'
[2.049s] Level 1:colcon.colcon_core.environment:checking '/home/cec20/Yangjiaxin/my-carla-ros-bridge/install/test_set_transform_bend/lib/python3.8/site-packages'
[2.049s] Level 1:colcon.colcon_core.shell:create_environment_hook('test_set_transform_bend', 'pythonpath')
[2.052s] INFO:colcon.colcon_core.shell:Creating environment hook '/home/cec20/Yangjiaxin/my-carla-ros-bridge/install/test_set_transform_bend/share/test_set_transform_bend/hook/pythonpath.ps1'
[2.052s] INFO:colcon.colcon_core.shell:Creating environment descriptor '/home/cec20/Yangjiaxin/my-carla-ros-bridge/install/test_set_transform_bend/share/test_set_transform_bend/hook/pythonpath.dsv'
[2.053s] INFO:colcon.colcon_core.shell:Creating environment hook '/home/cec20/Yangjiaxin/my-carla-ros-bridge/install/test_set_transform_bend/share/test_set_transform_bend/hook/pythonpath.sh'
[2.053s] Level 1:colcon.colcon_core.environment:checking '/home/cec20/Yangjiaxin/my-carla-ros-bridge/install/test_set_transform_bend/bin'
[2.053s] Level 1:colcon.colcon_core.environment:create_environment_scripts_only(test_set_transform_bend)
[2.055s] INFO:colcon.colcon_core.shell:Creating package script '/home/cec20/Yangjiaxin/my-carla-ros-bridge/install/test_set_transform_bend/share/test_set_transform_bend/package.ps1'
[2.056s] INFO:colcon.colcon_core.shell:Creating package descriptor '/home/cec20/Yangjiaxin/my-carla-ros-bridge/install/test_set_transform_bend/share/test_set_transform_bend/package.dsv'
[2.056s] INFO:colcon.colcon_core.shell:Creating package script '/home/cec20/Yangjiaxin/my-carla-ros-bridge/install/test_set_transform_bend/share/test_set_transform_bend/package.sh'
[2.056s] INFO:colcon.colcon_core.shell:Creating package script '/home/cec20/Yangjiaxin/my-carla-ros-bridge/install/test_set_transform_bend/share/test_set_transform_bend/package.bash'
[2.057s] INFO:colcon.colcon_core.shell:Creating package script '/home/cec20/Yangjiaxin/my-carla-ros-bridge/install/test_set_transform_bend/share/test_set_transform_bend/package.zsh'
[2.057s] Level 1:colcon.colcon_core.environment:create_file_with_runtime_dependencies(/home/cec20/Yangjiaxin/my-carla-ros-bridge/install/test_set_transform_bend/share/colcon-core/packages/test_set_transform_bend)
[2.068s] Level 1:colcon.colcon_core.environment:checking '/home/cec20/Yangjiaxin/my-carla-ros-bridge/install/imagenode' for CMake module files
[2.070s] DEBUG:colcon.colcon_core.event_handler.log_command:Invoked command in '/home/cec20/Yangjiaxin/my-carla-ros-bridge/src/imagenode' returned '0': PYTHONPATH=/home/cec20/Yangjiaxin/my-carla-ros-bridge/build/imagenode/prefix_override:/home/cec20/Yangjiaxin/my-carla-ros-bridge/install/imagenode/lib/python3.8/site-packages:${PYTHONPATH} /usr/bin/python3 setup.py egg_info --egg-base ../../build/imagenode build --build-base /home/cec20/Yangjiaxin/my-carla-ros-bridge/build/imagenode/build install --record /home/cec20/Yangjiaxin/my-carla-ros-bridge/build/imagenode/install.log --install-scripts $base/lib/imagenode --single-version-externally-managed
[2.070s] Level 1:colcon.colcon_core.environment:checking '/home/cec20/Yangjiaxin/my-carla-ros-bridge/install/imagenode' for CMake config files
[2.070s] Level 1:colcon.colcon_core.environment:checking '/home/cec20/Yangjiaxin/my-carla-ros-bridge/install/imagenode/lib'
[2.070s] Level 1:colcon.colcon_core.environment:checking '/home/cec20/Yangjiaxin/my-carla-ros-bridge/install/imagenode/bin'
[2.070s] Level 1:colcon.colcon_core.environment:checking '/home/cec20/Yangjiaxin/my-carla-ros-bridge/install/imagenode/lib/pkgconfig/imagenode.pc'
[2.071s] Level 1:colcon.colcon_core.environment:checking '/home/cec20/Yangjiaxin/my-carla-ros-bridge/install/imagenode/lib/python3.8/site-packages'
[2.071s] Level 1:colcon.colcon_core.shell:create_environment_hook('imagenode', 'pythonpath')
[2.072s] INFO:colcon.colcon_core.shell:Creating environment hook '/home/cec20/Yangjiaxin/my-carla-ros-bridge/install/imagenode/share/imagenode/hook/pythonpath.ps1'
[2.072s] INFO:colcon.colcon_core.shell:Creating environment descriptor '/home/cec20/Yangjiaxin/my-carla-ros-bridge/install/imagenode/share/imagenode/hook/pythonpath.dsv'
[2.073s] INFO:colcon.colcon_core.shell:Creating environment hook '/home/cec20/Yangjiaxin/my-carla-ros-bridge/install/imagenode/share/imagenode/hook/pythonpath.sh'
[2.073s] Level 1:colcon.colcon_core.environment:checking '/home/cec20/Yangjiaxin/my-carla-ros-bridge/install/imagenode/bin'
[2.073s] Level 1:colcon.colcon_core.environment:create_environment_scripts_only(imagenode)
[2.074s] INFO:colcon.colcon_core.shell:Creating package script '/home/cec20/Yangjiaxin/my-carla-ros-bridge/install/imagenode/share/imagenode/package.ps1'
[2.075s] INFO:colcon.colcon_core.shell:Creating package descriptor '/home/cec20/Yangjiaxin/my-carla-ros-bridge/install/imagenode/share/imagenode/package.dsv'
[2.075s] INFO:colcon.colcon_core.shell:Creating package script '/home/cec20/Yangjiaxin/my-carla-ros-bridge/install/imagenode/share/imagenode/package.sh'
[2.075s] INFO:colcon.colcon_core.shell:Creating package script '/home/cec20/Yangjiaxin/my-carla-ros-bridge/install/imagenode/share/imagenode/package.bash'
[2.075s] INFO:colcon.colcon_core.shell:Creating package script '/home/cec20/Yangjiaxin/my-carla-ros-bridge/install/imagenode/share/imagenode/package.zsh'
[2.076s] Level 1:colcon.colcon_core.environment:create_file_with_runtime_dependencies(/home/cec20/Yangjiaxin/my-carla-ros-bridge/install/imagenode/share/colcon-core/packages/imagenode)
[2.078s] Level 1:colcon.colcon_core.environment:checking '/home/cec20/Yangjiaxin/my-carla-ros-bridge/install/traject_plan_control' for CMake module files
[2.079s] DEBUG:colcon.colcon_core.event_handler.log_command:Invoked command in '/home/cec20/Yangjiaxin/my-carla-ros-bridge/src/traject_plan_control' returned '0': PYTHONPATH=/home/cec20/Yangjiaxin/my-carla-ros-bridge/build/traject_plan_control/prefix_override:/home/cec20/Yangjiaxin/my-carla-ros-bridge/install/traject_plan_control/lib/python3.8/site-packages:${PYTHONPATH} /usr/bin/python3 setup.py egg_info --egg-base ../../build/traject_plan_control build --build-base /home/cec20/Yangjiaxin/my-carla-ros-bridge/build/traject_plan_control/build install --record /home/cec20/Yangjiaxin/my-carla-ros-bridge/build/traject_plan_control/install.log --install-scripts $base/lib/traject_plan_control --single-version-externally-managed
[2.079s] Level 1:colcon.colcon_core.environment:checking '/home/cec20/Yangjiaxin/my-carla-ros-bridge/install/traject_plan_control' for CMake config files
[2.079s] Level 1:colcon.colcon_core.environment:checking '/home/cec20/Yangjiaxin/my-carla-ros-bridge/install/traject_plan_control/lib'
[2.079s] Level 1:colcon.colcon_core.environment:checking '/home/cec20/Yangjiaxin/my-carla-ros-bridge/install/traject_plan_control/bin'
[2.079s] Level 1:colcon.colcon_core.environment:checking '/home/cec20/Yangjiaxin/my-carla-ros-bridge/install/traject_plan_control/lib/pkgconfig/traject_plan_control.pc'
[2.079s] Level 1:colcon.colcon_core.environment:checking '/home/cec20/Yangjiaxin/my-carla-ros-bridge/install/traject_plan_control/lib/python3.8/site-packages'
[2.079s] Level 1:colcon.colcon_core.shell:create_environment_hook('traject_plan_control', 'pythonpath')
[2.081s] INFO:colcon.colcon_core.shell:Creating environment hook '/home/cec20/Yangjiaxin/my-carla-ros-bridge/install/traject_plan_control/share/traject_plan_control/hook/pythonpath.ps1'
[2.081s] INFO:colcon.colcon_core.shell:Creating environment descriptor '/home/cec20/Yangjiaxin/my-carla-ros-bridge/install/traject_plan_control/share/traject_plan_control/hook/pythonpath.dsv'
[2.081s] INFO:colcon.colcon_core.shell:Creating environment hook '/home/cec20/Yangjiaxin/my-carla-ros-bridge/install/traject_plan_control/share/traject_plan_control/hook/pythonpath.sh'
[2.081s] Level 1:colcon.colcon_core.environment:checking '/home/cec20/Yangjiaxin/my-carla-ros-bridge/install/traject_plan_control/bin'
[2.082s] Level 1:colcon.colcon_core.environment:create_environment_scripts_only(traject_plan_control)
[2.083s] INFO:colcon.colcon_core.shell:Creating package script '/home/cec20/Yangjiaxin/my-carla-ros-bridge/install/traject_plan_control/share/traject_plan_control/package.ps1'
[2.083s] INFO:colcon.colcon_core.shell:Creating package descriptor '/home/cec20/Yangjiaxin/my-carla-ros-bridge/install/traject_plan_control/share/traject_plan_control/package.dsv'
[2.084s] INFO:colcon.colcon_core.shell:Creating package script '/home/cec20/Yangjiaxin/my-carla-ros-bridge/install/traject_plan_control/share/traject_plan_control/package.sh'
[2.084s] INFO:colcon.colcon_core.shell:Creating package script '/home/cec20/Yangjiaxin/my-carla-ros-bridge/install/traject_plan_control/share/traject_plan_control/package.bash'
[2.084s] INFO:colcon.colcon_core.shell:Creating package script '/home/cec20/Yangjiaxin/my-carla-ros-bridge/install/traject_plan_control/share/traject_plan_control/package.zsh'
[2.084s] Level 1:colcon.colcon_core.environment:create_file_with_runtime_dependencies(/home/cec20/Yangjiaxin/my-carla-ros-bridge/install/traject_plan_control/share/colcon-core/packages/traject_plan_control)
[2.086s] Level 1:colcon.colcon_core.environment:checking '/home/cec20/Yangjiaxin/my-carla-ros-bridge/install/my_bridge' for CMake module files
[2.087s] Level 1:colcon.colcon_core.environment:checking '/home/cec20/Yangjiaxin/my-carla-ros-bridge/install/my_bridge' for CMake config files
[2.087s] DEBUG:colcon.colcon_core.event_handler.log_command:Invoked command in '/home/cec20/Yangjiaxin/my-carla-ros-bridge/src/my_bridge' returned '0': PYTHONPATH=/home/cec20/Yangjiaxin/my-carla-ros-bridge/build/my_bridge/prefix_override:/home/cec20/Yangjiaxin/my-carla-ros-bridge/install/my_bridge/lib/python3.8/site-packages:${PYTHONPATH} /usr/bin/python3 setup.py egg_info --egg-base ../../build/my_bridge build --build-base /home/cec20/Yangjiaxin/my-carla-ros-bridge/build/my_bridge/build install --record /home/cec20/Yangjiaxin/my-carla-ros-bridge/build/my_bridge/install.log --install-scripts $base/lib/my_bridge --single-version-externally-managed
[2.088s] Level 1:colcon.colcon_core.environment:checking '/home/cec20/Yangjiaxin/my-carla-ros-bridge/install/my_bridge/lib'
[2.088s] Level 1:colcon.colcon_core.environment:checking '/home/cec20/Yangjiaxin/my-carla-ros-bridge/install/my_bridge/bin'
[2.088s] Level 1:colcon.colcon_core.environment:checking '/home/cec20/Yangjiaxin/my-carla-ros-bridge/install/my_bridge/lib/pkgconfig/my_bridge.pc'
[2.088s] Level 1:colcon.colcon_core.environment:checking '/home/cec20/Yangjiaxin/my-carla-ros-bridge/install/my_bridge/lib/python3.8/site-packages'
[2.088s] Level 1:colcon.colcon_core.shell:create_environment_hook('my_bridge', 'pythonpath')
[2.089s] INFO:colcon.colcon_core.shell:Creating environment hook '/home/cec20/Yangjiaxin/my-carla-ros-bridge/install/my_bridge/share/my_bridge/hook/pythonpath.ps1'
[2.090s] INFO:colcon.colcon_core.shell:Creating environment descriptor '/home/cec20/Yangjiaxin/my-carla-ros-bridge/install/my_bridge/share/my_bridge/hook/pythonpath.dsv'
[2.090s] INFO:colcon.colcon_core.shell:Creating environment hook '/home/cec20/Yangjiaxin/my-carla-ros-bridge/install/my_bridge/share/my_bridge/hook/pythonpath.sh'
[2.090s] Level 1:colcon.colcon_core.environment:checking '/home/cec20/Yangjiaxin/my-carla-ros-bridge/install/my_bridge/bin'
[2.090s] Level 1:colcon.colcon_core.environment:create_environment_scripts_only(my_bridge)
[2.092s] INFO:colcon.colcon_core.shell:Creating package script '/home/cec20/Yangjiaxin/my-carla-ros-bridge/install/my_bridge/share/my_bridge/package.ps1'
[2.092s] INFO:colcon.colcon_core.shell:Creating package descriptor '/home/cec20/Yangjiaxin/my-carla-ros-bridge/install/my_bridge/share/my_bridge/package.dsv'
[2.092s] INFO:colcon.colcon_core.shell:Creating package script '/home/cec20/Yangjiaxin/my-carla-ros-bridge/install/my_bridge/share/my_bridge/package.sh'
[2.093s] INFO:colcon.colcon_core.shell:Creating package script '/home/cec20/Yangjiaxin/my-carla-ros-bridge/install/my_bridge/share/my_bridge/package.bash'
[2.093s] INFO:colcon.colcon_core.shell:Creating package script '/home/cec20/Yangjiaxin/my-carla-ros-bridge/install/my_bridge/share/my_bridge/package.zsh'
[2.093s] Level 1:colcon.colcon_core.environment:create_file_with_runtime_dependencies(/home/cec20/Yangjiaxin/my-carla-ros-bridge/install/my_bridge/share/colcon-core/packages/my_bridge)
[2.164s] DEBUG:colcon.colcon_core.event_handler.log_command:Invoking command in '/home/cec20/Yangjiaxin/my-carla-ros-bridge/src/kvaser_parser_ros': AMENT_PREFIX_PATH=/home/cec20/Yangjiaxin/my-carla-ros-bridge/install/kvaser_msg_interfaces:${AMENT_PREFIX_PATH} CMAKE_PREFIX_PATH=/home/cec20/Yangjiaxin/my-carla-ros-bridge/install/kvaser_msg_interfaces:${CMAKE_PREFIX_PATH} LD_LIBRARY_PATH=/home/cec20/Yangjiaxin/my-carla-ros-bridge/install/kvaser_msg_interfaces/lib:/home/cec20/ros2-force-feedback/install/ros_g29_force_feedback/lib:/home/cec20/carla-ros-bridge/install/rviz_carla_plugin/lib:/home/cec20/carla-ros-bridge/install/carla_waypoint_types/lib:/home/cec20/carla-ros-bridge/install/carla_ros_scenario_runner_types/lib:/home/cec20/carla-ros-bridge/install/carla_ackermann_msgs/lib:/home/cec20/carla-ros-bridge/install/carla_msgs/lib:/usr/lib/x86_64-linux-gnu/gazebo-11/plugins:/opt/ros/foxy/opt/yaml_cpp_vendor/lib:/opt/ros/foxy/opt/rviz_ogre_vendor/lib:/opt/ros/foxy/lib/x86_64-linux-gnu:/opt/ros/foxy/lib:/home/cec20/TensorRT-8.5.1.7/lib:/usr/local/cuda-11.6/lib64 PYTHONPATH=/home/cec20/Yangjiaxin/my-carla-ros-bridge/build/kvaser_parser_ros/prefix_override:/home/cec20/Yangjiaxin/my-carla-ros-bridge/install/kvaser_parser_ros/lib/python3.8/site-packages:/home/cec20/Yangjiaxin/my-carla-ros-bridge/install/kvaser_msg_interfaces/lib/python3.8/site-packages:/home/cec20/ros2-force-feedback/install/ros_g29_force_feedback/lib/python3.8/site-packages:/home/cec20/carla-ros-bridge/install/set_transform/lib/python3.8/site-packages:/home/cec20/carla-ros-bridge/install/rqt_carla_control/lib/python3.8/site-packages:/home/cec20/carla-ros-bridge/install/carla_waypoint_publisher/lib/python3.8/site-packages:/home/cec20/carla-ros-bridge/install/carla_ackermann_control/lib/python3.8/site-packages:/home/cec20/carla-ros-bridge/install/carla_ros_bridge/lib/python3.8/site-packages:/home/cec20/carla-ros-bridge/install/carla_spawn_objects/lib/python3.8/site-packages:/home/cec20/carla-ros-bridge/install/carla_manual_control/lib/python3.8/site-packages:/home/cec20/carla-ros-bridge/install/carla_ad_agent/lib/python3.8/site-packages:/home/cec20/carla-ros-bridge/install/ros_compatibility/lib/python3.8/site-packages:/home/cec20/carla-ros-bridge/install/imagenode/lib/python3.8/site-packages:/home/cec20/carla-ros-bridge/install/carla_waypoint_types/lib/python3.8/site-packages:/home/cec20/carla-ros-bridge/install/carla_walker_agent/lib/python3.8/site-packages:/home/cec20/carla-ros-bridge/install/carla_twist_to_control/lib/python3.8/site-packages:/home/cec20/carla-ros-bridge/install/carla_ros_scenario_runner/lib/python3.8/site-packages:/home/cec20/carla-ros-bridge/install/carla_ros_scenario_runner_types/lib/python3.8/site-packages:/home/cec20/carla-ros-bridge/install/carla_ackermann_msgs/lib/python3.8/site-packages:/home/cec20/carla-ros-bridge/install/carla_msgs/lib/python3.8/site-packages:/home/cec20/carla-ros-bridge/install/carla_common/lib/python3.8/site-packages:/opt/ros/foxy/lib/python3.8/site-packages:/home/cec20/carla0.9.13/PythonAPI/carla/dist/carla-0.9.13-py3.7-linux-x86_64.egg:/home/cec20/carla0.9.13/PythonAPI/carla:/home/cec20/Yangjiaxin/carla-ros-bridge/src/ros-bridge/kvaser_parser_ros/kvaser_parser_ros /usr/bin/python3 setup.py egg_info --egg-base ../../build/kvaser_parser_ros build --build-base /home/cec20/Yangjiaxin/my-carla-ros-bridge/build/kvaser_parser_ros/build install --record /home/cec20/Yangjiaxin/my-carla-ros-bridge/build/kvaser_parser_ros/install.log --install-scripts $base/lib/kvaser_parser_ros --single-version-externally-managed
[2.431s] Level 1:colcon.colcon_core.environment:checking '/home/cec20/Yangjiaxin/my-carla-ros-bridge/install/kvaser_parser_ros' for CMake module files
[2.432s] DEBUG:colcon.colcon_core.event_handler.log_command:Invoked command in '/home/cec20/Yangjiaxin/my-carla-ros-bridge/src/kvaser_parser_ros' returned '0': AMENT_PREFIX_PATH=/home/cec20/Yangjiaxin/my-carla-ros-bridge/install/kvaser_msg_interfaces:${AMENT_PREFIX_PATH} CMAKE_PREFIX_PATH=/home/cec20/Yangjiaxin/my-carla-ros-bridge/install/kvaser_msg_interfaces:${CMAKE_PREFIX_PATH} LD_LIBRARY_PATH=/home/cec20/Yangjiaxin/my-carla-ros-bridge/install/kvaser_msg_interfaces/lib:/home/cec20/ros2-force-feedback/install/ros_g29_force_feedback/lib:/home/cec20/carla-ros-bridge/install/rviz_carla_plugin/lib:/home/cec20/carla-ros-bridge/install/carla_waypoint_types/lib:/home/cec20/carla-ros-bridge/install/carla_ros_scenario_runner_types/lib:/home/cec20/carla-ros-bridge/install/carla_ackermann_msgs/lib:/home/cec20/carla-ros-bridge/install/carla_msgs/lib:/usr/lib/x86_64-linux-gnu/gazebo-11/plugins:/opt/ros/foxy/opt/yaml_cpp_vendor/lib:/opt/ros/foxy/opt/rviz_ogre_vendor/lib:/opt/ros/foxy/lib/x86_64-linux-gnu:/opt/ros/foxy/lib:/home/cec20/TensorRT-8.5.1.7/lib:/usr/local/cuda-11.6/lib64 PYTHONPATH=/home/cec20/Yangjiaxin/my-carla-ros-bridge/build/kvaser_parser_ros/prefix_override:/home/cec20/Yangjiaxin/my-carla-ros-bridge/install/kvaser_parser_ros/lib/python3.8/site-packages:/home/cec20/Yangjiaxin/my-carla-ros-bridge/install/kvaser_msg_interfaces/lib/python3.8/site-packages:/home/cec20/ros2-force-feedback/install/ros_g29_force_feedback/lib/python3.8/site-packages:/home/cec20/carla-ros-bridge/install/set_transform/lib/python3.8/site-packages:/home/cec20/carla-ros-bridge/install/rqt_carla_control/lib/python3.8/site-packages:/home/cec20/carla-ros-bridge/install/carla_waypoint_publisher/lib/python3.8/site-packages:/home/cec20/carla-ros-bridge/install/carla_ackermann_control/lib/python3.8/site-packages:/home/cec20/carla-ros-bridge/install/carla_ros_bridge/lib/python3.8/site-packages:/home/cec20/carla-ros-bridge/install/carla_spawn_objects/lib/python3.8/site-packages:/home/cec20/carla-ros-bridge/install/carla_manual_control/lib/python3.8/site-packages:/home/cec20/carla-ros-bridge/install/carla_ad_agent/lib/python3.8/site-packages:/home/cec20/carla-ros-bridge/install/ros_compatibility/lib/python3.8/site-packages:/home/cec20/carla-ros-bridge/install/imagenode/lib/python3.8/site-packages:/home/cec20/carla-ros-bridge/install/carla_waypoint_types/lib/python3.8/site-packages:/home/cec20/carla-ros-bridge/install/carla_walker_agent/lib/python3.8/site-packages:/home/cec20/carla-ros-bridge/install/carla_twist_to_control/lib/python3.8/site-packages:/home/cec20/carla-ros-bridge/install/carla_ros_scenario_runner/lib/python3.8/site-packages:/home/cec20/carla-ros-bridge/install/carla_ros_scenario_runner_types/lib/python3.8/site-packages:/home/cec20/carla-ros-bridge/install/carla_ackermann_msgs/lib/python3.8/site-packages:/home/cec20/carla-ros-bridge/install/carla_msgs/lib/python3.8/site-packages:/home/cec20/carla-ros-bridge/install/carla_common/lib/python3.8/site-packages:/opt/ros/foxy/lib/python3.8/site-packages:/home/cec20/carla0.9.13/PythonAPI/carla/dist/carla-0.9.13-py3.7-linux-x86_64.egg:/home/cec20/carla0.9.13/PythonAPI/carla:/home/cec20/Yangjiaxin/carla-ros-bridge/src/ros-bridge/kvaser_parser_ros/kvaser_parser_ros /usr/bin/python3 setup.py egg_info --egg-base ../../build/kvaser_parser_ros build --build-base /home/cec20/Yangjiaxin/my-carla-ros-bridge/build/kvaser_parser_ros/build install --record /home/cec20/Yangjiaxin/my-carla-ros-bridge/build/kvaser_parser_ros/install.log --install-scripts $base/lib/kvaser_parser_ros --single-version-externally-managed
[2.432s] Level 1:colcon.colcon_core.environment:checking '/home/cec20/Yangjiaxin/my-carla-ros-bridge/install/kvaser_parser_ros' for CMake config files
[2.433s] Level 1:colcon.colcon_core.environment:checking '/home/cec20/Yangjiaxin/my-carla-ros-bridge/install/kvaser_parser_ros/lib'
[2.433s] Level 1:colcon.colcon_core.environment:checking '/home/cec20/Yangjiaxin/my-carla-ros-bridge/install/kvaser_parser_ros/bin'
[2.433s] Level 1:colcon.colcon_core.environment:checking '/home/cec20/Yangjiaxin/my-carla-ros-bridge/install/kvaser_parser_ros/lib/pkgconfig/kvaser_parser_ros.pc'
[2.433s] Level 1:colcon.colcon_core.environment:checking '/home/cec20/Yangjiaxin/my-carla-ros-bridge/install/kvaser_parser_ros/lib/python3.8/site-packages'
[2.433s] Level 1:colcon.colcon_core.shell:create_environment_hook('kvaser_parser_ros', 'pythonpath')
[2.434s] INFO:colcon.colcon_core.shell:Creating environment hook '/home/cec20/Yangjiaxin/my-carla-ros-bridge/install/kvaser_parser_ros/share/kvaser_parser_ros/hook/pythonpath.ps1'
[2.435s] INFO:colcon.colcon_core.shell:Creating environment descriptor '/home/cec20/Yangjiaxin/my-carla-ros-bridge/install/kvaser_parser_ros/share/kvaser_parser_ros/hook/pythonpath.dsv'
[2.435s] INFO:colcon.colcon_core.shell:Creating environment hook '/home/cec20/Yangjiaxin/my-carla-ros-bridge/install/kvaser_parser_ros/share/kvaser_parser_ros/hook/pythonpath.sh'
[2.435s] Level 1:colcon.colcon_core.environment:checking '/home/cec20/Yangjiaxin/my-carla-ros-bridge/install/kvaser_parser_ros/bin'
[2.436s] Level 1:colcon.colcon_core.environment:create_environment_scripts_only(kvaser_parser_ros)
[2.437s] INFO:colcon.colcon_core.shell:Creating package script '/home/cec20/Yangjiaxin/my-carla-ros-bridge/install/kvaser_parser_ros/share/kvaser_parser_ros/package.ps1'
[2.437s] INFO:colcon.colcon_core.shell:Creating package descriptor '/home/cec20/Yangjiaxin/my-carla-ros-bridge/install/kvaser_parser_ros/share/kvaser_parser_ros/package.dsv'
[2.438s] INFO:colcon.colcon_core.shell:Creating package script '/home/cec20/Yangjiaxin/my-carla-ros-bridge/install/kvaser_parser_ros/share/kvaser_parser_ros/package.sh'
[2.438s] INFO:colcon.colcon_core.shell:Creating package script '/home/cec20/Yangjiaxin/my-carla-ros-bridge/install/kvaser_parser_ros/share/kvaser_parser_ros/package.bash'
[2.438s] INFO:colcon.colcon_core.shell:Creating package script '/home/cec20/Yangjiaxin/my-carla-ros-bridge/install/kvaser_parser_ros/share/kvaser_parser_ros/package.zsh'
[2.438s] Level 1:colcon.colcon_core.environment:create_file_with_runtime_dependencies(/home/cec20/Yangjiaxin/my-carla-ros-bridge/install/kvaser_parser_ros/share/colcon-core/packages/kvaser_parser_ros)
[2.439s] DEBUG:colcon.colcon_parallel_executor.executor.parallel:closing loop
[2.439s] DEBUG:colcon.colcon_parallel_executor.executor.parallel:loop closed
[2.439s] DEBUG:colcon.colcon_parallel_executor.executor.parallel:run_until_complete finished with '0'
[2.439s] DEBUG:colcon.colcon_core.event_reactor:joining thread
[2.444s] INFO:colcon.colcon_core.plugin_system:Skipping extension 'colcon_notification.desktop_notification.terminal_notifier': Not used on non-Darwin systems
[2.444s] INFO:colcon.colcon_core.plugin_system:Skipping extension 'colcon_notification.desktop_notification.win32': Not used on non-Windows systems
[2.444s] INFO:colcon.colcon_notification.desktop_notification:Sending desktop notification using 'notify2'
[2.468s] DEBUG:colcon.colcon_core.event_reactor:joined thread
[2.469s] INFO:colcon.colcon_core.shell:Creating prefix script '/home/cec20/Yangjiaxin/my-carla-ros-bridge/install/local_setup.ps1'
[2.470s] INFO:colcon.colcon_core.shell:Creating prefix util module '/home/cec20/Yangjiaxin/my-carla-ros-bridge/install/_local_setup_util_ps1.py'
[2.471s] INFO:colcon.colcon_core.shell:Creating prefix chain script '/home/cec20/Yangjiaxin/my-carla-ros-bridge/install/setup.ps1'
[2.473s] INFO:colcon.colcon_core.shell:Creating prefix script '/home/cec20/Yangjiaxin/my-carla-ros-bridge/install/local_setup.sh'
[2.473s] INFO:colcon.colcon_core.shell:Creating prefix util module '/home/cec20/Yangjiaxin/my-carla-ros-bridge/install/_local_setup_util_sh.py'
[2.473s] INFO:colcon.colcon_core.shell:Creating prefix chain script '/home/cec20/Yangjiaxin/my-carla-ros-bridge/install/setup.sh'
[2.475s] INFO:colcon.colcon_core.shell:Creating prefix script '/home/cec20/Yangjiaxin/my-carla-ros-bridge/install/local_setup.bash'
[2.475s] INFO:colcon.colcon_core.shell:Creating prefix chain script '/home/cec20/Yangjiaxin/my-carla-ros-bridge/install/setup.bash'
[2.477s] INFO:colcon.colcon_core.shell:Creating prefix script '/home/cec20/Yangjiaxin/my-carla-ros-bridge/install/local_setup.zsh'
[2.477s] INFO:colcon.colcon_core.shell:Creating prefix chain script '/home/cec20/Yangjiaxin/my-carla-ros-bridge/install/setup.zsh'
