[0.073s] Invoking command in '/home/cec20/Yangjiaxin/my-carla-ros-bridge/build/kvaser_msg_interfaces': CMAKE_PREFIX_PATH=${CMAKE_PREFIX_PATH}:/home/cec20/Yangjiaxin/my-carla-ros-bridge/install/traject_plan_control:/home/cec20/Yangjiaxin/my-carla-ros-bridge/install/test_set_transform_bend:/home/cec20/Yangjiaxin/my-carla-ros-bridge/install/set_transform:/home/cec20/Yangjiaxin/my-carla-ros-bridge/install/my_bridge:/home/cec20/Yangjiaxin/my-carla-ros-bridge/install/kvaser_parser_ros:/home/cec20/Yangjiaxin/my-carla-ros-bridge/install/imagenode:/home/cec20/carla-ros-bridge/install/set_transform:/home/cec20/carla-ros-bridge/install/rqt_carla_control:/home/cec20/carla-ros-bridge/install/carla_waypoint_publisher:/home/cec20/carla-ros-bridge/install/carla_ackermann_control:/home/cec20/carla-ros-bridge/install/carla_ros_bridge:/home/cec20/carla-ros-bridge/install/carla_spawn_objects:/home/cec20/carla-ros-bridge/install/carla_manual_control:/home/cec20/carla-ros-bridge/install/carla_ad_agent:/home/cec20/carla-ros-bridge/install/ros_compatibility:/home/cec20/carla-ros-bridge/install/imagenode:/home/cec20/carla-ros-bridge/install/carla_walker_agent:/home/cec20/carla-ros-bridge/install/carla_twist_to_control:/home/cec20/carla-ros-bridge/install/carla_ros_scenario_runner:/home/cec20/carla-ros-bridge/install/carla_common:/opt/ros/foxy /usr/bin/cmake --build /home/cec20/Yangjiaxin/my-carla-ros-bridge/build/kvaser_msg_interfaces -- -j20 -l20
[1.057s] [  3%] Built target kvaser_msg_interfaces__cpp
[1.057s] [ 12%] Built target kvaser_msg_interfaces__rosidl_generator_c
[1.057s] [ 45%] Built target kvaser_msg_interfaces__rosidl_typesupport_introspection_cpp
[1.057s] [ 51%] Built target kvaser_msg_interfaces__rosidl_typesupport_cpp
[1.057s] [ 51%] Built target kvaser_msg_interfaces__rosidl_typesupport_c
[1.057s] [ 45%] Built target kvaser_msg_interfaces__rosidl_typesupport_introspection_c
[1.057s] [ 61%] Built target kvaser_msg_interfaces__rosidl_typesupport_fastrtps_cpp
[1.057s] [ 70%] Built target kvaser_msg_interfaces__rosidl_typesupport_fastrtps_c
[1.057s] [ 70%] Built target kvaser_msg_interfaces
[1.057s] [ 74%] Built target kvaser_msg_interfaces__py
[1.057s] [ 80%] Built target kvaser_msg_interfaces__python
[1.057s] [100%] Built target kvaser_msg_interfaces__rosidl_typesupport_c__pyext
[1.057s] [100%] Built target kvaser_msg_interfaces__rosidl_typesupport_fastrtps_c__pyext
[1.058s] [100%] Built target kvaser_msg_interfaces__rosidl_typesupport_introspection_c__pyext
[1.058s] Invoked command in '/home/cec20/Yangjiaxin/my-carla-ros-bridge/build/kvaser_msg_interfaces' returned '0': CMAKE_PREFIX_PATH=${CMAKE_PREFIX_PATH}:/home/cec20/Yangjiaxin/my-carla-ros-bridge/install/traject_plan_control:/home/cec20/Yangjiaxin/my-carla-ros-bridge/install/test_set_transform_bend:/home/cec20/Yangjiaxin/my-carla-ros-bridge/install/set_transform:/home/cec20/Yangjiaxin/my-carla-ros-bridge/install/my_bridge:/home/cec20/Yangjiaxin/my-carla-ros-bridge/install/kvaser_parser_ros:/home/cec20/Yangjiaxin/my-carla-ros-bridge/install/imagenode:/home/cec20/carla-ros-bridge/install/set_transform:/home/cec20/carla-ros-bridge/install/rqt_carla_control:/home/cec20/carla-ros-bridge/install/carla_waypoint_publisher:/home/cec20/carla-ros-bridge/install/carla_ackermann_control:/home/cec20/carla-ros-bridge/install/carla_ros_bridge:/home/cec20/carla-ros-bridge/install/carla_spawn_objects:/home/cec20/carla-ros-bridge/install/carla_manual_control:/home/cec20/carla-ros-bridge/install/carla_ad_agent:/home/cec20/carla-ros-bridge/install/ros_compatibility:/home/cec20/carla-ros-bridge/install/imagenode:/home/cec20/carla-ros-bridge/install/carla_walker_agent:/home/cec20/carla-ros-bridge/install/carla_twist_to_control:/home/cec20/carla-ros-bridge/install/carla_ros_scenario_runner:/home/cec20/carla-ros-bridge/install/carla_common:/opt/ros/foxy /usr/bin/cmake --build /home/cec20/Yangjiaxin/my-carla-ros-bridge/build/kvaser_msg_interfaces -- -j20 -l20
[1.103s] Invoking command in '/home/cec20/Yangjiaxin/my-carla-ros-bridge/build/kvaser_msg_interfaces': CMAKE_PREFIX_PATH=${CMAKE_PREFIX_PATH}:/home/cec20/Yangjiaxin/my-carla-ros-bridge/install/traject_plan_control:/home/cec20/Yangjiaxin/my-carla-ros-bridge/install/test_set_transform_bend:/home/cec20/Yangjiaxin/my-carla-ros-bridge/install/set_transform:/home/cec20/Yangjiaxin/my-carla-ros-bridge/install/my_bridge:/home/cec20/Yangjiaxin/my-carla-ros-bridge/install/kvaser_parser_ros:/home/cec20/Yangjiaxin/my-carla-ros-bridge/install/imagenode:/home/cec20/carla-ros-bridge/install/set_transform:/home/cec20/carla-ros-bridge/install/rqt_carla_control:/home/cec20/carla-ros-bridge/install/carla_waypoint_publisher:/home/cec20/carla-ros-bridge/install/carla_ackermann_control:/home/cec20/carla-ros-bridge/install/carla_ros_bridge:/home/cec20/carla-ros-bridge/install/carla_spawn_objects:/home/cec20/carla-ros-bridge/install/carla_manual_control:/home/cec20/carla-ros-bridge/install/carla_ad_agent:/home/cec20/carla-ros-bridge/install/ros_compatibility:/home/cec20/carla-ros-bridge/install/imagenode:/home/cec20/carla-ros-bridge/install/carla_walker_agent:/home/cec20/carla-ros-bridge/install/carla_twist_to_control:/home/cec20/carla-ros-bridge/install/carla_ros_scenario_runner:/home/cec20/carla-ros-bridge/install/carla_common:/opt/ros/foxy /usr/bin/cmake --install /home/cec20/Yangjiaxin/my-carla-ros-bridge/build/kvaser_msg_interfaces
[1.110s] -- Install configuration: ""
[1.110s] -- Up-to-date: /home/cec20/Yangjiaxin/my-carla-ros-bridge/install/kvaser_msg_interfaces/share/ament_index/resource_index/rosidl_interfaces/kvaser_msg_interfaces
[1.110s] -- Up-to-date: /home/cec20/Yangjiaxin/my-carla-ros-bridge/install/kvaser_msg_interfaces/include/kvaser_msg_interfaces
[1.110s] -- Up-to-date: /home/cec20/Yangjiaxin/my-carla-ros-bridge/install/kvaser_msg_interfaces/include/kvaser_msg_interfaces/msg
[1.110s] -- Up-to-date: /home/cec20/Yangjiaxin/my-carla-ros-bridge/install/kvaser_msg_interfaces/include/kvaser_msg_interfaces/msg/control_cmd.h
[1.110s] -- Up-to-date: /home/cec20/Yangjiaxin/my-carla-ros-bridge/install/kvaser_msg_interfaces/include/kvaser_msg_interfaces/msg/detail
[1.110s] -- Up-to-date: /home/cec20/Yangjiaxin/my-carla-ros-bridge/install/kvaser_msg_interfaces/include/kvaser_msg_interfaces/msg/detail/control_cmd__functions.h
[1.110s] -- Up-to-date: /home/cec20/Yangjiaxin/my-carla-ros-bridge/install/kvaser_msg_interfaces/include/kvaser_msg_interfaces/msg/detail/control_cmd__type_support.h
[1.110s] -- Up-to-date: /home/cec20/Yangjiaxin/my-carla-ros-bridge/install/kvaser_msg_interfaces/include/kvaser_msg_interfaces/msg/detail/control_cmd__struct.h
[1.111s] -- Up-to-date: /home/cec20/Yangjiaxin/my-carla-ros-bridge/install/kvaser_msg_interfaces/include/kvaser_msg_interfaces/msg/detail/control_cmd__functions.c
[1.111s] -- Up-to-date: /home/cec20/Yangjiaxin/my-carla-ros-bridge/install/kvaser_msg_interfaces/include/kvaser_msg_interfaces/msg/rosidl_generator_c__visibility_control.h
[1.111s] -- Up-to-date: /home/cec20/Yangjiaxin/my-carla-ros-bridge/install/kvaser_msg_interfaces/share/kvaser_msg_interfaces/environment/library_path.sh
[1.111s] -- Up-to-date: /home/cec20/Yangjiaxin/my-carla-ros-bridge/install/kvaser_msg_interfaces/share/kvaser_msg_interfaces/environment/library_path.dsv
[1.111s] -- Up-to-date: /home/cec20/Yangjiaxin/my-carla-ros-bridge/install/kvaser_msg_interfaces/lib/libkvaser_msg_interfaces__rosidl_generator_c.so
[1.111s] -- Up-to-date: /home/cec20/Yangjiaxin/my-carla-ros-bridge/install/kvaser_msg_interfaces/include/kvaser_msg_interfaces
[1.111s] -- Up-to-date: /home/cec20/Yangjiaxin/my-carla-ros-bridge/install/kvaser_msg_interfaces/include/kvaser_msg_interfaces/msg
[1.111s] -- Up-to-date: /home/cec20/Yangjiaxin/my-carla-ros-bridge/install/kvaser_msg_interfaces/include/kvaser_msg_interfaces/msg/detail
[1.111s] -- Up-to-date: /home/cec20/Yangjiaxin/my-carla-ros-bridge/install/kvaser_msg_interfaces/include/kvaser_msg_interfaces/msg/detail/control_cmd__rosidl_typesupport_fastrtps_c.h
[1.111s] -- Up-to-date: /home/cec20/Yangjiaxin/my-carla-ros-bridge/install/kvaser_msg_interfaces/include/kvaser_msg_interfaces/msg/rosidl_typesupport_fastrtps_c__visibility_control.h
[1.111s] -- Up-to-date: /home/cec20/Yangjiaxin/my-carla-ros-bridge/install/kvaser_msg_interfaces/lib/libkvaser_msg_interfaces__rosidl_typesupport_fastrtps_c.so
[1.112s] -- Up-to-date: /home/cec20/Yangjiaxin/my-carla-ros-bridge/install/kvaser_msg_interfaces/include/kvaser_msg_interfaces
[1.112s] -- Up-to-date: /home/cec20/Yangjiaxin/my-carla-ros-bridge/install/kvaser_msg_interfaces/include/kvaser_msg_interfaces/msg
[1.112s] -- Up-to-date: /home/cec20/Yangjiaxin/my-carla-ros-bridge/install/kvaser_msg_interfaces/include/kvaser_msg_interfaces/msg/detail
[1.112s] -- Up-to-date: /home/cec20/Yangjiaxin/my-carla-ros-bridge/install/kvaser_msg_interfaces/include/kvaser_msg_interfaces/msg/detail/control_cmd__rosidl_typesupport_fastrtps_cpp.hpp
[1.112s] -- Up-to-date: /home/cec20/Yangjiaxin/my-carla-ros-bridge/install/kvaser_msg_interfaces/include/kvaser_msg_interfaces/msg/detail/dds_fastrtps
[1.112s] -- Up-to-date: /home/cec20/Yangjiaxin/my-carla-ros-bridge/install/kvaser_msg_interfaces/include/kvaser_msg_interfaces/msg/rosidl_typesupport_fastrtps_cpp__visibility_control.h
[1.112s] -- Up-to-date: /home/cec20/Yangjiaxin/my-carla-ros-bridge/install/kvaser_msg_interfaces/lib/libkvaser_msg_interfaces__rosidl_typesupport_fastrtps_cpp.so
[1.112s] -- Up-to-date: /home/cec20/Yangjiaxin/my-carla-ros-bridge/install/kvaser_msg_interfaces/include/kvaser_msg_interfaces
[1.112s] -- Up-to-date: /home/cec20/Yangjiaxin/my-carla-ros-bridge/install/kvaser_msg_interfaces/include/kvaser_msg_interfaces/msg
[1.112s] -- Up-to-date: /home/cec20/Yangjiaxin/my-carla-ros-bridge/install/kvaser_msg_interfaces/include/kvaser_msg_interfaces/msg/detail
[1.112s] -- Up-to-date: /home/cec20/Yangjiaxin/my-carla-ros-bridge/install/kvaser_msg_interfaces/include/kvaser_msg_interfaces/msg/detail/control_cmd__type_support.c
[1.112s] -- Up-to-date: /home/cec20/Yangjiaxin/my-carla-ros-bridge/install/kvaser_msg_interfaces/include/kvaser_msg_interfaces/msg/detail/control_cmd__rosidl_typesupport_introspection_c.h
[1.112s] -- Up-to-date: /home/cec20/Yangjiaxin/my-carla-ros-bridge/install/kvaser_msg_interfaces/include/kvaser_msg_interfaces/msg/rosidl_typesupport_introspection_c__visibility_control.h
[1.113s] -- Up-to-date: /home/cec20/Yangjiaxin/my-carla-ros-bridge/install/kvaser_msg_interfaces/lib/libkvaser_msg_interfaces__rosidl_typesupport_introspection_c.so
[1.113s] -- Up-to-date: /home/cec20/Yangjiaxin/my-carla-ros-bridge/install/kvaser_msg_interfaces/lib/libkvaser_msg_interfaces__rosidl_typesupport_c.so
[1.113s] -- Up-to-date: /home/cec20/Yangjiaxin/my-carla-ros-bridge/install/kvaser_msg_interfaces/include/kvaser_msg_interfaces
[1.113s] -- Up-to-date: /home/cec20/Yangjiaxin/my-carla-ros-bridge/install/kvaser_msg_interfaces/include/kvaser_msg_interfaces/msg
[1.113s] -- Up-to-date: /home/cec20/Yangjiaxin/my-carla-ros-bridge/install/kvaser_msg_interfaces/include/kvaser_msg_interfaces/msg/detail
[1.113s] -- Up-to-date: /home/cec20/Yangjiaxin/my-carla-ros-bridge/install/kvaser_msg_interfaces/include/kvaser_msg_interfaces/msg/detail/control_cmd__traits.hpp
[1.113s] -- Up-to-date: /home/cec20/Yangjiaxin/my-carla-ros-bridge/install/kvaser_msg_interfaces/include/kvaser_msg_interfaces/msg/detail/control_cmd__builder.hpp
[1.113s] -- Up-to-date: /home/cec20/Yangjiaxin/my-carla-ros-bridge/install/kvaser_msg_interfaces/include/kvaser_msg_interfaces/msg/detail/control_cmd__struct.hpp
[1.113s] -- Up-to-date: /home/cec20/Yangjiaxin/my-carla-ros-bridge/install/kvaser_msg_interfaces/include/kvaser_msg_interfaces/msg/control_cmd.hpp
[1.113s] -- Up-to-date: /home/cec20/Yangjiaxin/my-carla-ros-bridge/install/kvaser_msg_interfaces/include/kvaser_msg_interfaces
[1.113s] -- Up-to-date: /home/cec20/Yangjiaxin/my-carla-ros-bridge/install/kvaser_msg_interfaces/include/kvaser_msg_interfaces/msg
[1.113s] -- Up-to-date: /home/cec20/Yangjiaxin/my-carla-ros-bridge/install/kvaser_msg_interfaces/include/kvaser_msg_interfaces/msg/detail
[1.113s] -- Up-to-date: /home/cec20/Yangjiaxin/my-carla-ros-bridge/install/kvaser_msg_interfaces/include/kvaser_msg_interfaces/msg/detail/control_cmd__rosidl_typesupport_introspection_cpp.hpp
[1.114s] -- Up-to-date: /home/cec20/Yangjiaxin/my-carla-ros-bridge/install/kvaser_msg_interfaces/include/kvaser_msg_interfaces/msg/detail/control_cmd__type_support.cpp
[1.114s] -- Up-to-date: /home/cec20/Yangjiaxin/my-carla-ros-bridge/install/kvaser_msg_interfaces/lib/libkvaser_msg_interfaces__rosidl_typesupport_introspection_cpp.so
[1.114s] -- Up-to-date: /home/cec20/Yangjiaxin/my-carla-ros-bridge/install/kvaser_msg_interfaces/lib/libkvaser_msg_interfaces__rosidl_typesupport_cpp.so
[1.114s] -- Up-to-date: /home/cec20/Yangjiaxin/my-carla-ros-bridge/install/kvaser_msg_interfaces/share/kvaser_msg_interfaces/environment/pythonpath.sh
[1.114s] -- Up-to-date: /home/cec20/Yangjiaxin/my-carla-ros-bridge/install/kvaser_msg_interfaces/share/kvaser_msg_interfaces/environment/pythonpath.dsv
[1.114s] -- Up-to-date: /home/cec20/Yangjiaxin/my-carla-ros-bridge/install/kvaser_msg_interfaces/lib/python3.8/site-packages/kvaser_msg_interfaces/__init__.py
[1.144s] -- Up-to-date: /home/cec20/Yangjiaxin/my-carla-ros-bridge/install/kvaser_msg_interfaces/lib/python3.8/site-packages/kvaser_msg_interfaces/msg
[1.144s] -- Up-to-date: /home/cec20/Yangjiaxin/my-carla-ros-bridge/install/kvaser_msg_interfaces/lib/python3.8/site-packages/kvaser_msg_interfaces/msg/_control_cmd_s.c
[1.144s] -- Up-to-date: /home/cec20/Yangjiaxin/my-carla-ros-bridge/install/kvaser_msg_interfaces/lib/python3.8/site-packages/kvaser_msg_interfaces/msg/__init__.py
[1.144s] -- Up-to-date: /home/cec20/Yangjiaxin/my-carla-ros-bridge/install/kvaser_msg_interfaces/lib/python3.8/site-packages/kvaser_msg_interfaces/msg/_control_cmd.py
[1.144s] -- Up-to-date: /home/cec20/Yangjiaxin/my-carla-ros-bridge/install/kvaser_msg_interfaces/lib/python3.8/site-packages/kvaser_msg_interfaces/kvaser_msg_interfaces_s__rosidl_typesupport_fastrtps_c.cpython-38-x86_64-linux-gnu.so
[1.144s] -- Up-to-date: /home/cec20/Yangjiaxin/my-carla-ros-bridge/install/kvaser_msg_interfaces/lib/python3.8/site-packages/kvaser_msg_interfaces/kvaser_msg_interfaces_s__rosidl_typesupport_introspection_c.cpython-38-x86_64-linux-gnu.so
[1.145s] -- Up-to-date: /home/cec20/Yangjiaxin/my-carla-ros-bridge/install/kvaser_msg_interfaces/lib/python3.8/site-packages/kvaser_msg_interfaces/kvaser_msg_interfaces_s__rosidl_typesupport_c.cpython-38-x86_64-linux-gnu.so
[1.145s] -- Up-to-date: /home/cec20/Yangjiaxin/my-carla-ros-bridge/install/kvaser_msg_interfaces/lib/libkvaser_msg_interfaces__python.so
[1.145s] -- Up-to-date: /home/cec20/Yangjiaxin/my-carla-ros-bridge/install/kvaser_msg_interfaces/share/kvaser_msg_interfaces/msg/ControlCmd.idl
[1.145s] -- Up-to-date: /home/cec20/Yangjiaxin/my-carla-ros-bridge/install/kvaser_msg_interfaces/share/kvaser_msg_interfaces/msg/ControlCmd.msg
[1.145s] -- Up-to-date: /home/cec20/Yangjiaxin/my-carla-ros-bridge/install/kvaser_msg_interfaces/share/ament_index/resource_index/package_run_dependencies/kvaser_msg_interfaces
[1.145s] -- Up-to-date: /home/cec20/Yangjiaxin/my-carla-ros-bridge/install/kvaser_msg_interfaces/share/ament_index/resource_index/parent_prefix_path/kvaser_msg_interfaces
[1.146s] -- Up-to-date: /home/cec20/Yangjiaxin/my-carla-ros-bridge/install/kvaser_msg_interfaces/share/kvaser_msg_interfaces/environment/ament_prefix_path.sh
[1.146s] -- Up-to-date: /home/cec20/Yangjiaxin/my-carla-ros-bridge/install/kvaser_msg_interfaces/share/kvaser_msg_interfaces/environment/ament_prefix_path.dsv
[1.146s] -- Up-to-date: /home/cec20/Yangjiaxin/my-carla-ros-bridge/install/kvaser_msg_interfaces/share/kvaser_msg_interfaces/environment/path.sh
[1.146s] -- Up-to-date: /home/cec20/Yangjiaxin/my-carla-ros-bridge/install/kvaser_msg_interfaces/share/kvaser_msg_interfaces/environment/path.dsv
[1.146s] -- Up-to-date: /home/cec20/Yangjiaxin/my-carla-ros-bridge/install/kvaser_msg_interfaces/share/kvaser_msg_interfaces/local_setup.bash
[1.146s] -- Up-to-date: /home/cec20/Yangjiaxin/my-carla-ros-bridge/install/kvaser_msg_interfaces/share/kvaser_msg_interfaces/local_setup.sh
[1.146s] -- Up-to-date: /home/cec20/Yangjiaxin/my-carla-ros-bridge/install/kvaser_msg_interfaces/share/kvaser_msg_interfaces/local_setup.zsh
[1.146s] -- Up-to-date: /home/cec20/Yangjiaxin/my-carla-ros-bridge/install/kvaser_msg_interfaces/share/kvaser_msg_interfaces/local_setup.dsv
[1.146s] -- Installing: /home/cec20/Yangjiaxin/my-carla-ros-bridge/install/kvaser_msg_interfaces/share/kvaser_msg_interfaces/package.dsv
[1.146s] -- Up-to-date: /home/cec20/Yangjiaxin/my-carla-ros-bridge/install/kvaser_msg_interfaces/share/ament_index/resource_index/packages/kvaser_msg_interfaces
[1.146s] -- Up-to-date: /home/cec20/Yangjiaxin/my-carla-ros-bridge/install/kvaser_msg_interfaces/share/kvaser_msg_interfaces/cmake/kvaser_msg_interfaces__rosidl_generator_cExport.cmake
[1.146s] -- Up-to-date: /home/cec20/Yangjiaxin/my-carla-ros-bridge/install/kvaser_msg_interfaces/share/kvaser_msg_interfaces/cmake/kvaser_msg_interfaces__rosidl_generator_cExport-noconfig.cmake
[1.146s] -- Up-to-date: /home/cec20/Yangjiaxin/my-carla-ros-bridge/install/kvaser_msg_interfaces/share/kvaser_msg_interfaces/cmake/kvaser_msg_interfaces__rosidl_typesupport_introspection_cExport.cmake
[1.146s] -- Up-to-date: /home/cec20/Yangjiaxin/my-carla-ros-bridge/install/kvaser_msg_interfaces/share/kvaser_msg_interfaces/cmake/kvaser_msg_interfaces__rosidl_typesupport_introspection_cExport-noconfig.cmake
[1.146s] -- Up-to-date: /home/cec20/Yangjiaxin/my-carla-ros-bridge/install/kvaser_msg_interfaces/share/kvaser_msg_interfaces/cmake/kvaser_msg_interfaces__rosidl_typesupport_cExport.cmake
[1.146s] -- Up-to-date: /home/cec20/Yangjiaxin/my-carla-ros-bridge/install/kvaser_msg_interfaces/share/kvaser_msg_interfaces/cmake/kvaser_msg_interfaces__rosidl_typesupport_cExport-noconfig.cmake
[1.146s] -- Up-to-date: /home/cec20/Yangjiaxin/my-carla-ros-bridge/install/kvaser_msg_interfaces/share/kvaser_msg_interfaces/cmake/kvaser_msg_interfaces__rosidl_generator_cppExport.cmake
[1.146s] -- Up-to-date: /home/cec20/Yangjiaxin/my-carla-ros-bridge/install/kvaser_msg_interfaces/share/kvaser_msg_interfaces/cmake/kvaser_msg_interfaces__rosidl_typesupport_introspection_cppExport.cmake
[1.147s] -- Up-to-date: /home/cec20/Yangjiaxin/my-carla-ros-bridge/install/kvaser_msg_interfaces/share/kvaser_msg_interfaces/cmake/kvaser_msg_interfaces__rosidl_typesupport_introspection_cppExport-noconfig.cmake
[1.147s] -- Up-to-date: /home/cec20/Yangjiaxin/my-carla-ros-bridge/install/kvaser_msg_interfaces/share/kvaser_msg_interfaces/cmake/kvaser_msg_interfaces__rosidl_typesupport_cppExport.cmake
[1.147s] -- Up-to-date: /home/cec20/Yangjiaxin/my-carla-ros-bridge/install/kvaser_msg_interfaces/share/kvaser_msg_interfaces/cmake/kvaser_msg_interfaces__rosidl_typesupport_cppExport-noconfig.cmake
[1.147s] -- Up-to-date: /home/cec20/Yangjiaxin/my-carla-ros-bridge/install/kvaser_msg_interfaces/share/kvaser_msg_interfaces/cmake/rosidl_cmake-extras.cmake
[1.147s] -- Up-to-date: /home/cec20/Yangjiaxin/my-carla-ros-bridge/install/kvaser_msg_interfaces/share/kvaser_msg_interfaces/cmake/ament_cmake_export_dependencies-extras.cmake
[1.147s] -- Up-to-date: /home/cec20/Yangjiaxin/my-carla-ros-bridge/install/kvaser_msg_interfaces/share/kvaser_msg_interfaces/cmake/ament_cmake_export_libraries-extras.cmake
[1.147s] -- Up-to-date: /home/cec20/Yangjiaxin/my-carla-ros-bridge/install/kvaser_msg_interfaces/share/kvaser_msg_interfaces/cmake/ament_cmake_export_targets-extras.cmake
[1.147s] -- Up-to-date: /home/cec20/Yangjiaxin/my-carla-ros-bridge/install/kvaser_msg_interfaces/share/kvaser_msg_interfaces/cmake/ament_cmake_export_include_directories-extras.cmake
[1.147s] -- Up-to-date: /home/cec20/Yangjiaxin/my-carla-ros-bridge/install/kvaser_msg_interfaces/share/kvaser_msg_interfaces/cmake/rosidl_cmake_export_typesupport_libraries-extras.cmake
[1.147s] -- Up-to-date: /home/cec20/Yangjiaxin/my-carla-ros-bridge/install/kvaser_msg_interfaces/share/kvaser_msg_interfaces/cmake/rosidl_cmake_export_typesupport_targets-extras.cmake
[1.147s] -- Up-to-date: /home/cec20/Yangjiaxin/my-carla-ros-bridge/install/kvaser_msg_interfaces/share/kvaser_msg_interfaces/cmake/kvaser_msg_interfacesConfig.cmake
[1.147s] -- Up-to-date: /home/cec20/Yangjiaxin/my-carla-ros-bridge/install/kvaser_msg_interfaces/share/kvaser_msg_interfaces/cmake/kvaser_msg_interfacesConfig-version.cmake
[1.147s] -- Up-to-date: /home/cec20/Yangjiaxin/my-carla-ros-bridge/install/kvaser_msg_interfaces/share/kvaser_msg_interfaces/package.xml
[1.149s] Invoked command in '/home/cec20/Yangjiaxin/my-carla-ros-bridge/build/kvaser_msg_interfaces' returned '0': CMAKE_PREFIX_PATH=${CMAKE_PREFIX_PATH}:/home/cec20/Yangjiaxin/my-carla-ros-bridge/install/traject_plan_control:/home/cec20/Yangjiaxin/my-carla-ros-bridge/install/test_set_transform_bend:/home/cec20/Yangjiaxin/my-carla-ros-bridge/install/set_transform:/home/cec20/Yangjiaxin/my-carla-ros-bridge/install/my_bridge:/home/cec20/Yangjiaxin/my-carla-ros-bridge/install/kvaser_parser_ros:/home/cec20/Yangjiaxin/my-carla-ros-bridge/install/imagenode:/home/cec20/carla-ros-bridge/install/set_transform:/home/cec20/carla-ros-bridge/install/rqt_carla_control:/home/cec20/carla-ros-bridge/install/carla_waypoint_publisher:/home/cec20/carla-ros-bridge/install/carla_ackermann_control:/home/cec20/carla-ros-bridge/install/carla_ros_bridge:/home/cec20/carla-ros-bridge/install/carla_spawn_objects:/home/cec20/carla-ros-bridge/install/carla_manual_control:/home/cec20/carla-ros-bridge/install/carla_ad_agent:/home/cec20/carla-ros-bridge/install/ros_compatibility:/home/cec20/carla-ros-bridge/install/imagenode:/home/cec20/carla-ros-bridge/install/carla_walker_agent:/home/cec20/carla-ros-bridge/install/carla_twist_to_control:/home/cec20/carla-ros-bridge/install/carla_ros_scenario_runner:/home/cec20/carla-ros-bridge/install/carla_common:/opt/ros/foxy /usr/bin/cmake --install /home/cec20/Yangjiaxin/my-carla-ros-bridge/build/kvaser_msg_interfaces
