running egg_info
creating ../../build/my_bridge/my_bridge.egg-info
writing ../../build/my_bridge/my_bridge.egg-info/PKG-INFO
writing dependency_links to ../../build/my_bridge/my_bridge.egg-info/dependency_links.txt
writing entry points to ../../build/my_bridge/my_bridge.egg-info/entry_points.txt
writing requirements to ../../build/my_bridge/my_bridge.egg-info/requires.txt
writing top-level names to ../../build/my_bridge/my_bridge.egg-info/top_level.txt
writing manifest file '../../build/my_bridge/my_bridge.egg-info/SOURCES.txt'
reading manifest file '../../build/my_bridge/my_bridge.egg-info/SOURCES.txt'
writing manifest file '../../build/my_bridge/my_bridge.egg-info/SOURCES.txt'
running build
running build_py
creating /home/cec20/Yangjiaxin/my-carla-ros-bridge/build/my_bridge/build
creating /home/cec20/Yangjiaxin/my-carla-ros-bridge/build/my_bridge/build/lib
creating /home/cec20/Yangjiaxin/my-carla-ros-bridge/build/my_bridge/build/lib/my_bridge
copying my_bridge/bridge.py -> /home/cec20/Yangjiaxin/my-carla-ros-bridge/build/my_bridge/build/lib/my_bridge
copying my_bridge/__init__.py -> /home/cec20/Yangjiaxin/my-carla-ros-bridge/build/my_bridge/build/lib/my_bridge
running install
running install_lib
creating /home/cec20/Yangjiaxin/my-carla-ros-bridge/install/my_bridge/lib/python3.8/site-packages/my_bridge
copying /home/cec20/Yangjiaxin/my-carla-ros-bridge/build/my_bridge/build/lib/my_bridge/bridge.py -> /home/cec20/Yangjiaxin/my-carla-ros-bridge/install/my_bridge/lib/python3.8/site-packages/my_bridge
copying /home/cec20/Yangjiaxin/my-carla-ros-bridge/build/my_bridge/build/lib/my_bridge/__init__.py -> /home/cec20/Yangjiaxin/my-carla-ros-bridge/install/my_bridge/lib/python3.8/site-packages/my_bridge
byte-compiling /home/cec20/Yangjiaxin/my-carla-ros-bridge/install/my_bridge/lib/python3.8/site-packages/my_bridge/bridge.py to bridge.cpython-38.pyc
byte-compiling /home/cec20/Yangjiaxin/my-carla-ros-bridge/install/my_bridge/lib/python3.8/site-packages/my_bridge/__init__.py to __init__.cpython-38.pyc
running install_data
creating /home/cec20/Yangjiaxin/my-carla-ros-bridge/install/my_bridge/share/ament_index
creating /home/cec20/Yangjiaxin/my-carla-ros-bridge/install/my_bridge/share/ament_index/resource_index
creating /home/cec20/Yangjiaxin/my-carla-ros-bridge/install/my_bridge/share/ament_index/resource_index/packages
copying resource/my_bridge -> /home/cec20/Yangjiaxin/my-carla-ros-bridge/install/my_bridge/share/ament_index/resource_index/packages
copying package.xml -> /home/cec20/Yangjiaxin/my-carla-ros-bridge/install/my_bridge/share/my_bridge
copying launch/my_bridge.launch.py -> /home/cec20/Yangjiaxin/my-carla-ros-bridge/install/my_bridge/share/my_bridge
running install_egg_info
Copying ../../build/my_bridge/my_bridge.egg-info to /home/cec20/Yangjiaxin/my-carla-ros-bridge/install/my_bridge/lib/python3.8/site-packages/my_bridge-0.0.0-py3.8.egg-info
running install_scripts
Installing bridge script to /home/cec20/Yangjiaxin/my-carla-ros-bridge/install/my_bridge/lib/my_bridge
writing list of installed files to '/home/cec20/Yangjiaxin/my-carla-ros-bridge/build/my_bridge/install.log'
