[0.479s] Invoking command in '/home/cec20/Yangjiaxin/my-carla-ros-bridge/src/my_bridge': PYTHONPATH=/home/cec20/Yangjiaxin/my-carla-ros-bridge/build/my_bridge/prefix_override:/home/cec20/Yangjiaxin/my-carla-ros-bridge/install/my_bridge/lib/python3.8/site-packages:${PYTHONPATH} /usr/bin/python3 setup.py egg_info --egg-base ../../build/my_bridge build --build-base /home/cec20/Yangjiaxin/my-carla-ros-bridge/build/my_bridge/build install --record /home/cec20/Yangjiaxin/my-carla-ros-bridge/build/my_bridge/install.log --install-scripts $base/lib/my_bridge --single-version-externally-managed
[0.653s] running egg_info
[0.654s] creating ../../build/my_bridge/my_bridge.egg-info
[0.654s] writing ../../build/my_bridge/my_bridge.egg-info/PKG-INFO
[0.654s] writing dependency_links to ../../build/my_bridge/my_bridge.egg-info/dependency_links.txt
[0.654s] writing entry points to ../../build/my_bridge/my_bridge.egg-info/entry_points.txt
[0.654s] writing requirements to ../../build/my_bridge/my_bridge.egg-info/requires.txt
[0.654s] writing top-level names to ../../build/my_bridge/my_bridge.egg-info/top_level.txt
[0.655s] writing manifest file '../../build/my_bridge/my_bridge.egg-info/SOURCES.txt'
[0.677s] reading manifest file '../../build/my_bridge/my_bridge.egg-info/SOURCES.txt'
[0.677s] writing manifest file '../../build/my_bridge/my_bridge.egg-info/SOURCES.txt'
[0.677s] running build
[0.677s] running build_py
[0.677s] creating /home/cec20/Yangjiaxin/my-carla-ros-bridge/build/my_bridge/build
[0.678s] creating /home/cec20/Yangjiaxin/my-carla-ros-bridge/build/my_bridge/build/lib
[0.678s] creating /home/cec20/Yangjiaxin/my-carla-ros-bridge/build/my_bridge/build/lib/my_bridge
[0.678s] copying my_bridge/bridge.py -> /home/cec20/Yangjiaxin/my-carla-ros-bridge/build/my_bridge/build/lib/my_bridge
[0.678s] copying my_bridge/__init__.py -> /home/cec20/Yangjiaxin/my-carla-ros-bridge/build/my_bridge/build/lib/my_bridge
[0.678s] running install
[0.678s] running install_lib
[0.679s] creating /home/cec20/Yangjiaxin/my-carla-ros-bridge/install/my_bridge/lib/python3.8/site-packages/my_bridge
[0.679s] copying /home/cec20/Yangjiaxin/my-carla-ros-bridge/build/my_bridge/build/lib/my_bridge/bridge.py -> /home/cec20/Yangjiaxin/my-carla-ros-bridge/install/my_bridge/lib/python3.8/site-packages/my_bridge
[0.679s] copying /home/cec20/Yangjiaxin/my-carla-ros-bridge/build/my_bridge/build/lib/my_bridge/__init__.py -> /home/cec20/Yangjiaxin/my-carla-ros-bridge/install/my_bridge/lib/python3.8/site-packages/my_bridge
[0.679s] byte-compiling /home/cec20/Yangjiaxin/my-carla-ros-bridge/install/my_bridge/lib/python3.8/site-packages/my_bridge/bridge.py to bridge.cpython-38.pyc
[0.680s] byte-compiling /home/cec20/Yangjiaxin/my-carla-ros-bridge/install/my_bridge/lib/python3.8/site-packages/my_bridge/__init__.py to __init__.cpython-38.pyc
[0.680s] running install_data
[0.680s] creating /home/cec20/Yangjiaxin/my-carla-ros-bridge/install/my_bridge/share/ament_index
[0.680s] creating /home/cec20/Yangjiaxin/my-carla-ros-bridge/install/my_bridge/share/ament_index/resource_index
[0.680s] creating /home/cec20/Yangjiaxin/my-carla-ros-bridge/install/my_bridge/share/ament_index/resource_index/packages
[0.680s] copying resource/my_bridge -> /home/cec20/Yangjiaxin/my-carla-ros-bridge/install/my_bridge/share/ament_index/resource_index/packages
[0.680s] copying package.xml -> /home/cec20/Yangjiaxin/my-carla-ros-bridge/install/my_bridge/share/my_bridge
[0.681s] copying launch/my_bridge.launch.py -> /home/cec20/Yangjiaxin/my-carla-ros-bridge/install/my_bridge/share/my_bridge
[0.681s] running install_egg_info
[0.682s] Copying ../../build/my_bridge/my_bridge.egg-info to /home/cec20/Yangjiaxin/my-carla-ros-bridge/install/my_bridge/lib/python3.8/site-packages/my_bridge-0.0.0-py3.8.egg-info
[0.682s] running install_scripts
[0.693s] Installing bridge script to /home/cec20/Yangjiaxin/my-carla-ros-bridge/install/my_bridge/lib/my_bridge
[0.693s] writing list of installed files to '/home/cec20/Yangjiaxin/my-carla-ros-bridge/build/my_bridge/install.log'
[0.705s] Invoked command in '/home/cec20/Yangjiaxin/my-carla-ros-bridge/src/my_bridge' returned '0': PYTHONPATH=/home/cec20/Yangjiaxin/my-carla-ros-bridge/build/my_bridge/prefix_override:/home/cec20/Yangjiaxin/my-carla-ros-bridge/install/my_bridge/lib/python3.8/site-packages:${PYTHONPATH} /usr/bin/python3 setup.py egg_info --egg-base ../../build/my_bridge build --build-base /home/cec20/Yangjiaxin/my-carla-ros-bridge/build/my_bridge/build install --record /home/cec20/Yangjiaxin/my-carla-ros-bridge/build/my_bridge/install.log --install-scripts $base/lib/my_bridge --single-version-externally-managed
