running egg_info
writing ../../build/set_transform/set_transform.egg-info/PKG-INFO
writing dependency_links to ../../build/set_transform/set_transform.egg-info/dependency_links.txt
writing entry points to ../../build/set_transform/set_transform.egg-info/entry_points.txt
writing requirements to ../../build/set_transform/set_transform.egg-info/requires.txt
writing top-level names to ../../build/set_transform/set_transform.egg-info/top_level.txt
reading manifest file '../../build/set_transform/set_transform.egg-info/SOURCES.txt'
writing manifest file '../../build/set_transform/set_transform.egg-info/SOURCES.txt'
running build
running build_py
copying set_transform/auto_set.py -> /home/cec20/Yangjiaxin/my-carla-ros-bridge/build/set_transform/build/lib/set_transform
running install
running install_lib
copying /home/cec20/Yangjiaxin/my-carla-ros-bridge/build/set_transform/build/lib/set_transform/auto_set.py -> /home/cec20/Yangjiaxin/my-carla-ros-bridge/install/set_transform/lib/python3.8/site-packages/set_transform
byte-compiling /home/cec20/Yangjiaxin/my-carla-ros-bridge/install/set_transform/lib/python3.8/site-packages/set_transform/auto_set.py to auto_set.cpython-38.pyc
running install_data
running install_egg_info
removing '/home/cec20/Yangjiaxin/my-carla-ros-bridge/install/set_transform/lib/python3.8/site-packages/set_transform-0.0.0-py3.8.egg-info' (and everything under it)
Copying ../../build/set_transform/set_transform.egg-info to /home/cec20/Yangjiaxin/my-carla-ros-bridge/install/set_transform/lib/python3.8/site-packages/set_transform-0.0.0-py3.8.egg-info
running install_scripts
Installing test1 script to /home/cec20/Yangjiaxin/my-carla-ros-bridge/install/set_transform/lib/set_transform
Installing test2 script to /home/cec20/Yangjiaxin/my-carla-ros-bridge/install/set_transform/lib/set_transform
Installing transform_autoset script to /home/cec20/Yangjiaxin/my-carla-ros-bridge/install/set_transform/lib/set_transform
Installing transform_manualset script to /home/cec20/Yangjiaxin/my-carla-ros-bridge/install/set_transform/lib/set_transform
writing list of installed files to '/home/cec20/Yangjiaxin/my-carla-ros-bridge/build/set_transform/install.log'
