[0.274s] DEBUG:colcon:Command line arguments: ['/usr/bin/colcon', 'build']
[0.274s] DEBUG:colcon:Parsed command line arguments: Namespace(allow_overriding=[], ament_cmake_args=None, base_paths=['.'], build_base='build', catkin_cmake_args=None, catkin_skip_building_tests=False, cmake_args=None, cmake_clean_cache=False, cmake_clean_first=False, cmake_force_configure=False, cmake_target=None, cmake_target_skip_unavailable=False, continue_on_error=False, event_handlers=None, executor='parallel', ignore_user_meta=False, install_base='install', log_base=None, log_level=None, main=<bound method BuildVerb.main of <colcon_core.verb.build.BuildVerb object at 0x7f22b2c8b9d0>>, merge_install=False, metas=['./colcon.meta'], packages_above=None, packages_above_and_dependencies=None, packages_above_depth=None, packages_end=None, packages_ignore=None, packages_ignore_regex=None, packages_select=None, packages_select_build_failed=False, packages_select_by_dep=None, packages_select_regex=None, packages_select_test_failures=False, packages_skip=None, packages_skip_build_finished=False, packages_skip_by_dep=None, packages_skip_regex=None, packages_skip_test_passed=False, packages_skip_up_to=None, packages_start=None, packages_up_to=None, packages_up_to_regex=None, parallel_workers=20, paths=None, symlink_install=False, test_result_base=None, verb_extension=<colcon_core.verb.build.BuildVerb object at 0x7f22b2c8b9d0>, verb_name='build', verb_parser=<colcon_defaults.argument_parser.defaults.DefaultArgumentsDecorator object at 0x7f22b2c8bf40>)
[0.296s] Level 1:colcon.colcon_core.package_discovery:discover_packages(colcon_meta) check parameters
[0.296s] Level 1:colcon.colcon_core.package_discovery:discover_packages(recursive) check parameters
[0.296s] Level 1:colcon.colcon_core.package_discovery:discover_packages(ignore) check parameters
[0.296s] Level 1:colcon.colcon_core.package_discovery:discover_packages(path) check parameters
[0.296s] Level 1:colcon.colcon_core.package_discovery:discover_packages(colcon_meta) discover
[0.296s] Level 1:colcon.colcon_core.package_discovery:discover_packages(recursive) discover
[0.296s] INFO:colcon.colcon_core.package_discovery:Crawling recursively for packages in '/home/cec20/Yangjiaxin/my-carla-ros-bridge'
[0.296s] Level 1:colcon.colcon_core.package_identification:_identify(.) by extensions ['ignore', 'ignore_ament_install']
[0.296s] Level 1:colcon.colcon_core.package_identification:_identify(.) by extension 'ignore'
[0.296s] Level 1:colcon.colcon_core.package_identification:_identify(.) by extension 'ignore_ament_install'
[0.296s] Level 1:colcon.colcon_core.package_identification:_identify(.) by extensions ['colcon_pkg']
[0.296s] Level 1:colcon.colcon_core.package_identification:_identify(.) by extension 'colcon_pkg'
[0.296s] Level 1:colcon.colcon_core.package_identification:_identify(.) by extensions ['colcon_meta']
[0.296s] Level 1:colcon.colcon_core.package_identification:_identify(.) by extension 'colcon_meta'
[0.296s] Level 1:colcon.colcon_core.package_identification:_identify(.) by extensions ['ros']
[0.297s] Level 1:colcon.colcon_core.package_identification:_identify(.) by extension 'ros'
[0.312s] Level 1:colcon.colcon_core.package_identification:_identify(.) by extensions ['cmake', 'python']
[0.312s] Level 1:colcon.colcon_core.package_identification:_identify(.) by extension 'cmake'
[0.312s] Level 1:colcon.colcon_core.package_identification:_identify(.) by extension 'python'
[0.312s] Level 1:colcon.colcon_core.package_identification:_identify(.) by extensions ['python_setup_py']
[0.313s] Level 1:colcon.colcon_core.package_identification:_identify(.) by extension 'python_setup_py'
[0.313s] Level 1:colcon.colcon_core.package_identification:_identify(build) by extensions ['ignore', 'ignore_ament_install']
[0.313s] Level 1:colcon.colcon_core.package_identification:_identify(build) by extension 'ignore'
[0.313s] Level 1:colcon.colcon_core.package_identification:_identify(build) ignored
[0.313s] Level 1:colcon.colcon_core.package_identification:_identify(install) by extensions ['ignore', 'ignore_ament_install']
[0.313s] Level 1:colcon.colcon_core.package_identification:_identify(install) by extension 'ignore'
[0.313s] Level 1:colcon.colcon_core.package_identification:_identify(install) ignored
[0.313s] Level 1:colcon.colcon_core.package_identification:_identify(log) by extensions ['ignore', 'ignore_ament_install']
[0.313s] Level 1:colcon.colcon_core.package_identification:_identify(log) by extension 'ignore'
[0.313s] Level 1:colcon.colcon_core.package_identification:_identify(log) ignored
[0.313s] Level 1:colcon.colcon_core.package_identification:_identify(src) by extensions ['ignore', 'ignore_ament_install']
[0.314s] Level 1:colcon.colcon_core.package_identification:_identify(src) by extension 'ignore'
[0.314s] Level 1:colcon.colcon_core.package_identification:_identify(src) by extension 'ignore_ament_install'
[0.314s] Level 1:colcon.colcon_core.package_identification:_identify(src) by extensions ['colcon_pkg']
[0.314s] Level 1:colcon.colcon_core.package_identification:_identify(src) by extension 'colcon_pkg'
[0.314s] Level 1:colcon.colcon_core.package_identification:_identify(src) by extensions ['colcon_meta']
[0.314s] Level 1:colcon.colcon_core.package_identification:_identify(src) by extension 'colcon_meta'
[0.314s] Level 1:colcon.colcon_core.package_identification:_identify(src) by extensions ['ros']
[0.314s] Level 1:colcon.colcon_core.package_identification:_identify(src) by extension 'ros'
[0.314s] Level 1:colcon.colcon_core.package_identification:_identify(src) by extensions ['cmake', 'python']
[0.314s] Level 1:colcon.colcon_core.package_identification:_identify(src) by extension 'cmake'
[0.314s] Level 1:colcon.colcon_core.package_identification:_identify(src) by extension 'python'
[0.314s] Level 1:colcon.colcon_core.package_identification:_identify(src) by extensions ['python_setup_py']
[0.314s] Level 1:colcon.colcon_core.package_identification:_identify(src) by extension 'python_setup_py'
[0.314s] Level 1:colcon.colcon_core.package_identification:_identify(src/imagenode) by extensions ['ignore', 'ignore_ament_install']
[0.314s] Level 1:colcon.colcon_core.package_identification:_identify(src/imagenode) by extension 'ignore'
[0.314s] Level 1:colcon.colcon_core.package_identification:_identify(src/imagenode) by extension 'ignore_ament_install'
[0.314s] Level 1:colcon.colcon_core.package_identification:_identify(src/imagenode) by extensions ['colcon_pkg']
[0.315s] Level 1:colcon.colcon_core.package_identification:_identify(src/imagenode) by extension 'colcon_pkg'
[0.315s] Level 1:colcon.colcon_core.package_identification:_identify(src/imagenode) by extensions ['colcon_meta']
[0.315s] Level 1:colcon.colcon_core.package_identification:_identify(src/imagenode) by extension 'colcon_meta'
[0.315s] Level 1:colcon.colcon_core.package_identification:_identify(src/imagenode) by extensions ['ros']
[0.315s] Level 1:colcon.colcon_core.package_identification:_identify(src/imagenode) by extension 'ros'
[0.316s] DEBUG:colcon.colcon_core.package_identification:Package 'src/imagenode' with type 'ros.ament_python' and name 'imagenode'
[0.317s] Level 1:colcon.colcon_core.package_identification:_identify(src/kvaser_msg_interfaces) by extensions ['ignore', 'ignore_ament_install']
[0.317s] Level 1:colcon.colcon_core.package_identification:_identify(src/kvaser_msg_interfaces) by extension 'ignore'
[0.317s] Level 1:colcon.colcon_core.package_identification:_identify(src/kvaser_msg_interfaces) by extension 'ignore_ament_install'
[0.317s] Level 1:colcon.colcon_core.package_identification:_identify(src/kvaser_msg_interfaces) by extensions ['colcon_pkg']
[0.317s] Level 1:colcon.colcon_core.package_identification:_identify(src/kvaser_msg_interfaces) by extension 'colcon_pkg'
[0.317s] Level 1:colcon.colcon_core.package_identification:_identify(src/kvaser_msg_interfaces) by extensions ['colcon_meta']
[0.317s] Level 1:colcon.colcon_core.package_identification:_identify(src/kvaser_msg_interfaces) by extension 'colcon_meta'
[0.317s] Level 1:colcon.colcon_core.package_identification:_identify(src/kvaser_msg_interfaces) by extensions ['ros']
[0.317s] Level 1:colcon.colcon_core.package_identification:_identify(src/kvaser_msg_interfaces) by extension 'ros'
[0.318s] DEBUG:colcon.colcon_core.package_identification:Package 'src/kvaser_msg_interfaces' with type 'ros.ament_cmake' and name 'kvaser_msg_interfaces'
[0.318s] Level 1:colcon.colcon_core.package_identification:_identify(src/kvaser_parser_ros) by extensions ['ignore', 'ignore_ament_install']
[0.318s] Level 1:colcon.colcon_core.package_identification:_identify(src/kvaser_parser_ros) by extension 'ignore'
[0.318s] Level 1:colcon.colcon_core.package_identification:_identify(src/kvaser_parser_ros) by extension 'ignore_ament_install'
[0.318s] Level 1:colcon.colcon_core.package_identification:_identify(src/kvaser_parser_ros) by extensions ['colcon_pkg']
[0.318s] Level 1:colcon.colcon_core.package_identification:_identify(src/kvaser_parser_ros) by extension 'colcon_pkg'
[0.318s] Level 1:colcon.colcon_core.package_identification:_identify(src/kvaser_parser_ros) by extensions ['colcon_meta']
[0.318s] Level 1:colcon.colcon_core.package_identification:_identify(src/kvaser_parser_ros) by extension 'colcon_meta'
[0.318s] Level 1:colcon.colcon_core.package_identification:_identify(src/kvaser_parser_ros) by extensions ['ros']
[0.318s] Level 1:colcon.colcon_core.package_identification:_identify(src/kvaser_parser_ros) by extension 'ros'
[0.318s] DEBUG:colcon.colcon_core.package_identification:Package 'src/kvaser_parser_ros' with type 'ros.ament_python' and name 'kvaser_parser_ros'
[0.319s] Level 1:colcon.colcon_core.package_identification:_identify(src/my_bridge) by extensions ['ignore', 'ignore_ament_install']
[0.319s] Level 1:colcon.colcon_core.package_identification:_identify(src/my_bridge) by extension 'ignore'
[0.319s] Level 1:colcon.colcon_core.package_identification:_identify(src/my_bridge) by extension 'ignore_ament_install'
[0.319s] Level 1:colcon.colcon_core.package_identification:_identify(src/my_bridge) by extensions ['colcon_pkg']
[0.319s] Level 1:colcon.colcon_core.package_identification:_identify(src/my_bridge) by extension 'colcon_pkg'
[0.319s] Level 1:colcon.colcon_core.package_identification:_identify(src/my_bridge) by extensions ['colcon_meta']
[0.319s] Level 1:colcon.colcon_core.package_identification:_identify(src/my_bridge) by extension 'colcon_meta'
[0.319s] Level 1:colcon.colcon_core.package_identification:_identify(src/my_bridge) by extensions ['ros']
[0.319s] Level 1:colcon.colcon_core.package_identification:_identify(src/my_bridge) by extension 'ros'
[0.319s] DEBUG:colcon.colcon_core.package_identification:Package 'src/my_bridge' with type 'ros.ament_python' and name 'my_bridge'
[0.319s] Level 1:colcon.colcon_core.package_identification:_identify(src/test_set_transform_bend) by extensions ['ignore', 'ignore_ament_install']
[0.320s] Level 1:colcon.colcon_core.package_identification:_identify(src/test_set_transform_bend) by extension 'ignore'
[0.320s] Level 1:colcon.colcon_core.package_identification:_identify(src/test_set_transform_bend) by extension 'ignore_ament_install'
[0.320s] Level 1:colcon.colcon_core.package_identification:_identify(src/test_set_transform_bend) by extensions ['colcon_pkg']
[0.320s] Level 1:colcon.colcon_core.package_identification:_identify(src/test_set_transform_bend) by extension 'colcon_pkg'
[0.320s] Level 1:colcon.colcon_core.package_identification:_identify(src/test_set_transform_bend) by extensions ['colcon_meta']
[0.320s] Level 1:colcon.colcon_core.package_identification:_identify(src/test_set_transform_bend) by extension 'colcon_meta'
[0.320s] Level 1:colcon.colcon_core.package_identification:_identify(src/test_set_transform_bend) by extensions ['ros']
[0.320s] Level 1:colcon.colcon_core.package_identification:_identify(src/test_set_transform_bend) by extension 'ros'
[0.320s] DEBUG:colcon.colcon_core.package_identification:Package 'src/test_set_transform_bend' with type 'ros.ament_python' and name 'test_set_transform_bend'
[0.320s] Level 1:colcon.colcon_core.package_identification:_identify(src/traject_plan_control) by extensions ['ignore', 'ignore_ament_install']
[0.320s] Level 1:colcon.colcon_core.package_identification:_identify(src/traject_plan_control) by extension 'ignore'
[0.321s] Level 1:colcon.colcon_core.package_identification:_identify(src/traject_plan_control) by extension 'ignore_ament_install'
[0.321s] Level 1:colcon.colcon_core.package_identification:_identify(src/traject_plan_control) by extensions ['colcon_pkg']
[0.321s] Level 1:colcon.colcon_core.package_identification:_identify(src/traject_plan_control) by extension 'colcon_pkg'
[0.321s] Level 1:colcon.colcon_core.package_identification:_identify(src/traject_plan_control) by extensions ['colcon_meta']
[0.321s] Level 1:colcon.colcon_core.package_identification:_identify(src/traject_plan_control) by extension 'colcon_meta'
[0.321s] Level 1:colcon.colcon_core.package_identification:_identify(src/traject_plan_control) by extensions ['ros']
[0.321s] Level 1:colcon.colcon_core.package_identification:_identify(src/traject_plan_control) by extension 'ros'
[0.321s] DEBUG:colcon.colcon_core.package_identification:Package 'src/traject_plan_control' with type 'ros.ament_python' and name 'traject_plan_control'
[0.321s] Level 1:colcon.colcon_core.package_identification:_identify(src/waypoints_types) by extensions ['ignore', 'ignore_ament_install']
[0.321s] Level 1:colcon.colcon_core.package_identification:_identify(src/waypoints_types) by extension 'ignore'
[0.321s] Level 1:colcon.colcon_core.package_identification:_identify(src/waypoints_types) by extension 'ignore_ament_install'
[0.321s] Level 1:colcon.colcon_core.package_identification:_identify(src/waypoints_types) by extensions ['colcon_pkg']
[0.322s] Level 1:colcon.colcon_core.package_identification:_identify(src/waypoints_types) by extension 'colcon_pkg'
[0.322s] Level 1:colcon.colcon_core.package_identification:_identify(src/waypoints_types) by extensions ['colcon_meta']
[0.322s] Level 1:colcon.colcon_core.package_identification:_identify(src/waypoints_types) by extension 'colcon_meta'
[0.322s] Level 1:colcon.colcon_core.package_identification:_identify(src/waypoints_types) by extensions ['ros']
[0.322s] Level 1:colcon.colcon_core.package_identification:_identify(src/waypoints_types) by extension 'ros'
[0.322s] DEBUG:colcon.colcon_core.package_identification:Package 'src/waypoints_types' with type 'ros.ament_cmake' and name 'waypoints_types'
[0.322s] Level 1:colcon.colcon_core.package_discovery:discover_packages(recursive) using defaults
[0.322s] Level 1:colcon.colcon_core.package_discovery:discover_packages(ignore) discover
[0.322s] Level 1:colcon.colcon_core.package_discovery:discover_packages(ignore) using defaults
[0.322s] Level 1:colcon.colcon_core.package_discovery:discover_packages(path) discover
[0.322s] Level 1:colcon.colcon_core.package_discovery:discover_packages(path) using defaults
[0.340s] Level 1:colcon.colcon_core.package_discovery:discover_packages(prefix_path) check parameters
[0.340s] Level 1:colcon.colcon_core.package_discovery:discover_packages(prefix_path) discover
[0.342s] DEBUG:colcon.colcon_installed_package_information.package_discovery:Found 1 installed packages in /home/cec20/ros2-force-feedback/install
[0.344s] DEBUG:colcon.colcon_installed_package_information.package_discovery:Found 21 installed packages in /home/cec20/carla-ros-bridge/install
[0.345s] DEBUG:colcon.colcon_installed_package_information.package_discovery:Found 297 installed packages in /opt/ros/foxy
[0.346s] Level 1:colcon.colcon_core.package_discovery:discover_packages(prefix_path) using defaults
[0.403s] Level 5:colcon.colcon_core.verb:set package 'imagenode' build argument 'cmake_args' from command line to 'None'
[0.404s] Level 5:colcon.colcon_core.verb:set package 'imagenode' build argument 'cmake_target' from command line to 'None'
[0.404s] Level 5:colcon.colcon_core.verb:set package 'imagenode' build argument 'cmake_target_skip_unavailable' from command line to 'False'
[0.404s] Level 5:colcon.colcon_core.verb:set package 'imagenode' build argument 'cmake_clean_cache' from command line to 'False'
[0.404s] Level 5:colcon.colcon_core.verb:set package 'imagenode' build argument 'cmake_clean_first' from command line to 'False'
[0.404s] Level 5:colcon.colcon_core.verb:set package 'imagenode' build argument 'cmake_force_configure' from command line to 'False'
[0.404s] Level 5:colcon.colcon_core.verb:set package 'imagenode' build argument 'ament_cmake_args' from command line to 'None'
[0.404s] Level 5:colcon.colcon_core.verb:set package 'imagenode' build argument 'catkin_cmake_args' from command line to 'None'
[0.404s] Level 5:colcon.colcon_core.verb:set package 'imagenode' build argument 'catkin_skip_building_tests' from command line to 'False'
[0.404s] DEBUG:colcon.colcon_core.verb:Building package 'imagenode' with the following arguments: {'ament_cmake_args': None, 'build_base': '/home/cec20/Yangjiaxin/my-carla-ros-bridge/build/imagenode', 'catkin_cmake_args': None, 'catkin_skip_building_tests': False, 'cmake_args': None, 'cmake_clean_cache': False, 'cmake_clean_first': False, 'cmake_force_configure': False, 'cmake_target': None, 'cmake_target_skip_unavailable': False, 'install_base': '/home/cec20/Yangjiaxin/my-carla-ros-bridge/install/imagenode', 'merge_install': False, 'path': '/home/cec20/Yangjiaxin/my-carla-ros-bridge/src/imagenode', 'symlink_install': False, 'test_result_base': None}
[0.405s] Level 5:colcon.colcon_core.verb:set package 'kvaser_msg_interfaces' build argument 'cmake_args' from command line to 'None'
[0.405s] Level 5:colcon.colcon_core.verb:set package 'kvaser_msg_interfaces' build argument 'cmake_target' from command line to 'None'
[0.405s] Level 5:colcon.colcon_core.verb:set package 'kvaser_msg_interfaces' build argument 'cmake_target_skip_unavailable' from command line to 'False'
[0.405s] Level 5:colcon.colcon_core.verb:set package 'kvaser_msg_interfaces' build argument 'cmake_clean_cache' from command line to 'False'
[0.405s] Level 5:colcon.colcon_core.verb:set package 'kvaser_msg_interfaces' build argument 'cmake_clean_first' from command line to 'False'
[0.405s] Level 5:colcon.colcon_core.verb:set package 'kvaser_msg_interfaces' build argument 'cmake_force_configure' from command line to 'False'
[0.405s] Level 5:colcon.colcon_core.verb:set package 'kvaser_msg_interfaces' build argument 'ament_cmake_args' from command line to 'None'
[0.405s] Level 5:colcon.colcon_core.verb:set package 'kvaser_msg_interfaces' build argument 'catkin_cmake_args' from command line to 'None'
[0.405s] Level 5:colcon.colcon_core.verb:set package 'kvaser_msg_interfaces' build argument 'catkin_skip_building_tests' from command line to 'False'
[0.405s] DEBUG:colcon.colcon_core.verb:Building package 'kvaser_msg_interfaces' with the following arguments: {'ament_cmake_args': None, 'build_base': '/home/cec20/Yangjiaxin/my-carla-ros-bridge/build/kvaser_msg_interfaces', 'catkin_cmake_args': None, 'catkin_skip_building_tests': False, 'cmake_args': None, 'cmake_clean_cache': False, 'cmake_clean_first': False, 'cmake_force_configure': False, 'cmake_target': None, 'cmake_target_skip_unavailable': False, 'install_base': '/home/cec20/Yangjiaxin/my-carla-ros-bridge/install/kvaser_msg_interfaces', 'merge_install': False, 'path': '/home/cec20/Yangjiaxin/my-carla-ros-bridge/src/kvaser_msg_interfaces', 'symlink_install': False, 'test_result_base': None}
[0.406s] Level 5:colcon.colcon_core.verb:set package 'my_bridge' build argument 'cmake_args' from command line to 'None'
[0.406s] Level 5:colcon.colcon_core.verb:set package 'my_bridge' build argument 'cmake_target' from command line to 'None'
[0.406s] Level 5:colcon.colcon_core.verb:set package 'my_bridge' build argument 'cmake_target_skip_unavailable' from command line to 'False'
[0.406s] Level 5:colcon.colcon_core.verb:set package 'my_bridge' build argument 'cmake_clean_cache' from command line to 'False'
[0.406s] Level 5:colcon.colcon_core.verb:set package 'my_bridge' build argument 'cmake_clean_first' from command line to 'False'
[0.406s] Level 5:colcon.colcon_core.verb:set package 'my_bridge' build argument 'cmake_force_configure' from command line to 'False'
[0.406s] Level 5:colcon.colcon_core.verb:set package 'my_bridge' build argument 'ament_cmake_args' from command line to 'None'
[0.406s] Level 5:colcon.colcon_core.verb:set package 'my_bridge' build argument 'catkin_cmake_args' from command line to 'None'
[0.406s] Level 5:colcon.colcon_core.verb:set package 'my_bridge' build argument 'catkin_skip_building_tests' from command line to 'False'
[0.406s] DEBUG:colcon.colcon_core.verb:Building package 'my_bridge' with the following arguments: {'ament_cmake_args': None, 'build_base': '/home/cec20/Yangjiaxin/my-carla-ros-bridge/build/my_bridge', 'catkin_cmake_args': None, 'catkin_skip_building_tests': False, 'cmake_args': None, 'cmake_clean_cache': False, 'cmake_clean_first': False, 'cmake_force_configure': False, 'cmake_target': None, 'cmake_target_skip_unavailable': False, 'install_base': '/home/cec20/Yangjiaxin/my-carla-ros-bridge/install/my_bridge', 'merge_install': False, 'path': '/home/cec20/Yangjiaxin/my-carla-ros-bridge/src/my_bridge', 'symlink_install': False, 'test_result_base': None}
[0.407s] Level 5:colcon.colcon_core.verb:set package 'test_set_transform_bend' build argument 'cmake_args' from command line to 'None'
[0.407s] Level 5:colcon.colcon_core.verb:set package 'test_set_transform_bend' build argument 'cmake_target' from command line to 'None'
[0.407s] Level 5:colcon.colcon_core.verb:set package 'test_set_transform_bend' build argument 'cmake_target_skip_unavailable' from command line to 'False'
[0.407s] Level 5:colcon.colcon_core.verb:set package 'test_set_transform_bend' build argument 'cmake_clean_cache' from command line to 'False'
[0.407s] Level 5:colcon.colcon_core.verb:set package 'test_set_transform_bend' build argument 'cmake_clean_first' from command line to 'False'
[0.407s] Level 5:colcon.colcon_core.verb:set package 'test_set_transform_bend' build argument 'cmake_force_configure' from command line to 'False'
[0.407s] Level 5:colcon.colcon_core.verb:set package 'test_set_transform_bend' build argument 'ament_cmake_args' from command line to 'None'
[0.407s] Level 5:colcon.colcon_core.verb:set package 'test_set_transform_bend' build argument 'catkin_cmake_args' from command line to 'None'
[0.407s] Level 5:colcon.colcon_core.verb:set package 'test_set_transform_bend' build argument 'catkin_skip_building_tests' from command line to 'False'
[0.407s] DEBUG:colcon.colcon_core.verb:Building package 'test_set_transform_bend' with the following arguments: {'ament_cmake_args': None, 'build_base': '/home/cec20/Yangjiaxin/my-carla-ros-bridge/build/test_set_transform_bend', 'catkin_cmake_args': None, 'catkin_skip_building_tests': False, 'cmake_args': None, 'cmake_clean_cache': False, 'cmake_clean_first': False, 'cmake_force_configure': False, 'cmake_target': None, 'cmake_target_skip_unavailable': False, 'install_base': '/home/cec20/Yangjiaxin/my-carla-ros-bridge/install/test_set_transform_bend', 'merge_install': False, 'path': '/home/cec20/Yangjiaxin/my-carla-ros-bridge/src/test_set_transform_bend', 'symlink_install': False, 'test_result_base': None}
[0.408s] Level 5:colcon.colcon_core.verb:set package 'traject_plan_control' build argument 'cmake_args' from command line to 'None'
[0.408s] Level 5:colcon.colcon_core.verb:set package 'traject_plan_control' build argument 'cmake_target' from command line to 'None'
[0.408s] Level 5:colcon.colcon_core.verb:set package 'traject_plan_control' build argument 'cmake_target_skip_unavailable' from command line to 'False'
[0.408s] Level 5:colcon.colcon_core.verb:set package 'traject_plan_control' build argument 'cmake_clean_cache' from command line to 'False'
[0.408s] Level 5:colcon.colcon_core.verb:set package 'traject_plan_control' build argument 'cmake_clean_first' from command line to 'False'
[0.408s] Level 5:colcon.colcon_core.verb:set package 'traject_plan_control' build argument 'cmake_force_configure' from command line to 'False'
[0.408s] Level 5:colcon.colcon_core.verb:set package 'traject_plan_control' build argument 'ament_cmake_args' from command line to 'None'
[0.409s] Level 5:colcon.colcon_core.verb:set package 'traject_plan_control' build argument 'catkin_cmake_args' from command line to 'None'
[0.409s] Level 5:colcon.colcon_core.verb:set package 'traject_plan_control' build argument 'catkin_skip_building_tests' from command line to 'False'
[0.409s] DEBUG:colcon.colcon_core.verb:Building package 'traject_plan_control' with the following arguments: {'ament_cmake_args': None, 'build_base': '/home/cec20/Yangjiaxin/my-carla-ros-bridge/build/traject_plan_control', 'catkin_cmake_args': None, 'catkin_skip_building_tests': False, 'cmake_args': None, 'cmake_clean_cache': False, 'cmake_clean_first': False, 'cmake_force_configure': False, 'cmake_target': None, 'cmake_target_skip_unavailable': False, 'install_base': '/home/cec20/Yangjiaxin/my-carla-ros-bridge/install/traject_plan_control', 'merge_install': False, 'path': '/home/cec20/Yangjiaxin/my-carla-ros-bridge/src/traject_plan_control', 'symlink_install': False, 'test_result_base': None}
[0.409s] Level 5:colcon.colcon_core.verb:set package 'waypoints_types' build argument 'cmake_args' from command line to 'None'
[0.409s] Level 5:colcon.colcon_core.verb:set package 'waypoints_types' build argument 'cmake_target' from command line to 'None'
[0.410s] Level 5:colcon.colcon_core.verb:set package 'waypoints_types' build argument 'cmake_target_skip_unavailable' from command line to 'False'
[0.410s] Level 5:colcon.colcon_core.verb:set package 'waypoints_types' build argument 'cmake_clean_cache' from command line to 'False'
[0.410s] Level 5:colcon.colcon_core.verb:set package 'waypoints_types' build argument 'cmake_clean_first' from command line to 'False'
[0.410s] Level 5:colcon.colcon_core.verb:set package 'waypoints_types' build argument 'cmake_force_configure' from command line to 'False'
[0.410s] Level 5:colcon.colcon_core.verb:set package 'waypoints_types' build argument 'ament_cmake_args' from command line to 'None'
[0.410s] Level 5:colcon.colcon_core.verb:set package 'waypoints_types' build argument 'catkin_cmake_args' from command line to 'None'
[0.410s] Level 5:colcon.colcon_core.verb:set package 'waypoints_types' build argument 'catkin_skip_building_tests' from command line to 'False'
[0.410s] DEBUG:colcon.colcon_core.verb:Building package 'waypoints_types' with the following arguments: {'ament_cmake_args': None, 'build_base': '/home/cec20/Yangjiaxin/my-carla-ros-bridge/build/waypoints_types', 'catkin_cmake_args': None, 'catkin_skip_building_tests': False, 'cmake_args': None, 'cmake_clean_cache': False, 'cmake_clean_first': False, 'cmake_force_configure': False, 'cmake_target': None, 'cmake_target_skip_unavailable': False, 'install_base': '/home/cec20/Yangjiaxin/my-carla-ros-bridge/install/waypoints_types', 'merge_install': False, 'path': '/home/cec20/Yangjiaxin/my-carla-ros-bridge/src/waypoints_types', 'symlink_install': False, 'test_result_base': None}
[0.411s] Level 5:colcon.colcon_core.verb:set package 'kvaser_parser_ros' build argument 'cmake_args' from command line to 'None'
[0.411s] Level 5:colcon.colcon_core.verb:set package 'kvaser_parser_ros' build argument 'cmake_target' from command line to 'None'
[0.411s] Level 5:colcon.colcon_core.verb:set package 'kvaser_parser_ros' build argument 'cmake_target_skip_unavailable' from command line to 'False'
[0.411s] Level 5:colcon.colcon_core.verb:set package 'kvaser_parser_ros' build argument 'cmake_clean_cache' from command line to 'False'
[0.411s] Level 5:colcon.colcon_core.verb:set package 'kvaser_parser_ros' build argument 'cmake_clean_first' from command line to 'False'
[0.411s] Level 5:colcon.colcon_core.verb:set package 'kvaser_parser_ros' build argument 'cmake_force_configure' from command line to 'False'
[0.411s] Level 5:colcon.colcon_core.verb:set package 'kvaser_parser_ros' build argument 'ament_cmake_args' from command line to 'None'
[0.411s] Level 5:colcon.colcon_core.verb:set package 'kvaser_parser_ros' build argument 'catkin_cmake_args' from command line to 'None'
[0.411s] Level 5:colcon.colcon_core.verb:set package 'kvaser_parser_ros' build argument 'catkin_skip_building_tests' from command line to 'False'
[0.411s] DEBUG:colcon.colcon_core.verb:Building package 'kvaser_parser_ros' with the following arguments: {'ament_cmake_args': None, 'build_base': '/home/cec20/Yangjiaxin/my-carla-ros-bridge/build/kvaser_parser_ros', 'catkin_cmake_args': None, 'catkin_skip_building_tests': False, 'cmake_args': None, 'cmake_clean_cache': False, 'cmake_clean_first': False, 'cmake_force_configure': False, 'cmake_target': None, 'cmake_target_skip_unavailable': False, 'install_base': '/home/cec20/Yangjiaxin/my-carla-ros-bridge/install/kvaser_parser_ros', 'merge_install': False, 'path': '/home/cec20/Yangjiaxin/my-carla-ros-bridge/src/kvaser_parser_ros', 'symlink_install': False, 'test_result_base': None}
[0.411s] INFO:colcon.colcon_core.executor:Executing jobs using 'parallel' executor
[0.414s] DEBUG:colcon.colcon_parallel_executor.executor.parallel:run_until_complete
[0.415s] INFO:colcon.colcon_ros.task.ament_cmake.build:Building ROS package in '/home/cec20/Yangjiaxin/my-carla-ros-bridge/src/kvaser_msg_interfaces' with build type 'ament_cmake'
[0.415s] INFO:colcon.colcon_cmake.task.cmake.build:Building CMake package in '/home/cec20/Yangjiaxin/my-carla-ros-bridge/src/kvaser_msg_interfaces'
[0.418s] INFO:colcon.colcon_core.plugin_system:Skipping extension 'colcon_core.shell.bat': Not used on non-Windows systems
[0.418s] INFO:colcon.colcon_core.shell:Skip shell extension 'powershell' for command environment: Not usable outside of PowerShell
[0.418s] DEBUG:colcon.colcon_core.shell:Skip shell extension 'dsv' for command environment
[0.425s] INFO:colcon.colcon_ros.task.ament_python.build:Building ROS package in '/home/cec20/Yangjiaxin/my-carla-ros-bridge/src/imagenode' with build type 'ament_python'
[0.425s] Level 1:colcon.colcon_core.shell:create_environment_hook('imagenode', 'ament_prefix_path')
[0.426s] INFO:colcon.colcon_core.shell:Creating environment hook '/home/cec20/Yangjiaxin/my-carla-ros-bridge/install/imagenode/share/imagenode/hook/ament_prefix_path.ps1'
[0.427s] INFO:colcon.colcon_core.shell:Creating environment descriptor '/home/cec20/Yangjiaxin/my-carla-ros-bridge/install/imagenode/share/imagenode/hook/ament_prefix_path.dsv'
[0.427s] INFO:colcon.colcon_core.shell:Creating environment hook '/home/cec20/Yangjiaxin/my-carla-ros-bridge/install/imagenode/share/imagenode/hook/ament_prefix_path.sh'
[0.429s] INFO:colcon.colcon_core.shell:Skip shell extension 'powershell' for command environment: Not usable outside of PowerShell
[0.429s] DEBUG:colcon.colcon_core.shell:Skip shell extension 'dsv' for command environment
[0.435s] INFO:colcon.colcon_ros.task.ament_python.build:Building ROS package in '/home/cec20/Yangjiaxin/my-carla-ros-bridge/src/my_bridge' with build type 'ament_python'
[0.435s] Level 1:colcon.colcon_core.shell:create_environment_hook('my_bridge', 'ament_prefix_path')
[0.437s] INFO:colcon.colcon_core.shell:Creating environment hook '/home/cec20/Yangjiaxin/my-carla-ros-bridge/install/my_bridge/share/my_bridge/hook/ament_prefix_path.ps1'
[0.437s] INFO:colcon.colcon_core.shell:Creating environment descriptor '/home/cec20/Yangjiaxin/my-carla-ros-bridge/install/my_bridge/share/my_bridge/hook/ament_prefix_path.dsv'
[0.437s] INFO:colcon.colcon_core.shell:Creating environment hook '/home/cec20/Yangjiaxin/my-carla-ros-bridge/install/my_bridge/share/my_bridge/hook/ament_prefix_path.sh'
[0.439s] INFO:colcon.colcon_core.shell:Skip shell extension 'powershell' for command environment: Not usable outside of PowerShell
[0.439s] DEBUG:colcon.colcon_core.shell:Skip shell extension 'dsv' for command environment
[0.445s] INFO:colcon.colcon_ros.task.ament_python.build:Building ROS package in '/home/cec20/Yangjiaxin/my-carla-ros-bridge/src/test_set_transform_bend' with build type 'ament_python'
[0.446s] Level 1:colcon.colcon_core.shell:create_environment_hook('test_set_transform_bend', 'ament_prefix_path')
[0.447s] INFO:colcon.colcon_core.shell:Creating environment hook '/home/cec20/Yangjiaxin/my-carla-ros-bridge/install/test_set_transform_bend/share/test_set_transform_bend/hook/ament_prefix_path.ps1'
[0.448s] INFO:colcon.colcon_core.shell:Creating environment descriptor '/home/cec20/Yangjiaxin/my-carla-ros-bridge/install/test_set_transform_bend/share/test_set_transform_bend/hook/ament_prefix_path.dsv'
[0.448s] INFO:colcon.colcon_core.shell:Creating environment hook '/home/cec20/Yangjiaxin/my-carla-ros-bridge/install/test_set_transform_bend/share/test_set_transform_bend/hook/ament_prefix_path.sh'
[0.450s] INFO:colcon.colcon_core.shell:Skip shell extension 'powershell' for command environment: Not usable outside of PowerShell
[0.450s] DEBUG:colcon.colcon_core.shell:Skip shell extension 'dsv' for command environment
[0.456s] INFO:colcon.colcon_ros.task.ament_python.build:Building ROS package in '/home/cec20/Yangjiaxin/my-carla-ros-bridge/src/traject_plan_control' with build type 'ament_python'
[0.456s] Level 1:colcon.colcon_core.shell:create_environment_hook('traject_plan_control', 'ament_prefix_path')
[0.458s] INFO:colcon.colcon_core.shell:Creating environment hook '/home/cec20/Yangjiaxin/my-carla-ros-bridge/install/traject_plan_control/share/traject_plan_control/hook/ament_prefix_path.ps1'
[0.458s] INFO:colcon.colcon_core.shell:Creating environment descriptor '/home/cec20/Yangjiaxin/my-carla-ros-bridge/install/traject_plan_control/share/traject_plan_control/hook/ament_prefix_path.dsv'
[0.459s] INFO:colcon.colcon_core.shell:Creating environment hook '/home/cec20/Yangjiaxin/my-carla-ros-bridge/install/traject_plan_control/share/traject_plan_control/hook/ament_prefix_path.sh'
[0.460s] INFO:colcon.colcon_core.shell:Skip shell extension 'powershell' for command environment: Not usable outside of PowerShell
[0.460s] DEBUG:colcon.colcon_core.shell:Skip shell extension 'dsv' for command environment
[0.467s] INFO:colcon.colcon_ros.task.ament_cmake.build:Building ROS package in '/home/cec20/Yangjiaxin/my-carla-ros-bridge/src/waypoints_types' with build type 'ament_cmake'
[0.467s] INFO:colcon.colcon_cmake.task.cmake.build:Building CMake package in '/home/cec20/Yangjiaxin/my-carla-ros-bridge/src/waypoints_types'
[0.468s] INFO:colcon.colcon_core.shell:Skip shell extension 'powershell' for command environment: Not usable outside of PowerShell
[0.468s] DEBUG:colcon.colcon_core.shell:Skip shell extension 'dsv' for command environment
[0.479s] DEBUG:colcon.colcon_core.event_handler.log_command:Invoking command in '/home/cec20/Yangjiaxin/my-carla-ros-bridge/build/kvaser_msg_interfaces': CMAKE_PREFIX_PATH=${CMAKE_PREFIX_PATH}:/home/cec20/carla-ros-bridge/install/set_transform:/home/cec20/carla-ros-bridge/install/rqt_carla_control:/home/cec20/carla-ros-bridge/install/carla_waypoint_publisher:/home/cec20/carla-ros-bridge/install/carla_ackermann_control:/home/cec20/carla-ros-bridge/install/carla_ros_bridge:/home/cec20/carla-ros-bridge/install/carla_spawn_objects:/home/cec20/carla-ros-bridge/install/carla_manual_control:/home/cec20/carla-ros-bridge/install/carla_ad_agent:/home/cec20/carla-ros-bridge/install/ros_compatibility:/home/cec20/carla-ros-bridge/install/imagenode:/home/cec20/carla-ros-bridge/install/carla_walker_agent:/home/cec20/carla-ros-bridge/install/carla_twist_to_control:/home/cec20/carla-ros-bridge/install/carla_ros_scenario_runner:/home/cec20/carla-ros-bridge/install/carla_common:/opt/ros/foxy /usr/bin/cmake --build /home/cec20/Yangjiaxin/my-carla-ros-bridge/build/kvaser_msg_interfaces -- -j20 -l20
[0.689s] INFO:colcon.colcon_core.task.python.build:Building Python package in '/home/cec20/Yangjiaxin/my-carla-ros-bridge/src/imagenode'
[0.690s] INFO:colcon.colcon_core.shell:Skip shell extension 'powershell' for command environment: Not usable outside of PowerShell
[0.690s] DEBUG:colcon.colcon_core.shell:Skip shell extension 'dsv' for command environment
[0.890s] INFO:colcon.colcon_core.task.python.build:Building Python package in '/home/cec20/Yangjiaxin/my-carla-ros-bridge/src/my_bridge'
[0.891s] INFO:colcon.colcon_core.shell:Skip shell extension 'powershell' for command environment: Not usable outside of PowerShell
[0.892s] DEBUG:colcon.colcon_core.shell:Skip shell extension 'dsv' for command environment
[1.090s] INFO:colcon.colcon_core.task.python.build:Building Python package in '/home/cec20/Yangjiaxin/my-carla-ros-bridge/src/test_set_transform_bend'
[1.091s] INFO:colcon.colcon_core.shell:Skip shell extension 'powershell' for command environment: Not usable outside of PowerShell
[1.092s] DEBUG:colcon.colcon_core.shell:Skip shell extension 'dsv' for command environment
[1.295s] INFO:colcon.colcon_core.task.python.build:Building Python package in '/home/cec20/Yangjiaxin/my-carla-ros-bridge/src/traject_plan_control'
[1.297s] INFO:colcon.colcon_core.shell:Skip shell extension 'powershell' for command environment: Not usable outside of PowerShell
[1.297s] DEBUG:colcon.colcon_core.shell:Skip shell extension 'dsv' for command environment
[1.308s] DEBUG:colcon.colcon_core.event_handler.log_command:Invoking command in '/home/cec20/Yangjiaxin/my-carla-ros-bridge/build/waypoints_types': CMAKE_PREFIX_PATH=${CMAKE_PREFIX_PATH}:/home/cec20/carla-ros-bridge/install/set_transform:/home/cec20/carla-ros-bridge/install/rqt_carla_control:/home/cec20/carla-ros-bridge/install/carla_waypoint_publisher:/home/cec20/carla-ros-bridge/install/carla_ackermann_control:/home/cec20/carla-ros-bridge/install/carla_ros_bridge:/home/cec20/carla-ros-bridge/install/carla_spawn_objects:/home/cec20/carla-ros-bridge/install/carla_manual_control:/home/cec20/carla-ros-bridge/install/carla_ad_agent:/home/cec20/carla-ros-bridge/install/ros_compatibility:/home/cec20/carla-ros-bridge/install/imagenode:/home/cec20/carla-ros-bridge/install/carla_walker_agent:/home/cec20/carla-ros-bridge/install/carla_twist_to_control:/home/cec20/carla-ros-bridge/install/carla_ros_scenario_runner:/home/cec20/carla-ros-bridge/install/carla_common:/opt/ros/foxy /usr/bin/cmake --build /home/cec20/Yangjiaxin/my-carla-ros-bridge/build/waypoints_types -- -j20 -l20
[1.311s] DEBUG:colcon.colcon_core.event_handler.log_command:Invoked command in '/home/cec20/Yangjiaxin/my-carla-ros-bridge/build/kvaser_msg_interfaces' returned '0': CMAKE_PREFIX_PATH=${CMAKE_PREFIX_PATH}:/home/cec20/carla-ros-bridge/install/set_transform:/home/cec20/carla-ros-bridge/install/rqt_carla_control:/home/cec20/carla-ros-bridge/install/carla_waypoint_publisher:/home/cec20/carla-ros-bridge/install/carla_ackermann_control:/home/cec20/carla-ros-bridge/install/carla_ros_bridge:/home/cec20/carla-ros-bridge/install/carla_spawn_objects:/home/cec20/carla-ros-bridge/install/carla_manual_control:/home/cec20/carla-ros-bridge/install/carla_ad_agent:/home/cec20/carla-ros-bridge/install/ros_compatibility:/home/cec20/carla-ros-bridge/install/imagenode:/home/cec20/carla-ros-bridge/install/carla_walker_agent:/home/cec20/carla-ros-bridge/install/carla_twist_to_control:/home/cec20/carla-ros-bridge/install/carla_ros_scenario_runner:/home/cec20/carla-ros-bridge/install/carla_common:/opt/ros/foxy /usr/bin/cmake --build /home/cec20/Yangjiaxin/my-carla-ros-bridge/build/kvaser_msg_interfaces -- -j20 -l20
[1.363s] DEBUG:colcon.colcon_core.event_handler.log_command:Invoking command in '/home/cec20/Yangjiaxin/my-carla-ros-bridge/build/kvaser_msg_interfaces': CMAKE_PREFIX_PATH=${CMAKE_PREFIX_PATH}:/home/cec20/carla-ros-bridge/install/set_transform:/home/cec20/carla-ros-bridge/install/rqt_carla_control:/home/cec20/carla-ros-bridge/install/carla_waypoint_publisher:/home/cec20/carla-ros-bridge/install/carla_ackermann_control:/home/cec20/carla-ros-bridge/install/carla_ros_bridge:/home/cec20/carla-ros-bridge/install/carla_spawn_objects:/home/cec20/carla-ros-bridge/install/carla_manual_control:/home/cec20/carla-ros-bridge/install/carla_ad_agent:/home/cec20/carla-ros-bridge/install/ros_compatibility:/home/cec20/carla-ros-bridge/install/imagenode:/home/cec20/carla-ros-bridge/install/carla_walker_agent:/home/cec20/carla-ros-bridge/install/carla_twist_to_control:/home/cec20/carla-ros-bridge/install/carla_ros_scenario_runner:/home/cec20/carla-ros-bridge/install/carla_common:/opt/ros/foxy /usr/bin/cmake --install /home/cec20/Yangjiaxin/my-carla-ros-bridge/build/kvaser_msg_interfaces
[1.417s] Level 1:colcon.colcon_core.environment:create_environment_scripts_only(kvaser_msg_interfaces)
[1.419s] DEBUG:colcon.colcon_core.event_handler.log_command:Invoked command in '/home/cec20/Yangjiaxin/my-carla-ros-bridge/build/kvaser_msg_interfaces' returned '0': CMAKE_PREFIX_PATH=${CMAKE_PREFIX_PATH}:/home/cec20/carla-ros-bridge/install/set_transform:/home/cec20/carla-ros-bridge/install/rqt_carla_control:/home/cec20/carla-ros-bridge/install/carla_waypoint_publisher:/home/cec20/carla-ros-bridge/install/carla_ackermann_control:/home/cec20/carla-ros-bridge/install/carla_ros_bridge:/home/cec20/carla-ros-bridge/install/carla_spawn_objects:/home/cec20/carla-ros-bridge/install/carla_manual_control:/home/cec20/carla-ros-bridge/install/carla_ad_agent:/home/cec20/carla-ros-bridge/install/ros_compatibility:/home/cec20/carla-ros-bridge/install/imagenode:/home/cec20/carla-ros-bridge/install/carla_walker_agent:/home/cec20/carla-ros-bridge/install/carla_twist_to_control:/home/cec20/carla-ros-bridge/install/carla_ros_scenario_runner:/home/cec20/carla-ros-bridge/install/carla_common:/opt/ros/foxy /usr/bin/cmake --install /home/cec20/Yangjiaxin/my-carla-ros-bridge/build/kvaser_msg_interfaces
[1.424s] Level 1:colcon.colcon_core.environment:checking '/home/cec20/Yangjiaxin/my-carla-ros-bridge/install/kvaser_msg_interfaces' for CMake module files
[1.425s] Level 1:colcon.colcon_core.environment:checking '/home/cec20/Yangjiaxin/my-carla-ros-bridge/install/kvaser_msg_interfaces' for CMake config files
[1.425s] Level 1:colcon.colcon_core.shell:create_environment_hook('kvaser_msg_interfaces', 'cmake_prefix_path')
[1.427s] INFO:colcon.colcon_core.shell:Creating environment hook '/home/cec20/Yangjiaxin/my-carla-ros-bridge/install/kvaser_msg_interfaces/share/kvaser_msg_interfaces/hook/cmake_prefix_path.ps1'
[1.428s] INFO:colcon.colcon_core.shell:Creating environment descriptor '/home/cec20/Yangjiaxin/my-carla-ros-bridge/install/kvaser_msg_interfaces/share/kvaser_msg_interfaces/hook/cmake_prefix_path.dsv'
[1.428s] INFO:colcon.colcon_core.shell:Creating environment hook '/home/cec20/Yangjiaxin/my-carla-ros-bridge/install/kvaser_msg_interfaces/share/kvaser_msg_interfaces/hook/cmake_prefix_path.sh'
[1.429s] Level 1:colcon.colcon_core.environment:checking '/home/cec20/Yangjiaxin/my-carla-ros-bridge/install/kvaser_msg_interfaces/lib'
[1.429s] Level 1:colcon.colcon_core.shell:create_environment_hook('kvaser_msg_interfaces', 'ld_library_path_lib')
[1.430s] INFO:colcon.colcon_core.shell:Creating environment hook '/home/cec20/Yangjiaxin/my-carla-ros-bridge/install/kvaser_msg_interfaces/share/kvaser_msg_interfaces/hook/ld_library_path_lib.ps1'
[1.431s] INFO:colcon.colcon_core.shell:Creating environment descriptor '/home/cec20/Yangjiaxin/my-carla-ros-bridge/install/kvaser_msg_interfaces/share/kvaser_msg_interfaces/hook/ld_library_path_lib.dsv'
[1.431s] INFO:colcon.colcon_core.shell:Creating environment hook '/home/cec20/Yangjiaxin/my-carla-ros-bridge/install/kvaser_msg_interfaces/share/kvaser_msg_interfaces/hook/ld_library_path_lib.sh'
[1.431s] Level 1:colcon.colcon_core.environment:checking '/home/cec20/Yangjiaxin/my-carla-ros-bridge/install/kvaser_msg_interfaces/bin'
[1.432s] Level 1:colcon.colcon_core.environment:checking '/home/cec20/Yangjiaxin/my-carla-ros-bridge/install/kvaser_msg_interfaces/lib/pkgconfig/kvaser_msg_interfaces.pc'
[1.432s] Level 1:colcon.colcon_core.environment:checking '/home/cec20/Yangjiaxin/my-carla-ros-bridge/install/kvaser_msg_interfaces/lib/python3.8/site-packages'
[1.432s] Level 1:colcon.colcon_core.shell:create_environment_hook('kvaser_msg_interfaces', 'pythonpath')
[1.434s] INFO:colcon.colcon_core.shell:Creating environment hook '/home/cec20/Yangjiaxin/my-carla-ros-bridge/install/kvaser_msg_interfaces/share/kvaser_msg_interfaces/hook/pythonpath.ps1'
[1.434s] INFO:colcon.colcon_core.shell:Creating environment descriptor '/home/cec20/Yangjiaxin/my-carla-ros-bridge/install/kvaser_msg_interfaces/share/kvaser_msg_interfaces/hook/pythonpath.dsv'
[1.434s] INFO:colcon.colcon_core.shell:Creating environment hook '/home/cec20/Yangjiaxin/my-carla-ros-bridge/install/kvaser_msg_interfaces/share/kvaser_msg_interfaces/hook/pythonpath.sh'
[1.435s] Level 1:colcon.colcon_core.environment:checking '/home/cec20/Yangjiaxin/my-carla-ros-bridge/install/kvaser_msg_interfaces/bin'
[1.437s] INFO:colcon.colcon_core.shell:Creating package script '/home/cec20/Yangjiaxin/my-carla-ros-bridge/install/kvaser_msg_interfaces/share/kvaser_msg_interfaces/package.ps1'
[1.438s] INFO:colcon.colcon_core.shell:Creating package descriptor '/home/cec20/Yangjiaxin/my-carla-ros-bridge/install/kvaser_msg_interfaces/share/kvaser_msg_interfaces/package.dsv'
[1.438s] INFO:colcon.colcon_core.shell:Creating package script '/home/cec20/Yangjiaxin/my-carla-ros-bridge/install/kvaser_msg_interfaces/share/kvaser_msg_interfaces/package.sh'
[1.439s] INFO:colcon.colcon_core.shell:Creating package script '/home/cec20/Yangjiaxin/my-carla-ros-bridge/install/kvaser_msg_interfaces/share/kvaser_msg_interfaces/package.bash'
[1.440s] INFO:colcon.colcon_core.shell:Creating package script '/home/cec20/Yangjiaxin/my-carla-ros-bridge/install/kvaser_msg_interfaces/share/kvaser_msg_interfaces/package.zsh'
[1.441s] Level 1:colcon.colcon_core.environment:create_file_with_runtime_dependencies(/home/cec20/Yangjiaxin/my-carla-ros-bridge/install/kvaser_msg_interfaces/share/colcon-core/packages/kvaser_msg_interfaces)
[1.480s] Level 1:colcon.colcon_core.environment:create_environment_scripts_only(kvaser_msg_interfaces)
[1.482s] Level 1:colcon.colcon_core.environment:checking '/home/cec20/Yangjiaxin/my-carla-ros-bridge/install/kvaser_msg_interfaces' for CMake module files
[1.483s] Level 1:colcon.colcon_core.environment:checking '/home/cec20/Yangjiaxin/my-carla-ros-bridge/install/kvaser_msg_interfaces' for CMake config files
[1.484s] Level 1:colcon.colcon_core.shell:create_environment_hook('kvaser_msg_interfaces', 'cmake_prefix_path')
[1.485s] INFO:colcon.colcon_core.shell:Creating environment hook '/home/cec20/Yangjiaxin/my-carla-ros-bridge/install/kvaser_msg_interfaces/share/kvaser_msg_interfaces/hook/cmake_prefix_path.ps1'
[1.485s] INFO:colcon.colcon_core.shell:Creating environment descriptor '/home/cec20/Yangjiaxin/my-carla-ros-bridge/install/kvaser_msg_interfaces/share/kvaser_msg_interfaces/hook/cmake_prefix_path.dsv'
[1.486s] INFO:colcon.colcon_core.shell:Creating environment hook '/home/cec20/Yangjiaxin/my-carla-ros-bridge/install/kvaser_msg_interfaces/share/kvaser_msg_interfaces/hook/cmake_prefix_path.sh'
[1.486s] Level 1:colcon.colcon_core.environment:checking '/home/cec20/Yangjiaxin/my-carla-ros-bridge/install/kvaser_msg_interfaces/lib'
[1.486s] Level 1:colcon.colcon_core.shell:create_environment_hook('kvaser_msg_interfaces', 'ld_library_path_lib')
[1.487s] INFO:colcon.colcon_core.shell:Creating environment hook '/home/cec20/Yangjiaxin/my-carla-ros-bridge/install/kvaser_msg_interfaces/share/kvaser_msg_interfaces/hook/ld_library_path_lib.ps1'
[1.488s] INFO:colcon.colcon_core.shell:Creating environment descriptor '/home/cec20/Yangjiaxin/my-carla-ros-bridge/install/kvaser_msg_interfaces/share/kvaser_msg_interfaces/hook/ld_library_path_lib.dsv'
[1.488s] INFO:colcon.colcon_core.shell:Creating environment hook '/home/cec20/Yangjiaxin/my-carla-ros-bridge/install/kvaser_msg_interfaces/share/kvaser_msg_interfaces/hook/ld_library_path_lib.sh'
[1.488s] Level 1:colcon.colcon_core.environment:checking '/home/cec20/Yangjiaxin/my-carla-ros-bridge/install/kvaser_msg_interfaces/bin'
[1.489s] Level 1:colcon.colcon_core.environment:checking '/home/cec20/Yangjiaxin/my-carla-ros-bridge/install/kvaser_msg_interfaces/lib/pkgconfig/kvaser_msg_interfaces.pc'
[1.489s] Level 1:colcon.colcon_core.environment:checking '/home/cec20/Yangjiaxin/my-carla-ros-bridge/install/kvaser_msg_interfaces/lib/python3.8/site-packages'
[1.489s] Level 1:colcon.colcon_core.shell:create_environment_hook('kvaser_msg_interfaces', 'pythonpath')
[1.490s] INFO:colcon.colcon_core.shell:Creating environment hook '/home/cec20/Yangjiaxin/my-carla-ros-bridge/install/kvaser_msg_interfaces/share/kvaser_msg_interfaces/hook/pythonpath.ps1'
[1.490s] INFO:colcon.colcon_core.shell:Creating environment descriptor '/home/cec20/Yangjiaxin/my-carla-ros-bridge/install/kvaser_msg_interfaces/share/kvaser_msg_interfaces/hook/pythonpath.dsv'
[1.491s] INFO:colcon.colcon_core.shell:Creating environment hook '/home/cec20/Yangjiaxin/my-carla-ros-bridge/install/kvaser_msg_interfaces/share/kvaser_msg_interfaces/hook/pythonpath.sh'
[1.491s] Level 1:colcon.colcon_core.environment:checking '/home/cec20/Yangjiaxin/my-carla-ros-bridge/install/kvaser_msg_interfaces/bin'
[1.493s] INFO:colcon.colcon_core.shell:Creating package script '/home/cec20/Yangjiaxin/my-carla-ros-bridge/install/kvaser_msg_interfaces/share/kvaser_msg_interfaces/package.ps1'
[1.493s] INFO:colcon.colcon_core.shell:Creating package descriptor '/home/cec20/Yangjiaxin/my-carla-ros-bridge/install/kvaser_msg_interfaces/share/kvaser_msg_interfaces/package.dsv'
[1.494s] INFO:colcon.colcon_core.shell:Creating package script '/home/cec20/Yangjiaxin/my-carla-ros-bridge/install/kvaser_msg_interfaces/share/kvaser_msg_interfaces/package.sh'
[1.494s] INFO:colcon.colcon_core.shell:Creating package script '/home/cec20/Yangjiaxin/my-carla-ros-bridge/install/kvaser_msg_interfaces/share/kvaser_msg_interfaces/package.bash'
[1.494s] INFO:colcon.colcon_core.shell:Creating package script '/home/cec20/Yangjiaxin/my-carla-ros-bridge/install/kvaser_msg_interfaces/share/kvaser_msg_interfaces/package.zsh'
[1.495s] Level 1:colcon.colcon_core.environment:create_file_with_runtime_dependencies(/home/cec20/Yangjiaxin/my-carla-ros-bridge/install/kvaser_msg_interfaces/share/colcon-core/packages/kvaser_msg_interfaces)
[1.495s] INFO:colcon.colcon_ros.task.ament_python.build:Building ROS package in '/home/cec20/Yangjiaxin/my-carla-ros-bridge/src/kvaser_parser_ros' with build type 'ament_python'
[1.495s] Level 1:colcon.colcon_core.shell:create_environment_hook('kvaser_parser_ros', 'ament_prefix_path')
[1.497s] INFO:colcon.colcon_core.shell:Creating environment hook '/home/cec20/Yangjiaxin/my-carla-ros-bridge/install/kvaser_parser_ros/share/kvaser_parser_ros/hook/ament_prefix_path.ps1'
[1.497s] INFO:colcon.colcon_core.shell:Creating environment descriptor '/home/cec20/Yangjiaxin/my-carla-ros-bridge/install/kvaser_parser_ros/share/kvaser_parser_ros/hook/ament_prefix_path.dsv'
[1.498s] INFO:colcon.colcon_core.shell:Creating environment hook '/home/cec20/Yangjiaxin/my-carla-ros-bridge/install/kvaser_parser_ros/share/kvaser_parser_ros/hook/ament_prefix_path.sh'
[1.499s] INFO:colcon.colcon_core.shell:Skip shell extension 'powershell' for command environment: Not usable outside of PowerShell
[1.499s] DEBUG:colcon.colcon_core.shell:Skip shell extension 'dsv' for command environment
[1.510s] DEBUG:colcon.colcon_core.event_handler.log_command:Invoked command in '/home/cec20/Yangjiaxin/my-carla-ros-bridge/build/waypoints_types' returned '0': CMAKE_PREFIX_PATH=${CMAKE_PREFIX_PATH}:/home/cec20/carla-ros-bridge/install/set_transform:/home/cec20/carla-ros-bridge/install/rqt_carla_control:/home/cec20/carla-ros-bridge/install/carla_waypoint_publisher:/home/cec20/carla-ros-bridge/install/carla_ackermann_control:/home/cec20/carla-ros-bridge/install/carla_ros_bridge:/home/cec20/carla-ros-bridge/install/carla_spawn_objects:/home/cec20/carla-ros-bridge/install/carla_manual_control:/home/cec20/carla-ros-bridge/install/carla_ad_agent:/home/cec20/carla-ros-bridge/install/ros_compatibility:/home/cec20/carla-ros-bridge/install/imagenode:/home/cec20/carla-ros-bridge/install/carla_walker_agent:/home/cec20/carla-ros-bridge/install/carla_twist_to_control:/home/cec20/carla-ros-bridge/install/carla_ros_scenario_runner:/home/cec20/carla-ros-bridge/install/carla_common:/opt/ros/foxy /usr/bin/cmake --build /home/cec20/Yangjiaxin/my-carla-ros-bridge/build/waypoints_types -- -j20 -l20
[1.731s] INFO:colcon.colcon_core.task.python.build:Building Python package in '/home/cec20/Yangjiaxin/my-carla-ros-bridge/src/kvaser_parser_ros'
[1.733s] INFO:colcon.colcon_core.shell:Skip shell extension 'powershell' for command environment: Not usable outside of PowerShell
[1.733s] DEBUG:colcon.colcon_core.shell:Skip shell extension 'dsv' for command environment
[1.744s] DEBUG:colcon.colcon_core.event_handler.log_command:Invoking command in '/home/cec20/Yangjiaxin/my-carla-ros-bridge/build/waypoints_types': CMAKE_PREFIX_PATH=${CMAKE_PREFIX_PATH}:/home/cec20/carla-ros-bridge/install/set_transform:/home/cec20/carla-ros-bridge/install/rqt_carla_control:/home/cec20/carla-ros-bridge/install/carla_waypoint_publisher:/home/cec20/carla-ros-bridge/install/carla_ackermann_control:/home/cec20/carla-ros-bridge/install/carla_ros_bridge:/home/cec20/carla-ros-bridge/install/carla_spawn_objects:/home/cec20/carla-ros-bridge/install/carla_manual_control:/home/cec20/carla-ros-bridge/install/carla_ad_agent:/home/cec20/carla-ros-bridge/install/ros_compatibility:/home/cec20/carla-ros-bridge/install/imagenode:/home/cec20/carla-ros-bridge/install/carla_walker_agent:/home/cec20/carla-ros-bridge/install/carla_twist_to_control:/home/cec20/carla-ros-bridge/install/carla_ros_scenario_runner:/home/cec20/carla-ros-bridge/install/carla_common:/opt/ros/foxy /usr/bin/cmake --install /home/cec20/Yangjiaxin/my-carla-ros-bridge/build/waypoints_types
[1.747s] DEBUG:colcon.colcon_core.event_handler.log_command:Invoking command in '/home/cec20/Yangjiaxin/my-carla-ros-bridge/src/imagenode': PYTHONPATH=/home/cec20/Yangjiaxin/my-carla-ros-bridge/build/imagenode/prefix_override:/home/cec20/Yangjiaxin/my-carla-ros-bridge/install/imagenode/lib/python3.8/site-packages:${PYTHONPATH} /usr/bin/python3 setup.py egg_info --egg-base ../../build/imagenode build --build-base /home/cec20/Yangjiaxin/my-carla-ros-bridge/build/imagenode/build install --record /home/cec20/Yangjiaxin/my-carla-ros-bridge/build/imagenode/install.log --install-scripts $base/lib/imagenode --single-version-externally-managed
[1.750s] DEBUG:colcon.colcon_core.event_handler.log_command:Invoking command in '/home/cec20/Yangjiaxin/my-carla-ros-bridge/src/my_bridge': PYTHONPATH=/home/cec20/Yangjiaxin/my-carla-ros-bridge/build/my_bridge/prefix_override:/home/cec20/Yangjiaxin/my-carla-ros-bridge/install/my_bridge/lib/python3.8/site-packages:${PYTHONPATH} /usr/bin/python3 setup.py egg_info --egg-base ../../build/my_bridge build --build-base /home/cec20/Yangjiaxin/my-carla-ros-bridge/build/my_bridge/build install --record /home/cec20/Yangjiaxin/my-carla-ros-bridge/build/my_bridge/install.log --install-scripts $base/lib/my_bridge --single-version-externally-managed
[1.754s] DEBUG:colcon.colcon_core.event_handler.log_command:Invoking command in '/home/cec20/Yangjiaxin/my-carla-ros-bridge/src/traject_plan_control': PYTHONPATH=/home/cec20/Yangjiaxin/my-carla-ros-bridge/build/traject_plan_control/prefix_override:/home/cec20/Yangjiaxin/my-carla-ros-bridge/install/traject_plan_control/lib/python3.8/site-packages:${PYTHONPATH} /usr/bin/python3 setup.py egg_info --egg-base ../../build/traject_plan_control build --build-base /home/cec20/Yangjiaxin/my-carla-ros-bridge/build/traject_plan_control/build install --record /home/cec20/Yangjiaxin/my-carla-ros-bridge/build/traject_plan_control/install.log --install-scripts $base/lib/traject_plan_control --single-version-externally-managed
[1.757s] DEBUG:colcon.colcon_core.event_handler.log_command:Invoking command in '/home/cec20/Yangjiaxin/my-carla-ros-bridge/src/test_set_transform_bend': PYTHONPATH=/home/cec20/Yangjiaxin/my-carla-ros-bridge/build/test_set_transform_bend/prefix_override:/home/cec20/Yangjiaxin/my-carla-ros-bridge/install/test_set_transform_bend/lib/python3.8/site-packages:${PYTHONPATH} /usr/bin/python3 setup.py egg_info --egg-base ../../build/test_set_transform_bend build --build-base /home/cec20/Yangjiaxin/my-carla-ros-bridge/build/test_set_transform_bend/build install --record /home/cec20/Yangjiaxin/my-carla-ros-bridge/build/test_set_transform_bend/install.log --install-scripts $base/lib/test_set_transform_bend --single-version-externally-managed
[1.796s] Level 1:colcon.colcon_core.environment:create_environment_scripts_only(waypoints_types)
[1.799s] Level 1:colcon.colcon_core.environment:checking '/home/cec20/Yangjiaxin/my-carla-ros-bridge/install/waypoints_types' for CMake module files
[1.801s] DEBUG:colcon.colcon_core.event_handler.log_command:Invoked command in '/home/cec20/Yangjiaxin/my-carla-ros-bridge/build/waypoints_types' returned '0': CMAKE_PREFIX_PATH=${CMAKE_PREFIX_PATH}:/home/cec20/carla-ros-bridge/install/set_transform:/home/cec20/carla-ros-bridge/install/rqt_carla_control:/home/cec20/carla-ros-bridge/install/carla_waypoint_publisher:/home/cec20/carla-ros-bridge/install/carla_ackermann_control:/home/cec20/carla-ros-bridge/install/carla_ros_bridge:/home/cec20/carla-ros-bridge/install/carla_spawn_objects:/home/cec20/carla-ros-bridge/install/carla_manual_control:/home/cec20/carla-ros-bridge/install/carla_ad_agent:/home/cec20/carla-ros-bridge/install/ros_compatibility:/home/cec20/carla-ros-bridge/install/imagenode:/home/cec20/carla-ros-bridge/install/carla_walker_agent:/home/cec20/carla-ros-bridge/install/carla_twist_to_control:/home/cec20/carla-ros-bridge/install/carla_ros_scenario_runner:/home/cec20/carla-ros-bridge/install/carla_common:/opt/ros/foxy /usr/bin/cmake --install /home/cec20/Yangjiaxin/my-carla-ros-bridge/build/waypoints_types
[1.801s] Level 1:colcon.colcon_core.environment:checking '/home/cec20/Yangjiaxin/my-carla-ros-bridge/install/waypoints_types' for CMake config files
[1.801s] Level 1:colcon.colcon_core.shell:create_environment_hook('waypoints_types', 'cmake_prefix_path')
[1.802s] INFO:colcon.colcon_core.shell:Creating environment hook '/home/cec20/Yangjiaxin/my-carla-ros-bridge/install/waypoints_types/share/waypoints_types/hook/cmake_prefix_path.ps1'
[1.803s] INFO:colcon.colcon_core.shell:Creating environment descriptor '/home/cec20/Yangjiaxin/my-carla-ros-bridge/install/waypoints_types/share/waypoints_types/hook/cmake_prefix_path.dsv'
[1.803s] INFO:colcon.colcon_core.shell:Creating environment hook '/home/cec20/Yangjiaxin/my-carla-ros-bridge/install/waypoints_types/share/waypoints_types/hook/cmake_prefix_path.sh'
[1.804s] Level 1:colcon.colcon_core.environment:checking '/home/cec20/Yangjiaxin/my-carla-ros-bridge/install/waypoints_types/lib'
[1.804s] Level 1:colcon.colcon_core.shell:create_environment_hook('waypoints_types', 'ld_library_path_lib')
[1.805s] INFO:colcon.colcon_core.shell:Creating environment hook '/home/cec20/Yangjiaxin/my-carla-ros-bridge/install/waypoints_types/share/waypoints_types/hook/ld_library_path_lib.ps1'
[1.805s] INFO:colcon.colcon_core.shell:Creating environment descriptor '/home/cec20/Yangjiaxin/my-carla-ros-bridge/install/waypoints_types/share/waypoints_types/hook/ld_library_path_lib.dsv'
[1.805s] INFO:colcon.colcon_core.shell:Creating environment hook '/home/cec20/Yangjiaxin/my-carla-ros-bridge/install/waypoints_types/share/waypoints_types/hook/ld_library_path_lib.sh'
[1.806s] Level 1:colcon.colcon_core.environment:checking '/home/cec20/Yangjiaxin/my-carla-ros-bridge/install/waypoints_types/bin'
[1.806s] Level 1:colcon.colcon_core.environment:checking '/home/cec20/Yangjiaxin/my-carla-ros-bridge/install/waypoints_types/lib/pkgconfig/waypoints_types.pc'
[1.806s] Level 1:colcon.colcon_core.environment:checking '/home/cec20/Yangjiaxin/my-carla-ros-bridge/install/waypoints_types/lib/python3.8/site-packages'
[1.806s] Level 1:colcon.colcon_core.shell:create_environment_hook('waypoints_types', 'pythonpath')
[1.807s] INFO:colcon.colcon_core.shell:Creating environment hook '/home/cec20/Yangjiaxin/my-carla-ros-bridge/install/waypoints_types/share/waypoints_types/hook/pythonpath.ps1'
[1.808s] INFO:colcon.colcon_core.shell:Creating environment descriptor '/home/cec20/Yangjiaxin/my-carla-ros-bridge/install/waypoints_types/share/waypoints_types/hook/pythonpath.dsv'
[1.808s] INFO:colcon.colcon_core.shell:Creating environment hook '/home/cec20/Yangjiaxin/my-carla-ros-bridge/install/waypoints_types/share/waypoints_types/hook/pythonpath.sh'
[1.808s] Level 1:colcon.colcon_core.environment:checking '/home/cec20/Yangjiaxin/my-carla-ros-bridge/install/waypoints_types/bin'
[1.810s] INFO:colcon.colcon_core.shell:Creating package script '/home/cec20/Yangjiaxin/my-carla-ros-bridge/install/waypoints_types/share/waypoints_types/package.ps1'
[1.810s] INFO:colcon.colcon_core.shell:Creating package descriptor '/home/cec20/Yangjiaxin/my-carla-ros-bridge/install/waypoints_types/share/waypoints_types/package.dsv'
[1.810s] INFO:colcon.colcon_core.shell:Creating package script '/home/cec20/Yangjiaxin/my-carla-ros-bridge/install/waypoints_types/share/waypoints_types/package.sh'
[1.811s] INFO:colcon.colcon_core.shell:Creating package script '/home/cec20/Yangjiaxin/my-carla-ros-bridge/install/waypoints_types/share/waypoints_types/package.bash'
[1.811s] INFO:colcon.colcon_core.shell:Creating package script '/home/cec20/Yangjiaxin/my-carla-ros-bridge/install/waypoints_types/share/waypoints_types/package.zsh'
[1.811s] Level 1:colcon.colcon_core.environment:create_file_with_runtime_dependencies(/home/cec20/Yangjiaxin/my-carla-ros-bridge/install/waypoints_types/share/colcon-core/packages/waypoints_types)
[1.853s] Level 1:colcon.colcon_core.environment:create_environment_scripts_only(waypoints_types)
[1.855s] Level 1:colcon.colcon_core.environment:checking '/home/cec20/Yangjiaxin/my-carla-ros-bridge/install/waypoints_types' for CMake module files
[1.856s] Level 1:colcon.colcon_core.environment:checking '/home/cec20/Yangjiaxin/my-carla-ros-bridge/install/waypoints_types' for CMake config files
[1.856s] Level 1:colcon.colcon_core.shell:create_environment_hook('waypoints_types', 'cmake_prefix_path')
[1.857s] INFO:colcon.colcon_core.shell:Creating environment hook '/home/cec20/Yangjiaxin/my-carla-ros-bridge/install/waypoints_types/share/waypoints_types/hook/cmake_prefix_path.ps1'
[1.858s] INFO:colcon.colcon_core.shell:Creating environment descriptor '/home/cec20/Yangjiaxin/my-carla-ros-bridge/install/waypoints_types/share/waypoints_types/hook/cmake_prefix_path.dsv'
[1.858s] INFO:colcon.colcon_core.shell:Creating environment hook '/home/cec20/Yangjiaxin/my-carla-ros-bridge/install/waypoints_types/share/waypoints_types/hook/cmake_prefix_path.sh'
[1.858s] Level 1:colcon.colcon_core.environment:checking '/home/cec20/Yangjiaxin/my-carla-ros-bridge/install/waypoints_types/lib'
[1.858s] Level 1:colcon.colcon_core.shell:create_environment_hook('waypoints_types', 'ld_library_path_lib')
[1.860s] INFO:colcon.colcon_core.shell:Creating environment hook '/home/cec20/Yangjiaxin/my-carla-ros-bridge/install/waypoints_types/share/waypoints_types/hook/ld_library_path_lib.ps1'
[1.860s] INFO:colcon.colcon_core.shell:Creating environment descriptor '/home/cec20/Yangjiaxin/my-carla-ros-bridge/install/waypoints_types/share/waypoints_types/hook/ld_library_path_lib.dsv'
[1.860s] INFO:colcon.colcon_core.shell:Creating environment hook '/home/cec20/Yangjiaxin/my-carla-ros-bridge/install/waypoints_types/share/waypoints_types/hook/ld_library_path_lib.sh'
[1.861s] Level 1:colcon.colcon_core.environment:checking '/home/cec20/Yangjiaxin/my-carla-ros-bridge/install/waypoints_types/bin'
[1.861s] Level 1:colcon.colcon_core.environment:checking '/home/cec20/Yangjiaxin/my-carla-ros-bridge/install/waypoints_types/lib/pkgconfig/waypoints_types.pc'
[1.861s] Level 1:colcon.colcon_core.environment:checking '/home/cec20/Yangjiaxin/my-carla-ros-bridge/install/waypoints_types/lib/python3.8/site-packages'
[1.861s] Level 1:colcon.colcon_core.shell:create_environment_hook('waypoints_types', 'pythonpath')
[1.863s] INFO:colcon.colcon_core.shell:Creating environment hook '/home/cec20/Yangjiaxin/my-carla-ros-bridge/install/waypoints_types/share/waypoints_types/hook/pythonpath.ps1'
[1.863s] INFO:colcon.colcon_core.shell:Creating environment descriptor '/home/cec20/Yangjiaxin/my-carla-ros-bridge/install/waypoints_types/share/waypoints_types/hook/pythonpath.dsv'
[1.863s] INFO:colcon.colcon_core.shell:Creating environment hook '/home/cec20/Yangjiaxin/my-carla-ros-bridge/install/waypoints_types/share/waypoints_types/hook/pythonpath.sh'
[1.864s] Level 1:colcon.colcon_core.environment:checking '/home/cec20/Yangjiaxin/my-carla-ros-bridge/install/waypoints_types/bin'
[1.865s] INFO:colcon.colcon_core.shell:Creating package script '/home/cec20/Yangjiaxin/my-carla-ros-bridge/install/waypoints_types/share/waypoints_types/package.ps1'
[1.866s] INFO:colcon.colcon_core.shell:Creating package descriptor '/home/cec20/Yangjiaxin/my-carla-ros-bridge/install/waypoints_types/share/waypoints_types/package.dsv'
[1.866s] INFO:colcon.colcon_core.shell:Creating package script '/home/cec20/Yangjiaxin/my-carla-ros-bridge/install/waypoints_types/share/waypoints_types/package.sh'
[1.866s] INFO:colcon.colcon_core.shell:Creating package script '/home/cec20/Yangjiaxin/my-carla-ros-bridge/install/waypoints_types/share/waypoints_types/package.bash'
[1.866s] INFO:colcon.colcon_core.shell:Creating package script '/home/cec20/Yangjiaxin/my-carla-ros-bridge/install/waypoints_types/share/waypoints_types/package.zsh'
[1.867s] Level 1:colcon.colcon_core.environment:create_file_with_runtime_dependencies(/home/cec20/Yangjiaxin/my-carla-ros-bridge/install/waypoints_types/share/colcon-core/packages/waypoints_types)
[2.036s] Level 1:colcon.colcon_core.environment:checking '/home/cec20/Yangjiaxin/my-carla-ros-bridge/install/my_bridge' for CMake module files
[2.037s] DEBUG:colcon.colcon_core.event_handler.log_command:Invoked command in '/home/cec20/Yangjiaxin/my-carla-ros-bridge/src/my_bridge' returned '0': PYTHONPATH=/home/cec20/Yangjiaxin/my-carla-ros-bridge/build/my_bridge/prefix_override:/home/cec20/Yangjiaxin/my-carla-ros-bridge/install/my_bridge/lib/python3.8/site-packages:${PYTHONPATH} /usr/bin/python3 setup.py egg_info --egg-base ../../build/my_bridge build --build-base /home/cec20/Yangjiaxin/my-carla-ros-bridge/build/my_bridge/build install --record /home/cec20/Yangjiaxin/my-carla-ros-bridge/build/my_bridge/install.log --install-scripts $base/lib/my_bridge --single-version-externally-managed
[2.037s] Level 1:colcon.colcon_core.environment:checking '/home/cec20/Yangjiaxin/my-carla-ros-bridge/install/my_bridge' for CMake config files
[2.038s] Level 1:colcon.colcon_core.environment:checking '/home/cec20/Yangjiaxin/my-carla-ros-bridge/install/my_bridge/lib'
[2.038s] Level 1:colcon.colcon_core.environment:checking '/home/cec20/Yangjiaxin/my-carla-ros-bridge/install/my_bridge/bin'
[2.038s] Level 1:colcon.colcon_core.environment:checking '/home/cec20/Yangjiaxin/my-carla-ros-bridge/install/my_bridge/lib/pkgconfig/my_bridge.pc'
[2.038s] Level 1:colcon.colcon_core.environment:checking '/home/cec20/Yangjiaxin/my-carla-ros-bridge/install/my_bridge/lib/python3.8/site-packages'
[2.038s] Level 1:colcon.colcon_core.shell:create_environment_hook('my_bridge', 'pythonpath')
[2.039s] INFO:colcon.colcon_core.shell:Creating environment hook '/home/cec20/Yangjiaxin/my-carla-ros-bridge/install/my_bridge/share/my_bridge/hook/pythonpath.ps1'
[2.040s] INFO:colcon.colcon_core.shell:Creating environment descriptor '/home/cec20/Yangjiaxin/my-carla-ros-bridge/install/my_bridge/share/my_bridge/hook/pythonpath.dsv'
[2.040s] INFO:colcon.colcon_core.shell:Creating environment hook '/home/cec20/Yangjiaxin/my-carla-ros-bridge/install/my_bridge/share/my_bridge/hook/pythonpath.sh'
[2.040s] Level 1:colcon.colcon_core.environment:checking '/home/cec20/Yangjiaxin/my-carla-ros-bridge/install/my_bridge/bin'
[2.040s] Level 1:colcon.colcon_core.environment:create_environment_scripts_only(my_bridge)
[2.042s] INFO:colcon.colcon_core.shell:Creating package script '/home/cec20/Yangjiaxin/my-carla-ros-bridge/install/my_bridge/share/my_bridge/package.ps1'
[2.042s] INFO:colcon.colcon_core.shell:Creating package descriptor '/home/cec20/Yangjiaxin/my-carla-ros-bridge/install/my_bridge/share/my_bridge/package.dsv'
[2.043s] INFO:colcon.colcon_core.shell:Creating package script '/home/cec20/Yangjiaxin/my-carla-ros-bridge/install/my_bridge/share/my_bridge/package.sh'
[2.043s] INFO:colcon.colcon_core.shell:Creating package script '/home/cec20/Yangjiaxin/my-carla-ros-bridge/install/my_bridge/share/my_bridge/package.bash'
[2.043s] INFO:colcon.colcon_core.shell:Creating package script '/home/cec20/Yangjiaxin/my-carla-ros-bridge/install/my_bridge/share/my_bridge/package.zsh'
[2.043s] Level 1:colcon.colcon_core.environment:create_file_with_runtime_dependencies(/home/cec20/Yangjiaxin/my-carla-ros-bridge/install/my_bridge/share/colcon-core/packages/my_bridge)
[2.046s] Level 1:colcon.colcon_core.environment:checking '/home/cec20/Yangjiaxin/my-carla-ros-bridge/install/traject_plan_control' for CMake module files
[2.047s] DEBUG:colcon.colcon_core.event_handler.log_command:Invoked command in '/home/cec20/Yangjiaxin/my-carla-ros-bridge/src/traject_plan_control' returned '0': PYTHONPATH=/home/cec20/Yangjiaxin/my-carla-ros-bridge/build/traject_plan_control/prefix_override:/home/cec20/Yangjiaxin/my-carla-ros-bridge/install/traject_plan_control/lib/python3.8/site-packages:${PYTHONPATH} /usr/bin/python3 setup.py egg_info --egg-base ../../build/traject_plan_control build --build-base /home/cec20/Yangjiaxin/my-carla-ros-bridge/build/traject_plan_control/build install --record /home/cec20/Yangjiaxin/my-carla-ros-bridge/build/traject_plan_control/install.log --install-scripts $base/lib/traject_plan_control --single-version-externally-managed
[2.047s] Level 1:colcon.colcon_core.environment:checking '/home/cec20/Yangjiaxin/my-carla-ros-bridge/install/traject_plan_control' for CMake config files
[2.047s] Level 1:colcon.colcon_core.environment:checking '/home/cec20/Yangjiaxin/my-carla-ros-bridge/install/traject_plan_control/lib'
[2.047s] Level 1:colcon.colcon_core.environment:checking '/home/cec20/Yangjiaxin/my-carla-ros-bridge/install/traject_plan_control/bin'
[2.047s] Level 1:colcon.colcon_core.environment:checking '/home/cec20/Yangjiaxin/my-carla-ros-bridge/install/traject_plan_control/lib/pkgconfig/traject_plan_control.pc'
[2.047s] Level 1:colcon.colcon_core.environment:checking '/home/cec20/Yangjiaxin/my-carla-ros-bridge/install/traject_plan_control/lib/python3.8/site-packages'
[2.047s] Level 1:colcon.colcon_core.shell:create_environment_hook('traject_plan_control', 'pythonpath')
[2.049s] INFO:colcon.colcon_core.shell:Creating environment hook '/home/cec20/Yangjiaxin/my-carla-ros-bridge/install/traject_plan_control/share/traject_plan_control/hook/pythonpath.ps1'
[2.049s] INFO:colcon.colcon_core.shell:Creating environment descriptor '/home/cec20/Yangjiaxin/my-carla-ros-bridge/install/traject_plan_control/share/traject_plan_control/hook/pythonpath.dsv'
[2.049s] INFO:colcon.colcon_core.shell:Creating environment hook '/home/cec20/Yangjiaxin/my-carla-ros-bridge/install/traject_plan_control/share/traject_plan_control/hook/pythonpath.sh'
[2.050s] Level 1:colcon.colcon_core.environment:checking '/home/cec20/Yangjiaxin/my-carla-ros-bridge/install/traject_plan_control/bin'
[2.050s] Level 1:colcon.colcon_core.environment:create_environment_scripts_only(traject_plan_control)
[2.051s] INFO:colcon.colcon_core.shell:Creating package script '/home/cec20/Yangjiaxin/my-carla-ros-bridge/install/traject_plan_control/share/traject_plan_control/package.ps1'
[2.051s] INFO:colcon.colcon_core.shell:Creating package descriptor '/home/cec20/Yangjiaxin/my-carla-ros-bridge/install/traject_plan_control/share/traject_plan_control/package.dsv'
[2.052s] INFO:colcon.colcon_core.shell:Creating package script '/home/cec20/Yangjiaxin/my-carla-ros-bridge/install/traject_plan_control/share/traject_plan_control/package.sh'
[2.052s] INFO:colcon.colcon_core.shell:Creating package script '/home/cec20/Yangjiaxin/my-carla-ros-bridge/install/traject_plan_control/share/traject_plan_control/package.bash'
[2.052s] INFO:colcon.colcon_core.shell:Creating package script '/home/cec20/Yangjiaxin/my-carla-ros-bridge/install/traject_plan_control/share/traject_plan_control/package.zsh'
[2.052s] Level 1:colcon.colcon_core.environment:create_file_with_runtime_dependencies(/home/cec20/Yangjiaxin/my-carla-ros-bridge/install/traject_plan_control/share/colcon-core/packages/traject_plan_control)
[2.055s] Level 1:colcon.colcon_core.environment:checking '/home/cec20/Yangjiaxin/my-carla-ros-bridge/install/test_set_transform_bend' for CMake module files
[2.055s] DEBUG:colcon.colcon_core.event_handler.log_command:Invoked command in '/home/cec20/Yangjiaxin/my-carla-ros-bridge/src/test_set_transform_bend' returned '0': PYTHONPATH=/home/cec20/Yangjiaxin/my-carla-ros-bridge/build/test_set_transform_bend/prefix_override:/home/cec20/Yangjiaxin/my-carla-ros-bridge/install/test_set_transform_bend/lib/python3.8/site-packages:${PYTHONPATH} /usr/bin/python3 setup.py egg_info --egg-base ../../build/test_set_transform_bend build --build-base /home/cec20/Yangjiaxin/my-carla-ros-bridge/build/test_set_transform_bend/build install --record /home/cec20/Yangjiaxin/my-carla-ros-bridge/build/test_set_transform_bend/install.log --install-scripts $base/lib/test_set_transform_bend --single-version-externally-managed
[2.056s] Level 1:colcon.colcon_core.environment:checking '/home/cec20/Yangjiaxin/my-carla-ros-bridge/install/test_set_transform_bend' for CMake config files
[2.056s] Level 1:colcon.colcon_core.environment:checking '/home/cec20/Yangjiaxin/my-carla-ros-bridge/install/test_set_transform_bend/lib'
[2.056s] Level 1:colcon.colcon_core.environment:checking '/home/cec20/Yangjiaxin/my-carla-ros-bridge/install/test_set_transform_bend/bin'
[2.056s] Level 1:colcon.colcon_core.environment:checking '/home/cec20/Yangjiaxin/my-carla-ros-bridge/install/test_set_transform_bend/lib/pkgconfig/test_set_transform_bend.pc'
[2.056s] Level 1:colcon.colcon_core.environment:checking '/home/cec20/Yangjiaxin/my-carla-ros-bridge/install/test_set_transform_bend/lib/python3.8/site-packages'
[2.056s] Level 1:colcon.colcon_core.shell:create_environment_hook('test_set_transform_bend', 'pythonpath')
[2.058s] INFO:colcon.colcon_core.shell:Creating environment hook '/home/cec20/Yangjiaxin/my-carla-ros-bridge/install/test_set_transform_bend/share/test_set_transform_bend/hook/pythonpath.ps1'
[2.058s] INFO:colcon.colcon_core.shell:Creating environment descriptor '/home/cec20/Yangjiaxin/my-carla-ros-bridge/install/test_set_transform_bend/share/test_set_transform_bend/hook/pythonpath.dsv'
[2.058s] INFO:colcon.colcon_core.shell:Creating environment hook '/home/cec20/Yangjiaxin/my-carla-ros-bridge/install/test_set_transform_bend/share/test_set_transform_bend/hook/pythonpath.sh'
[2.058s] Level 1:colcon.colcon_core.environment:checking '/home/cec20/Yangjiaxin/my-carla-ros-bridge/install/test_set_transform_bend/bin'
[2.058s] Level 1:colcon.colcon_core.environment:create_environment_scripts_only(test_set_transform_bend)
[2.060s] INFO:colcon.colcon_core.shell:Creating package script '/home/cec20/Yangjiaxin/my-carla-ros-bridge/install/test_set_transform_bend/share/test_set_transform_bend/package.ps1'
[2.060s] INFO:colcon.colcon_core.shell:Creating package descriptor '/home/cec20/Yangjiaxin/my-carla-ros-bridge/install/test_set_transform_bend/share/test_set_transform_bend/package.dsv'
[2.060s] INFO:colcon.colcon_core.shell:Creating package script '/home/cec20/Yangjiaxin/my-carla-ros-bridge/install/test_set_transform_bend/share/test_set_transform_bend/package.sh'
[2.061s] INFO:colcon.colcon_core.shell:Creating package script '/home/cec20/Yangjiaxin/my-carla-ros-bridge/install/test_set_transform_bend/share/test_set_transform_bend/package.bash'
[2.061s] INFO:colcon.colcon_core.shell:Creating package script '/home/cec20/Yangjiaxin/my-carla-ros-bridge/install/test_set_transform_bend/share/test_set_transform_bend/package.zsh'
[2.061s] Level 1:colcon.colcon_core.environment:create_file_with_runtime_dependencies(/home/cec20/Yangjiaxin/my-carla-ros-bridge/install/test_set_transform_bend/share/colcon-core/packages/test_set_transform_bend)
[2.063s] Level 1:colcon.colcon_core.environment:checking '/home/cec20/Yangjiaxin/my-carla-ros-bridge/install/imagenode' for CMake module files
[2.064s] DEBUG:colcon.colcon_core.event_handler.log_command:Invoked command in '/home/cec20/Yangjiaxin/my-carla-ros-bridge/src/imagenode' returned '0': PYTHONPATH=/home/cec20/Yangjiaxin/my-carla-ros-bridge/build/imagenode/prefix_override:/home/cec20/Yangjiaxin/my-carla-ros-bridge/install/imagenode/lib/python3.8/site-packages:${PYTHONPATH} /usr/bin/python3 setup.py egg_info --egg-base ../../build/imagenode build --build-base /home/cec20/Yangjiaxin/my-carla-ros-bridge/build/imagenode/build install --record /home/cec20/Yangjiaxin/my-carla-ros-bridge/build/imagenode/install.log --install-scripts $base/lib/imagenode --single-version-externally-managed
[2.064s] Level 1:colcon.colcon_core.environment:checking '/home/cec20/Yangjiaxin/my-carla-ros-bridge/install/imagenode' for CMake config files
[2.064s] Level 1:colcon.colcon_core.environment:checking '/home/cec20/Yangjiaxin/my-carla-ros-bridge/install/imagenode/lib'
[2.064s] Level 1:colcon.colcon_core.environment:checking '/home/cec20/Yangjiaxin/my-carla-ros-bridge/install/imagenode/bin'
[2.064s] Level 1:colcon.colcon_core.environment:checking '/home/cec20/Yangjiaxin/my-carla-ros-bridge/install/imagenode/lib/pkgconfig/imagenode.pc'
[2.065s] Level 1:colcon.colcon_core.environment:checking '/home/cec20/Yangjiaxin/my-carla-ros-bridge/install/imagenode/lib/python3.8/site-packages'
[2.065s] Level 1:colcon.colcon_core.shell:create_environment_hook('imagenode', 'pythonpath')
[2.066s] INFO:colcon.colcon_core.shell:Creating environment hook '/home/cec20/Yangjiaxin/my-carla-ros-bridge/install/imagenode/share/imagenode/hook/pythonpath.ps1'
[2.066s] INFO:colcon.colcon_core.shell:Creating environment descriptor '/home/cec20/Yangjiaxin/my-carla-ros-bridge/install/imagenode/share/imagenode/hook/pythonpath.dsv'
[2.066s] INFO:colcon.colcon_core.shell:Creating environment hook '/home/cec20/Yangjiaxin/my-carla-ros-bridge/install/imagenode/share/imagenode/hook/pythonpath.sh'
[2.067s] Level 1:colcon.colcon_core.environment:checking '/home/cec20/Yangjiaxin/my-carla-ros-bridge/install/imagenode/bin'
[2.067s] Level 1:colcon.colcon_core.environment:create_environment_scripts_only(imagenode)
[2.068s] INFO:colcon.colcon_core.shell:Creating package script '/home/cec20/Yangjiaxin/my-carla-ros-bridge/install/imagenode/share/imagenode/package.ps1'
[2.068s] INFO:colcon.colcon_core.shell:Creating package descriptor '/home/cec20/Yangjiaxin/my-carla-ros-bridge/install/imagenode/share/imagenode/package.dsv'
[2.069s] INFO:colcon.colcon_core.shell:Creating package script '/home/cec20/Yangjiaxin/my-carla-ros-bridge/install/imagenode/share/imagenode/package.sh'
[2.069s] INFO:colcon.colcon_core.shell:Creating package script '/home/cec20/Yangjiaxin/my-carla-ros-bridge/install/imagenode/share/imagenode/package.bash'
[2.069s] INFO:colcon.colcon_core.shell:Creating package script '/home/cec20/Yangjiaxin/my-carla-ros-bridge/install/imagenode/share/imagenode/package.zsh'
[2.069s] Level 1:colcon.colcon_core.environment:create_file_with_runtime_dependencies(/home/cec20/Yangjiaxin/my-carla-ros-bridge/install/imagenode/share/colcon-core/packages/imagenode)
[2.132s] DEBUG:colcon.colcon_core.event_handler.log_command:Invoking command in '/home/cec20/Yangjiaxin/my-carla-ros-bridge/src/kvaser_parser_ros': AMENT_PREFIX_PATH=/home/cec20/Yangjiaxin/my-carla-ros-bridge/install/kvaser_msg_interfaces:${AMENT_PREFIX_PATH} CMAKE_PREFIX_PATH=/home/cec20/Yangjiaxin/my-carla-ros-bridge/install/kvaser_msg_interfaces:${CMAKE_PREFIX_PATH} LD_LIBRARY_PATH=/home/cec20/Yangjiaxin/my-carla-ros-bridge/install/kvaser_msg_interfaces/lib:/home/cec20/ros2-force-feedback/install/ros_g29_force_feedback/lib:/home/cec20/carla-ros-bridge/install/rviz_carla_plugin/lib:/home/cec20/carla-ros-bridge/install/carla_waypoint_types/lib:/home/cec20/carla-ros-bridge/install/carla_ros_scenario_runner_types/lib:/home/cec20/carla-ros-bridge/install/carla_ackermann_msgs/lib:/home/cec20/carla-ros-bridge/install/carla_msgs/lib:/usr/lib/x86_64-linux-gnu/gazebo-11/plugins:/opt/ros/foxy/opt/yaml_cpp_vendor/lib:/opt/ros/foxy/opt/rviz_ogre_vendor/lib:/opt/ros/foxy/lib/x86_64-linux-gnu:/opt/ros/foxy/lib:/home/cec20/TensorRT-8.5.1.7/lib:/usr/local/cuda-11.6/lib64 PYTHONPATH=/home/cec20/Yangjiaxin/my-carla-ros-bridge/build/kvaser_parser_ros/prefix_override:/home/cec20/Yangjiaxin/my-carla-ros-bridge/install/kvaser_parser_ros/lib/python3.8/site-packages:/home/cec20/Yangjiaxin/my-carla-ros-bridge/install/kvaser_msg_interfaces/lib/python3.8/site-packages:/home/cec20/ros2-force-feedback/install/ros_g29_force_feedback/lib/python3.8/site-packages:/home/cec20/carla-ros-bridge/install/set_transform/lib/python3.8/site-packages:/home/cec20/carla-ros-bridge/install/rqt_carla_control/lib/python3.8/site-packages:/home/cec20/carla-ros-bridge/install/carla_waypoint_publisher/lib/python3.8/site-packages:/home/cec20/carla-ros-bridge/install/carla_ackermann_control/lib/python3.8/site-packages:/home/cec20/carla-ros-bridge/install/carla_ros_bridge/lib/python3.8/site-packages:/home/cec20/carla-ros-bridge/install/carla_spawn_objects/lib/python3.8/site-packages:/home/cec20/carla-ros-bridge/install/carla_manual_control/lib/python3.8/site-packages:/home/cec20/carla-ros-bridge/install/carla_ad_agent/lib/python3.8/site-packages:/home/cec20/carla-ros-bridge/install/ros_compatibility/lib/python3.8/site-packages:/home/cec20/carla-ros-bridge/install/imagenode/lib/python3.8/site-packages:/home/cec20/carla-ros-bridge/install/carla_waypoint_types/lib/python3.8/site-packages:/home/cec20/carla-ros-bridge/install/carla_walker_agent/lib/python3.8/site-packages:/home/cec20/carla-ros-bridge/install/carla_twist_to_control/lib/python3.8/site-packages:/home/cec20/carla-ros-bridge/install/carla_ros_scenario_runner/lib/python3.8/site-packages:/home/cec20/carla-ros-bridge/install/carla_ros_scenario_runner_types/lib/python3.8/site-packages:/home/cec20/carla-ros-bridge/install/carla_ackermann_msgs/lib/python3.8/site-packages:/home/cec20/carla-ros-bridge/install/carla_msgs/lib/python3.8/site-packages:/home/cec20/carla-ros-bridge/install/carla_common/lib/python3.8/site-packages:/opt/ros/foxy/lib/python3.8/site-packages:/home/cec20/carla0.9.13/PythonAPI/carla/dist/carla-0.9.13-py3.7-linux-x86_64.egg:/home/cec20/carla0.9.13/PythonAPI/carla:/home/cec20/Yangjiaxin/carla-ros-bridge/src/ros-bridge/kvaser_parser_ros/kvaser_parser_ros /usr/bin/python3 setup.py egg_info --egg-base ../../build/kvaser_parser_ros build --build-base /home/cec20/Yangjiaxin/my-carla-ros-bridge/build/kvaser_parser_ros/build install --record /home/cec20/Yangjiaxin/my-carla-ros-bridge/build/kvaser_parser_ros/install.log --install-scripts $base/lib/kvaser_parser_ros --single-version-externally-managed
[2.404s] Level 1:colcon.colcon_core.environment:checking '/home/cec20/Yangjiaxin/my-carla-ros-bridge/install/kvaser_parser_ros' for CMake module files
[2.404s] DEBUG:colcon.colcon_core.event_handler.log_command:Invoked command in '/home/cec20/Yangjiaxin/my-carla-ros-bridge/src/kvaser_parser_ros' returned '0': AMENT_PREFIX_PATH=/home/cec20/Yangjiaxin/my-carla-ros-bridge/install/kvaser_msg_interfaces:${AMENT_PREFIX_PATH} CMAKE_PREFIX_PATH=/home/cec20/Yangjiaxin/my-carla-ros-bridge/install/kvaser_msg_interfaces:${CMAKE_PREFIX_PATH} LD_LIBRARY_PATH=/home/cec20/Yangjiaxin/my-carla-ros-bridge/install/kvaser_msg_interfaces/lib:/home/cec20/ros2-force-feedback/install/ros_g29_force_feedback/lib:/home/cec20/carla-ros-bridge/install/rviz_carla_plugin/lib:/home/cec20/carla-ros-bridge/install/carla_waypoint_types/lib:/home/cec20/carla-ros-bridge/install/carla_ros_scenario_runner_types/lib:/home/cec20/carla-ros-bridge/install/carla_ackermann_msgs/lib:/home/cec20/carla-ros-bridge/install/carla_msgs/lib:/usr/lib/x86_64-linux-gnu/gazebo-11/plugins:/opt/ros/foxy/opt/yaml_cpp_vendor/lib:/opt/ros/foxy/opt/rviz_ogre_vendor/lib:/opt/ros/foxy/lib/x86_64-linux-gnu:/opt/ros/foxy/lib:/home/cec20/TensorRT-8.5.1.7/lib:/usr/local/cuda-11.6/lib64 PYTHONPATH=/home/cec20/Yangjiaxin/my-carla-ros-bridge/build/kvaser_parser_ros/prefix_override:/home/cec20/Yangjiaxin/my-carla-ros-bridge/install/kvaser_parser_ros/lib/python3.8/site-packages:/home/cec20/Yangjiaxin/my-carla-ros-bridge/install/kvaser_msg_interfaces/lib/python3.8/site-packages:/home/cec20/ros2-force-feedback/install/ros_g29_force_feedback/lib/python3.8/site-packages:/home/cec20/carla-ros-bridge/install/set_transform/lib/python3.8/site-packages:/home/cec20/carla-ros-bridge/install/rqt_carla_control/lib/python3.8/site-packages:/home/cec20/carla-ros-bridge/install/carla_waypoint_publisher/lib/python3.8/site-packages:/home/cec20/carla-ros-bridge/install/carla_ackermann_control/lib/python3.8/site-packages:/home/cec20/carla-ros-bridge/install/carla_ros_bridge/lib/python3.8/site-packages:/home/cec20/carla-ros-bridge/install/carla_spawn_objects/lib/python3.8/site-packages:/home/cec20/carla-ros-bridge/install/carla_manual_control/lib/python3.8/site-packages:/home/cec20/carla-ros-bridge/install/carla_ad_agent/lib/python3.8/site-packages:/home/cec20/carla-ros-bridge/install/ros_compatibility/lib/python3.8/site-packages:/home/cec20/carla-ros-bridge/install/imagenode/lib/python3.8/site-packages:/home/cec20/carla-ros-bridge/install/carla_waypoint_types/lib/python3.8/site-packages:/home/cec20/carla-ros-bridge/install/carla_walker_agent/lib/python3.8/site-packages:/home/cec20/carla-ros-bridge/install/carla_twist_to_control/lib/python3.8/site-packages:/home/cec20/carla-ros-bridge/install/carla_ros_scenario_runner/lib/python3.8/site-packages:/home/cec20/carla-ros-bridge/install/carla_ros_scenario_runner_types/lib/python3.8/site-packages:/home/cec20/carla-ros-bridge/install/carla_ackermann_msgs/lib/python3.8/site-packages:/home/cec20/carla-ros-bridge/install/carla_msgs/lib/python3.8/site-packages:/home/cec20/carla-ros-bridge/install/carla_common/lib/python3.8/site-packages:/opt/ros/foxy/lib/python3.8/site-packages:/home/cec20/carla0.9.13/PythonAPI/carla/dist/carla-0.9.13-py3.7-linux-x86_64.egg:/home/cec20/carla0.9.13/PythonAPI/carla:/home/cec20/Yangjiaxin/carla-ros-bridge/src/ros-bridge/kvaser_parser_ros/kvaser_parser_ros /usr/bin/python3 setup.py egg_info --egg-base ../../build/kvaser_parser_ros build --build-base /home/cec20/Yangjiaxin/my-carla-ros-bridge/build/kvaser_parser_ros/build install --record /home/cec20/Yangjiaxin/my-carla-ros-bridge/build/kvaser_parser_ros/install.log --install-scripts $base/lib/kvaser_parser_ros --single-version-externally-managed
[2.404s] Level 1:colcon.colcon_core.environment:checking '/home/cec20/Yangjiaxin/my-carla-ros-bridge/install/kvaser_parser_ros' for CMake config files
[2.405s] Level 1:colcon.colcon_core.environment:checking '/home/cec20/Yangjiaxin/my-carla-ros-bridge/install/kvaser_parser_ros/lib'
[2.405s] Level 1:colcon.colcon_core.environment:checking '/home/cec20/Yangjiaxin/my-carla-ros-bridge/install/kvaser_parser_ros/bin'
[2.405s] Level 1:colcon.colcon_core.environment:checking '/home/cec20/Yangjiaxin/my-carla-ros-bridge/install/kvaser_parser_ros/lib/pkgconfig/kvaser_parser_ros.pc'
[2.405s] Level 1:colcon.colcon_core.environment:checking '/home/cec20/Yangjiaxin/my-carla-ros-bridge/install/kvaser_parser_ros/lib/python3.8/site-packages'
[2.405s] Level 1:colcon.colcon_core.shell:create_environment_hook('kvaser_parser_ros', 'pythonpath')
[2.406s] INFO:colcon.colcon_core.shell:Creating environment hook '/home/cec20/Yangjiaxin/my-carla-ros-bridge/install/kvaser_parser_ros/share/kvaser_parser_ros/hook/pythonpath.ps1'
[2.407s] INFO:colcon.colcon_core.shell:Creating environment descriptor '/home/cec20/Yangjiaxin/my-carla-ros-bridge/install/kvaser_parser_ros/share/kvaser_parser_ros/hook/pythonpath.dsv'
[2.407s] INFO:colcon.colcon_core.shell:Creating environment hook '/home/cec20/Yangjiaxin/my-carla-ros-bridge/install/kvaser_parser_ros/share/kvaser_parser_ros/hook/pythonpath.sh'
[2.407s] Level 1:colcon.colcon_core.environment:checking '/home/cec20/Yangjiaxin/my-carla-ros-bridge/install/kvaser_parser_ros/bin'
[2.407s] Level 1:colcon.colcon_core.environment:create_environment_scripts_only(kvaser_parser_ros)
[2.408s] INFO:colcon.colcon_core.shell:Creating package script '/home/cec20/Yangjiaxin/my-carla-ros-bridge/install/kvaser_parser_ros/share/kvaser_parser_ros/package.ps1'
[2.409s] INFO:colcon.colcon_core.shell:Creating package descriptor '/home/cec20/Yangjiaxin/my-carla-ros-bridge/install/kvaser_parser_ros/share/kvaser_parser_ros/package.dsv'
[2.409s] INFO:colcon.colcon_core.shell:Creating package script '/home/cec20/Yangjiaxin/my-carla-ros-bridge/install/kvaser_parser_ros/share/kvaser_parser_ros/package.sh'
[2.409s] INFO:colcon.colcon_core.shell:Creating package script '/home/cec20/Yangjiaxin/my-carla-ros-bridge/install/kvaser_parser_ros/share/kvaser_parser_ros/package.bash'
[2.410s] INFO:colcon.colcon_core.shell:Creating package script '/home/cec20/Yangjiaxin/my-carla-ros-bridge/install/kvaser_parser_ros/share/kvaser_parser_ros/package.zsh'
[2.410s] Level 1:colcon.colcon_core.environment:create_file_with_runtime_dependencies(/home/cec20/Yangjiaxin/my-carla-ros-bridge/install/kvaser_parser_ros/share/colcon-core/packages/kvaser_parser_ros)
[2.410s] DEBUG:colcon.colcon_parallel_executor.executor.parallel:closing loop
[2.410s] DEBUG:colcon.colcon_parallel_executor.executor.parallel:loop closed
[2.410s] DEBUG:colcon.colcon_parallel_executor.executor.parallel:run_until_complete finished with '0'
[2.410s] DEBUG:colcon.colcon_core.event_reactor:joining thread
[2.416s] INFO:colcon.colcon_core.plugin_system:Skipping extension 'colcon_notification.desktop_notification.terminal_notifier': Not used on non-Darwin systems
[2.416s] INFO:colcon.colcon_core.plugin_system:Skipping extension 'colcon_notification.desktop_notification.win32': Not used on non-Windows systems
[2.416s] INFO:colcon.colcon_notification.desktop_notification:Sending desktop notification using 'notify2'
[2.432s] DEBUG:colcon.colcon_core.event_reactor:joined thread
[2.434s] INFO:colcon.colcon_core.shell:Creating prefix script '/home/cec20/Yangjiaxin/my-carla-ros-bridge/install/local_setup.ps1'
[2.434s] INFO:colcon.colcon_core.shell:Creating prefix util module '/home/cec20/Yangjiaxin/my-carla-ros-bridge/install/_local_setup_util_ps1.py'
[2.435s] INFO:colcon.colcon_core.shell:Creating prefix chain script '/home/cec20/Yangjiaxin/my-carla-ros-bridge/install/setup.ps1'
[2.437s] INFO:colcon.colcon_core.shell:Creating prefix script '/home/cec20/Yangjiaxin/my-carla-ros-bridge/install/local_setup.sh'
[2.438s] INFO:colcon.colcon_core.shell:Creating prefix util module '/home/cec20/Yangjiaxin/my-carla-ros-bridge/install/_local_setup_util_sh.py'
[2.438s] INFO:colcon.colcon_core.shell:Creating prefix chain script '/home/cec20/Yangjiaxin/my-carla-ros-bridge/install/setup.sh'
[2.440s] INFO:colcon.colcon_core.shell:Creating prefix script '/home/cec20/Yangjiaxin/my-carla-ros-bridge/install/local_setup.bash'
[2.440s] INFO:colcon.colcon_core.shell:Creating prefix chain script '/home/cec20/Yangjiaxin/my-carla-ros-bridge/install/setup.bash'
[2.442s] INFO:colcon.colcon_core.shell:Creating prefix script '/home/cec20/Yangjiaxin/my-carla-ros-bridge/install/local_setup.zsh'
[2.442s] INFO:colcon.colcon_core.shell:Creating prefix chain script '/home/cec20/Yangjiaxin/my-carla-ros-bridge/install/setup.zsh'
