/home/cec20/Yangjiaxin/my-carla-ros-bridge/install/kvaser_parser_ros/lib/python3.8/site-packages/kvaser_parser_ros/read_from_kvaser.py
/home/cec20/Yangjiaxin/my-carla-ros-bridge/install/kvaser_parser_ros/lib/python3.8/site-packages/kvaser_parser_ros/kvaser_ros.py
/home/cec20/Yangjiaxin/my-carla-ros-bridge/install/kvaser_parser_ros/lib/python3.8/site-packages/kvaser_parser_ros/write_to_kvaser.py
/home/cec20/Yangjiaxin/my-carla-ros-bridge/install/kvaser_parser_ros/lib/python3.8/site-packages/kvaser_parser_ros/write_to_kvaser copy.py
/home/cec20/Yangjiaxin/my-carla-ros-bridge/install/kvaser_parser_ros/lib/python3.8/site-packages/kvaser_parser_ros/read_from_kvaser_queue.py
/home/cec20/Yangjiaxin/my-carla-ros-bridge/install/kvaser_parser_ros/lib/python3.8/site-packages/kvaser_parser_ros/__init__.py
/home/cec20/Yangjiaxin/my-carla-ros-bridge/install/kvaser_parser_ros/lib/python3.8/site-packages/kvaser_parser_ros/__pycache__/read_from_kvaser.cpython-38.pyc
/home/cec20/Yangjiaxin/my-carla-ros-bridge/install/kvaser_parser_ros/lib/python3.8/site-packages/kvaser_parser_ros/__pycache__/kvaser_ros.cpython-38.pyc
/home/cec20/Yangjiaxin/my-carla-ros-bridge/install/kvaser_parser_ros/lib/python3.8/site-packages/kvaser_parser_ros/__pycache__/write_to_kvaser.cpython-38.pyc
/home/cec20/Yangjiaxin/my-carla-ros-bridge/install/kvaser_parser_ros/lib/python3.8/site-packages/kvaser_parser_ros/__pycache__/write_to_kvaser copy.cpython-38.pyc
/home/cec20/Yangjiaxin/my-carla-ros-bridge/install/kvaser_parser_ros/lib/python3.8/site-packages/kvaser_parser_ros/__pycache__/read_from_kvaser_queue.cpython-38.pyc
/home/cec20/Yangjiaxin/my-carla-ros-bridge/install/kvaser_parser_ros/lib/python3.8/site-packages/kvaser_parser_ros/__pycache__/__init__.cpython-38.pyc
/home/cec20/Yangjiaxin/my-carla-ros-bridge/install/kvaser_parser_ros/share/ament_index/resource_index/packages/kvaser_parser_ros
/home/cec20/Yangjiaxin/my-carla-ros-bridge/install/kvaser_parser_ros/share/kvaser_parser_ros/package.xml
/home/cec20/Yangjiaxin/my-carla-ros-bridge/install/kvaser_parser_ros/lib/python3.8/site-packages/kvaser_parser_ros-0.0.0-py3.8.egg-info/SOURCES.txt
/home/cec20/Yangjiaxin/my-carla-ros-bridge/install/kvaser_parser_ros/lib/python3.8/site-packages/kvaser_parser_ros-0.0.0-py3.8.egg-info/zip-safe
/home/cec20/Yangjiaxin/my-carla-ros-bridge/install/kvaser_parser_ros/lib/python3.8/site-packages/kvaser_parser_ros-0.0.0-py3.8.egg-info/top_level.txt
/home/cec20/Yangjiaxin/my-carla-ros-bridge/install/kvaser_parser_ros/lib/python3.8/site-packages/kvaser_parser_ros-0.0.0-py3.8.egg-info/requires.txt
/home/cec20/Yangjiaxin/my-carla-ros-bridge/install/kvaser_parser_ros/lib/python3.8/site-packages/kvaser_parser_ros-0.0.0-py3.8.egg-info/dependency_links.txt
/home/cec20/Yangjiaxin/my-carla-ros-bridge/install/kvaser_parser_ros/lib/python3.8/site-packages/kvaser_parser_ros-0.0.0-py3.8.egg-info/entry_points.txt
/home/cec20/Yangjiaxin/my-carla-ros-bridge/install/kvaser_parser_ros/lib/python3.8/site-packages/kvaser_parser_ros-0.0.0-py3.8.egg-info/PKG-INFO
/home/cec20/Yangjiaxin/my-carla-ros-bridge/install/kvaser_parser_ros/lib/kvaser_parser_ros/kvaser_ros
/home/cec20/Yangjiaxin/my-carla-ros-bridge/install/kvaser_parser_ros/lib/kvaser_parser_ros/read_from_kvaser
/home/cec20/Yangjiaxin/my-carla-ros-bridge/install/kvaser_parser_ros/lib/kvaser_parser_ros/read_from_kvaser_queue
/home/cec20/Yangjiaxin/my-carla-ros-bridge/install/kvaser_parser_ros/lib/kvaser_parser_ros/write_to_kvaser
