[  3%] Built target kvaser_msg_interfaces__cpp
[ 12%] Built target kvaser_msg_interfaces__rosidl_generator_c
[ 41%] Built target kvaser_msg_interfaces__rosidl_typesupport_cpp
[ 41%] Built target kvaser_msg_interfaces__rosidl_typesupport_introspection_c
[ 41%] Built target kvaser_msg_interfaces__rosidl_typesupport_c
[ 51%] Built target kvaser_msg_interfaces__rosidl_typesupport_introspection_cpp
[ 61%] Built target kvaser_msg_interfaces__rosidl_typesupport_fastrtps_cpp
[ 70%] Built target kvaser_msg_interfaces__rosidl_typesupport_fastrtps_c
[ 70%] Built target kvaser_msg_interfaces
[ 74%] Built target kvaser_msg_interfaces__py
[ 80%] Built target kvaser_msg_interfaces__python
[100%] Built target kvaser_msg_interfaces__rosidl_typesupport_fastrtps_c__pyext
[100%] Built target kvaser_msg_interfaces__rosidl_typesupport_introspection_c__pyext
[100%] Built target kvaser_msg_interfaces__rosidl_typesupport_c__pyext
-- Install configuration: ""
-- Up-to-date: /home/cec20/Yangjiaxin/my-carla-ros-bridge/install/kvaser_msg_interfaces/share/ament_index/resource_index/rosidl_interfaces/kvaser_msg_interfaces
-- Up-to-date: /home/cec20/Yangjiaxin/my-carla-ros-bridge/install/kvaser_msg_interfaces/include/kvaser_msg_interfaces
-- Up-to-date: /home/cec20/Yangjiaxin/my-carla-ros-bridge/install/kvaser_msg_interfaces/include/kvaser_msg_interfaces/msg
-- Up-to-date: /home/cec20/Yangjiaxin/my-carla-ros-bridge/install/kvaser_msg_interfaces/include/kvaser_msg_interfaces/msg/control_cmd.h
-- Up-to-date: /home/cec20/Yangjiaxin/my-carla-ros-bridge/install/kvaser_msg_interfaces/include/kvaser_msg_interfaces/msg/detail
-- Up-to-date: /home/cec20/Yangjiaxin/my-carla-ros-bridge/install/kvaser_msg_interfaces/include/kvaser_msg_interfaces/msg/detail/control_cmd__functions.h
-- Up-to-date: /home/cec20/Yangjiaxin/my-carla-ros-bridge/install/kvaser_msg_interfaces/include/kvaser_msg_interfaces/msg/detail/control_cmd__type_support.h
-- Up-to-date: /home/cec20/Yangjiaxin/my-carla-ros-bridge/install/kvaser_msg_interfaces/include/kvaser_msg_interfaces/msg/detail/control_cmd__struct.h
-- Up-to-date: /home/cec20/Yangjiaxin/my-carla-ros-bridge/install/kvaser_msg_interfaces/include/kvaser_msg_interfaces/msg/detail/control_cmd__functions.c
-- Up-to-date: /home/cec20/Yangjiaxin/my-carla-ros-bridge/install/kvaser_msg_interfaces/include/kvaser_msg_interfaces/msg/rosidl_generator_c__visibility_control.h
-- Up-to-date: /home/cec20/Yangjiaxin/my-carla-ros-bridge/install/kvaser_msg_interfaces/share/kvaser_msg_interfaces/environment/library_path.sh
-- Up-to-date: /home/cec20/Yangjiaxin/my-carla-ros-bridge/install/kvaser_msg_interfaces/share/kvaser_msg_interfaces/environment/library_path.dsv
-- Up-to-date: /home/cec20/Yangjiaxin/my-carla-ros-bridge/install/kvaser_msg_interfaces/lib/libkvaser_msg_interfaces__rosidl_generator_c.so
-- Up-to-date: /home/cec20/Yangjiaxin/my-carla-ros-bridge/install/kvaser_msg_interfaces/include/kvaser_msg_interfaces
-- Up-to-date: /home/cec20/Yangjiaxin/my-carla-ros-bridge/install/kvaser_msg_interfaces/include/kvaser_msg_interfaces/msg
-- Up-to-date: /home/cec20/Yangjiaxin/my-carla-ros-bridge/install/kvaser_msg_interfaces/include/kvaser_msg_interfaces/msg/detail
-- Up-to-date: /home/cec20/Yangjiaxin/my-carla-ros-bridge/install/kvaser_msg_interfaces/include/kvaser_msg_interfaces/msg/detail/control_cmd__rosidl_typesupport_fastrtps_c.h
-- Up-to-date: /home/cec20/Yangjiaxin/my-carla-ros-bridge/install/kvaser_msg_interfaces/include/kvaser_msg_interfaces/msg/rosidl_typesupport_fastrtps_c__visibility_control.h
-- Up-to-date: /home/cec20/Yangjiaxin/my-carla-ros-bridge/install/kvaser_msg_interfaces/lib/libkvaser_msg_interfaces__rosidl_typesupport_fastrtps_c.so
-- Up-to-date: /home/cec20/Yangjiaxin/my-carla-ros-bridge/install/kvaser_msg_interfaces/include/kvaser_msg_interfaces
-- Up-to-date: /home/cec20/Yangjiaxin/my-carla-ros-bridge/install/kvaser_msg_interfaces/include/kvaser_msg_interfaces/msg
-- Up-to-date: /home/cec20/Yangjiaxin/my-carla-ros-bridge/install/kvaser_msg_interfaces/include/kvaser_msg_interfaces/msg/detail
-- Up-to-date: /home/cec20/Yangjiaxin/my-carla-ros-bridge/install/kvaser_msg_interfaces/include/kvaser_msg_interfaces/msg/detail/control_cmd__rosidl_typesupport_fastrtps_cpp.hpp
-- Up-to-date: /home/cec20/Yangjiaxin/my-carla-ros-bridge/install/kvaser_msg_interfaces/include/kvaser_msg_interfaces/msg/detail/dds_fastrtps
-- Up-to-date: /home/cec20/Yangjiaxin/my-carla-ros-bridge/install/kvaser_msg_interfaces/include/kvaser_msg_interfaces/msg/rosidl_typesupport_fastrtps_cpp__visibility_control.h
-- Up-to-date: /home/cec20/Yangjiaxin/my-carla-ros-bridge/install/kvaser_msg_interfaces/lib/libkvaser_msg_interfaces__rosidl_typesupport_fastrtps_cpp.so
-- Up-to-date: /home/cec20/Yangjiaxin/my-carla-ros-bridge/install/kvaser_msg_interfaces/include/kvaser_msg_interfaces
-- Up-to-date: /home/cec20/Yangjiaxin/my-carla-ros-bridge/install/kvaser_msg_interfaces/include/kvaser_msg_interfaces/msg
-- Up-to-date: /home/cec20/Yangjiaxin/my-carla-ros-bridge/install/kvaser_msg_interfaces/include/kvaser_msg_interfaces/msg/detail
-- Up-to-date: /home/cec20/Yangjiaxin/my-carla-ros-bridge/install/kvaser_msg_interfaces/include/kvaser_msg_interfaces/msg/detail/control_cmd__type_support.c
-- Up-to-date: /home/cec20/Yangjiaxin/my-carla-ros-bridge/install/kvaser_msg_interfaces/include/kvaser_msg_interfaces/msg/detail/control_cmd__rosidl_typesupport_introspection_c.h
-- Up-to-date: /home/cec20/Yangjiaxin/my-carla-ros-bridge/install/kvaser_msg_interfaces/include/kvaser_msg_interfaces/msg/rosidl_typesupport_introspection_c__visibility_control.h
-- Up-to-date: /home/cec20/Yangjiaxin/my-carla-ros-bridge/install/kvaser_msg_interfaces/lib/libkvaser_msg_interfaces__rosidl_typesupport_introspection_c.so
-- Up-to-date: /home/cec20/Yangjiaxin/my-carla-ros-bridge/install/kvaser_msg_interfaces/lib/libkvaser_msg_interfaces__rosidl_typesupport_c.so
-- Up-to-date: /home/cec20/Yangjiaxin/my-carla-ros-bridge/install/kvaser_msg_interfaces/include/kvaser_msg_interfaces
-- Up-to-date: /home/cec20/Yangjiaxin/my-carla-ros-bridge/install/kvaser_msg_interfaces/include/kvaser_msg_interfaces/msg
-- Up-to-date: /home/cec20/Yangjiaxin/my-carla-ros-bridge/install/kvaser_msg_interfaces/include/kvaser_msg_interfaces/msg/detail
-- Up-to-date: /home/cec20/Yangjiaxin/my-carla-ros-bridge/install/kvaser_msg_interfaces/include/kvaser_msg_interfaces/msg/detail/control_cmd__traits.hpp
-- Up-to-date: /home/cec20/Yangjiaxin/my-carla-ros-bridge/install/kvaser_msg_interfaces/include/kvaser_msg_interfaces/msg/detail/control_cmd__builder.hpp
-- Up-to-date: /home/cec20/Yangjiaxin/my-carla-ros-bridge/install/kvaser_msg_interfaces/include/kvaser_msg_interfaces/msg/detail/control_cmd__struct.hpp
-- Up-to-date: /home/cec20/Yangjiaxin/my-carla-ros-bridge/install/kvaser_msg_interfaces/include/kvaser_msg_interfaces/msg/control_cmd.hpp
-- Up-to-date: /home/cec20/Yangjiaxin/my-carla-ros-bridge/install/kvaser_msg_interfaces/include/kvaser_msg_interfaces
-- Up-to-date: /home/cec20/Yangjiaxin/my-carla-ros-bridge/install/kvaser_msg_interfaces/include/kvaser_msg_interfaces/msg
-- Up-to-date: /home/cec20/Yangjiaxin/my-carla-ros-bridge/install/kvaser_msg_interfaces/include/kvaser_msg_interfaces/msg/detail
-- Up-to-date: /home/cec20/Yangjiaxin/my-carla-ros-bridge/install/kvaser_msg_interfaces/include/kvaser_msg_interfaces/msg/detail/control_cmd__rosidl_typesupport_introspection_cpp.hpp
-- Up-to-date: /home/cec20/Yangjiaxin/my-carla-ros-bridge/install/kvaser_msg_interfaces/include/kvaser_msg_interfaces/msg/detail/control_cmd__type_support.cpp
-- Up-to-date: /home/cec20/Yangjiaxin/my-carla-ros-bridge/install/kvaser_msg_interfaces/lib/libkvaser_msg_interfaces__rosidl_typesupport_introspection_cpp.so
-- Up-to-date: /home/cec20/Yangjiaxin/my-carla-ros-bridge/install/kvaser_msg_interfaces/lib/libkvaser_msg_interfaces__rosidl_typesupport_cpp.so
-- Up-to-date: /home/cec20/Yangjiaxin/my-carla-ros-bridge/install/kvaser_msg_interfaces/share/kvaser_msg_interfaces/environment/pythonpath.sh
-- Up-to-date: /home/cec20/Yangjiaxin/my-carla-ros-bridge/install/kvaser_msg_interfaces/share/kvaser_msg_interfaces/environment/pythonpath.dsv
-- Up-to-date: /home/cec20/Yangjiaxin/my-carla-ros-bridge/install/kvaser_msg_interfaces/lib/python3.8/site-packages/kvaser_msg_interfaces/__init__.py
-- Up-to-date: /home/cec20/Yangjiaxin/my-carla-ros-bridge/install/kvaser_msg_interfaces/lib/python3.8/site-packages/kvaser_msg_interfaces/msg
-- Up-to-date: /home/cec20/Yangjiaxin/my-carla-ros-bridge/install/kvaser_msg_interfaces/lib/python3.8/site-packages/kvaser_msg_interfaces/msg/_control_cmd_s.c
-- Up-to-date: /home/cec20/Yangjiaxin/my-carla-ros-bridge/install/kvaser_msg_interfaces/lib/python3.8/site-packages/kvaser_msg_interfaces/msg/__init__.py
-- Up-to-date: /home/cec20/Yangjiaxin/my-carla-ros-bridge/install/kvaser_msg_interfaces/lib/python3.8/site-packages/kvaser_msg_interfaces/msg/_control_cmd.py
-- Up-to-date: /home/cec20/Yangjiaxin/my-carla-ros-bridge/install/kvaser_msg_interfaces/lib/python3.8/site-packages/kvaser_msg_interfaces/kvaser_msg_interfaces_s__rosidl_typesupport_fastrtps_c.cpython-38-x86_64-linux-gnu.so
-- Up-to-date: /home/cec20/Yangjiaxin/my-carla-ros-bridge/install/kvaser_msg_interfaces/lib/python3.8/site-packages/kvaser_msg_interfaces/kvaser_msg_interfaces_s__rosidl_typesupport_introspection_c.cpython-38-x86_64-linux-gnu.so
-- Up-to-date: /home/cec20/Yangjiaxin/my-carla-ros-bridge/install/kvaser_msg_interfaces/lib/python3.8/site-packages/kvaser_msg_interfaces/kvaser_msg_interfaces_s__rosidl_typesupport_c.cpython-38-x86_64-linux-gnu.so
-- Up-to-date: /home/cec20/Yangjiaxin/my-carla-ros-bridge/install/kvaser_msg_interfaces/lib/libkvaser_msg_interfaces__python.so
-- Up-to-date: /home/cec20/Yangjiaxin/my-carla-ros-bridge/install/kvaser_msg_interfaces/share/kvaser_msg_interfaces/msg/ControlCmd.idl
-- Up-to-date: /home/cec20/Yangjiaxin/my-carla-ros-bridge/install/kvaser_msg_interfaces/share/kvaser_msg_interfaces/msg/ControlCmd.msg
-- Up-to-date: /home/cec20/Yangjiaxin/my-carla-ros-bridge/install/kvaser_msg_interfaces/share/ament_index/resource_index/package_run_dependencies/kvaser_msg_interfaces
-- Up-to-date: /home/cec20/Yangjiaxin/my-carla-ros-bridge/install/kvaser_msg_interfaces/share/ament_index/resource_index/parent_prefix_path/kvaser_msg_interfaces
-- Up-to-date: /home/cec20/Yangjiaxin/my-carla-ros-bridge/install/kvaser_msg_interfaces/share/kvaser_msg_interfaces/environment/ament_prefix_path.sh
-- Up-to-date: /home/cec20/Yangjiaxin/my-carla-ros-bridge/install/kvaser_msg_interfaces/share/kvaser_msg_interfaces/environment/ament_prefix_path.dsv
-- Up-to-date: /home/cec20/Yangjiaxin/my-carla-ros-bridge/install/kvaser_msg_interfaces/share/kvaser_msg_interfaces/environment/path.sh
-- Up-to-date: /home/cec20/Yangjiaxin/my-carla-ros-bridge/install/kvaser_msg_interfaces/share/kvaser_msg_interfaces/environment/path.dsv
-- Up-to-date: /home/cec20/Yangjiaxin/my-carla-ros-bridge/install/kvaser_msg_interfaces/share/kvaser_msg_interfaces/local_setup.bash
-- Up-to-date: /home/cec20/Yangjiaxin/my-carla-ros-bridge/install/kvaser_msg_interfaces/share/kvaser_msg_interfaces/local_setup.sh
-- Up-to-date: /home/cec20/Yangjiaxin/my-carla-ros-bridge/install/kvaser_msg_interfaces/share/kvaser_msg_interfaces/local_setup.zsh
-- Up-to-date: /home/cec20/Yangjiaxin/my-carla-ros-bridge/install/kvaser_msg_interfaces/share/kvaser_msg_interfaces/local_setup.dsv
-- Installing: /home/cec20/Yangjiaxin/my-carla-ros-bridge/install/kvaser_msg_interfaces/share/kvaser_msg_interfaces/package.dsv
-- Up-to-date: /home/cec20/Yangjiaxin/my-carla-ros-bridge/install/kvaser_msg_interfaces/share/ament_index/resource_index/packages/kvaser_msg_interfaces
-- Up-to-date: /home/cec20/Yangjiaxin/my-carla-ros-bridge/install/kvaser_msg_interfaces/share/kvaser_msg_interfaces/cmake/kvaser_msg_interfaces__rosidl_generator_cExport.cmake
-- Up-to-date: /home/cec20/Yangjiaxin/my-carla-ros-bridge/install/kvaser_msg_interfaces/share/kvaser_msg_interfaces/cmake/kvaser_msg_interfaces__rosidl_generator_cExport-noconfig.cmake
-- Up-to-date: /home/cec20/Yangjiaxin/my-carla-ros-bridge/install/kvaser_msg_interfaces/share/kvaser_msg_interfaces/cmake/kvaser_msg_interfaces__rosidl_typesupport_introspection_cExport.cmake
-- Up-to-date: /home/cec20/Yangjiaxin/my-carla-ros-bridge/install/kvaser_msg_interfaces/share/kvaser_msg_interfaces/cmake/kvaser_msg_interfaces__rosidl_typesupport_introspection_cExport-noconfig.cmake
-- Up-to-date: /home/cec20/Yangjiaxin/my-carla-ros-bridge/install/kvaser_msg_interfaces/share/kvaser_msg_interfaces/cmake/kvaser_msg_interfaces__rosidl_typesupport_cExport.cmake
-- Up-to-date: /home/cec20/Yangjiaxin/my-carla-ros-bridge/install/kvaser_msg_interfaces/share/kvaser_msg_interfaces/cmake/kvaser_msg_interfaces__rosidl_typesupport_cExport-noconfig.cmake
-- Up-to-date: /home/cec20/Yangjiaxin/my-carla-ros-bridge/install/kvaser_msg_interfaces/share/kvaser_msg_interfaces/cmake/kvaser_msg_interfaces__rosidl_generator_cppExport.cmake
-- Up-to-date: /home/cec20/Yangjiaxin/my-carla-ros-bridge/install/kvaser_msg_interfaces/share/kvaser_msg_interfaces/cmake/kvaser_msg_interfaces__rosidl_typesupport_introspection_cppExport.cmake
-- Up-to-date: /home/cec20/Yangjiaxin/my-carla-ros-bridge/install/kvaser_msg_interfaces/share/kvaser_msg_interfaces/cmake/kvaser_msg_interfaces__rosidl_typesupport_introspection_cppExport-noconfig.cmake
-- Up-to-date: /home/cec20/Yangjiaxin/my-carla-ros-bridge/install/kvaser_msg_interfaces/share/kvaser_msg_interfaces/cmake/kvaser_msg_interfaces__rosidl_typesupport_cppExport.cmake
-- Up-to-date: /home/cec20/Yangjiaxin/my-carla-ros-bridge/install/kvaser_msg_interfaces/share/kvaser_msg_interfaces/cmake/kvaser_msg_interfaces__rosidl_typesupport_cppExport-noconfig.cmake
-- Up-to-date: /home/cec20/Yangjiaxin/my-carla-ros-bridge/install/kvaser_msg_interfaces/share/kvaser_msg_interfaces/cmake/rosidl_cmake-extras.cmake
-- Up-to-date: /home/cec20/Yangjiaxin/my-carla-ros-bridge/install/kvaser_msg_interfaces/share/kvaser_msg_interfaces/cmake/ament_cmake_export_dependencies-extras.cmake
-- Up-to-date: /home/cec20/Yangjiaxin/my-carla-ros-bridge/install/kvaser_msg_interfaces/share/kvaser_msg_interfaces/cmake/ament_cmake_export_libraries-extras.cmake
-- Up-to-date: /home/cec20/Yangjiaxin/my-carla-ros-bridge/install/kvaser_msg_interfaces/share/kvaser_msg_interfaces/cmake/ament_cmake_export_targets-extras.cmake
-- Up-to-date: /home/cec20/Yangjiaxin/my-carla-ros-bridge/install/kvaser_msg_interfaces/share/kvaser_msg_interfaces/cmake/ament_cmake_export_include_directories-extras.cmake
-- Up-to-date: /home/cec20/Yangjiaxin/my-carla-ros-bridge/install/kvaser_msg_interfaces/share/kvaser_msg_interfaces/cmake/rosidl_cmake_export_typesupport_libraries-extras.cmake
-- Up-to-date: /home/cec20/Yangjiaxin/my-carla-ros-bridge/install/kvaser_msg_interfaces/share/kvaser_msg_interfaces/cmake/rosidl_cmake_export_typesupport_targets-extras.cmake
-- Up-to-date: /home/cec20/Yangjiaxin/my-carla-ros-bridge/install/kvaser_msg_interfaces/share/kvaser_msg_interfaces/cmake/kvaser_msg_interfacesConfig.cmake
-- Up-to-date: /home/cec20/Yangjiaxin/my-carla-ros-bridge/install/kvaser_msg_interfaces/share/kvaser_msg_interfaces/cmake/kvaser_msg_interfacesConfig-version.cmake
-- Up-to-date: /home/cec20/Yangjiaxin/my-carla-ros-bridge/install/kvaser_msg_interfaces/share/kvaser_msg_interfaces/package.xml
