[1.350s] Invoking command in '/home/cec20/Yangjiaxin/my-carla-ros-bridge/src/traject_plan_control': PYTHONPATH=/home/cec20/Yangjiaxin/my-carla-ros-bridge/build/traject_plan_control/prefix_override:/home/cec20/Yangjiaxin/my-carla-ros-bridge/install/traject_plan_control/lib/python3.8/site-packages:${PYTHONPATH} /usr/bin/python3 setup.py egg_info --egg-base ../../build/traject_plan_control build --build-base /home/cec20/Yangjiaxin/my-carla-ros-bridge/build/traject_plan_control/build install --record /home/cec20/Yangjiaxin/my-carla-ros-bridge/build/traject_plan_control/install.log --install-scripts $base/lib/traject_plan_control --single-version-externally-managed
[1.545s] running egg_info
[1.546s] writing ../../build/traject_plan_control/traject_plan_control.egg-info/PKG-INFO
[1.546s] writing dependency_links to ../../build/traject_plan_control/traject_plan_control.egg-info/dependency_links.txt
[1.546s] writing entry points to ../../build/traject_plan_control/traject_plan_control.egg-info/entry_points.txt
[1.546s] writing requirements to ../../build/traject_plan_control/traject_plan_control.egg-info/requires.txt
[1.546s] writing top-level names to ../../build/traject_plan_control/traject_plan_control.egg-info/top_level.txt
[1.572s] reading manifest file '../../build/traject_plan_control/traject_plan_control.egg-info/SOURCES.txt'
[1.572s] writing manifest file '../../build/traject_plan_control/traject_plan_control.egg-info/SOURCES.txt'
[1.573s] running build
[1.573s] running build_py
[1.573s] copying traject_plan_control/waypoints_client.py -> /home/cec20/Yangjiaxin/my-carla-ros-bridge/build/traject_plan_control/build/lib/traject_plan_control
[1.573s] running install
[1.574s] running install_lib
[1.575s] copying /home/cec20/Yangjiaxin/my-carla-ros-bridge/build/traject_plan_control/build/lib/traject_plan_control/waypoints_client.py -> /home/cec20/Yangjiaxin/my-carla-ros-bridge/install/traject_plan_control/lib/python3.8/site-packages/traject_plan_control
[1.575s] byte-compiling /home/cec20/Yangjiaxin/my-carla-ros-bridge/install/traject_plan_control/lib/python3.8/site-packages/traject_plan_control/waypoints_client.py to waypoints_client.cpython-38.pyc
[1.578s] running install_data
[1.578s] running install_egg_info
[1.580s] removing '/home/cec20/Yangjiaxin/my-carla-ros-bridge/install/traject_plan_control/lib/python3.8/site-packages/traject_plan_control-0.0.0-py3.8.egg-info' (and everything under it)
[1.580s] Copying ../../build/traject_plan_control/traject_plan_control.egg-info to /home/cec20/Yangjiaxin/my-carla-ros-bridge/install/traject_plan_control/lib/python3.8/site-packages/traject_plan_control-0.0.0-py3.8.egg-info
[1.581s] running install_scripts
[1.596s] Installing traject_plan_control script to /home/cec20/Yangjiaxin/my-carla-ros-bridge/install/traject_plan_control/lib/traject_plan_control
[1.596s] writing list of installed files to '/home/cec20/Yangjiaxin/my-carla-ros-bridge/build/traject_plan_control/install.log'
[1.651s] Invoked command in '/home/cec20/Yangjiaxin/my-carla-ros-bridge/src/traject_plan_control' returned '0': PYTHONPATH=/home/cec20/Yangjiaxin/my-carla-ros-bridge/build/traject_plan_control/prefix_override:/home/cec20/Yangjiaxin/my-carla-ros-bridge/install/traject_plan_control/lib/python3.8/site-packages:${PYTHONPATH} /usr/bin/python3 setup.py egg_info --egg-base ../../build/traject_plan_control build --build-base /home/cec20/Yangjiaxin/my-carla-ros-bridge/build/traject_plan_control/build install --record /home/cec20/Yangjiaxin/my-carla-ros-bridge/build/traject_plan_control/install.log --install-scripts $base/lib/traject_plan_control --single-version-externally-managed
