[1.379s] Invoking command in '/home/cec20/Yangjiaxin/my-carla-ros-bridge/src/my_bridge': PYTHONPATH=/home/cec20/Yangjiaxin/my-carla-ros-bridge/build/my_bridge/prefix_override:/home/cec20/Yangjiaxin/my-carla-ros-bridge/install/my_bridge/lib/python3.8/site-packages:${PYTHONPATH} /usr/bin/python3 setup.py egg_info --egg-base ../../build/my_bridge build --build-base /home/cec20/Yangjiaxin/my-carla-ros-bridge/build/my_bridge/build install --record /home/cec20/Yangjiaxin/my-carla-ros-bridge/build/my_bridge/install.log --install-scripts $base/lib/my_bridge --single-version-externally-managed
[1.562s] running egg_info
[1.562s] writing ../../build/my_bridge/my_bridge.egg-info/PKG-INFO
[1.563s] writing dependency_links to ../../build/my_bridge/my_bridge.egg-info/dependency_links.txt
[1.563s] writing entry points to ../../build/my_bridge/my_bridge.egg-info/entry_points.txt
[1.563s] writing requirements to ../../build/my_bridge/my_bridge.egg-info/requires.txt
[1.563s] writing top-level names to ../../build/my_bridge/my_bridge.egg-info/top_level.txt
[1.587s] reading manifest file '../../build/my_bridge/my_bridge.egg-info/SOURCES.txt'
[1.588s] writing manifest file '../../build/my_bridge/my_bridge.egg-info/SOURCES.txt'
[1.588s] running build
[1.588s] running build_py
[1.588s] copying my_bridge/bridge_wayserver_adjacent copy 2.py -> /home/cec20/Yangjiaxin/my-carla-ros-bridge/build/my_bridge/build/lib/my_bridge
[1.588s] running install
[1.589s] running install_lib
[1.589s] copying /home/cec20/Yangjiaxin/my-carla-ros-bridge/build/my_bridge/build/lib/my_bridge/bridge_wayserver_adjacent copy 2.py -> /home/cec20/Yangjiaxin/my-carla-ros-bridge/install/my_bridge/lib/python3.8/site-packages/my_bridge
[1.590s] byte-compiling /home/cec20/Yangjiaxin/my-carla-ros-bridge/install/my_bridge/lib/python3.8/site-packages/my_bridge/bridge_wayserver_adjacent copy 2.py to bridge_wayserver_adjacent copy 2.cpython-38.pyc
[1.591s] running install_data
[1.591s]   File "/home/cec20/Yangjiaxin/my-carla-ros-bridge/install/my_bridge/lib/python3.8/site-packages/my_bridge/bridge_wayserver_adjacent copy 2.py", line 194
[1.591s]     self.ego_transform_subscription = self..Subscriber('/camera/rgb/image_raw', Image)
[1.591s]                                            ^
[1.592s] SyntaxError: invalid syntax
[1.592s] 
[1.592s] running install_egg_info
[1.593s] removing '/home/cec20/Yangjiaxin/my-carla-ros-bridge/install/my_bridge/lib/python3.8/site-packages/my_bridge-0.0.0-py3.8.egg-info' (and everything under it)
[1.593s] Copying ../../build/my_bridge/my_bridge.egg-info to /home/cec20/Yangjiaxin/my-carla-ros-bridge/install/my_bridge/lib/python3.8/site-packages/my_bridge-0.0.0-py3.8.egg-info
[1.594s] running install_scripts
[1.606s] Installing bridge_waypublisher script to /home/cec20/Yangjiaxin/my-carla-ros-bridge/install/my_bridge/lib/my_bridge
[1.606s] Installing bridge_wayserver script to /home/cec20/Yangjiaxin/my-carla-ros-bridge/install/my_bridge/lib/my_bridge
[1.606s] Installing bridge_wayserver_adjacent script to /home/cec20/Yangjiaxin/my-carla-ros-bridge/install/my_bridge/lib/my_bridge
[1.606s] writing list of installed files to '/home/cec20/Yangjiaxin/my-carla-ros-bridge/build/my_bridge/install.log'
[1.633s] Invoked command in '/home/cec20/Yangjiaxin/my-carla-ros-bridge/src/my_bridge' returned '0': PYTHONPATH=/home/cec20/Yangjiaxin/my-carla-ros-bridge/build/my_bridge/prefix_override:/home/cec20/Yangjiaxin/my-carla-ros-bridge/install/my_bridge/lib/python3.8/site-packages:${PYTHONPATH} /usr/bin/python3 setup.py egg_info --egg-base ../../build/my_bridge build --build-base /home/cec20/Yangjiaxin/my-carla-ros-bridge/build/my_bridge/build install --record /home/cec20/Yangjiaxin/my-carla-ros-bridge/build/my_bridge/install.log --install-scripts $base/lib/my_bridge --single-version-externally-managed
