running egg_info
writing ../../build/imagenode/imagenode.egg-info/PKG-INFO
writing dependency_links to ../../build/imagenode/imagenode.egg-info/dependency_links.txt
writing entry points to ../../build/imagenode/imagenode.egg-info/entry_points.txt
writing requirements to ../../build/imagenode/imagenode.egg-info/requires.txt
writing top-level names to ../../build/imagenode/imagenode.egg-info/top_level.txt
reading manifest file '../../build/imagenode/imagenode.egg-info/SOURCES.txt'
writing manifest file '../../build/imagenode/imagenode.egg-info/SOURCES.txt'
running build
running build_py
copying imagenode/rearview.py -> /home/cec20/Yangjiaxin/my-carla-ros-bridge/build/imagenode/build/lib/imagenode
running install
running install_lib
copying /home/cec20/Yangjiaxin/my-carla-ros-bridge/build/imagenode/build/lib/imagenode/rearview.py -> /home/cec20/Yangjiaxin/my-carla-ros-bridge/install/imagenode/lib/python3.8/site-packages/imagenode
byte-compiling /home/cec20/Yangjiaxin/my-carla-ros-bridge/install/imagenode/lib/python3.8/site-packages/imagenode/rearview.py to rearview.cpython-38.pyc
running install_data
running install_egg_info
removing '/home/cec20/Yangjiaxin/my-carla-ros-bridge/install/imagenode/lib/python3.8/site-packages/imagenode-0.0.0-py3.8.egg-info' (and everything under it)
Copying ../../build/imagenode/imagenode.egg-info to /home/cec20/Yangjiaxin/my-carla-ros-bridge/install/imagenode/lib/python3.8/site-packages/imagenode-0.0.0-py3.8.egg-info
running install_scripts
Installing cameranode1 script to /home/cec20/Yangjiaxin/my-carla-ros-bridge/install/imagenode/lib/imagenode
writing list of installed files to '/home/cec20/Yangjiaxin/my-carla-ros-bridge/build/imagenode/install.log'
