[0.398s] Invoking command in '/home/cec20/Yangjiaxin/my-carla-ros-bridge/build/waypoints_types': CMAKE_PREFIX_PATH=${CMAKE_PREFIX_PATH}:/home/cec20/carla-ros-bridge/install/set_transform:/home/cec20/carla-ros-bridge/install/rqt_carla_control:/home/cec20/carla-ros-bridge/install/carla_waypoint_publisher:/home/cec20/carla-ros-bridge/install/carla_ackermann_control:/home/cec20/carla-ros-bridge/install/carla_ros_bridge:/home/cec20/carla-ros-bridge/install/carla_spawn_objects:/home/cec20/carla-ros-bridge/install/carla_manual_control:/home/cec20/carla-ros-bridge/install/carla_ad_agent:/home/cec20/carla-ros-bridge/install/ros_compatibility:/home/cec20/carla-ros-bridge/install/imagenode:/home/cec20/carla-ros-bridge/install/carla_walker_agent:/home/cec20/carla-ros-bridge/install/carla_twist_to_control:/home/cec20/carla-ros-bridge/install/carla_ros_scenario_runner:/home/cec20/carla-ros-bridge/install/carla_common:/opt/ros/foxy /usr/bin/cmake --build /home/cec20/Yangjiaxin/my-carla-ros-bridge/build/waypoints_types -- -j20 -l20
[0.433s] [  3%] Built target waypoints_types__cpp
[0.434s] [ 12%] Built target waypoints_types__rosidl_generator_c
[0.450s] [ 51%] Built target waypoints_types__rosidl_typesupport_introspection_cpp
[0.450s] [ 51%] Built target waypoints_types__rosidl_typesupport_cpp
[0.450s] [ 51%] Built target waypoints_types__rosidl_typesupport_introspection_c
[0.450s] [ 51%] Built target waypoints_types__rosidl_typesupport_c
[0.451s] [ 61%] Built target waypoints_types__rosidl_typesupport_fastrtps_cpp
[0.470s] [ 70%] Built target waypoints_types__rosidl_typesupport_fastrtps_c
[0.486s] [ 70%] Built target waypoints_types
[0.499s] [ 74%] Built target waypoints_types__py
[0.517s] [ 80%] Built target waypoints_types__python
[0.537s] [ 87%] Built target waypoints_types__rosidl_typesupport_c__pyext
[0.540s] [ 93%] Built target waypoints_types__rosidl_typesupport_fastrtps_c__pyext
[0.542s] [100%] Built target waypoints_types__rosidl_typesupport_introspection_c__pyext
[0.556s] Invoked command in '/home/cec20/Yangjiaxin/my-carla-ros-bridge/build/waypoints_types' returned '0': CMAKE_PREFIX_PATH=${CMAKE_PREFIX_PATH}:/home/cec20/carla-ros-bridge/install/set_transform:/home/cec20/carla-ros-bridge/install/rqt_carla_control:/home/cec20/carla-ros-bridge/install/carla_waypoint_publisher:/home/cec20/carla-ros-bridge/install/carla_ackermann_control:/home/cec20/carla-ros-bridge/install/carla_ros_bridge:/home/cec20/carla-ros-bridge/install/carla_spawn_objects:/home/cec20/carla-ros-bridge/install/carla_manual_control:/home/cec20/carla-ros-bridge/install/carla_ad_agent:/home/cec20/carla-ros-bridge/install/ros_compatibility:/home/cec20/carla-ros-bridge/install/imagenode:/home/cec20/carla-ros-bridge/install/carla_walker_agent:/home/cec20/carla-ros-bridge/install/carla_twist_to_control:/home/cec20/carla-ros-bridge/install/carla_ros_scenario_runner:/home/cec20/carla-ros-bridge/install/carla_common:/opt/ros/foxy /usr/bin/cmake --build /home/cec20/Yangjiaxin/my-carla-ros-bridge/build/waypoints_types -- -j20 -l20
[0.755s] Invoking command in '/home/cec20/Yangjiaxin/my-carla-ros-bridge/build/waypoints_types': CMAKE_PREFIX_PATH=${CMAKE_PREFIX_PATH}:/home/cec20/carla-ros-bridge/install/set_transform:/home/cec20/carla-ros-bridge/install/rqt_carla_control:/home/cec20/carla-ros-bridge/install/carla_waypoint_publisher:/home/cec20/carla-ros-bridge/install/carla_ackermann_control:/home/cec20/carla-ros-bridge/install/carla_ros_bridge:/home/cec20/carla-ros-bridge/install/carla_spawn_objects:/home/cec20/carla-ros-bridge/install/carla_manual_control:/home/cec20/carla-ros-bridge/install/carla_ad_agent:/home/cec20/carla-ros-bridge/install/ros_compatibility:/home/cec20/carla-ros-bridge/install/imagenode:/home/cec20/carla-ros-bridge/install/carla_walker_agent:/home/cec20/carla-ros-bridge/install/carla_twist_to_control:/home/cec20/carla-ros-bridge/install/carla_ros_scenario_runner:/home/cec20/carla-ros-bridge/install/carla_common:/opt/ros/foxy /usr/bin/cmake --install /home/cec20/Yangjiaxin/my-carla-ros-bridge/build/waypoints_types
[0.761s] -- Install configuration: ""
[0.761s] -- Up-to-date: /home/cec20/Yangjiaxin/my-carla-ros-bridge/install/waypoints_types/share/ament_index/resource_index/rosidl_interfaces/waypoints_types
[0.762s] -- Up-to-date: /home/cec20/Yangjiaxin/my-carla-ros-bridge/install/waypoints_types/include/waypoints_types
[0.762s] -- Up-to-date: /home/cec20/Yangjiaxin/my-carla-ros-bridge/install/waypoints_types/include/waypoints_types/msg
[0.763s] -- Up-to-date: /home/cec20/Yangjiaxin/my-carla-ros-bridge/install/waypoints_types/include/waypoints_types/msg/rosidl_generator_c__visibility_control.h
[0.763s] -- Up-to-date: /home/cec20/Yangjiaxin/my-carla-ros-bridge/install/waypoints_types/include/waypoints_types/srv
[0.763s] -- Up-to-date: /home/cec20/Yangjiaxin/my-carla-ros-bridge/install/waypoints_types/include/waypoints_types/srv/detail
[0.764s] -- Up-to-date: /home/cec20/Yangjiaxin/my-carla-ros-bridge/install/waypoints_types/include/waypoints_types/srv/detail/get_waypoints_list__type_support.h
[0.764s] -- Up-to-date: /home/cec20/Yangjiaxin/my-carla-ros-bridge/install/waypoints_types/include/waypoints_types/srv/detail/get_waypoints_list__functions.c
[0.764s] -- Up-to-date: /home/cec20/Yangjiaxin/my-carla-ros-bridge/install/waypoints_types/include/waypoints_types/srv/detail/get_waypoints_list__struct.h
[0.764s] -- Up-to-date: /home/cec20/Yangjiaxin/my-carla-ros-bridge/install/waypoints_types/include/waypoints_types/srv/detail/get_waypoints_list__functions.h
[0.764s] -- Up-to-date: /home/cec20/Yangjiaxin/my-carla-ros-bridge/install/waypoints_types/include/waypoints_types/srv/get_waypoints_list.h
[0.764s] -- Up-to-date: /home/cec20/Yangjiaxin/my-carla-ros-bridge/install/waypoints_types/share/waypoints_types/environment/library_path.sh
[0.764s] -- Up-to-date: /home/cec20/Yangjiaxin/my-carla-ros-bridge/install/waypoints_types/share/waypoints_types/environment/library_path.dsv
[0.764s] -- Up-to-date: /home/cec20/Yangjiaxin/my-carla-ros-bridge/install/waypoints_types/lib/libwaypoints_types__rosidl_generator_c.so
[0.764s] -- Up-to-date: /home/cec20/Yangjiaxin/my-carla-ros-bridge/install/waypoints_types/include/waypoints_types
[0.764s] -- Up-to-date: /home/cec20/Yangjiaxin/my-carla-ros-bridge/install/waypoints_types/include/waypoints_types/msg
[0.764s] -- Up-to-date: /home/cec20/Yangjiaxin/my-carla-ros-bridge/install/waypoints_types/include/waypoints_types/msg/rosidl_typesupport_fastrtps_c__visibility_control.h
[0.764s] -- Up-to-date: /home/cec20/Yangjiaxin/my-carla-ros-bridge/install/waypoints_types/include/waypoints_types/srv
[0.764s] -- Up-to-date: /home/cec20/Yangjiaxin/my-carla-ros-bridge/install/waypoints_types/include/waypoints_types/srv/detail
[0.764s] -- Up-to-date: /home/cec20/Yangjiaxin/my-carla-ros-bridge/install/waypoints_types/include/waypoints_types/srv/detail/get_waypoints_list__rosidl_typesupport_fastrtps_c.h
[0.764s] -- Up-to-date: /home/cec20/Yangjiaxin/my-carla-ros-bridge/install/waypoints_types/lib/libwaypoints_types__rosidl_typesupport_fastrtps_c.so
[0.764s] -- Up-to-date: /home/cec20/Yangjiaxin/my-carla-ros-bridge/install/waypoints_types/include/waypoints_types
[0.764s] -- Up-to-date: /home/cec20/Yangjiaxin/my-carla-ros-bridge/install/waypoints_types/include/waypoints_types/msg
[0.764s] -- Up-to-date: /home/cec20/Yangjiaxin/my-carla-ros-bridge/install/waypoints_types/include/waypoints_types/msg/rosidl_typesupport_fastrtps_cpp__visibility_control.h
[0.764s] -- Up-to-date: /home/cec20/Yangjiaxin/my-carla-ros-bridge/install/waypoints_types/include/waypoints_types/srv
[0.764s] -- Up-to-date: /home/cec20/Yangjiaxin/my-carla-ros-bridge/install/waypoints_types/include/waypoints_types/srv/detail
[0.765s] -- Up-to-date: /home/cec20/Yangjiaxin/my-carla-ros-bridge/install/waypoints_types/include/waypoints_types/srv/detail/get_waypoints_list__rosidl_typesupport_fastrtps_cpp.hpp
[0.765s] -- Up-to-date: /home/cec20/Yangjiaxin/my-carla-ros-bridge/install/waypoints_types/include/waypoints_types/srv/detail/dds_fastrtps
[0.765s] -- Up-to-date: /home/cec20/Yangjiaxin/my-carla-ros-bridge/install/waypoints_types/lib/libwaypoints_types__rosidl_typesupport_fastrtps_cpp.so
[0.765s] -- Up-to-date: /home/cec20/Yangjiaxin/my-carla-ros-bridge/install/waypoints_types/include/waypoints_types
[0.765s] -- Up-to-date: /home/cec20/Yangjiaxin/my-carla-ros-bridge/install/waypoints_types/include/waypoints_types/msg
[0.765s] -- Up-to-date: /home/cec20/Yangjiaxin/my-carla-ros-bridge/install/waypoints_types/include/waypoints_types/msg/rosidl_typesupport_introspection_c__visibility_control.h
[0.765s] -- Up-to-date: /home/cec20/Yangjiaxin/my-carla-ros-bridge/install/waypoints_types/include/waypoints_types/srv
[0.765s] -- Up-to-date: /home/cec20/Yangjiaxin/my-carla-ros-bridge/install/waypoints_types/include/waypoints_types/srv/detail
[0.765s] -- Up-to-date: /home/cec20/Yangjiaxin/my-carla-ros-bridge/install/waypoints_types/include/waypoints_types/srv/detail/get_waypoints_list__type_support.c
[0.765s] -- Up-to-date: /home/cec20/Yangjiaxin/my-carla-ros-bridge/install/waypoints_types/include/waypoints_types/srv/detail/get_waypoints_list__rosidl_typesupport_introspection_c.h
[0.765s] -- Up-to-date: /home/cec20/Yangjiaxin/my-carla-ros-bridge/install/waypoints_types/lib/libwaypoints_types__rosidl_typesupport_introspection_c.so
[0.765s] -- Up-to-date: /home/cec20/Yangjiaxin/my-carla-ros-bridge/install/waypoints_types/lib/libwaypoints_types__rosidl_typesupport_c.so
[0.765s] -- Up-to-date: /home/cec20/Yangjiaxin/my-carla-ros-bridge/install/waypoints_types/include/waypoints_types
[0.765s] -- Up-to-date: /home/cec20/Yangjiaxin/my-carla-ros-bridge/install/waypoints_types/include/waypoints_types/srv
[0.765s] -- Up-to-date: /home/cec20/Yangjiaxin/my-carla-ros-bridge/install/waypoints_types/include/waypoints_types/srv/detail
[0.765s] -- Up-to-date: /home/cec20/Yangjiaxin/my-carla-ros-bridge/install/waypoints_types/include/waypoints_types/srv/detail/get_waypoints_list__struct.hpp
[0.765s] -- Up-to-date: /home/cec20/Yangjiaxin/my-carla-ros-bridge/install/waypoints_types/include/waypoints_types/srv/detail/get_waypoints_list__traits.hpp
[0.765s] -- Up-to-date: /home/cec20/Yangjiaxin/my-carla-ros-bridge/install/waypoints_types/include/waypoints_types/srv/detail/get_waypoints_list__builder.hpp
[0.765s] -- Up-to-date: /home/cec20/Yangjiaxin/my-carla-ros-bridge/install/waypoints_types/include/waypoints_types/srv/get_waypoints_list.hpp
[0.765s] -- Up-to-date: /home/cec20/Yangjiaxin/my-carla-ros-bridge/install/waypoints_types/include/waypoints_types
[0.765s] -- Up-to-date: /home/cec20/Yangjiaxin/my-carla-ros-bridge/install/waypoints_types/include/waypoints_types/srv
[0.766s] -- Up-to-date: /home/cec20/Yangjiaxin/my-carla-ros-bridge/install/waypoints_types/include/waypoints_types/srv/detail
[0.766s] -- Up-to-date: /home/cec20/Yangjiaxin/my-carla-ros-bridge/install/waypoints_types/include/waypoints_types/srv/detail/get_waypoints_list__rosidl_typesupport_introspection_cpp.hpp
[0.766s] -- Up-to-date: /home/cec20/Yangjiaxin/my-carla-ros-bridge/install/waypoints_types/include/waypoints_types/srv/detail/get_waypoints_list__type_support.cpp
[0.766s] -- Up-to-date: /home/cec20/Yangjiaxin/my-carla-ros-bridge/install/waypoints_types/lib/libwaypoints_types__rosidl_typesupport_introspection_cpp.so
[0.766s] -- Up-to-date: /home/cec20/Yangjiaxin/my-carla-ros-bridge/install/waypoints_types/lib/libwaypoints_types__rosidl_typesupport_cpp.so
[0.766s] -- Up-to-date: /home/cec20/Yangjiaxin/my-carla-ros-bridge/install/waypoints_types/share/waypoints_types/environment/pythonpath.sh
[0.766s] -- Up-to-date: /home/cec20/Yangjiaxin/my-carla-ros-bridge/install/waypoints_types/share/waypoints_types/environment/pythonpath.dsv
[0.766s] -- Up-to-date: /home/cec20/Yangjiaxin/my-carla-ros-bridge/install/waypoints_types/lib/python3.8/site-packages/waypoints_types/__init__.py
[0.792s] -- Up-to-date: /home/cec20/Yangjiaxin/my-carla-ros-bridge/install/waypoints_types/lib/python3.8/site-packages/waypoints_types/srv
[0.792s] -- Up-to-date: /home/cec20/Yangjiaxin/my-carla-ros-bridge/install/waypoints_types/lib/python3.8/site-packages/waypoints_types/srv/_get_waypoints_list.py
[0.792s] -- Up-to-date: /home/cec20/Yangjiaxin/my-carla-ros-bridge/install/waypoints_types/lib/python3.8/site-packages/waypoints_types/srv/_get_waypoints_list_s.c
[0.792s] -- Up-to-date: /home/cec20/Yangjiaxin/my-carla-ros-bridge/install/waypoints_types/lib/python3.8/site-packages/waypoints_types/srv/__init__.py
[0.792s] -- Up-to-date: /home/cec20/Yangjiaxin/my-carla-ros-bridge/install/waypoints_types/lib/python3.8/site-packages/waypoints_types/waypoints_types_s__rosidl_typesupport_fastrtps_c.cpython-38-x86_64-linux-gnu.so
[0.793s] -- Up-to-date: /home/cec20/Yangjiaxin/my-carla-ros-bridge/install/waypoints_types/lib/python3.8/site-packages/waypoints_types/waypoints_types_s__rosidl_typesupport_introspection_c.cpython-38-x86_64-linux-gnu.so
[0.793s] -- Up-to-date: /home/cec20/Yangjiaxin/my-carla-ros-bridge/install/waypoints_types/lib/python3.8/site-packages/waypoints_types/waypoints_types_s__rosidl_typesupport_c.cpython-38-x86_64-linux-gnu.so
[0.793s] -- Up-to-date: /home/cec20/Yangjiaxin/my-carla-ros-bridge/install/waypoints_types/lib/libwaypoints_types__python.so
[0.793s] -- Up-to-date: /home/cec20/Yangjiaxin/my-carla-ros-bridge/install/waypoints_types/share/waypoints_types/srv/GetWaypointsList.idl
[0.794s] -- Up-to-date: /home/cec20/Yangjiaxin/my-carla-ros-bridge/install/waypoints_types/share/waypoints_types/srv/GetWaypointsList.srv
[0.794s] -- Up-to-date: /home/cec20/Yangjiaxin/my-carla-ros-bridge/install/waypoints_types/share/waypoints_types/srv/GetWaypointsList_Request.msg
[0.794s] -- Up-to-date: /home/cec20/Yangjiaxin/my-carla-ros-bridge/install/waypoints_types/share/waypoints_types/srv/GetWaypointsList_Response.msg
[0.794s] -- Up-to-date: /home/cec20/Yangjiaxin/my-carla-ros-bridge/install/waypoints_types/share/ament_index/resource_index/package_run_dependencies/waypoints_types
[0.794s] -- Up-to-date: /home/cec20/Yangjiaxin/my-carla-ros-bridge/install/waypoints_types/share/ament_index/resource_index/parent_prefix_path/waypoints_types
[0.794s] -- Up-to-date: /home/cec20/Yangjiaxin/my-carla-ros-bridge/install/waypoints_types/share/waypoints_types/environment/ament_prefix_path.sh
[0.794s] -- Up-to-date: /home/cec20/Yangjiaxin/my-carla-ros-bridge/install/waypoints_types/share/waypoints_types/environment/ament_prefix_path.dsv
[0.794s] -- Up-to-date: /home/cec20/Yangjiaxin/my-carla-ros-bridge/install/waypoints_types/share/waypoints_types/environment/path.sh
[0.794s] -- Up-to-date: /home/cec20/Yangjiaxin/my-carla-ros-bridge/install/waypoints_types/share/waypoints_types/environment/path.dsv
[0.794s] -- Up-to-date: /home/cec20/Yangjiaxin/my-carla-ros-bridge/install/waypoints_types/share/waypoints_types/local_setup.bash
[0.794s] -- Up-to-date: /home/cec20/Yangjiaxin/my-carla-ros-bridge/install/waypoints_types/share/waypoints_types/local_setup.sh
[0.794s] -- Up-to-date: /home/cec20/Yangjiaxin/my-carla-ros-bridge/install/waypoints_types/share/waypoints_types/local_setup.zsh
[0.794s] -- Up-to-date: /home/cec20/Yangjiaxin/my-carla-ros-bridge/install/waypoints_types/share/waypoints_types/local_setup.dsv
[0.794s] -- Installing: /home/cec20/Yangjiaxin/my-carla-ros-bridge/install/waypoints_types/share/waypoints_types/package.dsv
[0.794s] -- Up-to-date: /home/cec20/Yangjiaxin/my-carla-ros-bridge/install/waypoints_types/share/ament_index/resource_index/packages/waypoints_types
[0.794s] -- Up-to-date: /home/cec20/Yangjiaxin/my-carla-ros-bridge/install/waypoints_types/share/waypoints_types/cmake/waypoints_types__rosidl_generator_cExport.cmake
[0.795s] -- Up-to-date: /home/cec20/Yangjiaxin/my-carla-ros-bridge/install/waypoints_types/share/waypoints_types/cmake/waypoints_types__rosidl_generator_cExport-noconfig.cmake
[0.795s] -- Up-to-date: /home/cec20/Yangjiaxin/my-carla-ros-bridge/install/waypoints_types/share/waypoints_types/cmake/waypoints_types__rosidl_typesupport_introspection_cExport.cmake
[0.795s] -- Up-to-date: /home/cec20/Yangjiaxin/my-carla-ros-bridge/install/waypoints_types/share/waypoints_types/cmake/waypoints_types__rosidl_typesupport_introspection_cExport-noconfig.cmake
[0.795s] -- Up-to-date: /home/cec20/Yangjiaxin/my-carla-ros-bridge/install/waypoints_types/share/waypoints_types/cmake/waypoints_types__rosidl_typesupport_cExport.cmake
[0.795s] -- Up-to-date: /home/cec20/Yangjiaxin/my-carla-ros-bridge/install/waypoints_types/share/waypoints_types/cmake/waypoints_types__rosidl_typesupport_cExport-noconfig.cmake
[0.795s] -- Up-to-date: /home/cec20/Yangjiaxin/my-carla-ros-bridge/install/waypoints_types/share/waypoints_types/cmake/waypoints_types__rosidl_generator_cppExport.cmake
[0.795s] -- Up-to-date: /home/cec20/Yangjiaxin/my-carla-ros-bridge/install/waypoints_types/share/waypoints_types/cmake/waypoints_types__rosidl_typesupport_introspection_cppExport.cmake
[0.795s] -- Up-to-date: /home/cec20/Yangjiaxin/my-carla-ros-bridge/install/waypoints_types/share/waypoints_types/cmake/waypoints_types__rosidl_typesupport_introspection_cppExport-noconfig.cmake
[0.795s] -- Up-to-date: /home/cec20/Yangjiaxin/my-carla-ros-bridge/install/waypoints_types/share/waypoints_types/cmake/waypoints_types__rosidl_typesupport_cppExport.cmake
[0.795s] -- Up-to-date: /home/cec20/Yangjiaxin/my-carla-ros-bridge/install/waypoints_types/share/waypoints_types/cmake/waypoints_types__rosidl_typesupport_cppExport-noconfig.cmake
[0.795s] -- Up-to-date: /home/cec20/Yangjiaxin/my-carla-ros-bridge/install/waypoints_types/share/waypoints_types/cmake/rosidl_cmake-extras.cmake
[0.795s] -- Up-to-date: /home/cec20/Yangjiaxin/my-carla-ros-bridge/install/waypoints_types/share/waypoints_types/cmake/ament_cmake_export_dependencies-extras.cmake
[0.795s] -- Up-to-date: /home/cec20/Yangjiaxin/my-carla-ros-bridge/install/waypoints_types/share/waypoints_types/cmake/ament_cmake_export_libraries-extras.cmake
[0.795s] -- Up-to-date: /home/cec20/Yangjiaxin/my-carla-ros-bridge/install/waypoints_types/share/waypoints_types/cmake/ament_cmake_export_targets-extras.cmake
[0.795s] -- Up-to-date: /home/cec20/Yangjiaxin/my-carla-ros-bridge/install/waypoints_types/share/waypoints_types/cmake/ament_cmake_export_include_directories-extras.cmake
[0.795s] -- Up-to-date: /home/cec20/Yangjiaxin/my-carla-ros-bridge/install/waypoints_types/share/waypoints_types/cmake/rosidl_cmake_export_typesupport_libraries-extras.cmake
[0.795s] -- Up-to-date: /home/cec20/Yangjiaxin/my-carla-ros-bridge/install/waypoints_types/share/waypoints_types/cmake/rosidl_cmake_export_typesupport_targets-extras.cmake
[0.796s] -- Up-to-date: /home/cec20/Yangjiaxin/my-carla-ros-bridge/install/waypoints_types/share/waypoints_types/cmake/waypoints_typesConfig.cmake
[0.796s] -- Up-to-date: /home/cec20/Yangjiaxin/my-carla-ros-bridge/install/waypoints_types/share/waypoints_types/cmake/waypoints_typesConfig-version.cmake
[0.796s] -- Up-to-date: /home/cec20/Yangjiaxin/my-carla-ros-bridge/install/waypoints_types/share/waypoints_types/package.xml
[0.799s] Invoked command in '/home/cec20/Yangjiaxin/my-carla-ros-bridge/build/waypoints_types' returned '0': CMAKE_PREFIX_PATH=${CMAKE_PREFIX_PATH}:/home/cec20/carla-ros-bridge/install/set_transform:/home/cec20/carla-ros-bridge/install/rqt_carla_control:/home/cec20/carla-ros-bridge/install/carla_waypoint_publisher:/home/cec20/carla-ros-bridge/install/carla_ackermann_control:/home/cec20/carla-ros-bridge/install/carla_ros_bridge:/home/cec20/carla-ros-bridge/install/carla_spawn_objects:/home/cec20/carla-ros-bridge/install/carla_manual_control:/home/cec20/carla-ros-bridge/install/carla_ad_agent:/home/cec20/carla-ros-bridge/install/ros_compatibility:/home/cec20/carla-ros-bridge/install/imagenode:/home/cec20/carla-ros-bridge/install/carla_walker_agent:/home/cec20/carla-ros-bridge/install/carla_twist_to_control:/home/cec20/carla-ros-bridge/install/carla_ros_scenario_runner:/home/cec20/carla-ros-bridge/install/carla_common:/opt/ros/foxy /usr/bin/cmake --install /home/cec20/Yangjiaxin/my-carla-ros-bridge/build/waypoints_types
