[0.760s] Invoking command in '/home/cec20/Yangjiaxin/my-carla-ros-bridge/build/waypoints_types': CMAKE_PREFIX_PATH=${CMAKE_PREFIX_PATH}:/home/cec20/carla-ros-bridge/install/set_transform:/home/cec20/carla-ros-bridge/install/rqt_carla_control:/home/cec20/carla-ros-bridge/install/carla_waypoint_publisher:/home/cec20/carla-ros-bridge/install/carla_ackermann_control:/home/cec20/carla-ros-bridge/install/carla_ros_bridge:/home/cec20/carla-ros-bridge/install/carla_spawn_objects:/home/cec20/carla-ros-bridge/install/carla_manual_control:/home/cec20/carla-ros-bridge/install/carla_ad_agent:/home/cec20/carla-ros-bridge/install/ros_compatibility:/home/cec20/carla-ros-bridge/install/imagenode:/home/cec20/carla-ros-bridge/install/carla_walker_agent:/home/cec20/carla-ros-bridge/install/carla_twist_to_control:/home/cec20/carla-ros-bridge/install/carla_ros_scenario_runner:/home/cec20/carla-ros-bridge/install/carla_common:/opt/ros/foxy /usr/bin/cmake --build /home/cec20/Yangjiaxin/my-carla-ros-bridge/build/waypoints_types -- -j20 -l20
[0.789s] -- Found ament_cmake: 0.9.11 (/opt/ros/foxy/share/ament_cmake/cmake)
[0.810s] -- Found PythonInterp: /usr/bin/python3 (found suitable version "3.8.10", minimum required is "3") 
[0.810s] -- Using PYTHON_EXECUTABLE: /usr/bin/python3
[1.002s] -- Found rosidl_default_generators: 1.0.1 (/opt/ros/foxy/share/rosidl_default_generators/cmake)
[1.006s] -- Using all available rosidl_typesupport_c: rosidl_typesupport_fastrtps_c;rosidl_typesupport_introspection_c
[1.010s] -- Found rosidl_adapter: 1.3.0 (/opt/ros/foxy/share/rosidl_adapter/cmake)
[1.121s] -- Using all available rosidl_typesupport_cpp: rosidl_typesupport_fastrtps_cpp;rosidl_typesupport_introspection_cpp
[1.159s] -- Found PythonInterp: /usr/bin/python3 (found version "3.8.10") 
[1.260s] -- Found ament_cmake_ros: 0.9.2 (/opt/ros/foxy/share/ament_cmake_ros/cmake)
[1.332s] -- Using all available rosidl_typesupport_c: rosidl_typesupport_fastrtps_c;rosidl_typesupport_introspection_c
[1.338s] -- Using all available rosidl_typesupport_cpp: rosidl_typesupport_fastrtps_cpp;rosidl_typesupport_introspection_cpp
[1.359s] -- Found PythonInterp: /usr/bin/python3 (found suitable version "3.8.10", minimum required is "3.5") 
[1.360s] -- Found python_cmake_module: 0.8.1 (/opt/ros/foxy/share/python_cmake_module/cmake)
[1.382s] -- Using PYTHON_EXECUTABLE: /usr/bin/python3
[1.382s] -- Using PYTHON_INCLUDE_DIRS: /usr/include/python3.8
[1.382s] -- Using PYTHON_LIBRARIES: /usr/lib/x86_64-linux-gnu/libpython3.8.so
[1.396s] -- Found ament_lint_auto: 0.9.8 (/opt/ros/foxy/share/ament_lint_auto/cmake)
[1.409s] -- Added test 'copyright' to check source files copyright and LICENSE
[1.410s] -- Added test 'lint_cmake' to check CMake code style
[1.411s] -- Added test 'xmllint' to check XML markup files
[1.415s] -- Configuring done
[1.435s] -- Generating done
[1.436s] -- Build files have been written to: /home/cec20/Yangjiaxin/my-carla-ros-bridge/build/waypoints_types
[1.455s] [  3%] [34m[1mGenerating C code for ROS interfaces[0m
[1.462s] [  6%] [34m[1mGenerating C++ code for ROS interfaces[0m
[1.648s] [  6%] Built target waypoints_types__cpp
[1.656s] [ 16%] [34m[1mGenerating C++ introspection for ROS interfaces[0m
[1.656s] [ 16%] [34m[1mGenerating C++ type support dispatch for ROS interfaces[0m
[1.656s] [ 16%] [34m[1mGenerating C++ type support for eProsima Fast-RTPS[0m
[1.665s] [35m[1mScanning dependencies of target waypoints_types__rosidl_generator_c[0m
[1.675s] [ 19%] [32mBuilding C object CMakeFiles/waypoints_types__rosidl_generator_c.dir/rosidl_generator_c/waypoints_types/srv/detail/get_waypoints_list__functions.c.o[0m
[1.755s] [ 22%] [32m[1mLinking C shared library libwaypoints_types__rosidl_generator_c.so[0m
[1.784s] [ 22%] Built target waypoints_types__rosidl_generator_c
[1.791s] [ 25%] [34m[1mGenerating C type support dispatch for ROS interfaces[0m
[1.792s] [ 29%] [34m[1mGenerating C introspection for ROS interfaces[0m
[1.816s] [35m[1mScanning dependencies of target waypoints_types__rosidl_typesupport_cpp[0m
[1.826s] [ 32%] [32mBuilding CXX object CMakeFiles/waypoints_types__rosidl_typesupport_cpp.dir/rosidl_typesupport_cpp/waypoints_types/srv/get_waypoints_list__type_support.cpp.o[0m
[1.829s] [35m[1mScanning dependencies of target waypoints_types__rosidl_typesupport_introspection_cpp[0m
[1.839s] [ 35%] [32mBuilding CXX object CMakeFiles/waypoints_types__rosidl_typesupport_introspection_cpp.dir/rosidl_typesupport_introspection_cpp/waypoints_types/srv/detail/get_waypoints_list__type_support.cpp.o[0m
[1.861s] [35m[1mScanning dependencies of target waypoints_types__rosidl_typesupport_fastrtps_cpp[0m
[1.872s] [ 38%] [32mBuilding CXX object CMakeFiles/waypoints_types__rosidl_typesupport_fastrtps_cpp.dir/rosidl_typesupport_fastrtps_cpp/waypoints_types/srv/detail/dds_fastrtps/get_waypoints_list__type_support.cpp.o[0m
[2.000s] [35m[1mScanning dependencies of target waypoints_types__rosidl_typesupport_c[0m
[2.010s] [ 41%] [32mBuilding CXX object CMakeFiles/waypoints_types__rosidl_typesupport_c.dir/rosidl_typesupport_c/waypoints_types/srv/get_waypoints_list__type_support.cpp.o[0m
[2.025s] [35m[1mScanning dependencies of target waypoints_types__rosidl_typesupport_introspection_c[0m
[2.035s] [ 48%] [32mBuilding C object CMakeFiles/waypoints_types__rosidl_typesupport_introspection_c.dir/rosidl_typesupport_introspection_c/waypoints_types/srv/detail/get_waypoints_list__type_support.c.o[0m
[2.035s] [ 48%] [32m[1mLinking CXX shared library libwaypoints_types__rosidl_typesupport_c.so[0m
[2.036s] [ 51%] [32m[1mLinking CXX shared library libwaypoints_types__rosidl_typesupport_cpp.so[0m
[2.061s] [ 54%] [32m[1mLinking C shared library libwaypoints_types__rosidl_typesupport_introspection_c.so[0m
[2.062s] [ 58%] [32m[1mLinking CXX shared library libwaypoints_types__rosidl_typesupport_introspection_cpp.so[0m
[2.064s] [ 58%] Built target waypoints_types__rosidl_typesupport_c
[2.064s] [ 58%] Built target waypoints_types__rosidl_typesupport_cpp
[2.082s] [ 58%] Built target waypoints_types__rosidl_typesupport_introspection_c
[2.104s] [ 58%] Built target waypoints_types__rosidl_typesupport_introspection_cpp
[2.157s] [ 61%] [32m[1mLinking CXX shared library libwaypoints_types__rosidl_typesupport_fastrtps_cpp.so[0m
[2.215s] [ 61%] Built target waypoints_types__rosidl_typesupport_fastrtps_cpp
[2.222s] [ 64%] [34m[1mGenerating C type support for eProsima Fast-RTPS[0m
[2.398s] [35m[1mScanning dependencies of target waypoints_types__rosidl_typesupport_fastrtps_c[0m
[2.409s] [ 67%] [32mBuilding CXX object CMakeFiles/waypoints_types__rosidl_typesupport_fastrtps_c.dir/rosidl_typesupport_fastrtps_c/waypoints_types/srv/detail/get_waypoints_list__type_support_c.cpp.o[0m
[2.632s] [ 70%] [32m[1mLinking CXX shared library libwaypoints_types__rosidl_typesupport_fastrtps_c.so[0m
[2.687s] [ 70%] Built target waypoints_types__rosidl_typesupport_fastrtps_c
[2.702s] [ 70%] Built target waypoints_types
[2.717s] [ 74%] [34m[1mGenerating Python code for ROS interfaces[0m
[3.039s] [ 74%] Built target waypoints_types__py
[3.047s] [35m[1mScanning dependencies of target waypoints_types__python[0m
[3.060s] [ 77%] [32mBuilding C object CMakeFiles/waypoints_types__python.dir/rosidl_generator_py/waypoints_types/srv/_get_waypoints_list_s.c.o[0m
[3.126s] [ 80%] [32m[1mLinking C shared library rosidl_generator_py/waypoints_types/libwaypoints_types__python.so[0m
[3.151s] [ 80%] Built target waypoints_types__python
[3.159s] [35m[1mScanning dependencies of target waypoints_types__rosidl_typesupport_c__pyext[0m
[3.159s] [35m[1mScanning dependencies of target waypoints_types__rosidl_typesupport_introspection_c__pyext[0m
[3.159s] [35m[1mScanning dependencies of target waypoints_types__rosidl_typesupport_fastrtps_c__pyext[0m
[3.170s] [ 87%] [32mBuilding C object CMakeFiles/waypoints_types__rosidl_typesupport_introspection_c__pyext.dir/rosidl_generator_py/waypoints_types/_waypoints_types_s.ep.rosidl_typesupport_introspection_c.c.o[0m
[3.170s] [ 87%] [32mBuilding C object CMakeFiles/waypoints_types__rosidl_typesupport_c__pyext.dir/rosidl_generator_py/waypoints_types/_waypoints_types_s.ep.rosidl_typesupport_c.c.o[0m
[3.171s] [ 90%] [32mBuilding C object CMakeFiles/waypoints_types__rosidl_typesupport_fastrtps_c__pyext.dir/rosidl_generator_py/waypoints_types/_waypoints_types_s.ep.rosidl_typesupport_fastrtps_c.c.o[0m
[3.223s] [100%] [32m[1mLinking CXX shared library rosidl_generator_py/waypoints_types/waypoints_types_s__rosidl_typesupport_fastrtps_c.cpython-38-x86_64-linux-gnu.so[0m
[3.223s] [100%] [32m[1mLinking C shared library rosidl_generator_py/waypoints_types/waypoints_types_s__rosidl_typesupport_c.cpython-38-x86_64-linux-gnu.so[0m
[3.224s] [100%] [32m[1mLinking C shared library rosidl_generator_py/waypoints_types/waypoints_types_s__rosidl_typesupport_introspection_c.cpython-38-x86_64-linux-gnu.so[0m
[3.247s] [100%] Built target waypoints_types__rosidl_typesupport_c__pyext
[3.247s] [100%] Built target waypoints_types__rosidl_typesupport_introspection_c__pyext
[3.265s] [100%] Built target waypoints_types__rosidl_typesupport_fastrtps_c__pyext
[3.272s] Invoked command in '/home/cec20/Yangjiaxin/my-carla-ros-bridge/build/waypoints_types' returned '0': CMAKE_PREFIX_PATH=${CMAKE_PREFIX_PATH}:/home/cec20/carla-ros-bridge/install/set_transform:/home/cec20/carla-ros-bridge/install/rqt_carla_control:/home/cec20/carla-ros-bridge/install/carla_waypoint_publisher:/home/cec20/carla-ros-bridge/install/carla_ackermann_control:/home/cec20/carla-ros-bridge/install/carla_ros_bridge:/home/cec20/carla-ros-bridge/install/carla_spawn_objects:/home/cec20/carla-ros-bridge/install/carla_manual_control:/home/cec20/carla-ros-bridge/install/carla_ad_agent:/home/cec20/carla-ros-bridge/install/ros_compatibility:/home/cec20/carla-ros-bridge/install/imagenode:/home/cec20/carla-ros-bridge/install/carla_walker_agent:/home/cec20/carla-ros-bridge/install/carla_twist_to_control:/home/cec20/carla-ros-bridge/install/carla_ros_scenario_runner:/home/cec20/carla-ros-bridge/install/carla_common:/opt/ros/foxy /usr/bin/cmake --build /home/cec20/Yangjiaxin/my-carla-ros-bridge/build/waypoints_types -- -j20 -l20
[3.307s] Invoking command in '/home/cec20/Yangjiaxin/my-carla-ros-bridge/build/waypoints_types': CMAKE_PREFIX_PATH=${CMAKE_PREFIX_PATH}:/home/cec20/carla-ros-bridge/install/set_transform:/home/cec20/carla-ros-bridge/install/rqt_carla_control:/home/cec20/carla-ros-bridge/install/carla_waypoint_publisher:/home/cec20/carla-ros-bridge/install/carla_ackermann_control:/home/cec20/carla-ros-bridge/install/carla_ros_bridge:/home/cec20/carla-ros-bridge/install/carla_spawn_objects:/home/cec20/carla-ros-bridge/install/carla_manual_control:/home/cec20/carla-ros-bridge/install/carla_ad_agent:/home/cec20/carla-ros-bridge/install/ros_compatibility:/home/cec20/carla-ros-bridge/install/imagenode:/home/cec20/carla-ros-bridge/install/carla_walker_agent:/home/cec20/carla-ros-bridge/install/carla_twist_to_control:/home/cec20/carla-ros-bridge/install/carla_ros_scenario_runner:/home/cec20/carla-ros-bridge/install/carla_common:/opt/ros/foxy /usr/bin/cmake --install /home/cec20/Yangjiaxin/my-carla-ros-bridge/build/waypoints_types
[3.313s] -- Install configuration: ""
[3.314s] -- Up-to-date: /home/cec20/Yangjiaxin/my-carla-ros-bridge/install/waypoints_types/share/ament_index/resource_index/rosidl_interfaces/waypoints_types
[3.314s] -- Up-to-date: /home/cec20/Yangjiaxin/my-carla-ros-bridge/install/waypoints_types/include/waypoints_types
[3.314s] -- Up-to-date: /home/cec20/Yangjiaxin/my-carla-ros-bridge/install/waypoints_types/include/waypoints_types/msg
[3.314s] -- Up-to-date: /home/cec20/Yangjiaxin/my-carla-ros-bridge/install/waypoints_types/include/waypoints_types/msg/rosidl_generator_c__visibility_control.h
[3.314s] -- Up-to-date: /home/cec20/Yangjiaxin/my-carla-ros-bridge/install/waypoints_types/include/waypoints_types/srv
[3.314s] -- Up-to-date: /home/cec20/Yangjiaxin/my-carla-ros-bridge/install/waypoints_types/include/waypoints_types/srv/detail
[3.314s] -- Installing: /home/cec20/Yangjiaxin/my-carla-ros-bridge/install/waypoints_types/include/waypoints_types/srv/detail/get_waypoints_list__type_support.h
[3.314s] -- Installing: /home/cec20/Yangjiaxin/my-carla-ros-bridge/install/waypoints_types/include/waypoints_types/srv/detail/get_waypoints_list__functions.c
[3.314s] -- Installing: /home/cec20/Yangjiaxin/my-carla-ros-bridge/install/waypoints_types/include/waypoints_types/srv/detail/get_waypoints_list__struct.h
[3.314s] -- Installing: /home/cec20/Yangjiaxin/my-carla-ros-bridge/install/waypoints_types/include/waypoints_types/srv/detail/get_waypoints_list__functions.h
[3.315s] -- Installing: /home/cec20/Yangjiaxin/my-carla-ros-bridge/install/waypoints_types/include/waypoints_types/srv/get_waypoints_list.h
[3.315s] -- Up-to-date: /home/cec20/Yangjiaxin/my-carla-ros-bridge/install/waypoints_types/share/waypoints_types/environment/library_path.sh
[3.315s] -- Installing: /home/cec20/Yangjiaxin/my-carla-ros-bridge/install/waypoints_types/share/waypoints_types/environment/library_path.dsv
[3.315s] -- Installing: /home/cec20/Yangjiaxin/my-carla-ros-bridge/install/waypoints_types/lib/libwaypoints_types__rosidl_generator_c.so
[3.315s] -- Set runtime path of "/home/cec20/Yangjiaxin/my-carla-ros-bridge/install/waypoints_types/lib/libwaypoints_types__rosidl_generator_c.so" to ""
[3.315s] -- Up-to-date: /home/cec20/Yangjiaxin/my-carla-ros-bridge/install/waypoints_types/include/waypoints_types
[3.315s] -- Up-to-date: /home/cec20/Yangjiaxin/my-carla-ros-bridge/install/waypoints_types/include/waypoints_types/msg
[3.315s] -- Up-to-date: /home/cec20/Yangjiaxin/my-carla-ros-bridge/install/waypoints_types/include/waypoints_types/msg/rosidl_typesupport_fastrtps_c__visibility_control.h
[3.315s] -- Up-to-date: /home/cec20/Yangjiaxin/my-carla-ros-bridge/install/waypoints_types/include/waypoints_types/srv
[3.315s] -- Up-to-date: /home/cec20/Yangjiaxin/my-carla-ros-bridge/install/waypoints_types/include/waypoints_types/srv/detail
[3.315s] -- Installing: /home/cec20/Yangjiaxin/my-carla-ros-bridge/install/waypoints_types/include/waypoints_types/srv/detail/get_waypoints_list__rosidl_typesupport_fastrtps_c.h
[3.315s] -- Installing: /home/cec20/Yangjiaxin/my-carla-ros-bridge/install/waypoints_types/lib/libwaypoints_types__rosidl_typesupport_fastrtps_c.so
[3.316s] -- Set runtime path of "/home/cec20/Yangjiaxin/my-carla-ros-bridge/install/waypoints_types/lib/libwaypoints_types__rosidl_typesupport_fastrtps_c.so" to ""
[3.316s] -- Up-to-date: /home/cec20/Yangjiaxin/my-carla-ros-bridge/install/waypoints_types/include/waypoints_types
[3.316s] -- Up-to-date: /home/cec20/Yangjiaxin/my-carla-ros-bridge/install/waypoints_types/include/waypoints_types/msg
[3.316s] -- Up-to-date: /home/cec20/Yangjiaxin/my-carla-ros-bridge/install/waypoints_types/include/waypoints_types/msg/rosidl_typesupport_fastrtps_cpp__visibility_control.h
[3.316s] -- Up-to-date: /home/cec20/Yangjiaxin/my-carla-ros-bridge/install/waypoints_types/include/waypoints_types/srv
[3.316s] -- Up-to-date: /home/cec20/Yangjiaxin/my-carla-ros-bridge/install/waypoints_types/include/waypoints_types/srv/detail
[3.316s] -- Installing: /home/cec20/Yangjiaxin/my-carla-ros-bridge/install/waypoints_types/include/waypoints_types/srv/detail/get_waypoints_list__rosidl_typesupport_fastrtps_cpp.hpp
[3.316s] -- Up-to-date: /home/cec20/Yangjiaxin/my-carla-ros-bridge/install/waypoints_types/include/waypoints_types/srv/detail/dds_fastrtps
[3.316s] -- Installing: /home/cec20/Yangjiaxin/my-carla-ros-bridge/install/waypoints_types/lib/libwaypoints_types__rosidl_typesupport_fastrtps_cpp.so
[3.316s] -- Set runtime path of "/home/cec20/Yangjiaxin/my-carla-ros-bridge/install/waypoints_types/lib/libwaypoints_types__rosidl_typesupport_fastrtps_cpp.so" to ""
[3.316s] -- Up-to-date: /home/cec20/Yangjiaxin/my-carla-ros-bridge/install/waypoints_types/include/waypoints_types
[3.316s] -- Up-to-date: /home/cec20/Yangjiaxin/my-carla-ros-bridge/install/waypoints_types/include/waypoints_types/msg
[3.317s] -- Up-to-date: /home/cec20/Yangjiaxin/my-carla-ros-bridge/install/waypoints_types/include/waypoints_types/msg/rosidl_typesupport_introspection_c__visibility_control.h
[3.317s] -- Up-to-date: /home/cec20/Yangjiaxin/my-carla-ros-bridge/install/waypoints_types/include/waypoints_types/srv
[3.317s] -- Up-to-date: /home/cec20/Yangjiaxin/my-carla-ros-bridge/install/waypoints_types/include/waypoints_types/srv/detail
[3.317s] -- Installing: /home/cec20/Yangjiaxin/my-carla-ros-bridge/install/waypoints_types/include/waypoints_types/srv/detail/get_waypoints_list__type_support.c
[3.317s] -- Installing: /home/cec20/Yangjiaxin/my-carla-ros-bridge/install/waypoints_types/include/waypoints_types/srv/detail/get_waypoints_list__rosidl_typesupport_introspection_c.h
[3.317s] -- Installing: /home/cec20/Yangjiaxin/my-carla-ros-bridge/install/waypoints_types/lib/libwaypoints_types__rosidl_typesupport_introspection_c.so
[3.317s] -- Set runtime path of "/home/cec20/Yangjiaxin/my-carla-ros-bridge/install/waypoints_types/lib/libwaypoints_types__rosidl_typesupport_introspection_c.so" to ""
[3.317s] -- Installing: /home/cec20/Yangjiaxin/my-carla-ros-bridge/install/waypoints_types/lib/libwaypoints_types__rosidl_typesupport_c.so
[3.317s] -- Set runtime path of "/home/cec20/Yangjiaxin/my-carla-ros-bridge/install/waypoints_types/lib/libwaypoints_types__rosidl_typesupport_c.so" to ""
[3.317s] -- Up-to-date: /home/cec20/Yangjiaxin/my-carla-ros-bridge/install/waypoints_types/include/waypoints_types
[3.317s] -- Up-to-date: /home/cec20/Yangjiaxin/my-carla-ros-bridge/install/waypoints_types/include/waypoints_types/srv
[3.318s] -- Up-to-date: /home/cec20/Yangjiaxin/my-carla-ros-bridge/install/waypoints_types/include/waypoints_types/srv/detail
[3.318s] -- Installing: /home/cec20/Yangjiaxin/my-carla-ros-bridge/install/waypoints_types/include/waypoints_types/srv/detail/get_waypoints_list__struct.hpp
[3.318s] -- Installing: /home/cec20/Yangjiaxin/my-carla-ros-bridge/install/waypoints_types/include/waypoints_types/srv/detail/get_waypoints_list__traits.hpp
[3.318s] -- Installing: /home/cec20/Yangjiaxin/my-carla-ros-bridge/install/waypoints_types/include/waypoints_types/srv/detail/get_waypoints_list__builder.hpp
[3.318s] -- Installing: /home/cec20/Yangjiaxin/my-carla-ros-bridge/install/waypoints_types/include/waypoints_types/srv/get_waypoints_list.hpp
[3.318s] -- Up-to-date: /home/cec20/Yangjiaxin/my-carla-ros-bridge/install/waypoints_types/include/waypoints_types
[3.318s] -- Up-to-date: /home/cec20/Yangjiaxin/my-carla-ros-bridge/install/waypoints_types/include/waypoints_types/srv
[3.318s] -- Up-to-date: /home/cec20/Yangjiaxin/my-carla-ros-bridge/install/waypoints_types/include/waypoints_types/srv/detail
[3.318s] -- Installing: /home/cec20/Yangjiaxin/my-carla-ros-bridge/install/waypoints_types/include/waypoints_types/srv/detail/get_waypoints_list__rosidl_typesupport_introspection_cpp.hpp
[3.318s] -- Installing: /home/cec20/Yangjiaxin/my-carla-ros-bridge/install/waypoints_types/include/waypoints_types/srv/detail/get_waypoints_list__type_support.cpp
[3.318s] -- Installing: /home/cec20/Yangjiaxin/my-carla-ros-bridge/install/waypoints_types/lib/libwaypoints_types__rosidl_typesupport_introspection_cpp.so
[3.318s] -- Set runtime path of "/home/cec20/Yangjiaxin/my-carla-ros-bridge/install/waypoints_types/lib/libwaypoints_types__rosidl_typesupport_introspection_cpp.so" to ""
[3.318s] -- Installing: /home/cec20/Yangjiaxin/my-carla-ros-bridge/install/waypoints_types/lib/libwaypoints_types__rosidl_typesupport_cpp.so
[3.318s] -- Set runtime path of "/home/cec20/Yangjiaxin/my-carla-ros-bridge/install/waypoints_types/lib/libwaypoints_types__rosidl_typesupport_cpp.so" to ""
[3.319s] -- Up-to-date: /home/cec20/Yangjiaxin/my-carla-ros-bridge/install/waypoints_types/share/waypoints_types/environment/pythonpath.sh
[3.319s] -- Installing: /home/cec20/Yangjiaxin/my-carla-ros-bridge/install/waypoints_types/share/waypoints_types/environment/pythonpath.dsv
[3.319s] -- Installing: /home/cec20/Yangjiaxin/my-carla-ros-bridge/install/waypoints_types/lib/python3.8/site-packages/waypoints_types/__init__.py
[3.345s] Compiling '/home/cec20/Yangjiaxin/my-carla-ros-bridge/install/waypoints_types/lib/python3.8/site-packages/waypoints_types/__init__.py'...
[3.347s] -- Up-to-date: /home/cec20/Yangjiaxin/my-carla-ros-bridge/install/waypoints_types/lib/python3.8/site-packages/waypoints_types/srv
[3.347s] -- Installing: /home/cec20/Yangjiaxin/my-carla-ros-bridge/install/waypoints_types/lib/python3.8/site-packages/waypoints_types/srv/_get_waypoints_list.py
[3.347s] -- Installing: /home/cec20/Yangjiaxin/my-carla-ros-bridge/install/waypoints_types/lib/python3.8/site-packages/waypoints_types/srv/_get_waypoints_list_s.c
[3.347s] -- Installing: /home/cec20/Yangjiaxin/my-carla-ros-bridge/install/waypoints_types/lib/python3.8/site-packages/waypoints_types/srv/__init__.py
[3.347s] -- Installing: /home/cec20/Yangjiaxin/my-carla-ros-bridge/install/waypoints_types/lib/python3.8/site-packages/waypoints_types/waypoints_types_s__rosidl_typesupport_fastrtps_c.cpython-38-x86_64-linux-gnu.so
[3.348s] -- Set runtime path of "/home/cec20/Yangjiaxin/my-carla-ros-bridge/install/waypoints_types/lib/python3.8/site-packages/waypoints_types/waypoints_types_s__rosidl_typesupport_fastrtps_c.cpython-38-x86_64-linux-gnu.so" to ""
[3.348s] -- Installing: /home/cec20/Yangjiaxin/my-carla-ros-bridge/install/waypoints_types/lib/python3.8/site-packages/waypoints_types/waypoints_types_s__rosidl_typesupport_introspection_c.cpython-38-x86_64-linux-gnu.so
[3.348s] -- Set runtime path of "/home/cec20/Yangjiaxin/my-carla-ros-bridge/install/waypoints_types/lib/python3.8/site-packages/waypoints_types/waypoints_types_s__rosidl_typesupport_introspection_c.cpython-38-x86_64-linux-gnu.so" to ""
[3.348s] -- Installing: /home/cec20/Yangjiaxin/my-carla-ros-bridge/install/waypoints_types/lib/python3.8/site-packages/waypoints_types/waypoints_types_s__rosidl_typesupport_c.cpython-38-x86_64-linux-gnu.so
[3.349s] -- Set runtime path of "/home/cec20/Yangjiaxin/my-carla-ros-bridge/install/waypoints_types/lib/python3.8/site-packages/waypoints_types/waypoints_types_s__rosidl_typesupport_c.cpython-38-x86_64-linux-gnu.so" to ""
[3.349s] -- Installing: /home/cec20/Yangjiaxin/my-carla-ros-bridge/install/waypoints_types/lib/libwaypoints_types__python.so
[3.349s] -- Set runtime path of "/home/cec20/Yangjiaxin/my-carla-ros-bridge/install/waypoints_types/lib/libwaypoints_types__python.so" to ""
[3.349s] -- Installing: /home/cec20/Yangjiaxin/my-carla-ros-bridge/install/waypoints_types/share/waypoints_types/srv/GetWaypointsList.idl
[3.349s] -- Installing: /home/cec20/Yangjiaxin/my-carla-ros-bridge/install/waypoints_types/share/waypoints_types/srv/GetWaypointsList.srv
[3.349s] -- Installing: /home/cec20/Yangjiaxin/my-carla-ros-bridge/install/waypoints_types/share/waypoints_types/srv/GetWaypointsList_Request.msg
[3.349s] -- Installing: /home/cec20/Yangjiaxin/my-carla-ros-bridge/install/waypoints_types/share/waypoints_types/srv/GetWaypointsList_Response.msg
[3.349s] -- Up-to-date: /home/cec20/Yangjiaxin/my-carla-ros-bridge/install/waypoints_types/share/ament_index/resource_index/package_run_dependencies/waypoints_types
[3.350s] -- Up-to-date: /home/cec20/Yangjiaxin/my-carla-ros-bridge/install/waypoints_types/share/ament_index/resource_index/parent_prefix_path/waypoints_types
[3.350s] -- Up-to-date: /home/cec20/Yangjiaxin/my-carla-ros-bridge/install/waypoints_types/share/waypoints_types/environment/ament_prefix_path.sh
[3.350s] -- Installing: /home/cec20/Yangjiaxin/my-carla-ros-bridge/install/waypoints_types/share/waypoints_types/environment/ament_prefix_path.dsv
[3.350s] -- Up-to-date: /home/cec20/Yangjiaxin/my-carla-ros-bridge/install/waypoints_types/share/waypoints_types/environment/path.sh
[3.350s] -- Installing: /home/cec20/Yangjiaxin/my-carla-ros-bridge/install/waypoints_types/share/waypoints_types/environment/path.dsv
[3.350s] -- Up-to-date: /home/cec20/Yangjiaxin/my-carla-ros-bridge/install/waypoints_types/share/waypoints_types/local_setup.bash
[3.350s] -- Up-to-date: /home/cec20/Yangjiaxin/my-carla-ros-bridge/install/waypoints_types/share/waypoints_types/local_setup.sh
[3.350s] -- Up-to-date: /home/cec20/Yangjiaxin/my-carla-ros-bridge/install/waypoints_types/share/waypoints_types/local_setup.zsh
[3.350s] -- Installing: /home/cec20/Yangjiaxin/my-carla-ros-bridge/install/waypoints_types/share/waypoints_types/local_setup.dsv
[3.350s] -- Installing: /home/cec20/Yangjiaxin/my-carla-ros-bridge/install/waypoints_types/share/waypoints_types/package.dsv
[3.350s] -- Up-to-date: /home/cec20/Yangjiaxin/my-carla-ros-bridge/install/waypoints_types/share/ament_index/resource_index/packages/waypoints_types
[3.350s] -- Up-to-date: /home/cec20/Yangjiaxin/my-carla-ros-bridge/install/waypoints_types/share/waypoints_types/cmake/waypoints_types__rosidl_generator_cExport.cmake
[3.351s] -- Installing: /home/cec20/Yangjiaxin/my-carla-ros-bridge/install/waypoints_types/share/waypoints_types/cmake/waypoints_types__rosidl_generator_cExport-noconfig.cmake
[3.351s] -- Up-to-date: /home/cec20/Yangjiaxin/my-carla-ros-bridge/install/waypoints_types/share/waypoints_types/cmake/waypoints_types__rosidl_typesupport_introspection_cExport.cmake
[3.351s] -- Installing: /home/cec20/Yangjiaxin/my-carla-ros-bridge/install/waypoints_types/share/waypoints_types/cmake/waypoints_types__rosidl_typesupport_introspection_cExport-noconfig.cmake
[3.351s] -- Up-to-date: /home/cec20/Yangjiaxin/my-carla-ros-bridge/install/waypoints_types/share/waypoints_types/cmake/waypoints_types__rosidl_typesupport_cExport.cmake
[3.351s] -- Installing: /home/cec20/Yangjiaxin/my-carla-ros-bridge/install/waypoints_types/share/waypoints_types/cmake/waypoints_types__rosidl_typesupport_cExport-noconfig.cmake
[3.351s] -- Up-to-date: /home/cec20/Yangjiaxin/my-carla-ros-bridge/install/waypoints_types/share/waypoints_types/cmake/waypoints_types__rosidl_generator_cppExport.cmake
[3.351s] -- Up-to-date: /home/cec20/Yangjiaxin/my-carla-ros-bridge/install/waypoints_types/share/waypoints_types/cmake/waypoints_types__rosidl_typesupport_introspection_cppExport.cmake
[3.351s] -- Installing: /home/cec20/Yangjiaxin/my-carla-ros-bridge/install/waypoints_types/share/waypoints_types/cmake/waypoints_types__rosidl_typesupport_introspection_cppExport-noconfig.cmake
[3.351s] -- Up-to-date: /home/cec20/Yangjiaxin/my-carla-ros-bridge/install/waypoints_types/share/waypoints_types/cmake/waypoints_types__rosidl_typesupport_cppExport.cmake
[3.351s] -- Installing: /home/cec20/Yangjiaxin/my-carla-ros-bridge/install/waypoints_types/share/waypoints_types/cmake/waypoints_types__rosidl_typesupport_cppExport-noconfig.cmake
[3.351s] -- Up-to-date: /home/cec20/Yangjiaxin/my-carla-ros-bridge/install/waypoints_types/share/waypoints_types/cmake/rosidl_cmake-extras.cmake
[3.352s] -- Up-to-date: /home/cec20/Yangjiaxin/my-carla-ros-bridge/install/waypoints_types/share/waypoints_types/cmake/ament_cmake_export_dependencies-extras.cmake
[3.352s] -- Up-to-date: /home/cec20/Yangjiaxin/my-carla-ros-bridge/install/waypoints_types/share/waypoints_types/cmake/ament_cmake_export_libraries-extras.cmake
[3.352s] -- Up-to-date: /home/cec20/Yangjiaxin/my-carla-ros-bridge/install/waypoints_types/share/waypoints_types/cmake/ament_cmake_export_targets-extras.cmake
[3.352s] -- Up-to-date: /home/cec20/Yangjiaxin/my-carla-ros-bridge/install/waypoints_types/share/waypoints_types/cmake/ament_cmake_export_include_directories-extras.cmake
[3.352s] -- Up-to-date: /home/cec20/Yangjiaxin/my-carla-ros-bridge/install/waypoints_types/share/waypoints_types/cmake/rosidl_cmake_export_typesupport_libraries-extras.cmake
[3.352s] -- Up-to-date: /home/cec20/Yangjiaxin/my-carla-ros-bridge/install/waypoints_types/share/waypoints_types/cmake/rosidl_cmake_export_typesupport_targets-extras.cmake
[3.352s] -- Up-to-date: /home/cec20/Yangjiaxin/my-carla-ros-bridge/install/waypoints_types/share/waypoints_types/cmake/waypoints_typesConfig.cmake
[3.352s] -- Up-to-date: /home/cec20/Yangjiaxin/my-carla-ros-bridge/install/waypoints_types/share/waypoints_types/cmake/waypoints_typesConfig-version.cmake
[3.352s] -- Up-to-date: /home/cec20/Yangjiaxin/my-carla-ros-bridge/install/waypoints_types/share/waypoints_types/package.xml
[3.355s] Invoked command in '/home/cec20/Yangjiaxin/my-carla-ros-bridge/build/waypoints_types' returned '0': CMAKE_PREFIX_PATH=${CMAKE_PREFIX_PATH}:/home/cec20/carla-ros-bridge/install/set_transform:/home/cec20/carla-ros-bridge/install/rqt_carla_control:/home/cec20/carla-ros-bridge/install/carla_waypoint_publisher:/home/cec20/carla-ros-bridge/install/carla_ackermann_control:/home/cec20/carla-ros-bridge/install/carla_ros_bridge:/home/cec20/carla-ros-bridge/install/carla_spawn_objects:/home/cec20/carla-ros-bridge/install/carla_manual_control:/home/cec20/carla-ros-bridge/install/carla_ad_agent:/home/cec20/carla-ros-bridge/install/ros_compatibility:/home/cec20/carla-ros-bridge/install/imagenode:/home/cec20/carla-ros-bridge/install/carla_walker_agent:/home/cec20/carla-ros-bridge/install/carla_twist_to_control:/home/cec20/carla-ros-bridge/install/carla_ros_scenario_runner:/home/cec20/carla-ros-bridge/install/carla_common:/opt/ros/foxy /usr/bin/cmake --install /home/cec20/Yangjiaxin/my-carla-ros-bridge/build/waypoints_types
