[0.987s] Invoking command in '/home/cec20/Yangjiaxin/my-carla-ros-bridge/src/imagenode': PYTHONPATH=/home/cec20/Yangjiaxin/my-carla-ros-bridge/build/imagenode/prefix_override:/home/cec20/Yangjiaxin/my-carla-ros-bridge/install/imagenode/lib/python3.8/site-packages:${PYTHONPATH} /usr/bin/python3 setup.py egg_info --egg-base ../../build/imagenode build --build-base /home/cec20/Yangjiaxin/my-carla-ros-bridge/build/imagenode/build install --record /home/cec20/Yangjiaxin/my-carla-ros-bridge/build/imagenode/install.log --install-scripts $base/lib/imagenode --single-version-externally-managed
[1.161s] running egg_info
[1.161s] writing ../../build/imagenode/imagenode.egg-info/PKG-INFO
[1.161s] writing dependency_links to ../../build/imagenode/imagenode.egg-info/dependency_links.txt
[1.161s] writing entry points to ../../build/imagenode/imagenode.egg-info/entry_points.txt
[1.161s] writing requirements to ../../build/imagenode/imagenode.egg-info/requires.txt
[1.161s] writing top-level names to ../../build/imagenode/imagenode.egg-info/top_level.txt
[1.185s] reading manifest file '../../build/imagenode/imagenode.egg-info/SOURCES.txt'
[1.185s] writing manifest file '../../build/imagenode/imagenode.egg-info/SOURCES.txt'
[1.186s] running build
[1.186s] running build_py
[1.186s] copying imagenode/rearview.py -> /home/cec20/Yangjiaxin/my-carla-ros-bridge/build/imagenode/build/lib/imagenode
[1.186s] running install
[1.186s] running install_lib
[1.187s] copying /home/cec20/Yangjiaxin/my-carla-ros-bridge/build/imagenode/build/lib/imagenode/rearview.py -> /home/cec20/Yangjiaxin/my-carla-ros-bridge/install/imagenode/lib/python3.8/site-packages/imagenode
[1.187s] byte-compiling /home/cec20/Yangjiaxin/my-carla-ros-bridge/install/imagenode/lib/python3.8/site-packages/imagenode/rearview.py to rearview.cpython-38.pyc
[1.188s] running install_data
[1.189s] running install_egg_info
[1.190s] removing '/home/cec20/Yangjiaxin/my-carla-ros-bridge/install/imagenode/lib/python3.8/site-packages/imagenode-0.0.0-py3.8.egg-info' (and everything under it)
[1.190s] Copying ../../build/imagenode/imagenode.egg-info to /home/cec20/Yangjiaxin/my-carla-ros-bridge/install/imagenode/lib/python3.8/site-packages/imagenode-0.0.0-py3.8.egg-info
[1.191s] running install_scripts
[1.202s] Installing cameranode1 script to /home/cec20/Yangjiaxin/my-carla-ros-bridge/install/imagenode/lib/imagenode
[1.203s] writing list of installed files to '/home/cec20/Yangjiaxin/my-carla-ros-bridge/build/imagenode/install.log'
[1.227s] Invoked command in '/home/cec20/Yangjiaxin/my-carla-ros-bridge/src/imagenode' returned '0': PYTHONPATH=/home/cec20/Yangjiaxin/my-carla-ros-bridge/build/imagenode/prefix_override:/home/cec20/Yangjiaxin/my-carla-ros-bridge/install/imagenode/lib/python3.8/site-packages:${PYTHONPATH} /usr/bin/python3 setup.py egg_info --egg-base ../../build/imagenode build --build-base /home/cec20/Yangjiaxin/my-carla-ros-bridge/build/imagenode/build install --record /home/cec20/Yangjiaxin/my-carla-ros-bridge/build/imagenode/install.log --install-scripts $base/lib/imagenode --single-version-externally-managed
