[0.289s] DEBUG:colcon:Command line arguments: ['/usr/bin/colcon', 'list', '-p', '--base-paths', '/home/cec20/Yangjiaxin/my-carla-ros-bridge']
[0.290s] DEBUG:colcon:Parsed command line arguments: Namespace(allow_overriding=[], base_paths=['/home/cec20/Yangjiaxin/my-carla-ros-bridge'], build_base='build', ignore_user_meta=False, log_base=None, log_level=None, main=<bound method ListVerb.main of <colcon_package_information.verb.list.ListVerb object at 0x7f39309e4d30>>, metas=['./colcon.meta'], names_only=False, packages_above=None, packages_above_and_dependencies=None, packages_above_depth=None, packages_end=None, packages_ignore=None, packages_ignore_regex=None, packages_select=None, packages_select_build_failed=False, packages_select_by_dep=None, packages_select_regex=None, packages_select_test_failures=False, packages_skip=None, packages_skip_build_finished=False, packages_skip_by_dep=None, packages_skip_regex=None, packages_skip_test_passed=False, packages_skip_up_to=None, packages_start=None, packages_up_to=None, packages_up_to_regex=None, paths=None, paths_only=True, topological_graph=False, topological_graph_density=False, topological_graph_dot=False, topological_graph_dot_cluster=False, topological_graph_dot_include_skipped=False, topological_graph_legend=False, topological_order=False, verb_extension=<colcon_package_information.verb.list.ListVerb object at 0x7f39309e4d30>, verb_name='list', verb_parser=<colcon_defaults.argument_parser.defaults.DefaultArgumentsDecorator object at 0x7f3930905e50>)
[0.322s] Level 1:colcon.colcon_core.package_discovery:discover_packages(colcon_meta) check parameters
[0.322s] Level 1:colcon.colcon_core.package_discovery:discover_packages(recursive) check parameters
[0.322s] Level 1:colcon.colcon_core.package_discovery:discover_packages(ignore) check parameters
[0.322s] Level 1:colcon.colcon_core.package_discovery:discover_packages(path) check parameters
[0.322s] Level 1:colcon.colcon_core.package_discovery:discover_packages(recursive) discover
[0.322s] INFO:colcon.colcon_core.package_discovery:Crawling recursively for packages in '/home/cec20/Yangjiaxin/my-carla-ros-bridge'
[0.322s] Level 1:colcon.colcon_core.package_identification:_identify(/home/cec20/Yangjiaxin/my-carla-ros-bridge) by extensions ['ignore', 'ignore_ament_install']
[0.323s] Level 1:colcon.colcon_core.package_identification:_identify(/home/cec20/Yangjiaxin/my-carla-ros-bridge) by extension 'ignore'
[0.323s] Level 1:colcon.colcon_core.package_identification:_identify(/home/cec20/Yangjiaxin/my-carla-ros-bridge) by extension 'ignore_ament_install'
[0.323s] Level 1:colcon.colcon_core.package_identification:_identify(/home/cec20/Yangjiaxin/my-carla-ros-bridge) by extensions ['colcon_pkg']
[0.323s] Level 1:colcon.colcon_core.package_identification:_identify(/home/cec20/Yangjiaxin/my-carla-ros-bridge) by extension 'colcon_pkg'
[0.323s] Level 1:colcon.colcon_core.package_identification:_identify(/home/cec20/Yangjiaxin/my-carla-ros-bridge) by extensions ['colcon_meta']
[0.323s] Level 1:colcon.colcon_core.package_identification:_identify(/home/cec20/Yangjiaxin/my-carla-ros-bridge) by extension 'colcon_meta'
[0.323s] Level 1:colcon.colcon_core.package_identification:_identify(/home/cec20/Yangjiaxin/my-carla-ros-bridge) by extensions ['ros']
[0.323s] Level 1:colcon.colcon_core.package_identification:_identify(/home/cec20/Yangjiaxin/my-carla-ros-bridge) by extension 'ros'
[0.337s] Level 1:colcon.colcon_core.package_identification:_identify(/home/cec20/Yangjiaxin/my-carla-ros-bridge) by extensions ['cmake', 'python']
[0.337s] Level 1:colcon.colcon_core.package_identification:_identify(/home/cec20/Yangjiaxin/my-carla-ros-bridge) by extension 'cmake'
[0.337s] Level 1:colcon.colcon_core.package_identification:_identify(/home/cec20/Yangjiaxin/my-carla-ros-bridge) by extension 'python'
[0.337s] Level 1:colcon.colcon_core.package_identification:_identify(/home/cec20/Yangjiaxin/my-carla-ros-bridge) by extensions ['python_setup_py']
[0.337s] Level 1:colcon.colcon_core.package_identification:_identify(/home/cec20/Yangjiaxin/my-carla-ros-bridge) by extension 'python_setup_py'
[0.338s] Level 1:colcon.colcon_core.package_identification:_identify(/home/cec20/Yangjiaxin/my-carla-ros-bridge/log) by extensions ['ignore', 'ignore_ament_install']
[0.338s] Level 1:colcon.colcon_core.package_identification:_identify(/home/cec20/Yangjiaxin/my-carla-ros-bridge/log) by extension 'ignore'
[0.338s] Level 1:colcon.colcon_core.package_identification:_identify(/home/cec20/Yangjiaxin/my-carla-ros-bridge/log) ignored
[0.338s] Level 1:colcon.colcon_core.package_identification:_identify(/home/cec20/Yangjiaxin/my-carla-ros-bridge/src) by extensions ['ignore', 'ignore_ament_install']
[0.338s] Level 1:colcon.colcon_core.package_identification:_identify(/home/cec20/Yangjiaxin/my-carla-ros-bridge/src) by extension 'ignore'
[0.338s] Level 1:colcon.colcon_core.package_identification:_identify(/home/cec20/Yangjiaxin/my-carla-ros-bridge/src) by extension 'ignore_ament_install'
[0.338s] Level 1:colcon.colcon_core.package_identification:_identify(/home/cec20/Yangjiaxin/my-carla-ros-bridge/src) by extensions ['colcon_pkg']
[0.338s] Level 1:colcon.colcon_core.package_identification:_identify(/home/cec20/Yangjiaxin/my-carla-ros-bridge/src) by extension 'colcon_pkg'
[0.338s] Level 1:colcon.colcon_core.package_identification:_identify(/home/cec20/Yangjiaxin/my-carla-ros-bridge/src) by extensions ['colcon_meta']
[0.338s] Level 1:colcon.colcon_core.package_identification:_identify(/home/cec20/Yangjiaxin/my-carla-ros-bridge/src) by extension 'colcon_meta'
[0.338s] Level 1:colcon.colcon_core.package_identification:_identify(/home/cec20/Yangjiaxin/my-carla-ros-bridge/src) by extensions ['ros']
[0.339s] Level 1:colcon.colcon_core.package_identification:_identify(/home/cec20/Yangjiaxin/my-carla-ros-bridge/src) by extension 'ros'
[0.339s] Level 1:colcon.colcon_core.package_identification:_identify(/home/cec20/Yangjiaxin/my-carla-ros-bridge/src) by extensions ['cmake', 'python']
[0.339s] Level 1:colcon.colcon_core.package_identification:_identify(/home/cec20/Yangjiaxin/my-carla-ros-bridge/src) by extension 'cmake'
[0.339s] Level 1:colcon.colcon_core.package_identification:_identify(/home/cec20/Yangjiaxin/my-carla-ros-bridge/src) by extension 'python'
[0.339s] Level 1:colcon.colcon_core.package_identification:_identify(/home/cec20/Yangjiaxin/my-carla-ros-bridge/src) by extensions ['python_setup_py']
[0.339s] Level 1:colcon.colcon_core.package_identification:_identify(/home/cec20/Yangjiaxin/my-carla-ros-bridge/src) by extension 'python_setup_py'
[0.339s] Level 1:colcon.colcon_core.package_identification:_identify(/home/cec20/Yangjiaxin/my-carla-ros-bridge/src/my_bridge) by extensions ['ignore', 'ignore_ament_install']
[0.339s] Level 1:colcon.colcon_core.package_identification:_identify(/home/cec20/Yangjiaxin/my-carla-ros-bridge/src/my_bridge) by extension 'ignore'
[0.339s] Level 1:colcon.colcon_core.package_identification:_identify(/home/cec20/Yangjiaxin/my-carla-ros-bridge/src/my_bridge) by extension 'ignore_ament_install'
[0.339s] Level 1:colcon.colcon_core.package_identification:_identify(/home/cec20/Yangjiaxin/my-carla-ros-bridge/src/my_bridge) by extensions ['colcon_pkg']
[0.339s] Level 1:colcon.colcon_core.package_identification:_identify(/home/cec20/Yangjiaxin/my-carla-ros-bridge/src/my_bridge) by extension 'colcon_pkg'
[0.339s] Level 1:colcon.colcon_core.package_identification:_identify(/home/cec20/Yangjiaxin/my-carla-ros-bridge/src/my_bridge) by extensions ['colcon_meta']
[0.339s] Level 1:colcon.colcon_core.package_identification:_identify(/home/cec20/Yangjiaxin/my-carla-ros-bridge/src/my_bridge) by extension 'colcon_meta'
[0.339s] Level 1:colcon.colcon_core.package_identification:_identify(/home/cec20/Yangjiaxin/my-carla-ros-bridge/src/my_bridge) by extensions ['ros']
[0.339s] Level 1:colcon.colcon_core.package_identification:_identify(/home/cec20/Yangjiaxin/my-carla-ros-bridge/src/my_bridge) by extension 'ros'
[0.342s] DEBUG:colcon.colcon_core.package_identification:Package '/home/cec20/Yangjiaxin/my-carla-ros-bridge/src/my_bridge' with type 'ros.ament_python' and name 'my_bridge'
[0.342s] Level 1:colcon.colcon_core.package_discovery:discover_packages(recursive) using defaults
