[0.026s] Invoking command in '/home/cec20/Yangjiaxin/my-carla-ros-bridge/build/kvaser_msg_interfaces': CMAKE_PREFIX_PATH=${CMAKE_PREFIX_PATH}:/home/cec20/carla-ros-bridge/install/set_transform:/home/cec20/carla-ros-bridge/install/rqt_carla_control:/home/cec20/carla-ros-bridge/install/carla_waypoint_publisher:/home/cec20/carla-ros-bridge/install/carla_ackermann_control:/home/cec20/carla-ros-bridge/install/carla_ros_bridge:/home/cec20/carla-ros-bridge/install/carla_spawn_objects:/home/cec20/carla-ros-bridge/install/carla_manual_control:/home/cec20/carla-ros-bridge/install/carla_ad_agent:/home/cec20/carla-ros-bridge/install/ros_compatibility:/home/cec20/carla-ros-bridge/install/imagenode:/home/cec20/carla-ros-bridge/install/carla_walker_agent:/home/cec20/carla-ros-bridge/install/carla_twist_to_control:/home/cec20/carla-ros-bridge/install/carla_ros_scenario_runner:/home/cec20/carla-ros-bridge/install/carla_common:/opt/ros/foxy /usr/bin/cmake /home/cec20/Yangjiaxin/my-carla-ros-bridge/src/kvaser_msg_interfaces -DCMAKE_INSTALL_PREFIX=/home/cec20/Yangjiaxin/my-carla-ros-bridge/install/kvaser_msg_interfaces
[0.220s] -- The C compiler identification is GNU 11.1.0
[0.220s] -- The CXX compiler identification is GNU 11.1.0
[0.221s] -- Check for working C compiler: /usr/bin/cc
[0.221s] -- Check for working C compiler: /usr/bin/cc -- works
[0.221s] -- Detecting C compiler ABI info
[0.221s] -- Detecting C compiler ABI info - done
[0.221s] -- Detecting C compile features
[0.221s] -- Detecting C compile features - done
[0.221s] -- Check for working CXX compiler: /usr/bin/c++
[0.255s] -- Check for working CXX compiler: /usr/bin/c++ -- works
[0.256s] -- Detecting CXX compiler ABI info
[0.306s] -- Detecting CXX compiler ABI info - done
[0.314s] -- Detecting CXX compile features
[0.315s] -- Detecting CXX compile features - done
[0.317s] -- Found ament_cmake: 0.9.11 (/opt/ros/foxy/share/ament_cmake/cmake)
[0.338s] -- Found PythonInterp: /usr/bin/python3 (found suitable version "3.8.10", minimum required is "3") 
[0.338s] -- Using PYTHON_EXECUTABLE: /usr/bin/python3
[0.513s] -- Found rosidl_default_generators: 1.0.1 (/opt/ros/foxy/share/rosidl_default_generators/cmake)
[0.518s] -- Using all available rosidl_typesupport_c: rosidl_typesupport_fastrtps_c;rosidl_typesupport_introspection_c
[0.525s] -- Found rosidl_adapter: 1.3.0 (/opt/ros/foxy/share/rosidl_adapter/cmake)
[0.594s] -- Found OpenSSL: /usr/lib/x86_64-linux-gnu/libcrypto.so (found version "1.1.1f")  
[0.614s] -- Found FastRTPS: /opt/ros/foxy/include  
[0.673s] -- Using all available rosidl_typesupport_cpp: rosidl_typesupport_fastrtps_cpp;rosidl_typesupport_introspection_cpp
[0.712s] -- Found PythonInterp: /usr/bin/python3 (found version "3.8.10") 
[0.812s] -- Found ament_cmake_ros: 0.9.2 (/opt/ros/foxy/share/ament_cmake_ros/cmake)
[0.882s] -- Using all available rosidl_typesupport_c: rosidl_typesupport_fastrtps_c;rosidl_typesupport_introspection_c
[0.888s] -- Using all available rosidl_typesupport_cpp: rosidl_typesupport_fastrtps_cpp;rosidl_typesupport_introspection_cpp
[0.908s] -- Found PythonInterp: /usr/bin/python3 (found suitable version "3.8.10", minimum required is "3.5") 
[0.909s] -- Found python_cmake_module: 0.8.1 (/opt/ros/foxy/share/python_cmake_module/cmake)
[0.931s] -- Found PythonLibs: /usr/lib/x86_64-linux-gnu/libpython3.8.so (found suitable version "3.8.10", minimum required is "3.5") 
[0.931s] -- Using PYTHON_EXECUTABLE: /usr/bin/python3
[0.931s] -- Using PYTHON_INCLUDE_DIRS: /usr/include/python3.8
[0.931s] -- Using PYTHON_LIBRARIES: /usr/lib/x86_64-linux-gnu/libpython3.8.so
[0.949s] -- Found PythonExtra: .so  
[0.984s] -- Found ament_lint_auto: 0.9.8 (/opt/ros/foxy/share/ament_lint_auto/cmake)
[1.003s] -- Added test 'copyright' to check source files copyright and LICENSE
[1.005s] -- Added test 'lint_cmake' to check CMake code style
[1.006s] -- Added test 'xmllint' to check XML markup files
[1.009s] -- Configuring done
[1.027s] -- Generating done
[1.029s] -- Build files have been written to: /home/cec20/Yangjiaxin/my-carla-ros-bridge/build/kvaser_msg_interfaces
[1.034s] Invoked command in '/home/cec20/Yangjiaxin/my-carla-ros-bridge/build/kvaser_msg_interfaces' returned '0': CMAKE_PREFIX_PATH=${CMAKE_PREFIX_PATH}:/home/cec20/carla-ros-bridge/install/set_transform:/home/cec20/carla-ros-bridge/install/rqt_carla_control:/home/cec20/carla-ros-bridge/install/carla_waypoint_publisher:/home/cec20/carla-ros-bridge/install/carla_ackermann_control:/home/cec20/carla-ros-bridge/install/carla_ros_bridge:/home/cec20/carla-ros-bridge/install/carla_spawn_objects:/home/cec20/carla-ros-bridge/install/carla_manual_control:/home/cec20/carla-ros-bridge/install/carla_ad_agent:/home/cec20/carla-ros-bridge/install/ros_compatibility:/home/cec20/carla-ros-bridge/install/imagenode:/home/cec20/carla-ros-bridge/install/carla_walker_agent:/home/cec20/carla-ros-bridge/install/carla_twist_to_control:/home/cec20/carla-ros-bridge/install/carla_ros_scenario_runner:/home/cec20/carla-ros-bridge/install/carla_common:/opt/ros/foxy /usr/bin/cmake /home/cec20/Yangjiaxin/my-carla-ros-bridge/src/kvaser_msg_interfaces -DCMAKE_INSTALL_PREFIX=/home/cec20/Yangjiaxin/my-carla-ros-bridge/install/kvaser_msg_interfaces
[1.035s] Invoking command in '/home/cec20/Yangjiaxin/my-carla-ros-bridge/build/kvaser_msg_interfaces': CMAKE_PREFIX_PATH=${CMAKE_PREFIX_PATH}:/home/cec20/carla-ros-bridge/install/set_transform:/home/cec20/carla-ros-bridge/install/rqt_carla_control:/home/cec20/carla-ros-bridge/install/carla_waypoint_publisher:/home/cec20/carla-ros-bridge/install/carla_ackermann_control:/home/cec20/carla-ros-bridge/install/carla_ros_bridge:/home/cec20/carla-ros-bridge/install/carla_spawn_objects:/home/cec20/carla-ros-bridge/install/carla_manual_control:/home/cec20/carla-ros-bridge/install/carla_ad_agent:/home/cec20/carla-ros-bridge/install/ros_compatibility:/home/cec20/carla-ros-bridge/install/imagenode:/home/cec20/carla-ros-bridge/install/carla_walker_agent:/home/cec20/carla-ros-bridge/install/carla_twist_to_control:/home/cec20/carla-ros-bridge/install/carla_ros_scenario_runner:/home/cec20/carla-ros-bridge/install/carla_common:/opt/ros/foxy /usr/bin/cmake --build /home/cec20/Yangjiaxin/my-carla-ros-bridge/build/kvaser_msg_interfaces -- -j20 -l20
[1.062s] [35m[1mScanning dependencies of target kvaser_msg_interfaces__cpp[0m
[1.062s] [  3%] [34m[1mGenerating C code for ROS interfaces[0m
[1.069s] [  6%] [34m[1mGenerating C++ code for ROS interfaces[0m
[1.221s] [35m[1mScanning dependencies of target kvaser_msg_interfaces__rosidl_generator_c[0m
[1.225s] [  6%] Built target kvaser_msg_interfaces__cpp
[1.228s] [  9%] [32mBuilding C object CMakeFiles/kvaser_msg_interfaces__rosidl_generator_c.dir/rosidl_generator_c/kvaser_msg_interfaces/msg/detail/control_cmd__functions.c.o[0m
[1.232s] [ 19%] [34m[1mGenerating C++ type support dispatch for ROS interfaces[0m
[1.233s] [ 19%] [34m[1mGenerating C++ introspection for ROS interfaces[0m
[1.233s] [ 19%] [34m[1mGenerating C++ type support for eProsima Fast-RTPS[0m
[1.262s] [ 22%] [32m[1mLinking C shared library libkvaser_msg_interfaces__rosidl_generator_c.so[0m
[1.285s] [ 22%] Built target kvaser_msg_interfaces__rosidl_generator_c
[1.293s] [ 29%] [34m[1mGenerating C introspection for ROS interfaces[0m
[1.293s] [ 29%] [34m[1mGenerating C type support dispatch for ROS interfaces[0m
[1.372s] [35m[1mScanning dependencies of target kvaser_msg_interfaces__rosidl_typesupport_cpp[0m
[1.381s] [35m[1mScanning dependencies of target kvaser_msg_interfaces__rosidl_typesupport_introspection_cpp[0m
[1.381s] [ 32%] [32mBuilding CXX object CMakeFiles/kvaser_msg_interfaces__rosidl_typesupport_cpp.dir/rosidl_typesupport_cpp/kvaser_msg_interfaces/msg/control_cmd__type_support.cpp.o[0m
[1.389s] [ 35%] [32mBuilding CXX object CMakeFiles/kvaser_msg_interfaces__rosidl_typesupport_introspection_cpp.dir/rosidl_typesupport_introspection_cpp/kvaser_msg_interfaces/msg/detail/control_cmd__type_support.cpp.o[0m
[1.390s] [35m[1mScanning dependencies of target kvaser_msg_interfaces__rosidl_typesupport_fastrtps_cpp[0m
[1.399s] [ 38%] [32mBuilding CXX object CMakeFiles/kvaser_msg_interfaces__rosidl_typesupport_fastrtps_cpp.dir/rosidl_typesupport_fastrtps_cpp/kvaser_msg_interfaces/msg/detail/dds_fastrtps/control_cmd__type_support.cpp.o[0m
[1.429s] [35m[1mScanning dependencies of target kvaser_msg_interfaces__rosidl_typesupport_c[0m
[1.437s] [ 41%] [32mBuilding CXX object CMakeFiles/kvaser_msg_interfaces__rosidl_typesupport_c.dir/rosidl_typesupport_c/kvaser_msg_interfaces/msg/control_cmd__type_support.cpp.o[0m
[1.448s] [35m[1mScanning dependencies of target kvaser_msg_interfaces__rosidl_typesupport_introspection_c[0m
[1.456s] [ 45%] [32mBuilding C object CMakeFiles/kvaser_msg_interfaces__rosidl_typesupport_introspection_c.dir/rosidl_typesupport_introspection_c/kvaser_msg_interfaces/msg/detail/control_cmd__type_support.c.o[0m
[1.460s] [ 48%] [32m[1mLinking CXX shared library libkvaser_msg_interfaces__rosidl_typesupport_c.so[0m
[1.477s] [ 51%] [32m[1mLinking C shared library libkvaser_msg_interfaces__rosidl_typesupport_introspection_c.so[0m
[1.488s] [ 51%] Built target kvaser_msg_interfaces__rosidl_typesupport_c
[1.498s] [ 51%] Built target kvaser_msg_interfaces__rosidl_typesupport_introspection_c
[1.551s] [ 54%] [32m[1mLinking CXX shared library libkvaser_msg_interfaces__rosidl_typesupport_cpp.so[0m
[1.561s] [ 58%] [32m[1mLinking CXX shared library libkvaser_msg_interfaces__rosidl_typesupport_introspection_cpp.so[0m
[1.578s] [ 58%] Built target kvaser_msg_interfaces__rosidl_typesupport_cpp
[1.587s] [ 58%] Built target kvaser_msg_interfaces__rosidl_typesupport_introspection_cpp
[1.654s] [ 61%] [32m[1mLinking CXX shared library libkvaser_msg_interfaces__rosidl_typesupport_fastrtps_cpp.so[0m
[1.707s] [ 61%] Built target kvaser_msg_interfaces__rosidl_typesupport_fastrtps_cpp
[1.714s] [ 64%] [34m[1mGenerating C type support for eProsima Fast-RTPS[0m
[1.868s] [35m[1mScanning dependencies of target kvaser_msg_interfaces__rosidl_typesupport_fastrtps_c[0m
[1.877s] [ 67%] [32mBuilding CXX object CMakeFiles/kvaser_msg_interfaces__rosidl_typesupport_fastrtps_c.dir/rosidl_typesupport_fastrtps_c/kvaser_msg_interfaces/msg/detail/control_cmd__type_support_c.cpp.o[0m
[2.089s] [ 70%] [32m[1mLinking CXX shared library libkvaser_msg_interfaces__rosidl_typesupport_fastrtps_c.so[0m
[2.142s] [ 70%] Built target kvaser_msg_interfaces__rosidl_typesupport_fastrtps_c
[2.150s] [35m[1mScanning dependencies of target kvaser_msg_interfaces[0m
[2.157s] [ 70%] Built target kvaser_msg_interfaces
[2.164s] [35m[1mScanning dependencies of target kvaser_msg_interfaces__py[0m
[2.171s] [ 74%] [34m[1mGenerating Python code for ROS interfaces[0m
[2.427s] [ 74%] Built target kvaser_msg_interfaces__py
[2.434s] [35m[1mScanning dependencies of target kvaser_msg_interfaces__python[0m
[2.446s] [ 77%] [32mBuilding C object CMakeFiles/kvaser_msg_interfaces__python.dir/rosidl_generator_py/kvaser_msg_interfaces/msg/_control_cmd_s.c.o[0m
[2.504s] [ 80%] [32m[1mLinking C shared library rosidl_generator_py/kvaser_msg_interfaces/libkvaser_msg_interfaces__python.so[0m
[2.529s] [ 80%] Built target kvaser_msg_interfaces__python
[2.536s] [35m[1mScanning dependencies of target kvaser_msg_interfaces__rosidl_typesupport_introspection_c__pyext[0m
[2.536s] [35m[1mScanning dependencies of target kvaser_msg_interfaces__rosidl_typesupport_fastrtps_c__pyext[0m
[2.536s] [35m[1mScanning dependencies of target kvaser_msg_interfaces__rosidl_typesupport_c__pyext[0m
[2.548s] [ 90%] [32mBuilding C object CMakeFiles/kvaser_msg_interfaces__rosidl_typesupport_introspection_c__pyext.dir/rosidl_generator_py/kvaser_msg_interfaces/_kvaser_msg_interfaces_s.ep.rosidl_typesupport_introspection_c.c.o[0m
[2.548s] [ 90%] [32mBuilding C object CMakeFiles/kvaser_msg_interfaces__rosidl_typesupport_fastrtps_c__pyext.dir/rosidl_generator_py/kvaser_msg_interfaces/_kvaser_msg_interfaces_s.ep.rosidl_typesupport_fastrtps_c.c.o[0m
[2.548s] [ 90%] [32mBuilding C object CMakeFiles/kvaser_msg_interfaces__rosidl_typesupport_c__pyext.dir/rosidl_generator_py/kvaser_msg_interfaces/_kvaser_msg_interfaces_s.ep.rosidl_typesupport_c.c.o[0m
[2.598s] [ 93%] [32m[1mLinking C shared library rosidl_generator_py/kvaser_msg_interfaces/kvaser_msg_interfaces_s__rosidl_typesupport_introspection_c.cpython-38-x86_64-linux-gnu.so[0m
[2.601s] [ 96%] [32m[1mLinking C shared library rosidl_generator_py/kvaser_msg_interfaces/kvaser_msg_interfaces_s__rosidl_typesupport_c.cpython-38-x86_64-linux-gnu.so[0m
[2.602s] [100%] [32m[1mLinking CXX shared library rosidl_generator_py/kvaser_msg_interfaces/kvaser_msg_interfaces_s__rosidl_typesupport_fastrtps_c.cpython-38-x86_64-linux-gnu.so[0m
[2.622s] [100%] Built target kvaser_msg_interfaces__rosidl_typesupport_introspection_c__pyext
[2.622s] [100%] Built target kvaser_msg_interfaces__rosidl_typesupport_c__pyext
[2.649s] [100%] Built target kvaser_msg_interfaces__rosidl_typesupport_fastrtps_c__pyext
[2.657s] Invoked command in '/home/cec20/Yangjiaxin/my-carla-ros-bridge/build/kvaser_msg_interfaces' returned '0': CMAKE_PREFIX_PATH=${CMAKE_PREFIX_PATH}:/home/cec20/carla-ros-bridge/install/set_transform:/home/cec20/carla-ros-bridge/install/rqt_carla_control:/home/cec20/carla-ros-bridge/install/carla_waypoint_publisher:/home/cec20/carla-ros-bridge/install/carla_ackermann_control:/home/cec20/carla-ros-bridge/install/carla_ros_bridge:/home/cec20/carla-ros-bridge/install/carla_spawn_objects:/home/cec20/carla-ros-bridge/install/carla_manual_control:/home/cec20/carla-ros-bridge/install/carla_ad_agent:/home/cec20/carla-ros-bridge/install/ros_compatibility:/home/cec20/carla-ros-bridge/install/imagenode:/home/cec20/carla-ros-bridge/install/carla_walker_agent:/home/cec20/carla-ros-bridge/install/carla_twist_to_control:/home/cec20/carla-ros-bridge/install/carla_ros_scenario_runner:/home/cec20/carla-ros-bridge/install/carla_common:/opt/ros/foxy /usr/bin/cmake --build /home/cec20/Yangjiaxin/my-carla-ros-bridge/build/kvaser_msg_interfaces -- -j20 -l20
[2.692s] Invoking command in '/home/cec20/Yangjiaxin/my-carla-ros-bridge/build/kvaser_msg_interfaces': CMAKE_PREFIX_PATH=${CMAKE_PREFIX_PATH}:/home/cec20/carla-ros-bridge/install/set_transform:/home/cec20/carla-ros-bridge/install/rqt_carla_control:/home/cec20/carla-ros-bridge/install/carla_waypoint_publisher:/home/cec20/carla-ros-bridge/install/carla_ackermann_control:/home/cec20/carla-ros-bridge/install/carla_ros_bridge:/home/cec20/carla-ros-bridge/install/carla_spawn_objects:/home/cec20/carla-ros-bridge/install/carla_manual_control:/home/cec20/carla-ros-bridge/install/carla_ad_agent:/home/cec20/carla-ros-bridge/install/ros_compatibility:/home/cec20/carla-ros-bridge/install/imagenode:/home/cec20/carla-ros-bridge/install/carla_walker_agent:/home/cec20/carla-ros-bridge/install/carla_twist_to_control:/home/cec20/carla-ros-bridge/install/carla_ros_scenario_runner:/home/cec20/carla-ros-bridge/install/carla_common:/opt/ros/foxy /usr/bin/cmake --install /home/cec20/Yangjiaxin/my-carla-ros-bridge/build/kvaser_msg_interfaces
[2.698s] -- Install configuration: ""
[2.698s] -- Installing: /home/cec20/Yangjiaxin/my-carla-ros-bridge/install/kvaser_msg_interfaces/share/ament_index/resource_index/rosidl_interfaces/kvaser_msg_interfaces
[2.698s] -- Installing: /home/cec20/Yangjiaxin/my-carla-ros-bridge/install/kvaser_msg_interfaces/include/kvaser_msg_interfaces
[2.698s] -- Installing: /home/cec20/Yangjiaxin/my-carla-ros-bridge/install/kvaser_msg_interfaces/include/kvaser_msg_interfaces/msg
[2.698s] -- Installing: /home/cec20/Yangjiaxin/my-carla-ros-bridge/install/kvaser_msg_interfaces/include/kvaser_msg_interfaces/msg/control_cmd.h
[2.698s] -- Installing: /home/cec20/Yangjiaxin/my-carla-ros-bridge/install/kvaser_msg_interfaces/include/kvaser_msg_interfaces/msg/detail
[2.698s] -- Installing: /home/cec20/Yangjiaxin/my-carla-ros-bridge/install/kvaser_msg_interfaces/include/kvaser_msg_interfaces/msg/detail/control_cmd__functions.h
[2.698s] -- Installing: /home/cec20/Yangjiaxin/my-carla-ros-bridge/install/kvaser_msg_interfaces/include/kvaser_msg_interfaces/msg/detail/control_cmd__type_support.h
[2.698s] -- Installing: /home/cec20/Yangjiaxin/my-carla-ros-bridge/install/kvaser_msg_interfaces/include/kvaser_msg_interfaces/msg/detail/control_cmd__struct.h
[2.698s] -- Installing: /home/cec20/Yangjiaxin/my-carla-ros-bridge/install/kvaser_msg_interfaces/include/kvaser_msg_interfaces/msg/detail/control_cmd__functions.c
[2.698s] -- Installing: /home/cec20/Yangjiaxin/my-carla-ros-bridge/install/kvaser_msg_interfaces/include/kvaser_msg_interfaces/msg/rosidl_generator_c__visibility_control.h
[2.699s] -- Installing: /home/cec20/Yangjiaxin/my-carla-ros-bridge/install/kvaser_msg_interfaces/share/kvaser_msg_interfaces/environment/library_path.sh
[2.699s] -- Installing: /home/cec20/Yangjiaxin/my-carla-ros-bridge/install/kvaser_msg_interfaces/share/kvaser_msg_interfaces/environment/library_path.dsv
[2.699s] -- Installing: /home/cec20/Yangjiaxin/my-carla-ros-bridge/install/kvaser_msg_interfaces/lib/libkvaser_msg_interfaces__rosidl_generator_c.so
[2.699s] -- Set runtime path of "/home/cec20/Yangjiaxin/my-carla-ros-bridge/install/kvaser_msg_interfaces/lib/libkvaser_msg_interfaces__rosidl_generator_c.so" to ""
[2.699s] -- Up-to-date: /home/cec20/Yangjiaxin/my-carla-ros-bridge/install/kvaser_msg_interfaces/include/kvaser_msg_interfaces
[2.699s] -- Up-to-date: /home/cec20/Yangjiaxin/my-carla-ros-bridge/install/kvaser_msg_interfaces/include/kvaser_msg_interfaces/msg
[2.699s] -- Up-to-date: /home/cec20/Yangjiaxin/my-carla-ros-bridge/install/kvaser_msg_interfaces/include/kvaser_msg_interfaces/msg/detail
[2.699s] -- Installing: /home/cec20/Yangjiaxin/my-carla-ros-bridge/install/kvaser_msg_interfaces/include/kvaser_msg_interfaces/msg/detail/control_cmd__rosidl_typesupport_fastrtps_c.h
[2.699s] -- Installing: /home/cec20/Yangjiaxin/my-carla-ros-bridge/install/kvaser_msg_interfaces/include/kvaser_msg_interfaces/msg/rosidl_typesupport_fastrtps_c__visibility_control.h
[2.699s] -- Installing: /home/cec20/Yangjiaxin/my-carla-ros-bridge/install/kvaser_msg_interfaces/lib/libkvaser_msg_interfaces__rosidl_typesupport_fastrtps_c.so
[2.699s] -- Set runtime path of "/home/cec20/Yangjiaxin/my-carla-ros-bridge/install/kvaser_msg_interfaces/lib/libkvaser_msg_interfaces__rosidl_typesupport_fastrtps_c.so" to ""
[2.699s] -- Up-to-date: /home/cec20/Yangjiaxin/my-carla-ros-bridge/install/kvaser_msg_interfaces/include/kvaser_msg_interfaces
[2.699s] -- Up-to-date: /home/cec20/Yangjiaxin/my-carla-ros-bridge/install/kvaser_msg_interfaces/include/kvaser_msg_interfaces/msg
[2.699s] -- Up-to-date: /home/cec20/Yangjiaxin/my-carla-ros-bridge/install/kvaser_msg_interfaces/include/kvaser_msg_interfaces/msg/detail
[2.699s] -- Installing: /home/cec20/Yangjiaxin/my-carla-ros-bridge/install/kvaser_msg_interfaces/include/kvaser_msg_interfaces/msg/detail/control_cmd__rosidl_typesupport_fastrtps_cpp.hpp
[2.699s] -- Installing: /home/cec20/Yangjiaxin/my-carla-ros-bridge/install/kvaser_msg_interfaces/include/kvaser_msg_interfaces/msg/detail/dds_fastrtps
[2.700s] -- Installing: /home/cec20/Yangjiaxin/my-carla-ros-bridge/install/kvaser_msg_interfaces/include/kvaser_msg_interfaces/msg/rosidl_typesupport_fastrtps_cpp__visibility_control.h
[2.700s] -- Installing: /home/cec20/Yangjiaxin/my-carla-ros-bridge/install/kvaser_msg_interfaces/lib/libkvaser_msg_interfaces__rosidl_typesupport_fastrtps_cpp.so
[2.700s] -- Set runtime path of "/home/cec20/Yangjiaxin/my-carla-ros-bridge/install/kvaser_msg_interfaces/lib/libkvaser_msg_interfaces__rosidl_typesupport_fastrtps_cpp.so" to ""
[2.700s] -- Up-to-date: /home/cec20/Yangjiaxin/my-carla-ros-bridge/install/kvaser_msg_interfaces/include/kvaser_msg_interfaces
[2.700s] -- Up-to-date: /home/cec20/Yangjiaxin/my-carla-ros-bridge/install/kvaser_msg_interfaces/include/kvaser_msg_interfaces/msg
[2.700s] -- Up-to-date: /home/cec20/Yangjiaxin/my-carla-ros-bridge/install/kvaser_msg_interfaces/include/kvaser_msg_interfaces/msg/detail
[2.700s] -- Installing: /home/cec20/Yangjiaxin/my-carla-ros-bridge/install/kvaser_msg_interfaces/include/kvaser_msg_interfaces/msg/detail/control_cmd__type_support.c
[2.700s] -- Installing: /home/cec20/Yangjiaxin/my-carla-ros-bridge/install/kvaser_msg_interfaces/include/kvaser_msg_interfaces/msg/detail/control_cmd__rosidl_typesupport_introspection_c.h
[2.700s] -- Installing: /home/cec20/Yangjiaxin/my-carla-ros-bridge/install/kvaser_msg_interfaces/include/kvaser_msg_interfaces/msg/rosidl_typesupport_introspection_c__visibility_control.h
[2.700s] -- Installing: /home/cec20/Yangjiaxin/my-carla-ros-bridge/install/kvaser_msg_interfaces/lib/libkvaser_msg_interfaces__rosidl_typesupport_introspection_c.so
[2.700s] -- Set runtime path of "/home/cec20/Yangjiaxin/my-carla-ros-bridge/install/kvaser_msg_interfaces/lib/libkvaser_msg_interfaces__rosidl_typesupport_introspection_c.so" to ""
[2.700s] -- Installing: /home/cec20/Yangjiaxin/my-carla-ros-bridge/install/kvaser_msg_interfaces/lib/libkvaser_msg_interfaces__rosidl_typesupport_c.so
[2.700s] -- Set runtime path of "/home/cec20/Yangjiaxin/my-carla-ros-bridge/install/kvaser_msg_interfaces/lib/libkvaser_msg_interfaces__rosidl_typesupport_c.so" to ""
[2.701s] -- Up-to-date: /home/cec20/Yangjiaxin/my-carla-ros-bridge/install/kvaser_msg_interfaces/include/kvaser_msg_interfaces
[2.701s] -- Up-to-date: /home/cec20/Yangjiaxin/my-carla-ros-bridge/install/kvaser_msg_interfaces/include/kvaser_msg_interfaces/msg
[2.701s] -- Up-to-date: /home/cec20/Yangjiaxin/my-carla-ros-bridge/install/kvaser_msg_interfaces/include/kvaser_msg_interfaces/msg/detail
[2.701s] -- Installing: /home/cec20/Yangjiaxin/my-carla-ros-bridge/install/kvaser_msg_interfaces/include/kvaser_msg_interfaces/msg/detail/control_cmd__traits.hpp
[2.701s] -- Installing: /home/cec20/Yangjiaxin/my-carla-ros-bridge/install/kvaser_msg_interfaces/include/kvaser_msg_interfaces/msg/detail/control_cmd__builder.hpp
[2.701s] -- Installing: /home/cec20/Yangjiaxin/my-carla-ros-bridge/install/kvaser_msg_interfaces/include/kvaser_msg_interfaces/msg/detail/control_cmd__struct.hpp
[2.701s] -- Installing: /home/cec20/Yangjiaxin/my-carla-ros-bridge/install/kvaser_msg_interfaces/include/kvaser_msg_interfaces/msg/control_cmd.hpp
[2.701s] -- Up-to-date: /home/cec20/Yangjiaxin/my-carla-ros-bridge/install/kvaser_msg_interfaces/include/kvaser_msg_interfaces
[2.701s] -- Up-to-date: /home/cec20/Yangjiaxin/my-carla-ros-bridge/install/kvaser_msg_interfaces/include/kvaser_msg_interfaces/msg
[2.701s] -- Up-to-date: /home/cec20/Yangjiaxin/my-carla-ros-bridge/install/kvaser_msg_interfaces/include/kvaser_msg_interfaces/msg/detail
[2.701s] -- Installing: /home/cec20/Yangjiaxin/my-carla-ros-bridge/install/kvaser_msg_interfaces/include/kvaser_msg_interfaces/msg/detail/control_cmd__rosidl_typesupport_introspection_cpp.hpp
[2.701s] -- Installing: /home/cec20/Yangjiaxin/my-carla-ros-bridge/install/kvaser_msg_interfaces/include/kvaser_msg_interfaces/msg/detail/control_cmd__type_support.cpp
[2.701s] -- Installing: /home/cec20/Yangjiaxin/my-carla-ros-bridge/install/kvaser_msg_interfaces/lib/libkvaser_msg_interfaces__rosidl_typesupport_introspection_cpp.so
[2.701s] -- Set runtime path of "/home/cec20/Yangjiaxin/my-carla-ros-bridge/install/kvaser_msg_interfaces/lib/libkvaser_msg_interfaces__rosidl_typesupport_introspection_cpp.so" to ""
[2.701s] -- Installing: /home/cec20/Yangjiaxin/my-carla-ros-bridge/install/kvaser_msg_interfaces/lib/libkvaser_msg_interfaces__rosidl_typesupport_cpp.so
[2.702s] -- Set runtime path of "/home/cec20/Yangjiaxin/my-carla-ros-bridge/install/kvaser_msg_interfaces/lib/libkvaser_msg_interfaces__rosidl_typesupport_cpp.so" to ""
[2.702s] -- Installing: /home/cec20/Yangjiaxin/my-carla-ros-bridge/install/kvaser_msg_interfaces/share/kvaser_msg_interfaces/environment/pythonpath.sh
[2.702s] -- Installing: /home/cec20/Yangjiaxin/my-carla-ros-bridge/install/kvaser_msg_interfaces/share/kvaser_msg_interfaces/environment/pythonpath.dsv
[2.702s] -- Installing: /home/cec20/Yangjiaxin/my-carla-ros-bridge/install/kvaser_msg_interfaces/lib/python3.8/site-packages/kvaser_msg_interfaces/__init__.py
[2.729s] Compiling '/home/cec20/Yangjiaxin/my-carla-ros-bridge/install/kvaser_msg_interfaces/lib/python3.8/site-packages/kvaser_msg_interfaces/__init__.py'...
[2.731s] -- Installing: /home/cec20/Yangjiaxin/my-carla-ros-bridge/install/kvaser_msg_interfaces/lib/python3.8/site-packages/kvaser_msg_interfaces/msg
[2.732s] -- Installing: /home/cec20/Yangjiaxin/my-carla-ros-bridge/install/kvaser_msg_interfaces/lib/python3.8/site-packages/kvaser_msg_interfaces/msg/_control_cmd_s.c
[2.732s] -- Installing: /home/cec20/Yangjiaxin/my-carla-ros-bridge/install/kvaser_msg_interfaces/lib/python3.8/site-packages/kvaser_msg_interfaces/msg/__init__.py
[2.732s] -- Installing: /home/cec20/Yangjiaxin/my-carla-ros-bridge/install/kvaser_msg_interfaces/lib/python3.8/site-packages/kvaser_msg_interfaces/msg/_control_cmd.py
[2.732s] -- Installing: /home/cec20/Yangjiaxin/my-carla-ros-bridge/install/kvaser_msg_interfaces/lib/python3.8/site-packages/kvaser_msg_interfaces/kvaser_msg_interfaces_s__rosidl_typesupport_fastrtps_c.cpython-38-x86_64-linux-gnu.so
[2.732s] -- Set runtime path of "/home/cec20/Yangjiaxin/my-carla-ros-bridge/install/kvaser_msg_interfaces/lib/python3.8/site-packages/kvaser_msg_interfaces/kvaser_msg_interfaces_s__rosidl_typesupport_fastrtps_c.cpython-38-x86_64-linux-gnu.so" to ""
[2.732s] -- Installing: /home/cec20/Yangjiaxin/my-carla-ros-bridge/install/kvaser_msg_interfaces/lib/python3.8/site-packages/kvaser_msg_interfaces/kvaser_msg_interfaces_s__rosidl_typesupport_introspection_c.cpython-38-x86_64-linux-gnu.so
[2.733s] -- Set runtime path of "/home/cec20/Yangjiaxin/my-carla-ros-bridge/install/kvaser_msg_interfaces/lib/python3.8/site-packages/kvaser_msg_interfaces/kvaser_msg_interfaces_s__rosidl_typesupport_introspection_c.cpython-38-x86_64-linux-gnu.so" to ""
[2.733s] -- Installing: /home/cec20/Yangjiaxin/my-carla-ros-bridge/install/kvaser_msg_interfaces/lib/python3.8/site-packages/kvaser_msg_interfaces/kvaser_msg_interfaces_s__rosidl_typesupport_c.cpython-38-x86_64-linux-gnu.so
[2.733s] -- Set runtime path of "/home/cec20/Yangjiaxin/my-carla-ros-bridge/install/kvaser_msg_interfaces/lib/python3.8/site-packages/kvaser_msg_interfaces/kvaser_msg_interfaces_s__rosidl_typesupport_c.cpython-38-x86_64-linux-gnu.so" to ""
[2.733s] -- Installing: /home/cec20/Yangjiaxin/my-carla-ros-bridge/install/kvaser_msg_interfaces/lib/libkvaser_msg_interfaces__python.so
[2.733s] -- Set runtime path of "/home/cec20/Yangjiaxin/my-carla-ros-bridge/install/kvaser_msg_interfaces/lib/libkvaser_msg_interfaces__python.so" to ""
[2.733s] -- Installing: /home/cec20/Yangjiaxin/my-carla-ros-bridge/install/kvaser_msg_interfaces/share/kvaser_msg_interfaces/msg/ControlCmd.idl
[2.733s] -- Installing: /home/cec20/Yangjiaxin/my-carla-ros-bridge/install/kvaser_msg_interfaces/share/kvaser_msg_interfaces/msg/ControlCmd.msg
[2.733s] -- Installing: /home/cec20/Yangjiaxin/my-carla-ros-bridge/install/kvaser_msg_interfaces/share/ament_index/resource_index/package_run_dependencies/kvaser_msg_interfaces
[2.733s] -- Installing: /home/cec20/Yangjiaxin/my-carla-ros-bridge/install/kvaser_msg_interfaces/share/ament_index/resource_index/parent_prefix_path/kvaser_msg_interfaces
[2.734s] -- Installing: /home/cec20/Yangjiaxin/my-carla-ros-bridge/install/kvaser_msg_interfaces/share/kvaser_msg_interfaces/environment/ament_prefix_path.sh
[2.734s] -- Installing: /home/cec20/Yangjiaxin/my-carla-ros-bridge/install/kvaser_msg_interfaces/share/kvaser_msg_interfaces/environment/ament_prefix_path.dsv
[2.734s] -- Installing: /home/cec20/Yangjiaxin/my-carla-ros-bridge/install/kvaser_msg_interfaces/share/kvaser_msg_interfaces/environment/path.sh
[2.734s] -- Installing: /home/cec20/Yangjiaxin/my-carla-ros-bridge/install/kvaser_msg_interfaces/share/kvaser_msg_interfaces/environment/path.dsv
[2.734s] -- Installing: /home/cec20/Yangjiaxin/my-carla-ros-bridge/install/kvaser_msg_interfaces/share/kvaser_msg_interfaces/local_setup.bash
[2.734s] -- Installing: /home/cec20/Yangjiaxin/my-carla-ros-bridge/install/kvaser_msg_interfaces/share/kvaser_msg_interfaces/local_setup.sh
[2.734s] -- Installing: /home/cec20/Yangjiaxin/my-carla-ros-bridge/install/kvaser_msg_interfaces/share/kvaser_msg_interfaces/local_setup.zsh
[2.734s] -- Installing: /home/cec20/Yangjiaxin/my-carla-ros-bridge/install/kvaser_msg_interfaces/share/kvaser_msg_interfaces/local_setup.dsv
[2.734s] -- Installing: /home/cec20/Yangjiaxin/my-carla-ros-bridge/install/kvaser_msg_interfaces/share/kvaser_msg_interfaces/package.dsv
[2.734s] -- Installing: /home/cec20/Yangjiaxin/my-carla-ros-bridge/install/kvaser_msg_interfaces/share/ament_index/resource_index/packages/kvaser_msg_interfaces
[2.734s] -- Installing: /home/cec20/Yangjiaxin/my-carla-ros-bridge/install/kvaser_msg_interfaces/share/kvaser_msg_interfaces/cmake/kvaser_msg_interfaces__rosidl_generator_cExport.cmake
[2.734s] -- Installing: /home/cec20/Yangjiaxin/my-carla-ros-bridge/install/kvaser_msg_interfaces/share/kvaser_msg_interfaces/cmake/kvaser_msg_interfaces__rosidl_generator_cExport-noconfig.cmake
[2.735s] -- Installing: /home/cec20/Yangjiaxin/my-carla-ros-bridge/install/kvaser_msg_interfaces/share/kvaser_msg_interfaces/cmake/kvaser_msg_interfaces__rosidl_typesupport_introspection_cExport.cmake
[2.735s] -- Installing: /home/cec20/Yangjiaxin/my-carla-ros-bridge/install/kvaser_msg_interfaces/share/kvaser_msg_interfaces/cmake/kvaser_msg_interfaces__rosidl_typesupport_introspection_cExport-noconfig.cmake
[2.735s] -- Installing: /home/cec20/Yangjiaxin/my-carla-ros-bridge/install/kvaser_msg_interfaces/share/kvaser_msg_interfaces/cmake/kvaser_msg_interfaces__rosidl_typesupport_cExport.cmake
[2.735s] -- Installing: /home/cec20/Yangjiaxin/my-carla-ros-bridge/install/kvaser_msg_interfaces/share/kvaser_msg_interfaces/cmake/kvaser_msg_interfaces__rosidl_typesupport_cExport-noconfig.cmake
[2.735s] -- Installing: /home/cec20/Yangjiaxin/my-carla-ros-bridge/install/kvaser_msg_interfaces/share/kvaser_msg_interfaces/cmake/kvaser_msg_interfaces__rosidl_generator_cppExport.cmake
[2.735s] -- Installing: /home/cec20/Yangjiaxin/my-carla-ros-bridge/install/kvaser_msg_interfaces/share/kvaser_msg_interfaces/cmake/kvaser_msg_interfaces__rosidl_typesupport_introspection_cppExport.cmake
[2.735s] -- Installing: /home/cec20/Yangjiaxin/my-carla-ros-bridge/install/kvaser_msg_interfaces/share/kvaser_msg_interfaces/cmake/kvaser_msg_interfaces__rosidl_typesupport_introspection_cppExport-noconfig.cmake
[2.735s] -- Installing: /home/cec20/Yangjiaxin/my-carla-ros-bridge/install/kvaser_msg_interfaces/share/kvaser_msg_interfaces/cmake/kvaser_msg_interfaces__rosidl_typesupport_cppExport.cmake
[2.735s] -- Installing: /home/cec20/Yangjiaxin/my-carla-ros-bridge/install/kvaser_msg_interfaces/share/kvaser_msg_interfaces/cmake/kvaser_msg_interfaces__rosidl_typesupport_cppExport-noconfig.cmake
[2.735s] -- Installing: /home/cec20/Yangjiaxin/my-carla-ros-bridge/install/kvaser_msg_interfaces/share/kvaser_msg_interfaces/cmake/rosidl_cmake-extras.cmake
[2.736s] -- Installing: /home/cec20/Yangjiaxin/my-carla-ros-bridge/install/kvaser_msg_interfaces/share/kvaser_msg_interfaces/cmake/ament_cmake_export_dependencies-extras.cmake
[2.736s] -- Installing: /home/cec20/Yangjiaxin/my-carla-ros-bridge/install/kvaser_msg_interfaces/share/kvaser_msg_interfaces/cmake/ament_cmake_export_libraries-extras.cmake
[2.736s] -- Installing: /home/cec20/Yangjiaxin/my-carla-ros-bridge/install/kvaser_msg_interfaces/share/kvaser_msg_interfaces/cmake/ament_cmake_export_targets-extras.cmake
[2.736s] -- Installing: /home/cec20/Yangjiaxin/my-carla-ros-bridge/install/kvaser_msg_interfaces/share/kvaser_msg_interfaces/cmake/ament_cmake_export_include_directories-extras.cmake
[2.736s] -- Installing: /home/cec20/Yangjiaxin/my-carla-ros-bridge/install/kvaser_msg_interfaces/share/kvaser_msg_interfaces/cmake/rosidl_cmake_export_typesupport_libraries-extras.cmake
[2.736s] -- Installing: /home/cec20/Yangjiaxin/my-carla-ros-bridge/install/kvaser_msg_interfaces/share/kvaser_msg_interfaces/cmake/rosidl_cmake_export_typesupport_targets-extras.cmake
[2.736s] -- Installing: /home/cec20/Yangjiaxin/my-carla-ros-bridge/install/kvaser_msg_interfaces/share/kvaser_msg_interfaces/cmake/kvaser_msg_interfacesConfig.cmake
[2.736s] -- Installing: /home/cec20/Yangjiaxin/my-carla-ros-bridge/install/kvaser_msg_interfaces/share/kvaser_msg_interfaces/cmake/kvaser_msg_interfacesConfig-version.cmake
[2.736s] -- Installing: /home/cec20/Yangjiaxin/my-carla-ros-bridge/install/kvaser_msg_interfaces/share/kvaser_msg_interfaces/package.xml
[2.740s] Invoked command in '/home/cec20/Yangjiaxin/my-carla-ros-bridge/build/kvaser_msg_interfaces' returned '0': CMAKE_PREFIX_PATH=${CMAKE_PREFIX_PATH}:/home/cec20/carla-ros-bridge/install/set_transform:/home/cec20/carla-ros-bridge/install/rqt_carla_control:/home/cec20/carla-ros-bridge/install/carla_waypoint_publisher:/home/cec20/carla-ros-bridge/install/carla_ackermann_control:/home/cec20/carla-ros-bridge/install/carla_ros_bridge:/home/cec20/carla-ros-bridge/install/carla_spawn_objects:/home/cec20/carla-ros-bridge/install/carla_manual_control:/home/cec20/carla-ros-bridge/install/carla_ad_agent:/home/cec20/carla-ros-bridge/install/ros_compatibility:/home/cec20/carla-ros-bridge/install/imagenode:/home/cec20/carla-ros-bridge/install/carla_walker_agent:/home/cec20/carla-ros-bridge/install/carla_twist_to_control:/home/cec20/carla-ros-bridge/install/carla_ros_scenario_runner:/home/cec20/carla-ros-bridge/install/carla_common:/opt/ros/foxy /usr/bin/cmake --install /home/cec20/Yangjiaxin/my-carla-ros-bridge/build/kvaser_msg_interfaces
