[0.065s] Invoking command in '/home/cec20/Yangjiaxin/my-carla-ros-bridge/build/kvaser_msg_interfaces': CMAKE_PREFIX_PATH=${CMAKE_PREFIX_PATH}:/home/cec20/carla-ros-bridge/install/set_transform:/home/cec20/carla-ros-bridge/install/rqt_carla_control:/home/cec20/carla-ros-bridge/install/carla_waypoint_publisher:/home/cec20/carla-ros-bridge/install/carla_ackermann_control:/home/cec20/carla-ros-bridge/install/carla_ros_bridge:/home/cec20/carla-ros-bridge/install/carla_spawn_objects:/home/cec20/carla-ros-bridge/install/carla_manual_control:/home/cec20/carla-ros-bridge/install/carla_ad_agent:/home/cec20/carla-ros-bridge/install/ros_compatibility:/home/cec20/carla-ros-bridge/install/imagenode:/home/cec20/carla-ros-bridge/install/carla_walker_agent:/home/cec20/carla-ros-bridge/install/carla_twist_to_control:/home/cec20/carla-ros-bridge/install/carla_ros_scenario_runner:/home/cec20/carla-ros-bridge/install/carla_common:/opt/ros/foxy /usr/bin/cmake --build /home/cec20/Yangjiaxin/my-carla-ros-bridge/build/kvaser_msg_interfaces -- -j20 -l20
[0.897s] [  3%] Built target kvaser_msg_interfaces__cpp
[0.897s] [ 12%] Built target kvaser_msg_interfaces__rosidl_generator_c
[0.897s] [ 51%] Built target kvaser_msg_interfaces__rosidl_typesupport_introspection_c
[0.898s] [ 51%] Built target kvaser_msg_interfaces__rosidl_typesupport_c
[0.898s] [ 51%] Built target kvaser_msg_interfaces__rosidl_typesupport_introspection_cpp
[0.899s] [ 51%] Built target kvaser_msg_interfaces__rosidl_typesupport_cpp
[0.900s] [ 61%] Built target kvaser_msg_interfaces__rosidl_typesupport_fastrtps_cpp
[0.900s] [ 70%] Built target kvaser_msg_interfaces__rosidl_typesupport_fastrtps_c
[0.900s] [ 70%] Built target kvaser_msg_interfaces
[0.900s] [ 74%] Built target kvaser_msg_interfaces__py
[0.900s] [ 80%] Built target kvaser_msg_interfaces__python
[0.901s] [ 93%] Built target kvaser_msg_interfaces__rosidl_typesupport_c__pyext
[0.901s] [ 93%] Built target kvaser_msg_interfaces__rosidl_typesupport_introspection_c__pyext
[0.901s] [100%] Built target kvaser_msg_interfaces__rosidl_typesupport_fastrtps_c__pyext
[0.902s] Invoked command in '/home/cec20/Yangjiaxin/my-carla-ros-bridge/build/kvaser_msg_interfaces' returned '0': CMAKE_PREFIX_PATH=${CMAKE_PREFIX_PATH}:/home/cec20/carla-ros-bridge/install/set_transform:/home/cec20/carla-ros-bridge/install/rqt_carla_control:/home/cec20/carla-ros-bridge/install/carla_waypoint_publisher:/home/cec20/carla-ros-bridge/install/carla_ackermann_control:/home/cec20/carla-ros-bridge/install/carla_ros_bridge:/home/cec20/carla-ros-bridge/install/carla_spawn_objects:/home/cec20/carla-ros-bridge/install/carla_manual_control:/home/cec20/carla-ros-bridge/install/carla_ad_agent:/home/cec20/carla-ros-bridge/install/ros_compatibility:/home/cec20/carla-ros-bridge/install/imagenode:/home/cec20/carla-ros-bridge/install/carla_walker_agent:/home/cec20/carla-ros-bridge/install/carla_twist_to_control:/home/cec20/carla-ros-bridge/install/carla_ros_scenario_runner:/home/cec20/carla-ros-bridge/install/carla_common:/opt/ros/foxy /usr/bin/cmake --build /home/cec20/Yangjiaxin/my-carla-ros-bridge/build/kvaser_msg_interfaces -- -j20 -l20
[0.948s] Invoking command in '/home/cec20/Yangjiaxin/my-carla-ros-bridge/build/kvaser_msg_interfaces': CMAKE_PREFIX_PATH=${CMAKE_PREFIX_PATH}:/home/cec20/carla-ros-bridge/install/set_transform:/home/cec20/carla-ros-bridge/install/rqt_carla_control:/home/cec20/carla-ros-bridge/install/carla_waypoint_publisher:/home/cec20/carla-ros-bridge/install/carla_ackermann_control:/home/cec20/carla-ros-bridge/install/carla_ros_bridge:/home/cec20/carla-ros-bridge/install/carla_spawn_objects:/home/cec20/carla-ros-bridge/install/carla_manual_control:/home/cec20/carla-ros-bridge/install/carla_ad_agent:/home/cec20/carla-ros-bridge/install/ros_compatibility:/home/cec20/carla-ros-bridge/install/imagenode:/home/cec20/carla-ros-bridge/install/carla_walker_agent:/home/cec20/carla-ros-bridge/install/carla_twist_to_control:/home/cec20/carla-ros-bridge/install/carla_ros_scenario_runner:/home/cec20/carla-ros-bridge/install/carla_common:/opt/ros/foxy /usr/bin/cmake --install /home/cec20/Yangjiaxin/my-carla-ros-bridge/build/kvaser_msg_interfaces
[0.955s] -- Install configuration: ""
[0.955s] -- Up-to-date: /home/cec20/Yangjiaxin/my-carla-ros-bridge/install/kvaser_msg_interfaces/share/ament_index/resource_index/rosidl_interfaces/kvaser_msg_interfaces
[0.955s] -- Up-to-date: /home/cec20/Yangjiaxin/my-carla-ros-bridge/install/kvaser_msg_interfaces/include/kvaser_msg_interfaces
[0.956s] -- Up-to-date: /home/cec20/Yangjiaxin/my-carla-ros-bridge/install/kvaser_msg_interfaces/include/kvaser_msg_interfaces/msg
[0.956s] -- Up-to-date: /home/cec20/Yangjiaxin/my-carla-ros-bridge/install/kvaser_msg_interfaces/include/kvaser_msg_interfaces/msg/control_cmd.h
[0.956s] -- Up-to-date: /home/cec20/Yangjiaxin/my-carla-ros-bridge/install/kvaser_msg_interfaces/include/kvaser_msg_interfaces/msg/detail
[0.956s] -- Up-to-date: /home/cec20/Yangjiaxin/my-carla-ros-bridge/install/kvaser_msg_interfaces/include/kvaser_msg_interfaces/msg/detail/control_cmd__functions.h
[0.956s] -- Up-to-date: /home/cec20/Yangjiaxin/my-carla-ros-bridge/install/kvaser_msg_interfaces/include/kvaser_msg_interfaces/msg/detail/control_cmd__type_support.h
[0.956s] -- Up-to-date: /home/cec20/Yangjiaxin/my-carla-ros-bridge/install/kvaser_msg_interfaces/include/kvaser_msg_interfaces/msg/detail/control_cmd__struct.h
[0.956s] -- Up-to-date: /home/cec20/Yangjiaxin/my-carla-ros-bridge/install/kvaser_msg_interfaces/include/kvaser_msg_interfaces/msg/detail/control_cmd__functions.c
[0.956s] -- Up-to-date: /home/cec20/Yangjiaxin/my-carla-ros-bridge/install/kvaser_msg_interfaces/include/kvaser_msg_interfaces/msg/rosidl_generator_c__visibility_control.h
[0.956s] -- Up-to-date: /home/cec20/Yangjiaxin/my-carla-ros-bridge/install/kvaser_msg_interfaces/share/kvaser_msg_interfaces/environment/library_path.sh
[0.956s] -- Up-to-date: /home/cec20/Yangjiaxin/my-carla-ros-bridge/install/kvaser_msg_interfaces/share/kvaser_msg_interfaces/environment/library_path.dsv
[0.957s] -- Up-to-date: /home/cec20/Yangjiaxin/my-carla-ros-bridge/install/kvaser_msg_interfaces/lib/libkvaser_msg_interfaces__rosidl_generator_c.so
[0.957s] -- Up-to-date: /home/cec20/Yangjiaxin/my-carla-ros-bridge/install/kvaser_msg_interfaces/include/kvaser_msg_interfaces
[0.957s] -- Up-to-date: /home/cec20/Yangjiaxin/my-carla-ros-bridge/install/kvaser_msg_interfaces/include/kvaser_msg_interfaces/msg
[0.957s] -- Up-to-date: /home/cec20/Yangjiaxin/my-carla-ros-bridge/install/kvaser_msg_interfaces/include/kvaser_msg_interfaces/msg/detail
[0.957s] -- Up-to-date: /home/cec20/Yangjiaxin/my-carla-ros-bridge/install/kvaser_msg_interfaces/include/kvaser_msg_interfaces/msg/detail/control_cmd__rosidl_typesupport_fastrtps_c.h
[0.957s] -- Up-to-date: /home/cec20/Yangjiaxin/my-carla-ros-bridge/install/kvaser_msg_interfaces/include/kvaser_msg_interfaces/msg/rosidl_typesupport_fastrtps_c__visibility_control.h
[0.957s] -- Up-to-date: /home/cec20/Yangjiaxin/my-carla-ros-bridge/install/kvaser_msg_interfaces/lib/libkvaser_msg_interfaces__rosidl_typesupport_fastrtps_c.so
[0.957s] -- Up-to-date: /home/cec20/Yangjiaxin/my-carla-ros-bridge/install/kvaser_msg_interfaces/include/kvaser_msg_interfaces
[0.957s] -- Up-to-date: /home/cec20/Yangjiaxin/my-carla-ros-bridge/install/kvaser_msg_interfaces/include/kvaser_msg_interfaces/msg
[0.957s] -- Up-to-date: /home/cec20/Yangjiaxin/my-carla-ros-bridge/install/kvaser_msg_interfaces/include/kvaser_msg_interfaces/msg/detail
[0.957s] -- Up-to-date: /home/cec20/Yangjiaxin/my-carla-ros-bridge/install/kvaser_msg_interfaces/include/kvaser_msg_interfaces/msg/detail/control_cmd__rosidl_typesupport_fastrtps_cpp.hpp
[0.958s] -- Up-to-date: /home/cec20/Yangjiaxin/my-carla-ros-bridge/install/kvaser_msg_interfaces/include/kvaser_msg_interfaces/msg/detail/dds_fastrtps
[0.958s] -- Up-to-date: /home/cec20/Yangjiaxin/my-carla-ros-bridge/install/kvaser_msg_interfaces/include/kvaser_msg_interfaces/msg/rosidl_typesupport_fastrtps_cpp__visibility_control.h
[0.958s] -- Up-to-date: /home/cec20/Yangjiaxin/my-carla-ros-bridge/install/kvaser_msg_interfaces/lib/libkvaser_msg_interfaces__rosidl_typesupport_fastrtps_cpp.so
[0.958s] -- Up-to-date: /home/cec20/Yangjiaxin/my-carla-ros-bridge/install/kvaser_msg_interfaces/include/kvaser_msg_interfaces
[0.958s] -- Up-to-date: /home/cec20/Yangjiaxin/my-carla-ros-bridge/install/kvaser_msg_interfaces/include/kvaser_msg_interfaces/msg
[0.958s] -- Up-to-date: /home/cec20/Yangjiaxin/my-carla-ros-bridge/install/kvaser_msg_interfaces/include/kvaser_msg_interfaces/msg/detail
[0.958s] -- Up-to-date: /home/cec20/Yangjiaxin/my-carla-ros-bridge/install/kvaser_msg_interfaces/include/kvaser_msg_interfaces/msg/detail/control_cmd__type_support.c
[0.958s] -- Up-to-date: /home/cec20/Yangjiaxin/my-carla-ros-bridge/install/kvaser_msg_interfaces/include/kvaser_msg_interfaces/msg/detail/control_cmd__rosidl_typesupport_introspection_c.h
[0.958s] -- Up-to-date: /home/cec20/Yangjiaxin/my-carla-ros-bridge/install/kvaser_msg_interfaces/include/kvaser_msg_interfaces/msg/rosidl_typesupport_introspection_c__visibility_control.h
[0.958s] -- Up-to-date: /home/cec20/Yangjiaxin/my-carla-ros-bridge/install/kvaser_msg_interfaces/lib/libkvaser_msg_interfaces__rosidl_typesupport_introspection_c.so
[0.958s] -- Up-to-date: /home/cec20/Yangjiaxin/my-carla-ros-bridge/install/kvaser_msg_interfaces/lib/libkvaser_msg_interfaces__rosidl_typesupport_c.so
[0.959s] -- Up-to-date: /home/cec20/Yangjiaxin/my-carla-ros-bridge/install/kvaser_msg_interfaces/include/kvaser_msg_interfaces
[0.959s] -- Up-to-date: /home/cec20/Yangjiaxin/my-carla-ros-bridge/install/kvaser_msg_interfaces/include/kvaser_msg_interfaces/msg
[0.959s] -- Up-to-date: /home/cec20/Yangjiaxin/my-carla-ros-bridge/install/kvaser_msg_interfaces/include/kvaser_msg_interfaces/msg/detail
[0.959s] -- Up-to-date: /home/cec20/Yangjiaxin/my-carla-ros-bridge/install/kvaser_msg_interfaces/include/kvaser_msg_interfaces/msg/detail/control_cmd__traits.hpp
[0.959s] -- Up-to-date: /home/cec20/Yangjiaxin/my-carla-ros-bridge/install/kvaser_msg_interfaces/include/kvaser_msg_interfaces/msg/detail/control_cmd__builder.hpp
[0.959s] -- Up-to-date: /home/cec20/Yangjiaxin/my-carla-ros-bridge/install/kvaser_msg_interfaces/include/kvaser_msg_interfaces/msg/detail/control_cmd__struct.hpp
[0.959s] -- Up-to-date: /home/cec20/Yangjiaxin/my-carla-ros-bridge/install/kvaser_msg_interfaces/include/kvaser_msg_interfaces/msg/control_cmd.hpp
[0.959s] -- Up-to-date: /home/cec20/Yangjiaxin/my-carla-ros-bridge/install/kvaser_msg_interfaces/include/kvaser_msg_interfaces
[0.959s] -- Up-to-date: /home/cec20/Yangjiaxin/my-carla-ros-bridge/install/kvaser_msg_interfaces/include/kvaser_msg_interfaces/msg
[0.959s] -- Up-to-date: /home/cec20/Yangjiaxin/my-carla-ros-bridge/install/kvaser_msg_interfaces/include/kvaser_msg_interfaces/msg/detail
[0.959s] -- Up-to-date: /home/cec20/Yangjiaxin/my-carla-ros-bridge/install/kvaser_msg_interfaces/include/kvaser_msg_interfaces/msg/detail/control_cmd__rosidl_typesupport_introspection_cpp.hpp
[0.960s] -- Up-to-date: /home/cec20/Yangjiaxin/my-carla-ros-bridge/install/kvaser_msg_interfaces/include/kvaser_msg_interfaces/msg/detail/control_cmd__type_support.cpp
[0.960s] -- Up-to-date: /home/cec20/Yangjiaxin/my-carla-ros-bridge/install/kvaser_msg_interfaces/lib/libkvaser_msg_interfaces__rosidl_typesupport_introspection_cpp.so
[0.960s] -- Up-to-date: /home/cec20/Yangjiaxin/my-carla-ros-bridge/install/kvaser_msg_interfaces/lib/libkvaser_msg_interfaces__rosidl_typesupport_cpp.so
[0.960s] -- Up-to-date: /home/cec20/Yangjiaxin/my-carla-ros-bridge/install/kvaser_msg_interfaces/share/kvaser_msg_interfaces/environment/pythonpath.sh
[0.960s] -- Up-to-date: /home/cec20/Yangjiaxin/my-carla-ros-bridge/install/kvaser_msg_interfaces/share/kvaser_msg_interfaces/environment/pythonpath.dsv
[0.960s] -- Up-to-date: /home/cec20/Yangjiaxin/my-carla-ros-bridge/install/kvaser_msg_interfaces/lib/python3.8/site-packages/kvaser_msg_interfaces/__init__.py
[0.993s] -- Up-to-date: /home/cec20/Yangjiaxin/my-carla-ros-bridge/install/kvaser_msg_interfaces/lib/python3.8/site-packages/kvaser_msg_interfaces/msg
[0.993s] -- Up-to-date: /home/cec20/Yangjiaxin/my-carla-ros-bridge/install/kvaser_msg_interfaces/lib/python3.8/site-packages/kvaser_msg_interfaces/msg/_control_cmd_s.c
[0.993s] -- Up-to-date: /home/cec20/Yangjiaxin/my-carla-ros-bridge/install/kvaser_msg_interfaces/lib/python3.8/site-packages/kvaser_msg_interfaces/msg/__init__.py
[0.993s] -- Up-to-date: /home/cec20/Yangjiaxin/my-carla-ros-bridge/install/kvaser_msg_interfaces/lib/python3.8/site-packages/kvaser_msg_interfaces/msg/_control_cmd.py
[0.993s] -- Up-to-date: /home/cec20/Yangjiaxin/my-carla-ros-bridge/install/kvaser_msg_interfaces/lib/python3.8/site-packages/kvaser_msg_interfaces/kvaser_msg_interfaces_s__rosidl_typesupport_fastrtps_c.cpython-38-x86_64-linux-gnu.so
[0.994s] -- Up-to-date: /home/cec20/Yangjiaxin/my-carla-ros-bridge/install/kvaser_msg_interfaces/lib/python3.8/site-packages/kvaser_msg_interfaces/kvaser_msg_interfaces_s__rosidl_typesupport_introspection_c.cpython-38-x86_64-linux-gnu.so
[0.994s] -- Up-to-date: /home/cec20/Yangjiaxin/my-carla-ros-bridge/install/kvaser_msg_interfaces/lib/python3.8/site-packages/kvaser_msg_interfaces/kvaser_msg_interfaces_s__rosidl_typesupport_c.cpython-38-x86_64-linux-gnu.so
[0.994s] -- Up-to-date: /home/cec20/Yangjiaxin/my-carla-ros-bridge/install/kvaser_msg_interfaces/lib/libkvaser_msg_interfaces__python.so
[0.994s] -- Up-to-date: /home/cec20/Yangjiaxin/my-carla-ros-bridge/install/kvaser_msg_interfaces/share/kvaser_msg_interfaces/msg/ControlCmd.idl
[0.995s] -- Up-to-date: /home/cec20/Yangjiaxin/my-carla-ros-bridge/install/kvaser_msg_interfaces/share/kvaser_msg_interfaces/msg/ControlCmd.msg
[0.995s] -- Up-to-date: /home/cec20/Yangjiaxin/my-carla-ros-bridge/install/kvaser_msg_interfaces/share/ament_index/resource_index/package_run_dependencies/kvaser_msg_interfaces
[0.995s] -- Up-to-date: /home/cec20/Yangjiaxin/my-carla-ros-bridge/install/kvaser_msg_interfaces/share/ament_index/resource_index/parent_prefix_path/kvaser_msg_interfaces
[0.995s] -- Up-to-date: /home/cec20/Yangjiaxin/my-carla-ros-bridge/install/kvaser_msg_interfaces/share/kvaser_msg_interfaces/environment/ament_prefix_path.sh
[0.995s] -- Up-to-date: /home/cec20/Yangjiaxin/my-carla-ros-bridge/install/kvaser_msg_interfaces/share/kvaser_msg_interfaces/environment/ament_prefix_path.dsv
[0.995s] -- Up-to-date: /home/cec20/Yangjiaxin/my-carla-ros-bridge/install/kvaser_msg_interfaces/share/kvaser_msg_interfaces/environment/path.sh
[0.995s] -- Up-to-date: /home/cec20/Yangjiaxin/my-carla-ros-bridge/install/kvaser_msg_interfaces/share/kvaser_msg_interfaces/environment/path.dsv
[0.995s] -- Up-to-date: /home/cec20/Yangjiaxin/my-carla-ros-bridge/install/kvaser_msg_interfaces/share/kvaser_msg_interfaces/local_setup.bash
[0.995s] -- Up-to-date: /home/cec20/Yangjiaxin/my-carla-ros-bridge/install/kvaser_msg_interfaces/share/kvaser_msg_interfaces/local_setup.sh
[0.995s] -- Up-to-date: /home/cec20/Yangjiaxin/my-carla-ros-bridge/install/kvaser_msg_interfaces/share/kvaser_msg_interfaces/local_setup.zsh
[0.995s] -- Up-to-date: /home/cec20/Yangjiaxin/my-carla-ros-bridge/install/kvaser_msg_interfaces/share/kvaser_msg_interfaces/local_setup.dsv
[0.995s] -- Installing: /home/cec20/Yangjiaxin/my-carla-ros-bridge/install/kvaser_msg_interfaces/share/kvaser_msg_interfaces/package.dsv
[0.995s] -- Up-to-date: /home/cec20/Yangjiaxin/my-carla-ros-bridge/install/kvaser_msg_interfaces/share/ament_index/resource_index/packages/kvaser_msg_interfaces
[0.995s] -- Up-to-date: /home/cec20/Yangjiaxin/my-carla-ros-bridge/install/kvaser_msg_interfaces/share/kvaser_msg_interfaces/cmake/kvaser_msg_interfaces__rosidl_generator_cExport.cmake
[0.995s] -- Up-to-date: /home/cec20/Yangjiaxin/my-carla-ros-bridge/install/kvaser_msg_interfaces/share/kvaser_msg_interfaces/cmake/kvaser_msg_interfaces__rosidl_generator_cExport-noconfig.cmake
[0.996s] -- Up-to-date: /home/cec20/Yangjiaxin/my-carla-ros-bridge/install/kvaser_msg_interfaces/share/kvaser_msg_interfaces/cmake/kvaser_msg_interfaces__rosidl_typesupport_introspection_cExport.cmake
[0.996s] -- Up-to-date: /home/cec20/Yangjiaxin/my-carla-ros-bridge/install/kvaser_msg_interfaces/share/kvaser_msg_interfaces/cmake/kvaser_msg_interfaces__rosidl_typesupport_introspection_cExport-noconfig.cmake
[0.996s] -- Up-to-date: /home/cec20/Yangjiaxin/my-carla-ros-bridge/install/kvaser_msg_interfaces/share/kvaser_msg_interfaces/cmake/kvaser_msg_interfaces__rosidl_typesupport_cExport.cmake
[0.996s] -- Up-to-date: /home/cec20/Yangjiaxin/my-carla-ros-bridge/install/kvaser_msg_interfaces/share/kvaser_msg_interfaces/cmake/kvaser_msg_interfaces__rosidl_typesupport_cExport-noconfig.cmake
[0.996s] -- Up-to-date: /home/cec20/Yangjiaxin/my-carla-ros-bridge/install/kvaser_msg_interfaces/share/kvaser_msg_interfaces/cmake/kvaser_msg_interfaces__rosidl_generator_cppExport.cmake
[0.996s] -- Up-to-date: /home/cec20/Yangjiaxin/my-carla-ros-bridge/install/kvaser_msg_interfaces/share/kvaser_msg_interfaces/cmake/kvaser_msg_interfaces__rosidl_typesupport_introspection_cppExport.cmake
[0.996s] -- Up-to-date: /home/cec20/Yangjiaxin/my-carla-ros-bridge/install/kvaser_msg_interfaces/share/kvaser_msg_interfaces/cmake/kvaser_msg_interfaces__rosidl_typesupport_introspection_cppExport-noconfig.cmake
[0.996s] -- Up-to-date: /home/cec20/Yangjiaxin/my-carla-ros-bridge/install/kvaser_msg_interfaces/share/kvaser_msg_interfaces/cmake/kvaser_msg_interfaces__rosidl_typesupport_cppExport.cmake
[0.996s] -- Up-to-date: /home/cec20/Yangjiaxin/my-carla-ros-bridge/install/kvaser_msg_interfaces/share/kvaser_msg_interfaces/cmake/kvaser_msg_interfaces__rosidl_typesupport_cppExport-noconfig.cmake
[0.997s] -- Up-to-date: /home/cec20/Yangjiaxin/my-carla-ros-bridge/install/kvaser_msg_interfaces/share/kvaser_msg_interfaces/cmake/rosidl_cmake-extras.cmake
[0.997s] -- Up-to-date: /home/cec20/Yangjiaxin/my-carla-ros-bridge/install/kvaser_msg_interfaces/share/kvaser_msg_interfaces/cmake/ament_cmake_export_dependencies-extras.cmake
[0.997s] -- Up-to-date: /home/cec20/Yangjiaxin/my-carla-ros-bridge/install/kvaser_msg_interfaces/share/kvaser_msg_interfaces/cmake/ament_cmake_export_libraries-extras.cmake
[0.997s] -- Up-to-date: /home/cec20/Yangjiaxin/my-carla-ros-bridge/install/kvaser_msg_interfaces/share/kvaser_msg_interfaces/cmake/ament_cmake_export_targets-extras.cmake
[0.997s] -- Up-to-date: /home/cec20/Yangjiaxin/my-carla-ros-bridge/install/kvaser_msg_interfaces/share/kvaser_msg_interfaces/cmake/ament_cmake_export_include_directories-extras.cmake
[0.997s] -- Up-to-date: /home/cec20/Yangjiaxin/my-carla-ros-bridge/install/kvaser_msg_interfaces/share/kvaser_msg_interfaces/cmake/rosidl_cmake_export_typesupport_libraries-extras.cmake
[0.997s] -- Up-to-date: /home/cec20/Yangjiaxin/my-carla-ros-bridge/install/kvaser_msg_interfaces/share/kvaser_msg_interfaces/cmake/rosidl_cmake_export_typesupport_targets-extras.cmake
[0.997s] -- Up-to-date: /home/cec20/Yangjiaxin/my-carla-ros-bridge/install/kvaser_msg_interfaces/share/kvaser_msg_interfaces/cmake/kvaser_msg_interfacesConfig.cmake
[0.998s] -- Up-to-date: /home/cec20/Yangjiaxin/my-carla-ros-bridge/install/kvaser_msg_interfaces/share/kvaser_msg_interfaces/cmake/kvaser_msg_interfacesConfig-version.cmake
[0.998s] -- Up-to-date: /home/cec20/Yangjiaxin/my-carla-ros-bridge/install/kvaser_msg_interfaces/share/kvaser_msg_interfaces/package.xml
[0.999s] Invoked command in '/home/cec20/Yangjiaxin/my-carla-ros-bridge/build/kvaser_msg_interfaces' returned '0': CMAKE_PREFIX_PATH=${CMAKE_PREFIX_PATH}:/home/cec20/carla-ros-bridge/install/set_transform:/home/cec20/carla-ros-bridge/install/rqt_carla_control:/home/cec20/carla-ros-bridge/install/carla_waypoint_publisher:/home/cec20/carla-ros-bridge/install/carla_ackermann_control:/home/cec20/carla-ros-bridge/install/carla_ros_bridge:/home/cec20/carla-ros-bridge/install/carla_spawn_objects:/home/cec20/carla-ros-bridge/install/carla_manual_control:/home/cec20/carla-ros-bridge/install/carla_ad_agent:/home/cec20/carla-ros-bridge/install/ros_compatibility:/home/cec20/carla-ros-bridge/install/imagenode:/home/cec20/carla-ros-bridge/install/carla_walker_agent:/home/cec20/carla-ros-bridge/install/carla_twist_to_control:/home/cec20/carla-ros-bridge/install/carla_ros_scenario_runner:/home/cec20/carla-ros-bridge/install/carla_common:/opt/ros/foxy /usr/bin/cmake --install /home/cec20/Yangjiaxin/my-carla-ros-bridge/build/kvaser_msg_interfaces
