running egg_info
creating ../../build/kvaser_parser_ros/kvaser_parser_ros.egg-info
writing ../../build/kvaser_parser_ros/kvaser_parser_ros.egg-info/PKG-INFO
writing dependency_links to ../../build/kvaser_parser_ros/kvaser_parser_ros.egg-info/dependency_links.txt
writing entry points to ../../build/kvaser_parser_ros/kvaser_parser_ros.egg-info/entry_points.txt
writing requirements to ../../build/kvaser_parser_ros/kvaser_parser_ros.egg-info/requires.txt
writing top-level names to ../../build/kvaser_parser_ros/kvaser_parser_ros.egg-info/top_level.txt
writing manifest file '../../build/kvaser_parser_ros/kvaser_parser_ros.egg-info/SOURCES.txt'
reading manifest file '../../build/kvaser_parser_ros/kvaser_parser_ros.egg-info/SOURCES.txt'
writing manifest file '../../build/kvaser_parser_ros/kvaser_parser_ros.egg-info/SOURCES.txt'
running build
running build_py
creating /home/cec20/Yangjiaxin/my-carla-ros-bridge/build/kvaser_parser_ros/build
creating /home/cec20/Yangjiaxin/my-carla-ros-bridge/build/kvaser_parser_ros/build/lib
creating /home/cec20/Yangjiaxin/my-carla-ros-bridge/build/kvaser_parser_ros/build/lib/kvaser_parser_ros
copying kvaser_parser_ros/read_from_kvaser.py -> /home/cec20/Yangjiaxin/my-carla-ros-bridge/build/kvaser_parser_ros/build/lib/kvaser_parser_ros
copying kvaser_parser_ros/kvaser_ros.py -> /home/cec20/Yangjiaxin/my-carla-ros-bridge/build/kvaser_parser_ros/build/lib/kvaser_parser_ros
copying kvaser_parser_ros/write_to_kvaser.py -> /home/cec20/Yangjiaxin/my-carla-ros-bridge/build/kvaser_parser_ros/build/lib/kvaser_parser_ros
copying kvaser_parser_ros/write_to_kvaser copy.py -> /home/cec20/Yangjiaxin/my-carla-ros-bridge/build/kvaser_parser_ros/build/lib/kvaser_parser_ros
copying kvaser_parser_ros/read_from_kvaser_queue.py -> /home/cec20/Yangjiaxin/my-carla-ros-bridge/build/kvaser_parser_ros/build/lib/kvaser_parser_ros
copying kvaser_parser_ros/__init__.py -> /home/cec20/Yangjiaxin/my-carla-ros-bridge/build/kvaser_parser_ros/build/lib/kvaser_parser_ros
running install
running install_lib
creating /home/cec20/Yangjiaxin/my-carla-ros-bridge/install/kvaser_parser_ros/lib/python3.8/site-packages/kvaser_parser_ros
copying /home/cec20/Yangjiaxin/my-carla-ros-bridge/build/kvaser_parser_ros/build/lib/kvaser_parser_ros/read_from_kvaser.py -> /home/cec20/Yangjiaxin/my-carla-ros-bridge/install/kvaser_parser_ros/lib/python3.8/site-packages/kvaser_parser_ros
copying /home/cec20/Yangjiaxin/my-carla-ros-bridge/build/kvaser_parser_ros/build/lib/kvaser_parser_ros/kvaser_ros.py -> /home/cec20/Yangjiaxin/my-carla-ros-bridge/install/kvaser_parser_ros/lib/python3.8/site-packages/kvaser_parser_ros
copying /home/cec20/Yangjiaxin/my-carla-ros-bridge/build/kvaser_parser_ros/build/lib/kvaser_parser_ros/write_to_kvaser.py -> /home/cec20/Yangjiaxin/my-carla-ros-bridge/install/kvaser_parser_ros/lib/python3.8/site-packages/kvaser_parser_ros
copying /home/cec20/Yangjiaxin/my-carla-ros-bridge/build/kvaser_parser_ros/build/lib/kvaser_parser_ros/write_to_kvaser copy.py -> /home/cec20/Yangjiaxin/my-carla-ros-bridge/install/kvaser_parser_ros/lib/python3.8/site-packages/kvaser_parser_ros
copying /home/cec20/Yangjiaxin/my-carla-ros-bridge/build/kvaser_parser_ros/build/lib/kvaser_parser_ros/read_from_kvaser_queue.py -> /home/cec20/Yangjiaxin/my-carla-ros-bridge/install/kvaser_parser_ros/lib/python3.8/site-packages/kvaser_parser_ros
copying /home/cec20/Yangjiaxin/my-carla-ros-bridge/build/kvaser_parser_ros/build/lib/kvaser_parser_ros/__init__.py -> /home/cec20/Yangjiaxin/my-carla-ros-bridge/install/kvaser_parser_ros/lib/python3.8/site-packages/kvaser_parser_ros
byte-compiling /home/cec20/Yangjiaxin/my-carla-ros-bridge/install/kvaser_parser_ros/lib/python3.8/site-packages/kvaser_parser_ros/read_from_kvaser.py to read_from_kvaser.cpython-38.pyc
byte-compiling /home/cec20/Yangjiaxin/my-carla-ros-bridge/install/kvaser_parser_ros/lib/python3.8/site-packages/kvaser_parser_ros/kvaser_ros.py to kvaser_ros.cpython-38.pyc
byte-compiling /home/cec20/Yangjiaxin/my-carla-ros-bridge/install/kvaser_parser_ros/lib/python3.8/site-packages/kvaser_parser_ros/write_to_kvaser.py to write_to_kvaser.cpython-38.pyc
byte-compiling /home/cec20/Yangjiaxin/my-carla-ros-bridge/install/kvaser_parser_ros/lib/python3.8/site-packages/kvaser_parser_ros/write_to_kvaser copy.py to write_to_kvaser copy.cpython-38.pyc
byte-compiling /home/cec20/Yangjiaxin/my-carla-ros-bridge/install/kvaser_parser_ros/lib/python3.8/site-packages/kvaser_parser_ros/read_from_kvaser_queue.py to read_from_kvaser_queue.cpython-38.pyc
byte-compiling /home/cec20/Yangjiaxin/my-carla-ros-bridge/install/kvaser_parser_ros/lib/python3.8/site-packages/kvaser_parser_ros/__init__.py to __init__.cpython-38.pyc
running install_data
creating /home/cec20/Yangjiaxin/my-carla-ros-bridge/install/kvaser_parser_ros/share/ament_index
creating /home/cec20/Yangjiaxin/my-carla-ros-bridge/install/kvaser_parser_ros/share/ament_index/resource_index
creating /home/cec20/Yangjiaxin/my-carla-ros-bridge/install/kvaser_parser_ros/share/ament_index/resource_index/packages
copying resource/kvaser_parser_ros -> /home/cec20/Yangjiaxin/my-carla-ros-bridge/install/kvaser_parser_ros/share/ament_index/resource_index/packages
copying package.xml -> /home/cec20/Yangjiaxin/my-carla-ros-bridge/install/kvaser_parser_ros/share/kvaser_parser_ros
running install_egg_info
Copying ../../build/kvaser_parser_ros/kvaser_parser_ros.egg-info to /home/cec20/Yangjiaxin/my-carla-ros-bridge/install/kvaser_parser_ros/lib/python3.8/site-packages/kvaser_parser_ros-0.0.0-py3.8.egg-info
running install_scripts
Installing kvaser_ros script to /home/cec20/Yangjiaxin/my-carla-ros-bridge/install/kvaser_parser_ros/lib/kvaser_parser_ros
Installing read_from_kvaser script to /home/cec20/Yangjiaxin/my-carla-ros-bridge/install/kvaser_parser_ros/lib/kvaser_parser_ros
Installing read_from_kvaser_queue script to /home/cec20/Yangjiaxin/my-carla-ros-bridge/install/kvaser_parser_ros/lib/kvaser_parser_ros
Installing write_to_kvaser script to /home/cec20/Yangjiaxin/my-carla-ros-bridge/install/kvaser_parser_ros/lib/kvaser_parser_ros
writing list of installed files to '/home/cec20/Yangjiaxin/my-carla-ros-bridge/build/kvaser_parser_ros/install.log'
