running egg_info
creating ../../build/set_transform/set_transform.egg-info
writing ../../build/set_transform/set_transform.egg-info/PKG-INFO
writing dependency_links to ../../build/set_transform/set_transform.egg-info/dependency_links.txt
writing entry points to ../../build/set_transform/set_transform.egg-info/entry_points.txt
writing requirements to ../../build/set_transform/set_transform.egg-info/requires.txt
writing top-level names to ../../build/set_transform/set_transform.egg-info/top_level.txt
writing manifest file '../../build/set_transform/set_transform.egg-info/SOURCES.txt'
reading manifest file '../../build/set_transform/set_transform.egg-info/SOURCES.txt'
writing manifest file '../../build/set_transform/set_transform.egg-info/SOURCES.txt'
running build
running build_py
creating /home/cec20/Yangjiaxin/my-carla-ros-bridge/build/set_transform/build
creating /home/cec20/Yangjiaxin/my-carla-ros-bridge/build/set_transform/build/lib
creating /home/cec20/Yangjiaxin/my-carla-ros-bridge/build/set_transform/build/lib/set_transform
copying set_transform/test3.py -> /home/cec20/Yangjiaxin/my-carla-ros-bridge/build/set_transform/build/lib/set_transform
copying set_transform/manual_set.py -> /home/cec20/Yangjiaxin/my-carla-ros-bridge/build/set_transform/build/lib/set_transform
copying set_transform/test2.py -> /home/cec20/Yangjiaxin/my-carla-ros-bridge/build/set_transform/build/lib/set_transform
copying set_transform/test1.py -> /home/cec20/Yangjiaxin/my-carla-ros-bridge/build/set_transform/build/lib/set_transform
copying set_transform/1.py -> /home/cec20/Yangjiaxin/my-carla-ros-bridge/build/set_transform/build/lib/set_transform
copying set_transform/__init__.py -> /home/cec20/Yangjiaxin/my-carla-ros-bridge/build/set_transform/build/lib/set_transform
copying set_transform/auto_set.py -> /home/cec20/Yangjiaxin/my-carla-ros-bridge/build/set_transform/build/lib/set_transform
running install
running install_lib
creating /home/cec20/Yangjiaxin/my-carla-ros-bridge/install/set_transform/lib/python3.8/site-packages/set_transform
copying /home/cec20/Yangjiaxin/my-carla-ros-bridge/build/set_transform/build/lib/set_transform/test3.py -> /home/cec20/Yangjiaxin/my-carla-ros-bridge/install/set_transform/lib/python3.8/site-packages/set_transform
copying /home/cec20/Yangjiaxin/my-carla-ros-bridge/build/set_transform/build/lib/set_transform/manual_set.py -> /home/cec20/Yangjiaxin/my-carla-ros-bridge/install/set_transform/lib/python3.8/site-packages/set_transform
copying /home/cec20/Yangjiaxin/my-carla-ros-bridge/build/set_transform/build/lib/set_transform/test2.py -> /home/cec20/Yangjiaxin/my-carla-ros-bridge/install/set_transform/lib/python3.8/site-packages/set_transform
copying /home/cec20/Yangjiaxin/my-carla-ros-bridge/build/set_transform/build/lib/set_transform/test1.py -> /home/cec20/Yangjiaxin/my-carla-ros-bridge/install/set_transform/lib/python3.8/site-packages/set_transform
copying /home/cec20/Yangjiaxin/my-carla-ros-bridge/build/set_transform/build/lib/set_transform/1.py -> /home/cec20/Yangjiaxin/my-carla-ros-bridge/install/set_transform/lib/python3.8/site-packages/set_transform
copying /home/cec20/Yangjiaxin/my-carla-ros-bridge/build/set_transform/build/lib/set_transform/__init__.py -> /home/cec20/Yangjiaxin/my-carla-ros-bridge/install/set_transform/lib/python3.8/site-packages/set_transform
copying /home/cec20/Yangjiaxin/my-carla-ros-bridge/build/set_transform/build/lib/set_transform/auto_set.py -> /home/cec20/Yangjiaxin/my-carla-ros-bridge/install/set_transform/lib/python3.8/site-packages/set_transform
byte-compiling /home/cec20/Yangjiaxin/my-carla-ros-bridge/install/set_transform/lib/python3.8/site-packages/set_transform/test3.py to test3.cpython-38.pyc
byte-compiling /home/cec20/Yangjiaxin/my-carla-ros-bridge/install/set_transform/lib/python3.8/site-packages/set_transform/manual_set.py to manual_set.cpython-38.pyc
byte-compiling /home/cec20/Yangjiaxin/my-carla-ros-bridge/install/set_transform/lib/python3.8/site-packages/set_transform/test2.py to test2.cpython-38.pyc
byte-compiling /home/cec20/Yangjiaxin/my-carla-ros-bridge/install/set_transform/lib/python3.8/site-packages/set_transform/test1.py to test1.cpython-38.pyc
byte-compiling /home/cec20/Yangjiaxin/my-carla-ros-bridge/install/set_transform/lib/python3.8/site-packages/set_transform/1.py to 1.cpython-38.pyc
byte-compiling /home/cec20/Yangjiaxin/my-carla-ros-bridge/install/set_transform/lib/python3.8/site-packages/set_transform/__init__.py to __init__.cpython-38.pyc
byte-compiling /home/cec20/Yangjiaxin/my-carla-ros-bridge/install/set_transform/lib/python3.8/site-packages/set_transform/auto_set.py to auto_set.cpython-38.pyc
running install_data
creating /home/cec20/Yangjiaxin/my-carla-ros-bridge/install/set_transform/share/ament_index
creating /home/cec20/Yangjiaxin/my-carla-ros-bridge/install/set_transform/share/ament_index/resource_index
creating /home/cec20/Yangjiaxin/my-carla-ros-bridge/install/set_transform/share/ament_index/resource_index/packages
copying resource/set_transform -> /home/cec20/Yangjiaxin/my-carla-ros-bridge/install/set_transform/share/ament_index/resource_index/packages
copying package.xml -> /home/cec20/Yangjiaxin/my-carla-ros-bridge/install/set_transform/share/set_transform
running install_egg_info
Copying ../../build/set_transform/set_transform.egg-info to /home/cec20/Yangjiaxin/my-carla-ros-bridge/install/set_transform/lib/python3.8/site-packages/set_transform-0.0.0-py3.8.egg-info
running install_scripts
Installing test1 script to /home/cec20/Yangjiaxin/my-carla-ros-bridge/install/set_transform/lib/set_transform
Installing test2 script to /home/cec20/Yangjiaxin/my-carla-ros-bridge/install/set_transform/lib/set_transform
Installing transform_autoset script to /home/cec20/Yangjiaxin/my-carla-ros-bridge/install/set_transform/lib/set_transform
Installing transform_manualset script to /home/cec20/Yangjiaxin/my-carla-ros-bridge/install/set_transform/lib/set_transform
writing list of installed files to '/home/cec20/Yangjiaxin/my-carla-ros-bridge/build/set_transform/install.log'
