[1.331s] Invoking command in '/home/cec20/Yangjiaxin/my-carla-ros-bridge/src/set_transform': PYTHONPATH=/home/cec20/Yangjiaxin/my-carla-ros-bridge/build/set_transform/prefix_override:/home/cec20/Yangjiaxin/my-carla-ros-bridge/install/set_transform/lib/python3.8/site-packages:${PYTHONPATH} /usr/bin/python3 setup.py egg_info --egg-base ../../build/set_transform build --build-base /home/cec20/Yangjiaxin/my-carla-ros-bridge/build/set_transform/build install --record /home/cec20/Yangjiaxin/my-carla-ros-bridge/build/set_transform/install.log --install-scripts $base/lib/set_transform --single-version-externally-managed
[1.509s] running egg_info
[1.510s] creating ../../build/set_transform/set_transform.egg-info
[1.510s] writing ../../build/set_transform/set_transform.egg-info/PKG-INFO
[1.510s] writing dependency_links to ../../build/set_transform/set_transform.egg-info/dependency_links.txt
[1.510s] writing entry points to ../../build/set_transform/set_transform.egg-info/entry_points.txt
[1.510s] writing requirements to ../../build/set_transform/set_transform.egg-info/requires.txt
[1.510s] writing top-level names to ../../build/set_transform/set_transform.egg-info/top_level.txt
[1.511s] writing manifest file '../../build/set_transform/set_transform.egg-info/SOURCES.txt'
[1.534s] reading manifest file '../../build/set_transform/set_transform.egg-info/SOURCES.txt'
[1.534s] writing manifest file '../../build/set_transform/set_transform.egg-info/SOURCES.txt'
[1.535s] running build
[1.535s] running build_py
[1.535s] creating /home/cec20/Yangjiaxin/my-carla-ros-bridge/build/set_transform/build
[1.535s] creating /home/cec20/Yangjiaxin/my-carla-ros-bridge/build/set_transform/build/lib
[1.535s] creating /home/cec20/Yangjiaxin/my-carla-ros-bridge/build/set_transform/build/lib/set_transform
[1.535s] copying set_transform/test3.py -> /home/cec20/Yangjiaxin/my-carla-ros-bridge/build/set_transform/build/lib/set_transform
[1.535s] copying set_transform/manual_set.py -> /home/cec20/Yangjiaxin/my-carla-ros-bridge/build/set_transform/build/lib/set_transform
[1.535s] copying set_transform/test2.py -> /home/cec20/Yangjiaxin/my-carla-ros-bridge/build/set_transform/build/lib/set_transform
[1.535s] copying set_transform/test1.py -> /home/cec20/Yangjiaxin/my-carla-ros-bridge/build/set_transform/build/lib/set_transform
[1.535s] copying set_transform/1.py -> /home/cec20/Yangjiaxin/my-carla-ros-bridge/build/set_transform/build/lib/set_transform
[1.535s] copying set_transform/__init__.py -> /home/cec20/Yangjiaxin/my-carla-ros-bridge/build/set_transform/build/lib/set_transform
[1.535s] copying set_transform/auto_set.py -> /home/cec20/Yangjiaxin/my-carla-ros-bridge/build/set_transform/build/lib/set_transform
[1.536s] running install
[1.536s] running install_lib
[1.537s] creating /home/cec20/Yangjiaxin/my-carla-ros-bridge/install/set_transform/lib/python3.8/site-packages/set_transform
[1.537s] copying /home/cec20/Yangjiaxin/my-carla-ros-bridge/build/set_transform/build/lib/set_transform/test3.py -> /home/cec20/Yangjiaxin/my-carla-ros-bridge/install/set_transform/lib/python3.8/site-packages/set_transform
[1.537s] copying /home/cec20/Yangjiaxin/my-carla-ros-bridge/build/set_transform/build/lib/set_transform/manual_set.py -> /home/cec20/Yangjiaxin/my-carla-ros-bridge/install/set_transform/lib/python3.8/site-packages/set_transform
[1.537s] copying /home/cec20/Yangjiaxin/my-carla-ros-bridge/build/set_transform/build/lib/set_transform/test2.py -> /home/cec20/Yangjiaxin/my-carla-ros-bridge/install/set_transform/lib/python3.8/site-packages/set_transform
[1.537s] copying /home/cec20/Yangjiaxin/my-carla-ros-bridge/build/set_transform/build/lib/set_transform/test1.py -> /home/cec20/Yangjiaxin/my-carla-ros-bridge/install/set_transform/lib/python3.8/site-packages/set_transform
[1.537s] copying /home/cec20/Yangjiaxin/my-carla-ros-bridge/build/set_transform/build/lib/set_transform/1.py -> /home/cec20/Yangjiaxin/my-carla-ros-bridge/install/set_transform/lib/python3.8/site-packages/set_transform
[1.537s] copying /home/cec20/Yangjiaxin/my-carla-ros-bridge/build/set_transform/build/lib/set_transform/__init__.py -> /home/cec20/Yangjiaxin/my-carla-ros-bridge/install/set_transform/lib/python3.8/site-packages/set_transform
[1.537s] copying /home/cec20/Yangjiaxin/my-carla-ros-bridge/build/set_transform/build/lib/set_transform/auto_set.py -> /home/cec20/Yangjiaxin/my-carla-ros-bridge/install/set_transform/lib/python3.8/site-packages/set_transform
[1.537s] byte-compiling /home/cec20/Yangjiaxin/my-carla-ros-bridge/install/set_transform/lib/python3.8/site-packages/set_transform/test3.py to test3.cpython-38.pyc
[1.539s] byte-compiling /home/cec20/Yangjiaxin/my-carla-ros-bridge/install/set_transform/lib/python3.8/site-packages/set_transform/manual_set.py to manual_set.cpython-38.pyc
[1.539s] byte-compiling /home/cec20/Yangjiaxin/my-carla-ros-bridge/install/set_transform/lib/python3.8/site-packages/set_transform/test2.py to test2.cpython-38.pyc
[1.540s] byte-compiling /home/cec20/Yangjiaxin/my-carla-ros-bridge/install/set_transform/lib/python3.8/site-packages/set_transform/test1.py to test1.cpython-38.pyc
[1.540s] byte-compiling /home/cec20/Yangjiaxin/my-carla-ros-bridge/install/set_transform/lib/python3.8/site-packages/set_transform/1.py to 1.cpython-38.pyc
[1.541s] byte-compiling /home/cec20/Yangjiaxin/my-carla-ros-bridge/install/set_transform/lib/python3.8/site-packages/set_transform/__init__.py to __init__.cpython-38.pyc
[1.541s] byte-compiling /home/cec20/Yangjiaxin/my-carla-ros-bridge/install/set_transform/lib/python3.8/site-packages/set_transform/auto_set.py to auto_set.cpython-38.pyc
[1.541s] running install_data
[1.542s] creating /home/cec20/Yangjiaxin/my-carla-ros-bridge/install/set_transform/share/ament_index
[1.542s] creating /home/cec20/Yangjiaxin/my-carla-ros-bridge/install/set_transform/share/ament_index/resource_index
[1.542s] creating /home/cec20/Yangjiaxin/my-carla-ros-bridge/install/set_transform/share/ament_index/resource_index/packages
[1.542s] copying resource/set_transform -> /home/cec20/Yangjiaxin/my-carla-ros-bridge/install/set_transform/share/ament_index/resource_index/packages
[1.542s] copying package.xml -> /home/cec20/Yangjiaxin/my-carla-ros-bridge/install/set_transform/share/set_transform
[1.542s] running install_egg_info
[1.543s] Copying ../../build/set_transform/set_transform.egg-info to /home/cec20/Yangjiaxin/my-carla-ros-bridge/install/set_transform/lib/python3.8/site-packages/set_transform-0.0.0-py3.8.egg-info
[1.544s] running install_scripts
[1.557s] Installing test1 script to /home/cec20/Yangjiaxin/my-carla-ros-bridge/install/set_transform/lib/set_transform
[1.557s] Installing test2 script to /home/cec20/Yangjiaxin/my-carla-ros-bridge/install/set_transform/lib/set_transform
[1.557s] Installing transform_autoset script to /home/cec20/Yangjiaxin/my-carla-ros-bridge/install/set_transform/lib/set_transform
[1.557s] Installing transform_manualset script to /home/cec20/Yangjiaxin/my-carla-ros-bridge/install/set_transform/lib/set_transform
[1.557s] writing list of installed files to '/home/cec20/Yangjiaxin/my-carla-ros-bridge/build/set_transform/install.log'
[1.596s] Invoked command in '/home/cec20/Yangjiaxin/my-carla-ros-bridge/src/set_transform' returned '0': PYTHONPATH=/home/cec20/Yangjiaxin/my-carla-ros-bridge/build/set_transform/prefix_override:/home/cec20/Yangjiaxin/my-carla-ros-bridge/install/set_transform/lib/python3.8/site-packages:${PYTHONPATH} /usr/bin/python3 setup.py egg_info --egg-base ../../build/set_transform build --build-base /home/cec20/Yangjiaxin/my-carla-ros-bridge/build/set_transform/build install --record /home/cec20/Yangjiaxin/my-carla-ros-bridge/build/set_transform/install.log --install-scripts $base/lib/set_transform --single-version-externally-managed
