[0.492s] Invoking command in '/home/cec20/Yangjiaxin/my-carla-ros-bridge/src/my_bridge': PYTHONPATH=/home/cec20/Yangjiaxin/my-carla-ros-bridge/build/my_bridge/prefix_override:/home/cec20/Yangjiaxin/my-carla-ros-bridge/install/my_bridge/lib/python3.8/site-packages:${PYTHONPATH} /usr/bin/python3 setup.py egg_info --egg-base ../../build/my_bridge build --build-base /home/cec20/Yangjiaxin/my-carla-ros-bridge/build/my_bridge/build install --record /home/cec20/Yangjiaxin/my-carla-ros-bridge/build/my_bridge/install.log --install-scripts $base/lib/my_bridge --single-version-externally-managed
[0.667s] running egg_info
[0.667s] writing ../../build/my_bridge/my_bridge.egg-info/PKG-INFO
[0.667s] writing dependency_links to ../../build/my_bridge/my_bridge.egg-info/dependency_links.txt
[0.667s] writing entry points to ../../build/my_bridge/my_bridge.egg-info/entry_points.txt
[0.667s] writing requirements to ../../build/my_bridge/my_bridge.egg-info/requires.txt
[0.668s] writing top-level names to ../../build/my_bridge/my_bridge.egg-info/top_level.txt
[0.690s] reading manifest file '../../build/my_bridge/my_bridge.egg-info/SOURCES.txt'
[0.690s] writing manifest file '../../build/my_bridge/my_bridge.egg-info/SOURCES.txt'
[0.691s] running build
[0.691s] running build_py
[0.691s] copying my_bridge/bridge.py -> /home/cec20/Yangjiaxin/my-carla-ros-bridge/build/my_bridge/build/lib/my_bridge
[0.691s] running install
[0.691s] running install_lib
[0.692s] copying /home/cec20/Yangjiaxin/my-carla-ros-bridge/build/my_bridge/build/lib/my_bridge/bridge.py -> /home/cec20/Yangjiaxin/my-carla-ros-bridge/install/my_bridge/lib/python3.8/site-packages/my_bridge
[0.692s] byte-compiling /home/cec20/Yangjiaxin/my-carla-ros-bridge/install/my_bridge/lib/python3.8/site-packages/my_bridge/bridge.py to bridge.cpython-38.pyc
[0.693s]   File "/home/cec20/Yangjiaxin/my-carla-ros-bridge/install/my_bridge/lib/python3.8/site-packages/my_bridge/bridge.py", line 82
[0.693s]     carla_bridge.initialize_bridge()
[0.693s]     ^
[0.693s] SyntaxError: invalid syntax
[0.693s] 
[0.693s] running install_data
[0.694s] running install_egg_info
[0.695s] removing '/home/cec20/Yangjiaxin/my-carla-ros-bridge/install/my_bridge/lib/python3.8/site-packages/my_bridge-0.0.0-py3.8.egg-info' (and everything under it)
[0.695s] Copying ../../build/my_bridge/my_bridge.egg-info to /home/cec20/Yangjiaxin/my-carla-ros-bridge/install/my_bridge/lib/python3.8/site-packages/my_bridge-0.0.0-py3.8.egg-info
[0.695s] running install_scripts
[0.706s] Installing bridge script to /home/cec20/Yangjiaxin/my-carla-ros-bridge/install/my_bridge/lib/my_bridge
[0.707s] writing list of installed files to '/home/cec20/Yangjiaxin/my-carla-ros-bridge/build/my_bridge/install.log'
[0.719s] Invoked command in '/home/cec20/Yangjiaxin/my-carla-ros-bridge/src/my_bridge' returned '0': PYTHONPATH=/home/cec20/Yangjiaxin/my-carla-ros-bridge/build/my_bridge/prefix_override:/home/cec20/Yangjiaxin/my-carla-ros-bridge/install/my_bridge/lib/python3.8/site-packages:${PYTHONPATH} /usr/bin/python3 setup.py egg_info --egg-base ../../build/my_bridge build --build-base /home/cec20/Yangjiaxin/my-carla-ros-bridge/build/my_bridge/build install --record /home/cec20/Yangjiaxin/my-carla-ros-bridge/build/my_bridge/install.log --install-scripts $base/lib/my_bridge --single-version-externally-managed
