[1.147s] Invoking command in '/home/cec20/Yangjiaxin/my-carla-ros-bridge/src/traject_plan_control': PYTHONPATH=/home/cec20/Yangjiaxin/my-carla-ros-bridge/build/traject_plan_control/prefix_override:/home/cec20/Yangjiaxin/my-carla-ros-bridge/install/traject_plan_control/lib/python3.8/site-packages:${PYTHONPATH} /usr/bin/python3 setup.py egg_info --egg-base ../../build/traject_plan_control build --build-base /home/cec20/Yangjiaxin/my-carla-ros-bridge/build/traject_plan_control/build install --record /home/cec20/Yangjiaxin/my-carla-ros-bridge/build/traject_plan_control/install.log --install-scripts $base/lib/traject_plan_control --single-version-externally-managed
[1.321s] running egg_info
[1.322s] writing ../../build/traject_plan_control/traject_plan_control.egg-info/PKG-INFO
[1.322s] writing dependency_links to ../../build/traject_plan_control/traject_plan_control.egg-info/dependency_links.txt
[1.322s] writing entry points to ../../build/traject_plan_control/traject_plan_control.egg-info/entry_points.txt
[1.322s] writing requirements to ../../build/traject_plan_control/traject_plan_control.egg-info/requires.txt
[1.322s] writing top-level names to ../../build/traject_plan_control/traject_plan_control.egg-info/top_level.txt
[1.346s] reading manifest file '../../build/traject_plan_control/traject_plan_control.egg-info/SOURCES.txt'
[1.346s] writing manifest file '../../build/traject_plan_control/traject_plan_control.egg-info/SOURCES.txt'
[1.346s] running build
[1.346s] running build_py
[1.346s] running install
[1.347s] running install_lib
[1.348s] running install_data
[1.348s] running install_egg_info
[1.350s] removing '/home/cec20/Yangjiaxin/my-carla-ros-bridge/install/traject_plan_control/lib/python3.8/site-packages/traject_plan_control-0.0.0-py3.8.egg-info' (and everything under it)
[1.350s] Copying ../../build/traject_plan_control/traject_plan_control.egg-info to /home/cec20/Yangjiaxin/my-carla-ros-bridge/install/traject_plan_control/lib/python3.8/site-packages/traject_plan_control-0.0.0-py3.8.egg-info
[1.350s] running install_scripts
[1.363s] Installing traject_plan_control script to /home/cec20/Yangjiaxin/my-carla-ros-bridge/install/traject_plan_control/lib/traject_plan_control
[1.363s] writing list of installed files to '/home/cec20/Yangjiaxin/my-carla-ros-bridge/build/traject_plan_control/install.log'
[1.383s] Invoked command in '/home/cec20/Yangjiaxin/my-carla-ros-bridge/src/traject_plan_control' returned '0': PYTHONPATH=/home/cec20/Yangjiaxin/my-carla-ros-bridge/build/traject_plan_control/prefix_override:/home/cec20/Yangjiaxin/my-carla-ros-bridge/install/traject_plan_control/lib/python3.8/site-packages:${PYTHONPATH} /usr/bin/python3 setup.py egg_info --egg-base ../../build/traject_plan_control build --build-base /home/cec20/Yangjiaxin/my-carla-ros-bridge/build/traject_plan_control/build install --record /home/cec20/Yangjiaxin/my-carla-ros-bridge/build/traject_plan_control/install.log --install-scripts $base/lib/traject_plan_control --single-version-externally-managed
