[1.443s] Invoking command in '/home/cec20/Yangjiaxin/my-carla-ros-bridge/src/my_bridge': PYTHONPATH=/home/cec20/Yangjiaxin/my-carla-ros-bridge/build/my_bridge/prefix_override:/home/cec20/Yangjiaxin/my-carla-ros-bridge/install/my_bridge/lib/python3.8/site-packages:${PYTHONPATH} /usr/bin/python3 setup.py egg_info --egg-base ../../build/my_bridge build --build-base /home/cec20/Yangjiaxin/my-carla-ros-bridge/build/my_bridge/build install --record /home/cec20/Yangjiaxin/my-carla-ros-bridge/build/my_bridge/install.log --install-scripts $base/lib/my_bridge --single-version-externally-managed
[1.640s] running egg_info
[1.641s] writing ../../build/my_bridge/my_bridge.egg-info/PKG-INFO
[1.641s] writing dependency_links to ../../build/my_bridge/my_bridge.egg-info/dependency_links.txt
[1.641s] writing entry points to ../../build/my_bridge/my_bridge.egg-info/entry_points.txt
[1.641s] writing requirements to ../../build/my_bridge/my_bridge.egg-info/requires.txt
[1.641s] writing top-level names to ../../build/my_bridge/my_bridge.egg-info/top_level.txt
[1.666s] reading manifest file '../../build/my_bridge/my_bridge.egg-info/SOURCES.txt'
[1.667s] writing manifest file '../../build/my_bridge/my_bridge.egg-info/SOURCES.txt'
[1.667s] running build
[1.667s] running build_py
[1.668s] copying my_bridge/bridge_wayserver_adjacent copy 2.py -> /home/cec20/Yangjiaxin/my-carla-ros-bridge/build/my_bridge/build/lib/my_bridge
[1.668s] running install
[1.668s] running install_lib
[1.669s] copying /home/cec20/Yangjiaxin/my-carla-ros-bridge/build/my_bridge/build/lib/my_bridge/bridge_wayserver_adjacent copy 2.py -> /home/cec20/Yangjiaxin/my-carla-ros-bridge/install/my_bridge/lib/python3.8/site-packages/my_bridge
[1.670s] byte-compiling /home/cec20/Yangjiaxin/my-carla-ros-bridge/install/my_bridge/lib/python3.8/site-packages/my_bridge/bridge_wayserver_adjacent copy 2.py to bridge_wayserver_adjacent copy 2.cpython-38.pyc
[1.672s] running install_data
[1.672s] running install_egg_info
[1.674s] removing '/home/cec20/Yangjiaxin/my-carla-ros-bridge/install/my_bridge/lib/python3.8/site-packages/my_bridge-0.0.0-py3.8.egg-info' (and everything under it)
[1.674s] Copying ../../build/my_bridge/my_bridge.egg-info to /home/cec20/Yangjiaxin/my-carla-ros-bridge/install/my_bridge/lib/python3.8/site-packages/my_bridge-0.0.0-py3.8.egg-info
[1.675s] running install_scripts
[1.689s] Installing bridge_waypublisher script to /home/cec20/Yangjiaxin/my-carla-ros-bridge/install/my_bridge/lib/my_bridge
[1.689s] Installing bridge_wayserver script to /home/cec20/Yangjiaxin/my-carla-ros-bridge/install/my_bridge/lib/my_bridge
[1.689s] Installing bridge_wayserver_adjacent script to /home/cec20/Yangjiaxin/my-carla-ros-bridge/install/my_bridge/lib/my_bridge
[1.689s] writing list of installed files to '/home/cec20/Yangjiaxin/my-carla-ros-bridge/build/my_bridge/install.log'
[1.739s] Invoked command in '/home/cec20/Yangjiaxin/my-carla-ros-bridge/src/my_bridge' returned '0': PYTHONPATH=/home/cec20/Yangjiaxin/my-carla-ros-bridge/build/my_bridge/prefix_override:/home/cec20/Yangjiaxin/my-carla-ros-bridge/install/my_bridge/lib/python3.8/site-packages:${PYTHONPATH} /usr/bin/python3 setup.py egg_info --egg-base ../../build/my_bridge build --build-base /home/cec20/Yangjiaxin/my-carla-ros-bridge/build/my_bridge/build install --record /home/cec20/Yangjiaxin/my-carla-ros-bridge/build/my_bridge/install.log --install-scripts $base/lib/my_bridge --single-version-externally-managed
